I [../src/deptran/s_main.cc:136] 2022-05-20 07:11:13.482 | PWD : 
I [../src/deptran/s_main.cc:284] 2022-05-20 07:11:13.482 | starting process 26443
I [../src/deptran/s_main.cc:279] 2022-05-20 07:11:13.482 | ulimit -n is 1024
I [../src/deptran/config.cc:285] 2022-05-20 07:11:13.482 | LoadYML: /home/xuhao/code/depfast/tmp/janus-final-testnameqnhrwb4n.yml
I [../src/deptran/config.cc:403] 2022-05-20 07:11:13.483 | BuildSiteProcMap
I [../src/deptran/config.cc:655] 2022-05-20 07:11:13.483 | group size: 1
I [../src/deptran/config.cc:681] 2022-05-20 07:11:13.483 | client forwarding: 0
I [../src/deptran/config.cc:320] 2022-05-20 07:11:13.483 | # of concurrent requests: 40
I [../src/deptran/s_main.cc:290] 2022-05-20 07:11:13.483 | Read config finish
I [../src/deptran/s_main.cc:30] 2022-05-20 07:11:13.483 | client_setup_heartbeat
I [../src/deptran/s_main.cc:46] 2022-05-20 07:11:13.483 | Start control server on port 5555
I [../src/rrr/rpc/server.cpp:575] 2022-05-20 07:11:13.483 | bind address is: 0.0.0.0:5555
I [../src/rrr/rpc/server.cpp:570] 2022-05-20 07:11:13.483 | rrr::Server: started on 0.0.0.0:5555
I [../src/deptran/s_main.cc:314] 2022-05-20 07:11:13.483 | no servers on this process
I [../src/deptran/s_main.cc:54] 2022-05-20 07:11:13.484 | client enabled, number of sites: 1
I [../src/deptran/communicator.cc:25] 2022-05-20 07:11:13.484 | size of partitions: 1
I [../src/rrr/reactor/reactor.cc:389] 2022-05-20 07:11:13.486 | starting poll thread
I [../src/rrr/reactor/reactor.cc:389] 2022-05-20 07:11:13.487 | starting poll thread
I [../src/deptran/communicator.cc:191] 2022-05-20 07:11:14.486 | connect to site: 10.0.0.13:10000 success!
I [../src/deptran/communicator.cc:191] 2022-05-20 07:11:15.488 | connect to site: 10.0.0.14:10001 success!
I [../src/deptran/communicator.cc:191] 2022-05-20 07:11:15.489 | connect to site: 10.0.0.15:10002 success!
I [../src/deptran/communicator.cc:74] 2022-05-20 07:11:15.490 | Done waiting to connect to client leaders.
I [../src/deptran/client_worker.cc:330] 2022-05-20 07:11:16.041 | wait for finish... n_ceased_cleints: 0,  n_issued: 0, n_done: 0, n_created_coordinator: 0
I [../src/deptran/client_worker.cc:314] 2022-05-20 07:11:16.042 | wait for all virtual clients to stop issuing new requests.
I [../src/deptran/client_worker.cc:330] 2022-05-20 07:11:21.041 | wait for finish... n_ceased_cleints: 0,  n_issued: 26235, n_done: 26195, n_created_coordinator: 40
I [../src/deptran/client_worker.cc:330] 2022-05-20 07:11:26.041 | wait for finish... n_ceased_cleints: 0,  n_issued: 54774, n_done: 54734, n_created_coordinator: 40
I [../src/deptran/client_worker.cc:330] 2022-05-20 07:11:31.041 | wait for finish... n_ceased_cleints: 0,  n_issued: 83436, n_done: 83396, n_created_coordinator: 40
I [../src/deptran/client_worker.cc:330] 2022-05-20 07:11:36.041 | wait for finish... n_ceased_cleints: 0,  n_issued: 112052, n_done: 112012, n_created_coordinator: 40
I [../src/deptran/client_worker.cc:330] 2022-05-20 07:11:41.041 | wait for finish... n_ceased_cleints: 0,  n_issued: 140226, n_done: 140186, n_created_coordinator: 40
I [../src/deptran/client_worker.cc:330] 2022-05-20 07:11:46.041 | wait for finish... n_ceased_cleints: 0,  n_issued: 168314, n_done: 168274, n_created_coordinator: 40
I [../src/deptran/client_worker.cc:330] 2022-05-20 07:11:51.041 | wait for finish... n_ceased_cleints: 0,  n_issued: 196578, n_done: 196538, n_created_coordinator: 40
I [../src/deptran/client_worker.cc:330] 2022-05-20 07:11:56.041 | wait for finish... n_ceased_cleints: 0,  n_issued: 225155, n_done: 225115, n_created_coordinator: 40
I [../src/deptran/client_worker.cc:330] 2022-05-20 07:12:01.042 | wait for finish... n_ceased_cleints: 0,  n_issued: 252946, n_done: 252906, n_created_coordinator: 40
I [../src/deptran/client_worker.cc:330] 2022-05-20 07:12:06.042 | wait for finish... n_ceased_cleints: 0,  n_issued: 281471, n_done: 281431, n_created_coordinator: 40
I [../src/deptran/client_worker.cc:330] 2022-05-20 07:12:11.042 | wait for finish... n_ceased_cleints: 0,  n_issued: 309875, n_done: 309835, n_created_coordinator: 40
I [../src/deptran/s_main.cc:140] 2022-05-20 07:12:15.490 | wait_for_clients: wait for client threads to exit.
I [../src/deptran/client_worker.cc:330] 2022-05-20 07:12:16.042 | wait for finish... n_ceased_cleints: 0,  n_issued: 337952, n_done: 337912, n_created_coordinator: 40
I [../src/deptran/client_worker.cc:317] 2022-05-20 07:12:16.995 | wait for all outstanding requests to finish.
I [../src/deptran/client_worker.cc:343] 2022-05-20 07:12:21.042 | Finish:
Total: 340987, Commit: 340987, Attempts: 0, Running for 60, Throughput: 5683.12

I [../src/deptran/client_worker.cc:348] 2022-05-20 07:12:21.042 | Work: wait_for_shutdown at client 3
