I [../src/deptran/s_main.cc:136] 2022-05-19 21:31:22.683 | PWD : 
I [../src/deptran/s_main.cc:284] 2022-05-19 21:31:22.683 | starting process 27793
I [../src/deptran/s_main.cc:279] 2022-05-19 21:31:22.683 | ulimit -n is 1024
I [../src/deptran/config.cc:285] 2022-05-19 21:31:22.683 | LoadYML: /home/xuhao/code/depfast/tmp/janus-final-testname4x317z7n.yml
I [../src/deptran/config.cc:403] 2022-05-19 21:31:22.683 | BuildSiteProcMap
I [../src/deptran/config.cc:655] 2022-05-19 21:31:22.683 | group size: 1
I [../src/deptran/config.cc:681] 2022-05-19 21:31:22.683 | client forwarding: 0
I [../src/deptran/config.cc:320] 2022-05-19 21:31:22.683 | # of concurrent requests: 80
I [../src/deptran/s_main.cc:290] 2022-05-19 21:31:22.683 | Read config finish
I [../src/deptran/s_main.cc:30] 2022-05-19 21:31:22.683 | client_setup_heartbeat
I [../src/deptran/s_main.cc:46] 2022-05-19 21:31:22.684 | Start control server on port 5555
I [../src/rrr/reactor/reactor.cc:389] 2022-05-19 21:31:22.684 | starting poll thread
I [../src/rrr/rpc/server.cpp:575] 2022-05-19 21:31:22.684 | bind address is: 0.0.0.0:5555
I [../src/rrr/rpc/server.cpp:570] 2022-05-19 21:31:22.684 | rrr::Server: started on 0.0.0.0:5555
I [../src/deptran/s_main.cc:314] 2022-05-19 21:31:22.684 | no servers on this process
I [../src/deptran/s_main.cc:54] 2022-05-19 21:31:22.684 | client enabled, number of sites: 1
I [../src/rrr/reactor/reactor.cc:389] 2022-05-19 21:31:22.684 | starting poll thread
I [../src/deptran/communicator.cc:25] 2022-05-19 21:31:22.684 | size of partitions: 1
I [../src/deptran/communicator.cc:191] 2022-05-19 21:31:24.687 | connect to site: 10.0.0.13:10000 success!
I [../src/deptran/communicator.cc:191] 2022-05-19 21:31:24.688 | connect to site: 10.0.0.14:10001 success!
I [../src/deptran/communicator.cc:191] 2022-05-19 21:31:24.689 | connect to site: 10.0.0.15:10002 success!
I [../src/deptran/communicator.cc:191] 2022-05-19 21:31:24.697 | connect to site: 10.0.0.55:10003 success!
I [../src/deptran/communicator.cc:191] 2022-05-19 21:31:24.698 | connect to site: 10.0.0.58:10004 success!
I [../src/deptran/communicator.cc:74] 2022-05-19 21:31:24.699 | Done waiting to connect to client leaders.
I [../src/deptran/client_worker.cc:330] 2022-05-19 21:31:26.511 | wait for finish... n_ceased_cleints: 0,  n_issued: 0, n_done: 0, n_created_coordinator: 0
I [../src/deptran/client_worker.cc:314] 2022-05-19 21:31:26.512 | wait for all virtual clients to stop issuing new requests.
I [../src/deptran/client_worker.cc:330] 2022-05-19 21:31:31.511 | wait for finish... n_ceased_cleints: 0,  n_issued: 37071, n_done: 36991, n_created_coordinator: 80
I [../src/deptran/client_worker.cc:330] 2022-05-19 21:31:36.511 | wait for finish... n_ceased_cleints: 0,  n_issued: 76410, n_done: 76330, n_created_coordinator: 80
I [../src/deptran/client_worker.cc:330] 2022-05-19 21:31:41.511 | wait for finish... n_ceased_cleints: 0,  n_issued: 116418, n_done: 116338, n_created_coordinator: 80
I [../src/deptran/client_worker.cc:330] 2022-05-19 21:31:46.511 | wait for finish... n_ceased_cleints: 0,  n_issued: 156566, n_done: 156486, n_created_coordinator: 80
I [../src/deptran/client_worker.cc:330] 2022-05-19 21:31:51.511 | wait for finish... n_ceased_cleints: 0,  n_issued: 196478, n_done: 196398, n_created_coordinator: 80
I [../src/deptran/client_worker.cc:330] 2022-05-19 21:31:56.511 | wait for finish... n_ceased_cleints: 0,  n_issued: 235461, n_done: 235381, n_created_coordinator: 80
I [../src/deptran/client_worker.cc:330] 2022-05-19 21:32:01.512 | wait for finish... n_ceased_cleints: 0,  n_issued: 275070, n_done: 274990, n_created_coordinator: 80
I [../src/deptran/client_worker.cc:330] 2022-05-19 21:32:06.512 | wait for finish... n_ceased_cleints: 0,  n_issued: 315025, n_done: 314945, n_created_coordinator: 80
I [../src/deptran/client_worker.cc:330] 2022-05-19 21:32:11.512 | wait for finish... n_ceased_cleints: 0,  n_issued: 354811, n_done: 354731, n_created_coordinator: 80
I [../src/deptran/client_worker.cc:330] 2022-05-19 21:32:16.512 | wait for finish... n_ceased_cleints: 0,  n_issued: 394831, n_done: 394751, n_created_coordinator: 80
I [../src/deptran/client_worker.cc:330] 2022-05-19 21:32:21.512 | wait for finish... n_ceased_cleints: 0,  n_issued: 435885, n_done: 435805, n_created_coordinator: 80
I [../src/deptran/s_main.cc:140] 2022-05-19 21:32:24.698 | wait_for_clients: wait for client threads to exit.
I [../src/deptran/client_worker.cc:330] 2022-05-19 21:32:26.512 | wait for finish... n_ceased_cleints: 0,  n_issued: 475760, n_done: 475680, n_created_coordinator: 80
I [../src/deptran/client_worker.cc:317] 2022-05-19 21:32:27.470 | wait for all outstanding requests to finish.
I [../src/deptran/client_worker.cc:343] 2022-05-19 21:32:31.512 | Finish:
Total: 480378, Commit: 480378, Attempts: 0, Running for 60, Throughput: 8006.30

I [../src/deptran/client_worker.cc:348] 2022-05-19 21:32:31.512 | Work: wait_for_shutdown at client 5
