I [../src/deptran/s_main.cc:136] 2022-05-21 00:34:30.089 | PWD : 
I [../src/deptran/s_main.cc:284] 2022-05-21 00:34:30.089 | starting process 21685
I [../src/deptran/s_main.cc:279] 2022-05-21 00:34:30.089 | ulimit -n is 1024
I [../src/deptran/config.cc:285] 2022-05-21 00:34:30.089 | LoadYML: /home/xuhao/code/depfast/tmp/janus-final-testnamer_p6xrbx.yml
I [../src/deptran/config.cc:403] 2022-05-21 00:34:30.090 | BuildSiteProcMap
I [../src/deptran/config.cc:655] 2022-05-21 00:34:30.090 | group size: 1
I [../src/deptran/config.cc:655] 2022-05-21 00:34:30.090 | group size: 1
I [../src/deptran/config.cc:655] 2022-05-21 00:34:30.090 | group size: 1
I [../src/deptran/config.cc:681] 2022-05-21 00:34:30.090 | client forwarding: 0
I [../src/deptran/config.cc:320] 2022-05-21 00:34:30.090 | # of concurrent requests: 20
I [../src/deptran/s_main.cc:290] 2022-05-21 00:34:30.090 | Read config finish
I [../src/deptran/s_main.cc:30] 2022-05-21 00:34:30.090 | client_setup_heartbeat
I [../src/deptran/s_main.cc:46] 2022-05-21 00:34:30.090 | Start control server on port 5555
I [../src/rrr/rpc/server.cpp:575] 2022-05-21 00:34:30.090 | bind address is: 0.0.0.0:5555
I [../src/rrr/rpc/server.cpp:570] 2022-05-21 00:34:30.091 | rrr::Server: started on 0.0.0.0:5555
I [../src/deptran/s_main.cc:314] 2022-05-21 00:34:30.091 | no servers on this process
I [../src/deptran/s_main.cc:54] 2022-05-21 00:34:30.091 | client enabled, number of sites: 1
I [../src/deptran/communicator.cc:25] 2022-05-21 00:34:30.092 | size of partitions: 1
I [../src/rrr/reactor/reactor.cc:389] 2022-05-21 00:34:30.092 | starting poll thread
I [../src/rrr/reactor/reactor.cc:389] 2022-05-21 00:34:30.093 | starting poll thread
I [../src/deptran/communicator.cc:191] 2022-05-21 00:34:31.094 | connect to site: 10.0.0.13:10000 success!
I [../src/deptran/communicator.cc:191] 2022-05-21 00:34:31.095 | connect to site: 10.0.0.14:10001 success!
I [../src/deptran/communicator.cc:191] 2022-05-21 00:34:31.097 | connect to site: 10.0.0.15:10002 success!
I [../src/deptran/communicator.cc:74] 2022-05-21 00:34:31.098 | Done waiting to connect to client leaders.
I [../src/deptran/client_worker.cc:330] 2022-05-21 00:34:32.655 | wait for finish... n_ceased_cleints: 0,  n_issued: 0, n_done: 0, n_created_coordinator: 0
I [../src/deptran/client_worker.cc:314] 2022-05-21 00:34:32.656 | wait for all virtual clients to stop issuing new requests.
I [../src/deptran/client_worker.cc:330] 2022-05-21 00:34:37.655 | wait for finish... n_ceased_cleints: 0,  n_issued: 8907, n_done: 8887, n_created_coordinator: 20
I [../src/deptran/client_worker.cc:330] 2022-05-21 00:34:42.655 | wait for finish... n_ceased_cleints: 0,  n_issued: 20672, n_done: 20652, n_created_coordinator: 20
I [../src/deptran/client_worker.cc:330] 2022-05-21 00:34:47.655 | wait for finish... n_ceased_cleints: 0,  n_issued: 26968, n_done: 26948, n_created_coordinator: 20
I [../src/deptran/client_worker.cc:330] 2022-05-21 00:34:52.655 | wait for finish... n_ceased_cleints: 0,  n_issued: 38783, n_done: 38763, n_created_coordinator: 20
I [../src/deptran/client_worker.cc:330] 2022-05-21 00:34:57.655 | wait for finish... n_ceased_cleints: 0,  n_issued: 53331, n_done: 53311, n_created_coordinator: 20
I [../src/deptran/client_worker.cc:330] 2022-05-21 00:35:02.655 | wait for finish... n_ceased_cleints: 0,  n_issued: 67568, n_done: 67548, n_created_coordinator: 20
I [../src/deptran/client_worker.cc:330] 2022-05-21 00:35:07.656 | wait for finish... n_ceased_cleints: 0,  n_issued: 81981, n_done: 81961, n_created_coordinator: 20
I [../src/deptran/client_worker.cc:330] 2022-05-21 00:35:12.656 | wait for finish... n_ceased_cleints: 0,  n_issued: 96791, n_done: 96771, n_created_coordinator: 20
I [../src/deptran/client_worker.cc:330] 2022-05-21 00:35:17.656 | wait for finish... n_ceased_cleints: 0,  n_issued: 111611, n_done: 111591, n_created_coordinator: 20
I [../src/deptran/client_worker.cc:330] 2022-05-21 00:35:22.656 | wait for finish... n_ceased_cleints: 0,  n_issued: 126367, n_done: 126347, n_created_coordinator: 20
I [../src/deptran/client_worker.cc:330] 2022-05-21 00:35:27.656 | wait for finish... n_ceased_cleints: 0,  n_issued: 141177, n_done: 141157, n_created_coordinator: 20
I [../src/deptran/s_main.cc:140] 2022-05-21 00:35:31.097 | wait_for_clients: wait for client threads to exit.
I [../src/deptran/client_worker.cc:330] 2022-05-21 00:35:32.656 | wait for finish... n_ceased_cleints: 0,  n_issued: 155758, n_done: 155738, n_created_coordinator: 20
I [../src/deptran/client_worker.cc:317] 2022-05-21 00:35:33.643 | wait for all outstanding requests to finish.
I [../src/deptran/client_worker.cc:343] 2022-05-21 00:35:37.656 | Finish:
Total: 157360, Commit: 157360, Attempts: 0, Running for 60, Throughput: 2622.67

I [../src/deptran/client_worker.cc:348] 2022-05-21 00:35:37.656 | Work: wait_for_shutdown at client 3
