I [../src/deptran/s_main.cc:136] 2022-05-20 08:25:35.163 | PWD : 
I [../src/deptran/s_main.cc:284] 2022-05-20 08:25:35.163 | starting process 23228
I [../src/deptran/s_main.cc:279] 2022-05-20 08:25:35.163 | ulimit -n is 1024
I [../src/deptran/config.cc:285] 2022-05-20 08:25:35.163 | LoadYML: /home/xuhao/code/depfast/tmp/janus-final-testnamey_5qvqd7.yml
I [../src/deptran/config.cc:403] 2022-05-20 08:25:35.164 | BuildSiteProcMap
I [../src/deptran/config.cc:655] 2022-05-20 08:25:35.164 | group size: 1
I [../src/deptran/config.cc:681] 2022-05-20 08:25:35.164 | client forwarding: 0
I [../src/deptran/config.cc:320] 2022-05-20 08:25:35.164 | # of concurrent requests: 20
I [../src/deptran/s_main.cc:290] 2022-05-20 08:25:35.164 | Read config finish
I [../src/deptran/s_main.cc:30] 2022-05-20 08:25:35.165 | client_setup_heartbeat
I [../src/deptran/s_main.cc:46] 2022-05-20 08:25:35.165 | Start control server on port 5555
I [../src/rrr/rpc/server.cpp:575] 2022-05-20 08:25:35.165 | bind address is: 0.0.0.0:5555
I [../src/rrr/rpc/server.cpp:570] 2022-05-20 08:25:35.165 | rrr::Server: started on 0.0.0.0:5555
I [../src/deptran/s_main.cc:314] 2022-05-20 08:25:35.165 | no servers on this process
I [../src/deptran/s_main.cc:54] 2022-05-20 08:25:35.165 | client enabled, number of sites: 1
I [../src/rrr/reactor/reactor.cc:389] 2022-05-20 08:25:35.166 | starting poll thread
I [../src/deptran/communicator.cc:25] 2022-05-20 08:25:35.167 | size of partitions: 1
I [../src/rrr/reactor/reactor.cc:389] 2022-05-20 08:25:35.168 | starting poll thread
I [../src/deptran/communicator.cc:191] 2022-05-20 08:25:36.169 | connect to site: 10.0.0.13:10000 success!
I [../src/deptran/communicator.cc:191] 2022-05-20 08:25:37.171 | connect to site: 10.0.0.14:10001 success!
I [../src/deptran/communicator.cc:191] 2022-05-20 08:25:37.172 | connect to site: 10.0.0.15:10002 success!
I [../src/deptran/communicator.cc:191] 2022-05-20 08:25:37.174 | connect to site: 10.0.0.55:10003 success!
I [../src/deptran/communicator.cc:191] 2022-05-20 08:25:37.175 | connect to site: 10.0.0.58:10004 success!
I [../src/deptran/communicator.cc:74] 2022-05-20 08:25:37.177 | Done waiting to connect to client leaders.
I [../src/deptran/client_worker.cc:330] 2022-05-20 08:25:38.932 | wait for finish... n_ceased_cleints: 0,  n_issued: 0, n_done: 0, n_created_coordinator: 0
I [../src/deptran/client_worker.cc:314] 2022-05-20 08:25:38.933 | wait for all virtual clients to stop issuing new requests.
I [../src/deptran/client_worker.cc:330] 2022-05-20 08:25:43.932 | wait for finish... n_ceased_cleints: 0,  n_issued: 12619, n_done: 12599, n_created_coordinator: 20
I [../src/deptran/client_worker.cc:330] 2022-05-20 08:25:48.932 | wait for finish... n_ceased_cleints: 0,  n_issued: 26370, n_done: 26350, n_created_coordinator: 20
I [../src/deptran/client_worker.cc:330] 2022-05-20 08:25:53.932 | wait for finish... n_ceased_cleints: 0,  n_issued: 40386, n_done: 40366, n_created_coordinator: 20
I [../src/deptran/client_worker.cc:330] 2022-05-20 08:25:58.932 | wait for finish... n_ceased_cleints: 0,  n_issued: 54264, n_done: 54244, n_created_coordinator: 20
I [../src/deptran/client_worker.cc:330] 2022-05-20 08:26:03.932 | wait for finish... n_ceased_cleints: 0,  n_issued: 68306, n_done: 68286, n_created_coordinator: 20
I [../src/deptran/client_worker.cc:330] 2022-05-20 08:26:08.933 | wait for finish... n_ceased_cleints: 0,  n_issued: 82186, n_done: 82166, n_created_coordinator: 20
I [../src/deptran/client_worker.cc:330] 2022-05-20 08:26:13.933 | wait for finish... n_ceased_cleints: 0,  n_issued: 96172, n_done: 96152, n_created_coordinator: 20
I [../src/deptran/client_worker.cc:330] 2022-05-20 08:26:18.933 | wait for finish... n_ceased_cleints: 0,  n_issued: 110068, n_done: 110048, n_created_coordinator: 20
I [../src/deptran/client_worker.cc:330] 2022-05-20 08:26:23.933 | wait for finish... n_ceased_cleints: 0,  n_issued: 124102, n_done: 124082, n_created_coordinator: 20
I [../src/deptran/client_worker.cc:330] 2022-05-20 08:26:28.933 | wait for finish... n_ceased_cleints: 0,  n_issued: 138238, n_done: 138218, n_created_coordinator: 20
I [../src/deptran/client_worker.cc:330] 2022-05-20 08:26:33.933 | wait for finish... n_ceased_cleints: 0,  n_issued: 152324, n_done: 152304, n_created_coordinator: 20
I [../src/deptran/s_main.cc:140] 2022-05-20 08:26:37.176 | wait_for_clients: wait for client threads to exit.
I [../src/deptran/client_worker.cc:330] 2022-05-20 08:26:38.933 | wait for finish... n_ceased_cleints: 0,  n_issued: 166315, n_done: 166295, n_created_coordinator: 20
I [../src/deptran/client_worker.cc:317] 2022-05-20 08:26:39.799 | wait for all outstanding requests to finish.
I [../src/deptran/client_worker.cc:343] 2022-05-20 08:26:43.933 | Finish:
Total: 167807, Commit: 167807, Attempts: 0, Running for 60, Throughput: 2796.78

I [../src/deptran/client_worker.cc:348] 2022-05-20 08:26:43.933 | Work: wait_for_shutdown at client 5
