I [../src/deptran/s_main.cc:136] 2022-05-27 08:07:17.312 | PWD : 
I [../src/deptran/s_main.cc:284] 2022-05-27 08:07:17.312 | starting process 14238
I [../src/deptran/s_main.cc:279] 2022-05-27 08:07:17.312 | ulimit -n is 1024
I [../src/deptran/config.cc:285] 2022-05-27 08:07:17.312 | LoadYML: /home/xuhao/code/depfast/tmp/janus-final-testnamertaqz_bg.yml
I [../src/deptran/config.cc:403] 2022-05-27 08:07:17.312 | BuildSiteProcMap
I [../src/deptran/config.cc:655] 2022-05-27 08:07:17.312 | group size: 1
I [../src/deptran/config.cc:681] 2022-05-27 08:07:17.312 | client forwarding: 0
I [../src/deptran/config.cc:320] 2022-05-27 08:07:17.312 | # of concurrent requests: 40
I [../src/deptran/s_main.cc:290] 2022-05-27 08:07:17.312 | Read config finish
I [../src/deptran/s_main.cc:30] 2022-05-27 08:07:17.312 | client_setup_heartbeat
I [../src/deptran/s_main.cc:46] 2022-05-27 08:07:17.313 | Start control server on port 5555
I [../src/rrr/rpc/server.cpp:575] 2022-05-27 08:07:17.313 | bind address is: 0.0.0.0:5555
I [../src/rrr/rpc/server.cpp:570] 2022-05-27 08:07:17.314 | rrr::Server: started on 0.0.0.0:5555
I [../src/deptran/s_main.cc:314] 2022-05-27 08:07:17.314 | no servers on this process
I [../src/deptran/s_main.cc:54] 2022-05-27 08:07:17.314 | client enabled, number of sites: 1
I [../src/rrr/reactor/reactor.cc:389] 2022-05-27 08:07:17.315 | starting poll thread
I [../src/deptran/communicator.cc:25] 2022-05-27 08:07:17.315 | size of partitions: 1
I [../src/rrr/reactor/reactor.cc:389] 2022-05-27 08:07:17.317 | starting poll thread
I [../src/deptran/communicator.cc:191] 2022-05-27 08:07:19.319 | connect to site: 10.0.0.13:10000 success!
I [../src/deptran/communicator.cc:191] 2022-05-27 08:07:19.321 | connect to site: 10.0.0.14:10001 success!
I [../src/deptran/communicator.cc:191] 2022-05-27 08:07:19.322 | connect to site: 10.0.0.15:10002 success!
I [../src/deptran/communicator.cc:74] 2022-05-27 08:07:19.323 | Done waiting to connect to client leaders.
I [../src/deptran/client_worker.cc:330] 2022-05-27 08:07:20.298 | wait for finish... n_ceased_cleints: 0,  n_issued: 0, n_done: 0, n_created_coordinator: 0
I [../src/deptran/client_worker.cc:314] 2022-05-27 08:07:20.300 | wait for all virtual clients to stop issuing new requests.
I [../src/deptran/client_worker.cc:330] 2022-05-27 08:07:25.298 | wait for finish... n_ceased_cleints: 0,  n_issued: 45257, n_done: 45217, n_created_coordinator: 40
I [../src/deptran/client_worker.cc:330] 2022-05-27 08:07:30.298 | wait for finish... n_ceased_cleints: 0,  n_issued: 95217, n_done: 95177, n_created_coordinator: 40
I [../src/deptran/client_worker.cc:330] 2022-05-27 08:07:35.299 | wait for finish... n_ceased_cleints: 0,  n_issued: 145017, n_done: 144977, n_created_coordinator: 40
I [../src/deptran/client_worker.cc:330] 2022-05-27 08:07:40.299 | wait for finish... n_ceased_cleints: 0,  n_issued: 195017, n_done: 194977, n_created_coordinator: 40
I [../src/deptran/client_worker.cc:330] 2022-05-27 08:07:45.299 | wait for finish... n_ceased_cleints: 0,  n_issued: 244617, n_done: 244577, n_created_coordinator: 40
I [../src/deptran/client_worker.cc:330] 2022-05-27 08:07:50.299 | wait for finish... n_ceased_cleints: 0,  n_issued: 294537, n_done: 294497, n_created_coordinator: 40
I [../src/deptran/client_worker.cc:330] 2022-05-27 08:07:55.299 | wait for finish... n_ceased_cleints: 0,  n_issued: 344497, n_done: 344457, n_created_coordinator: 40
I [../src/deptran/client_worker.cc:330] 2022-05-27 08:08:00.299 | wait for finish... n_ceased_cleints: 0,  n_issued: 394297, n_done: 394257, n_created_coordinator: 40
I [../src/deptran/client_worker.cc:330] 2022-05-27 08:08:05.299 | wait for finish... n_ceased_cleints: 0,  n_issued: 444257, n_done: 444217, n_created_coordinator: 40
I [../src/deptran/client_worker.cc:330] 2022-05-27 08:08:10.300 | wait for finish... n_ceased_cleints: 0,  n_issued: 493057, n_done: 493017, n_created_coordinator: 40
I [../src/deptran/client_worker.cc:330] 2022-05-27 08:08:15.300 | wait for finish... n_ceased_cleints: 0,  n_issued: 542977, n_done: 542937, n_created_coordinator: 40
I [../src/deptran/client_worker.cc:330] 2022-05-27 08:08:20.300 | wait for finish... n_ceased_cleints: 0,  n_issued: 592937, n_done: 592897, n_created_coordinator: 40
I [../src/deptran/client_worker.cc:330] 2022-05-27 08:08:25.300 | wait for finish... n_ceased_cleints: 0,  n_issued: 642817, n_done: 642777, n_created_coordinator: 40
I [../src/deptran/client_worker.cc:330] 2022-05-27 08:08:30.300 | wait for finish... n_ceased_cleints: 0,  n_issued: 692697, n_done: 692657, n_created_coordinator: 40
I [../src/deptran/client_worker.cc:330] 2022-05-27 08:08:35.300 | wait for finish... n_ceased_cleints: 0,  n_issued: 742657, n_done: 742617, n_created_coordinator: 40
I [../src/deptran/client_worker.cc:330] 2022-05-27 08:08:40.300 | wait for finish... n_ceased_cleints: 0,  n_issued: 792617, n_done: 792577, n_created_coordinator: 40
I [../src/deptran/client_worker.cc:330] 2022-05-27 08:08:45.301 | wait for finish... n_ceased_cleints: 0,  n_issued: 842537, n_done: 842497, n_created_coordinator: 40
I [../src/deptran/client_worker.cc:330] 2022-05-27 08:08:50.301 | wait for finish... n_ceased_cleints: 0,  n_issued: 892537, n_done: 892497, n_created_coordinator: 40
I [../src/deptran/client_worker.cc:330] 2022-05-27 08:08:55.301 | wait for finish... n_ceased_cleints: 0,  n_issued: 942461, n_done: 942421, n_created_coordinator: 40
I [../src/deptran/client_worker.cc:330] 2022-05-27 08:09:00.301 | wait for finish... n_ceased_cleints: 0,  n_issued: 992457, n_done: 992417, n_created_coordinator: 40
I [../src/deptran/client_worker.cc:330] 2022-05-27 08:09:05.301 | wait for finish... n_ceased_cleints: 0,  n_issued: 1042377, n_done: 1042337, n_created_coordinator: 40
I [../src/deptran/client_worker.cc:330] 2022-05-27 08:09:10.301 | wait for finish... n_ceased_cleints: 0,  n_issued: 1092338, n_done: 1092298, n_created_coordinator: 40
I [../src/deptran/client_worker.cc:330] 2022-05-27 08:09:15.301 | wait for finish... n_ceased_cleints: 0,  n_issued: 1142160, n_done: 1142120, n_created_coordinator: 40
I [../src/deptran/client_worker.cc:330] 2022-05-27 08:09:20.301 | wait for finish... n_ceased_cleints: 0,  n_issued: 1192138, n_done: 1192098, n_created_coordinator: 40
I [../src/deptran/client_worker.cc:330] 2022-05-27 08:09:25.302 | wait for finish... n_ceased_cleints: 0,  n_issued: 1242058, n_done: 1242018, n_created_coordinator: 40
I [../src/deptran/client_worker.cc:330] 2022-05-27 08:09:30.302 | wait for finish... n_ceased_cleints: 0,  n_issued: 1292018, n_done: 1291978, n_created_coordinator: 40
I [../src/deptran/client_worker.cc:330] 2022-05-27 08:09:35.302 | wait for finish... n_ceased_cleints: 0,  n_issued: 1342018, n_done: 1341978, n_created_coordinator: 40
I [../src/deptran/client_worker.cc:330] 2022-05-27 08:09:40.302 | wait for finish... n_ceased_cleints: 0,  n_issued: 1391138, n_done: 1391098, n_created_coordinator: 40
I [../src/deptran/client_worker.cc:330] 2022-05-27 08:09:45.302 | wait for finish... n_ceased_cleints: 0,  n_issued: 1437538, n_done: 1437498, n_created_coordinator: 40
I [../src/deptran/client_worker.cc:330] 2022-05-27 08:09:50.302 | wait for finish... n_ceased_cleints: 0,  n_issued: 1479098, n_done: 1479058, n_created_coordinator: 40
I [../src/deptran/client_worker.cc:330] 2022-05-27 08:09:55.302 | wait for finish... n_ceased_cleints: 0,  n_issued: 1519418, n_done: 1519378, n_created_coordinator: 40
I [../src/deptran/client_worker.cc:330] 2022-05-27 08:10:00.303 | wait for finish... n_ceased_cleints: 0,  n_issued: 1557178, n_done: 1557138, n_created_coordinator: 40
I [../src/deptran/client_worker.cc:330] 2022-05-27 08:10:05.303 | wait for finish... n_ceased_cleints: 0,  n_issued: 1593138, n_done: 1593098, n_created_coordinator: 40
I [../src/deptran/client_worker.cc:330] 2022-05-27 08:10:10.303 | wait for finish... n_ceased_cleints: 0,  n_issued: 1628378, n_done: 1628338, n_created_coordinator: 40
I [../src/deptran/client_worker.cc:330] 2022-05-27 08:10:15.303 | wait for finish... n_ceased_cleints: 0,  n_issued: 1663538, n_done: 1663498, n_created_coordinator: 40
I [../src/deptran/s_main.cc:140] 2022-05-27 08:10:19.322 | wait_for_clients: wait for client threads to exit.
I [../src/deptran/client_worker.cc:330] 2022-05-27 08:10:20.303 | wait for finish... n_ceased_cleints: 0,  n_issued: 1699818, n_done: 1699778, n_created_coordinator: 40
I [../src/deptran/client_worker.cc:317] 2022-05-27 08:10:21.297 | wait for all outstanding requests to finish.
I [../src/deptran/client_worker.cc:343] 2022-05-27 08:10:25.303 | Finish:
Total: 1703258, Commit: 1703258, Attempts: 0, Running for 180, Throughput: 9462.54

I [../src/deptran/client_worker.cc:348] 2022-05-27 08:10:25.303 | Work: wait_for_shutdown at client 3
  *** verify failed: m.read(&v, sizeof(v)) == sizeof(v) at ../src/rrr/misc/marshal.hpp, line 467
