I [../src/deptran/s_main.cc:136] 2022-05-19 18:48:37.020 | PWD : 
I [../src/deptran/s_main.cc:284] 2022-05-19 18:48:37.020 | starting process 32562
I [../src/deptran/s_main.cc:279] 2022-05-19 18:48:37.020 | ulimit -n is 1024
I [../src/deptran/config.cc:285] 2022-05-19 18:48:37.020 | LoadYML: /home/xuhao/code/depfast/tmp/janus-final-testname5on_3nji.yml
I [../src/deptran/config.cc:403] 2022-05-19 18:48:37.020 | BuildSiteProcMap
I [../src/deptran/config.cc:655] 2022-05-19 18:48:37.020 | group size: 1
I [../src/deptran/config.cc:681] 2022-05-19 18:48:37.020 | client forwarding: 0
I [../src/deptran/config.cc:320] 2022-05-19 18:48:37.020 | # of concurrent requests: 80
I [../src/deptran/s_main.cc:290] 2022-05-19 18:48:37.020 | Read config finish
I [../src/deptran/s_main.cc:30] 2022-05-19 18:48:37.020 | client_setup_heartbeat
I [../src/deptran/s_main.cc:46] 2022-05-19 18:48:37.020 | Start control server on port 5555
I [../src/rrr/reactor/reactor.cc:389] 2022-05-19 18:48:37.020 | starting poll thread
I [../src/rrr/rpc/server.cpp:575] 2022-05-19 18:48:37.020 | bind address is: 0.0.0.0:5555
I [../src/rrr/rpc/server.cpp:570] 2022-05-19 18:48:37.021 | rrr::Server: started on 0.0.0.0:5555
I [../src/deptran/s_main.cc:314] 2022-05-19 18:48:37.021 | no servers on this process
I [../src/deptran/s_main.cc:54] 2022-05-19 18:48:37.021 | client enabled, number of sites: 1
I [../src/deptran/communicator.cc:25] 2022-05-19 18:48:37.021 | size of partitions: 1
I [../src/rrr/reactor/reactor.cc:389] 2022-05-19 18:48:37.021 | starting poll thread
I [../src/deptran/communicator.cc:191] 2022-05-19 18:48:39.023 | connect to site: 10.0.0.13:10000 success!
I [../src/deptran/communicator.cc:191] 2022-05-19 18:48:39.025 | connect to site: 10.0.0.14:10001 success!
I [../src/deptran/communicator.cc:191] 2022-05-19 18:48:39.026 | connect to site: 10.0.0.15:10002 success!
I [../src/deptran/communicator.cc:191] 2022-05-19 18:48:39.026 | connect to site: 10.0.0.55:10003 success!
I [../src/deptran/communicator.cc:191] 2022-05-19 18:48:39.027 | connect to site: 10.0.0.58:10004 success!
I [../src/deptran/communicator.cc:74] 2022-05-19 18:48:39.027 | Done waiting to connect to client leaders.
I [../src/deptran/client_worker.cc:330] 2022-05-19 18:48:40.846 | wait for finish... n_ceased_cleints: 0,  n_issued: 0, n_done: 0, n_created_coordinator: 0
I [../src/deptran/client_worker.cc:314] 2022-05-19 18:48:40.848 | wait for all virtual clients to stop issuing new requests.
I [../src/deptran/client_worker.cc:330] 2022-05-19 18:48:45.846 | wait for finish... n_ceased_cleints: 0,  n_issued: 37699, n_done: 37619, n_created_coordinator: 80
I [../src/deptran/client_worker.cc:330] 2022-05-19 18:48:50.847 | wait for finish... n_ceased_cleints: 0,  n_issued: 77415, n_done: 77335, n_created_coordinator: 80
I [../src/deptran/client_worker.cc:330] 2022-05-19 18:48:55.847 | wait for finish... n_ceased_cleints: 0,  n_issued: 117461, n_done: 117381, n_created_coordinator: 80
I [../src/deptran/client_worker.cc:330] 2022-05-19 18:49:00.847 | wait for finish... n_ceased_cleints: 0,  n_issued: 156557, n_done: 156477, n_created_coordinator: 80
I [../src/deptran/client_worker.cc:330] 2022-05-19 18:49:05.847 | wait for finish... n_ceased_cleints: 0,  n_issued: 196705, n_done: 196625, n_created_coordinator: 80
I [../src/deptran/client_worker.cc:330] 2022-05-19 18:49:10.847 | wait for finish... n_ceased_cleints: 0,  n_issued: 236840, n_done: 236760, n_created_coordinator: 80
I [../src/deptran/client_worker.cc:330] 2022-05-19 18:49:15.847 | wait for finish... n_ceased_cleints: 0,  n_issued: 277483, n_done: 277403, n_created_coordinator: 80
I [../src/deptran/client_worker.cc:330] 2022-05-19 18:49:20.847 | wait for finish... n_ceased_cleints: 0,  n_issued: 317764, n_done: 317684, n_created_coordinator: 80
I [../src/deptran/client_worker.cc:330] 2022-05-19 18:49:25.847 | wait for finish... n_ceased_cleints: 0,  n_issued: 357537, n_done: 357457, n_created_coordinator: 80
I [../src/deptran/client_worker.cc:330] 2022-05-19 18:49:30.847 | wait for finish... n_ceased_cleints: 0,  n_issued: 397538, n_done: 397458, n_created_coordinator: 80
I [../src/deptran/client_worker.cc:330] 2022-05-19 18:49:35.848 | wait for finish... n_ceased_cleints: 0,  n_issued: 438218, n_done: 438138, n_created_coordinator: 80
I [../src/deptran/s_main.cc:140] 2022-05-19 18:49:39.027 | wait_for_clients: wait for client threads to exit.
I [../src/deptran/client_worker.cc:330] 2022-05-19 18:49:40.848 | wait for finish... n_ceased_cleints: 0,  n_issued: 479344, n_done: 479264, n_created_coordinator: 80
I [../src/deptran/client_worker.cc:317] 2022-05-19 18:49:41.844 | wait for all outstanding requests to finish.
I [../src/deptran/client_worker.cc:343] 2022-05-19 18:49:45.848 | Finish:
Total: 484039, Commit: 484039, Attempts: 0, Running for 60, Throughput: 8067.32

I [../src/deptran/client_worker.cc:348] 2022-05-19 18:49:45.848 | Work: wait_for_shutdown at client 5
