I [../src/deptran/s_main.cc:136] 2022-05-21 01:51:21.589 | PWD : 
I [../src/deptran/s_main.cc:284] 2022-05-21 01:51:21.589 | starting process 1274
I [../src/deptran/s_main.cc:279] 2022-05-21 01:51:21.589 | ulimit -n is 1024
I [../src/deptran/config.cc:285] 2022-05-21 01:51:21.589 | LoadYML: /home/xuhao/code/depfast/tmp/janus-final-testnamewnu7jrqj.yml
I [../src/deptran/config.cc:403] 2022-05-21 01:51:21.589 | BuildSiteProcMap
I [../src/deptran/config.cc:655] 2022-05-21 01:51:21.589 | group size: 1
I [../src/deptran/config.cc:655] 2022-05-21 01:51:21.589 | group size: 1
I [../src/deptran/config.cc:655] 2022-05-21 01:51:21.589 | group size: 1
I [../src/deptran/config.cc:681] 2022-05-21 01:51:21.589 | client forwarding: 0
I [../src/deptran/config.cc:320] 2022-05-21 01:51:21.589 | # of concurrent requests: 12
I [../src/deptran/s_main.cc:290] 2022-05-21 01:51:21.589 | Read config finish
I [../src/deptran/s_main.cc:30] 2022-05-21 01:51:21.589 | client_setup_heartbeat
I [../src/deptran/s_main.cc:46] 2022-05-21 01:51:21.590 | Start control server on port 5555
I [../src/rrr/rpc/server.cpp:575] 2022-05-21 01:51:21.590 | bind address is: 0.0.0.0:5555
I [../src/rrr/rpc/server.cpp:570] 2022-05-21 01:51:21.590 | rrr::Server: started on 0.0.0.0:5555
I [../src/deptran/s_main.cc:314] 2022-05-21 01:51:21.590 | no servers on this process
I [../src/deptran/s_main.cc:54] 2022-05-21 01:51:21.590 | client enabled, number of sites: 1
I [../src/rrr/reactor/reactor.cc:389] 2022-05-21 01:51:21.591 | starting poll thread
I [../src/deptran/communicator.cc:25] 2022-05-21 01:51:21.591 | size of partitions: 1
I [../src/rrr/reactor/reactor.cc:389] 2022-05-21 01:51:21.593 | starting poll thread
I [../src/deptran/communicator.cc:191] 2022-05-21 01:51:22.594 | connect to site: 10.0.0.13:10000 success!
I [../src/deptran/communicator.cc:191] 2022-05-21 01:51:22.595 | connect to site: 10.0.0.14:10001 success!
I [../src/deptran/communicator.cc:191] 2022-05-21 01:51:22.596 | connect to site: 10.0.0.15:10002 success!
I [../src/deptran/communicator.cc:74] 2022-05-21 01:51:22.597 | Done waiting to connect to client leaders.
I [../src/deptran/client_worker.cc:330] 2022-05-21 01:51:24.160 | wait for finish... n_ceased_cleints: 0,  n_issued: 0, n_done: 0, n_created_coordinator: 0
I [../src/deptran/client_worker.cc:314] 2022-05-21 01:51:24.161 | wait for all virtual clients to stop issuing new requests.
I [../src/deptran/client_worker.cc:330] 2022-05-21 01:51:29.160 | wait for finish... n_ceased_cleints: 0,  n_issued: 47303, n_done: 47291, n_created_coordinator: 12
I [../src/deptran/client_worker.cc:330] 2022-05-21 01:51:34.160 | wait for finish... n_ceased_cleints: 0,  n_issued: 96657, n_done: 96645, n_created_coordinator: 12
I [../src/deptran/client_worker.cc:330] 2022-05-21 01:51:39.160 | wait for finish... n_ceased_cleints: 0,  n_issued: 144039, n_done: 144027, n_created_coordinator: 12
I [../src/deptran/client_worker.cc:330] 2022-05-21 01:51:44.160 | wait for finish... n_ceased_cleints: 0,  n_issued: 191712, n_done: 191700, n_created_coordinator: 12
I [../src/deptran/client_worker.cc:330] 2022-05-21 01:51:49.160 | wait for finish... n_ceased_cleints: 0,  n_issued: 238726, n_done: 238714, n_created_coordinator: 12
I [../src/deptran/client_worker.cc:330] 2022-05-21 01:51:54.161 | wait for finish... n_ceased_cleints: 0,  n_issued: 284716, n_done: 284704, n_created_coordinator: 12
I [../src/deptran/client_worker.cc:330] 2022-05-21 01:51:59.161 | wait for finish... n_ceased_cleints: 0,  n_issued: 331992, n_done: 331980, n_created_coordinator: 12
I [../src/deptran/client_worker.cc:330] 2022-05-21 01:52:04.161 | wait for finish... n_ceased_cleints: 0,  n_issued: 379377, n_done: 379365, n_created_coordinator: 12
I [../src/deptran/client_worker.cc:330] 2022-05-21 01:52:09.161 | wait for finish... n_ceased_cleints: 0,  n_issued: 426925, n_done: 426913, n_created_coordinator: 12
I [../src/deptran/client_worker.cc:330] 2022-05-21 01:52:14.161 | wait for finish... n_ceased_cleints: 0,  n_issued: 473275, n_done: 473263, n_created_coordinator: 12
I [../src/deptran/client_worker.cc:330] 2022-05-21 01:52:19.161 | wait for finish... n_ceased_cleints: 0,  n_issued: 519081, n_done: 519069, n_created_coordinator: 12
I [../src/deptran/s_main.cc:140] 2022-05-21 01:52:22.596 | wait_for_clients: wait for client threads to exit.
I [../src/deptran/client_worker.cc:330] 2022-05-21 01:52:24.161 | wait for finish... n_ceased_cleints: 0,  n_issued: 565422, n_done: 565410, n_created_coordinator: 12
I [../src/deptran/client_worker.cc:317] 2022-05-21 01:52:25.143 | wait for all outstanding requests to finish.
I [../src/deptran/client_worker.cc:343] 2022-05-21 01:52:29.161 | Finish:
Total: 571912, Commit: 571912, Attempts: 0, Running for 60, Throughput: 9531.87

I [../src/deptran/client_worker.cc:348] 2022-05-21 01:52:29.161 | Work: wait_for_shutdown at client 3
