I [../src/deptran/s_main.cc:136] 2022-05-27 13:59:47.668 | PWD : 
I [../src/deptran/s_main.cc:284] 2022-05-27 13:59:47.668 | starting process 23873
I [../src/deptran/s_main.cc:279] 2022-05-27 13:59:47.668 | ulimit -n is 1024
I [../src/deptran/config.cc:285] 2022-05-27 13:59:47.668 | LoadYML: /home/xuhao/code/depfast/tmp/janus-final-testnamecq01iibk.yml
I [../src/deptran/config.cc:403] 2022-05-27 13:59:47.668 | BuildSiteProcMap
I [../src/deptran/config.cc:655] 2022-05-27 13:59:47.668 | group size: 1
I [../src/deptran/config.cc:655] 2022-05-27 13:59:47.668 | group size: 1
I [../src/deptran/config.cc:655] 2022-05-27 13:59:47.668 | group size: 1
I [../src/deptran/config.cc:681] 2022-05-27 13:59:47.668 | client forwarding: 0
I [../src/deptran/config.cc:320] 2022-05-27 13:59:47.668 | # of concurrent requests: 190
I [../src/deptran/s_main.cc:290] 2022-05-27 13:59:47.668 | Read config finish
I [../src/deptran/s_main.cc:30] 2022-05-27 13:59:47.668 | client_setup_heartbeat
I [../src/deptran/s_main.cc:46] 2022-05-27 13:59:47.669 | Start control server on port 5555
I [../src/rrr/rpc/server.cpp:575] 2022-05-27 13:59:47.669 | bind address is: 0.0.0.0:5555
I [../src/rrr/rpc/server.cpp:570] 2022-05-27 13:59:47.669 | rrr::Server: started on 0.0.0.0:5555
I [../src/deptran/s_main.cc:314] 2022-05-27 13:59:47.669 | no servers on this process
I [../src/deptran/s_main.cc:54] 2022-05-27 13:59:47.669 | client enabled, number of sites: 1
I [../src/deptran/communicator.cc:25] 2022-05-27 13:59:47.670 | size of partitions: 1
I [../src/rrr/reactor/reactor.cc:389] 2022-05-27 13:59:47.670 | starting poll thread
I [../src/rrr/reactor/reactor.cc:389] 2022-05-27 13:59:47.672 | starting poll thread
I [../src/deptran/communicator.cc:191] 2022-05-27 13:59:48.672 | connect to site: 10.0.0.13:10000 success!
I [../src/deptran/communicator.cc:191] 2022-05-27 13:59:48.673 | connect to site: 10.0.0.14:10001 success!
I [../src/deptran/communicator.cc:191] 2022-05-27 13:59:48.675 | connect to site: 10.0.0.15:10002 success!
I [../src/deptran/communicator.cc:74] 2022-05-27 13:59:48.676 | Done waiting to connect to client leaders.
I [../src/deptran/client_worker.cc:330] 2022-05-27 13:59:50.248 | wait for finish... n_ceased_cleints: 0,  n_issued: 0, n_done: 0, n_created_coordinator: 0
I [../src/deptran/client_worker.cc:314] 2022-05-27 13:59:50.256 | wait for all virtual clients to stop issuing new requests.
I [../src/deptran/client_worker.cc:330] 2022-05-27 13:59:55.248 | wait for finish... n_ceased_cleints: 0,  n_issued: 45951, n_done: 45761, n_created_coordinator: 190
I [../src/deptran/client_worker.cc:330] 2022-05-27 14:00:00.248 | wait for finish... n_ceased_cleints: 0,  n_issued: 96354, n_done: 96164, n_created_coordinator: 190
I [../src/deptran/client_worker.cc:330] 2022-05-27 14:00:05.249 | wait for finish... n_ceased_cleints: 0,  n_issued: 143517, n_done: 143327, n_created_coordinator: 190
I [../src/deptran/client_worker.cc:330] 2022-05-27 14:00:10.249 | wait for finish... n_ceased_cleints: 0,  n_issued: 191567, n_done: 191377, n_created_coordinator: 190
I [../src/deptran/client_worker.cc:330] 2022-05-27 14:00:15.249 | wait for finish... n_ceased_cleints: 0,  n_issued: 239659, n_done: 239469, n_created_coordinator: 190
I [../src/deptran/client_worker.cc:330] 2022-05-27 14:00:20.249 | wait for finish... n_ceased_cleints: 0,  n_issued: 286401, n_done: 286211, n_created_coordinator: 190
I [../src/deptran/client_worker.cc:330] 2022-05-27 14:00:25.249 | wait for finish... n_ceased_cleints: 0,  n_issued: 330912, n_done: 330722, n_created_coordinator: 190
I [../src/deptran/client_worker.cc:330] 2022-05-27 14:00:30.249 | wait for finish... n_ceased_cleints: 0,  n_issued: 379809, n_done: 379619, n_created_coordinator: 190
I [../src/deptran/client_worker.cc:330] 2022-05-27 14:00:35.249 | wait for finish... n_ceased_cleints: 0,  n_issued: 428621, n_done: 428431, n_created_coordinator: 190
I [../src/deptran/client_worker.cc:330] 2022-05-27 14:00:40.249 | wait for finish... n_ceased_cleints: 0,  n_issued: 477074, n_done: 476884, n_created_coordinator: 190
I [../src/deptran/client_worker.cc:330] 2022-05-27 14:00:45.250 | wait for finish... n_ceased_cleints: 0,  n_issued: 526138, n_done: 525948, n_created_coordinator: 190
I [../src/deptran/s_main.cc:140] 2022-05-27 14:00:48.675 | wait_for_clients: wait for client threads to exit.
I [../src/deptran/client_worker.cc:330] 2022-05-27 14:00:50.250 | wait for finish... n_ceased_cleints: 0,  n_issued: 574309, n_done: 574119, n_created_coordinator: 190
I [../src/deptran/client_worker.cc:317] 2022-05-27 14:00:51.251 | wait for all outstanding requests to finish.
I [../src/deptran/client_worker.cc:343] 2022-05-27 14:00:55.250 | Finish:
Total: 580405, Commit: 580405, Attempts: 0, Running for 60, Throughput: 9673.42

I [../src/deptran/client_worker.cc:348] 2022-05-27 14:00:55.250 | Work: wait_for_shutdown at client 3
