I [../src/deptran/s_main.cc:136] 2022-05-19 21:33:02.719 | PWD : 
I [../src/deptran/s_main.cc:284] 2022-05-19 21:33:02.719 | starting process 28184
I [../src/deptran/s_main.cc:279] 2022-05-19 21:33:02.719 | ulimit -n is 1024
I [../src/deptran/config.cc:285] 2022-05-19 21:33:02.719 | LoadYML: /home/xuhao/code/depfast/tmp/janus-final-testnamew86wwsl8.yml
I [../src/deptran/config.cc:403] 2022-05-19 21:33:02.719 | BuildSiteProcMap
I [../src/deptran/config.cc:655] 2022-05-19 21:33:02.719 | group size: 1
I [../src/deptran/config.cc:681] 2022-05-19 21:33:02.719 | client forwarding: 0
I [../src/deptran/config.cc:320] 2022-05-19 21:33:02.719 | # of concurrent requests: 100
I [../src/deptran/s_main.cc:290] 2022-05-19 21:33:02.719 | Read config finish
I [../src/deptran/s_main.cc:30] 2022-05-19 21:33:02.719 | client_setup_heartbeat
I [../src/deptran/s_main.cc:46] 2022-05-19 21:33:02.720 | Start control server on port 5555
I [../src/rrr/rpc/server.cpp:575] 2022-05-19 21:33:02.720 | bind address is: 0.0.0.0:5555
I [../src/rrr/reactor/reactor.cc:389] 2022-05-19 21:33:02.720 | starting poll thread
I [../src/rrr/rpc/server.cpp:570] 2022-05-19 21:33:02.720 | rrr::Server: started on 0.0.0.0:5555
I [../src/deptran/s_main.cc:314] 2022-05-19 21:33:02.720 | no servers on this process
I [../src/deptran/s_main.cc:54] 2022-05-19 21:33:02.720 | client enabled, number of sites: 1
I [../src/deptran/communicator.cc:25] 2022-05-19 21:33:02.720 | size of partitions: 1
I [../src/rrr/reactor/reactor.cc:389] 2022-05-19 21:33:02.720 | starting poll thread
I [../src/deptran/communicator.cc:191] 2022-05-19 21:33:04.723 | connect to site: 10.0.0.13:10000 success!
I [../src/deptran/communicator.cc:191] 2022-05-19 21:33:04.724 | connect to site: 10.0.0.14:10001 success!
I [../src/deptran/communicator.cc:191] 2022-05-19 21:33:04.725 | connect to site: 10.0.0.15:10002 success!
I [../src/deptran/communicator.cc:191] 2022-05-19 21:33:04.726 | connect to site: 10.0.0.55:10003 success!
I [../src/deptran/communicator.cc:191] 2022-05-19 21:33:04.727 | connect to site: 10.0.0.58:10004 success!
I [../src/deptran/communicator.cc:74] 2022-05-19 21:33:04.727 | Done waiting to connect to client leaders.
I [../src/deptran/client_worker.cc:330] 2022-05-19 21:33:06.552 | wait for finish... n_ceased_cleints: 0,  n_issued: 0, n_done: 0, n_created_coordinator: 0
I [../src/deptran/client_worker.cc:314] 2022-05-19 21:33:06.553 | wait for all virtual clients to stop issuing new requests.
I [../src/deptran/client_worker.cc:330] 2022-05-19 21:33:11.552 | wait for finish... n_ceased_cleints: 0,  n_issued: 41736, n_done: 41636, n_created_coordinator: 100
I [../src/deptran/client_worker.cc:330] 2022-05-19 21:33:16.552 | wait for finish... n_ceased_cleints: 0,  n_issued: 86327, n_done: 86227, n_created_coordinator: 100
I [../src/deptran/client_worker.cc:330] 2022-05-19 21:33:21.552 | wait for finish... n_ceased_cleints: 0,  n_issued: 131423, n_done: 131323, n_created_coordinator: 100
I [../src/deptran/client_worker.cc:330] 2022-05-19 21:33:26.552 | wait for finish... n_ceased_cleints: 0,  n_issued: 176481, n_done: 176381, n_created_coordinator: 100
I [../src/deptran/client_worker.cc:330] 2022-05-19 21:33:31.552 | wait for finish... n_ceased_cleints: 0,  n_issued: 220973, n_done: 220873, n_created_coordinator: 100
I [../src/deptran/client_worker.cc:330] 2022-05-19 21:33:36.552 | wait for finish... n_ceased_cleints: 0,  n_issued: 265935, n_done: 265835, n_created_coordinator: 100
I [../src/deptran/client_worker.cc:330] 2022-05-19 21:33:41.552 | wait for finish... n_ceased_cleints: 0,  n_issued: 310527, n_done: 310427, n_created_coordinator: 100
I [../src/deptran/client_worker.cc:330] 2022-05-19 21:33:46.552 | wait for finish... n_ceased_cleints: 0,  n_issued: 354391, n_done: 354291, n_created_coordinator: 100
I [../src/deptran/client_worker.cc:330] 2022-05-19 21:33:51.553 | wait for finish... n_ceased_cleints: 0,  n_issued: 399815, n_done: 399715, n_created_coordinator: 100
I [../src/deptran/client_worker.cc:330] 2022-05-19 21:33:56.553 | wait for finish... n_ceased_cleints: 0,  n_issued: 444743, n_done: 444643, n_created_coordinator: 100
I [../src/deptran/client_worker.cc:330] 2022-05-19 21:34:01.553 | wait for finish... n_ceased_cleints: 0,  n_issued: 491163, n_done: 491063, n_created_coordinator: 100
I [../src/deptran/s_main.cc:140] 2022-05-19 21:34:04.727 | wait_for_clients: wait for client threads to exit.
I [../src/deptran/client_worker.cc:330] 2022-05-19 21:34:06.553 | wait for finish... n_ceased_cleints: 0,  n_issued: 536781, n_done: 536682, n_created_coordinator: 100
I [../src/deptran/client_worker.cc:317] 2022-05-19 21:34:07.551 | wait for all outstanding requests to finish.
I [../src/deptran/client_worker.cc:343] 2022-05-19 21:34:11.553 | Finish:
Total: 542299, Commit: 542299, Attempts: 0, Running for 60, Throughput: 9038.32

I [../src/deptran/client_worker.cc:348] 2022-05-19 21:34:11.553 | Work: wait_for_shutdown at client 5
