I [../src/deptran/s_main.cc:136] 2022-05-19 21:29:42.656 | PWD : 
I [../src/deptran/s_main.cc:284] 2022-05-19 21:29:42.656 | starting process 27429
I [../src/deptran/s_main.cc:279] 2022-05-19 21:29:42.656 | ulimit -n is 1024
I [../src/deptran/config.cc:285] 2022-05-19 21:29:42.656 | LoadYML: /home/xuhao/code/depfast/tmp/janus-final-testnameteugiqf0.yml
I [../src/deptran/config.cc:403] 2022-05-19 21:29:42.656 | BuildSiteProcMap
I [../src/deptran/config.cc:655] 2022-05-19 21:29:42.656 | group size: 1
I [../src/deptran/config.cc:681] 2022-05-19 21:29:42.656 | client forwarding: 0
I [../src/deptran/config.cc:320] 2022-05-19 21:29:42.656 | # of concurrent requests: 60
I [../src/deptran/s_main.cc:290] 2022-05-19 21:29:42.656 | Read config finish
I [../src/deptran/s_main.cc:30] 2022-05-19 21:29:42.656 | client_setup_heartbeat
I [../src/rrr/reactor/reactor.cc:389] 2022-05-19 21:29:42.657 | starting poll thread
I [../src/deptran/s_main.cc:46] 2022-05-19 21:29:42.657 | Start control server on port 5555
I [../src/rrr/rpc/server.cpp:575] 2022-05-19 21:29:42.657 | bind address is: 0.0.0.0:5555
I [../src/rrr/rpc/server.cpp:570] 2022-05-19 21:29:42.657 | rrr::Server: started on 0.0.0.0:5555
I [../src/deptran/s_main.cc:314] 2022-05-19 21:29:42.657 | no servers on this process
I [../src/deptran/s_main.cc:54] 2022-05-19 21:29:42.657 | client enabled, number of sites: 1
I [../src/rrr/reactor/reactor.cc:389] 2022-05-19 21:29:42.657 | starting poll thread
I [../src/deptran/communicator.cc:25] 2022-05-19 21:29:42.657 | size of partitions: 1
I [../src/deptran/communicator.cc:191] 2022-05-19 21:29:44.661 | connect to site: 10.0.0.13:10000 success!
I [../src/deptran/communicator.cc:191] 2022-05-19 21:29:44.661 | connect to site: 10.0.0.14:10001 success!
I [../src/deptran/communicator.cc:191] 2022-05-19 21:29:44.662 | connect to site: 10.0.0.15:10002 success!
I [../src/deptran/communicator.cc:191] 2022-05-19 21:29:44.663 | connect to site: 10.0.0.55:10003 success!
I [../src/deptran/communicator.cc:191] 2022-05-19 21:29:44.664 | connect to site: 10.0.0.58:10004 success!
I [../src/deptran/communicator.cc:74] 2022-05-19 21:29:44.664 | Done waiting to connect to client leaders.
I [../src/deptran/client_worker.cc:330] 2022-05-19 21:29:46.479 | wait for finish... n_ceased_cleints: 0,  n_issued: 0, n_done: 0, n_created_coordinator: 0
I [../src/deptran/client_worker.cc:314] 2022-05-19 21:29:46.480 | wait for all virtual clients to stop issuing new requests.
I [../src/deptran/client_worker.cc:330] 2022-05-19 21:29:51.479 | wait for finish... n_ceased_cleints: 0,  n_issued: 31706, n_done: 31646, n_created_coordinator: 60
I [../src/deptran/client_worker.cc:330] 2022-05-19 21:29:56.479 | wait for finish... n_ceased_cleints: 0,  n_issued: 66472, n_done: 66412, n_created_coordinator: 60
I [../src/deptran/client_worker.cc:330] 2022-05-19 21:30:01.479 | wait for finish... n_ceased_cleints: 0,  n_issued: 100567, n_done: 100507, n_created_coordinator: 60
I [../src/deptran/client_worker.cc:330] 2022-05-19 21:30:06.479 | wait for finish... n_ceased_cleints: 0,  n_issued: 135045, n_done: 134985, n_created_coordinator: 60
I [../src/deptran/client_worker.cc:330] 2022-05-19 21:30:11.479 | wait for finish... n_ceased_cleints: 0,  n_issued: 169104, n_done: 169044, n_created_coordinator: 60
I [../src/deptran/client_worker.cc:330] 2022-05-19 21:30:16.479 | wait for finish... n_ceased_cleints: 0,  n_issued: 202969, n_done: 202909, n_created_coordinator: 60
I [../src/deptran/client_worker.cc:330] 2022-05-19 21:30:21.480 | wait for finish... n_ceased_cleints: 0,  n_issued: 236966, n_done: 236906, n_created_coordinator: 60
I [../src/deptran/client_worker.cc:330] 2022-05-19 21:30:26.480 | wait for finish... n_ceased_cleints: 0,  n_issued: 271399, n_done: 271339, n_created_coordinator: 60
I [../src/deptran/client_worker.cc:330] 2022-05-19 21:30:31.480 | wait for finish... n_ceased_cleints: 0,  n_issued: 305894, n_done: 305834, n_created_coordinator: 60
I [../src/deptran/client_worker.cc:330] 2022-05-19 21:30:36.480 | wait for finish... n_ceased_cleints: 0,  n_issued: 340550, n_done: 340490, n_created_coordinator: 60
I [../src/deptran/client_worker.cc:330] 2022-05-19 21:30:41.480 | wait for finish... n_ceased_cleints: 0,  n_issued: 374533, n_done: 374473, n_created_coordinator: 60
I [../src/deptran/s_main.cc:140] 2022-05-19 21:30:44.664 | wait_for_clients: wait for client threads to exit.
I [../src/deptran/client_worker.cc:330] 2022-05-19 21:30:46.480 | wait for finish... n_ceased_cleints: 0,  n_issued: 408953, n_done: 408893, n_created_coordinator: 60
I [../src/deptran/client_worker.cc:317] 2022-05-19 21:30:47.481 | wait for all outstanding requests to finish.
I [../src/deptran/client_worker.cc:343] 2022-05-19 21:30:51.480 | Finish:
Total: 413018, Commit: 413018, Attempts: 0, Running for 60, Throughput: 6883.63

I [../src/deptran/client_worker.cc:348] 2022-05-19 21:30:51.480 | Work: wait_for_shutdown at client 5
