I [../src/deptran/s_main.cc:136] 2022-05-19 22:44:16.215 | PWD : 
I [../src/deptran/s_main.cc:284] 2022-05-19 22:44:16.215 | starting process 5954
I [../src/deptran/s_main.cc:279] 2022-05-19 22:44:16.215 | ulimit -n is 1024
I [../src/deptran/config.cc:285] 2022-05-19 22:44:16.215 | LoadYML: /home/xuhao/code/depfast/tmp/janus-final-testnamep6j0ocfu.yml
I [../src/deptran/config.cc:403] 2022-05-19 22:44:16.215 | BuildSiteProcMap
I [../src/deptran/config.cc:655] 2022-05-19 22:44:16.215 | group size: 1
I [../src/deptran/config.cc:681] 2022-05-19 22:44:16.215 | client forwarding: 0
I [../src/deptran/config.cc:320] 2022-05-19 22:44:16.215 | # of concurrent requests: 6
I [../src/deptran/s_main.cc:290] 2022-05-19 22:44:16.215 | Read config finish
I [../src/deptran/s_main.cc:30] 2022-05-19 22:44:16.215 | client_setup_heartbeat
I [../src/deptran/s_main.cc:46] 2022-05-19 22:44:16.215 | Start control server on port 5555
I [../src/rrr/rpc/server.cpp:575] 2022-05-19 22:44:16.215 | bind address is: 0.0.0.0:5555
I [../src/rrr/reactor/reactor.cc:389] 2022-05-19 22:44:16.215 | starting poll thread
I [../src/rrr/rpc/server.cpp:570] 2022-05-19 22:44:16.215 | rrr::Server: started on 0.0.0.0:5555
I [../src/deptran/s_main.cc:314] 2022-05-19 22:44:16.215 | no servers on this process
I [../src/deptran/s_main.cc:54] 2022-05-19 22:44:16.215 | client enabled, number of sites: 1
I [../src/rrr/reactor/reactor.cc:389] 2022-05-19 22:44:16.215 | starting poll thread
I [../src/deptran/communicator.cc:25] 2022-05-19 22:44:16.215 | size of partitions: 1
I [../src/deptran/communicator.cc:191] 2022-05-19 22:44:18.219 | connect to site: 10.0.0.13:10000 success!
I [../src/deptran/communicator.cc:191] 2022-05-19 22:44:18.220 | connect to site: 10.0.0.14:10001 success!
I [../src/deptran/communicator.cc:191] 2022-05-19 22:44:18.221 | connect to site: 10.0.0.15:10002 success!
I [../src/deptran/communicator.cc:74] 2022-05-19 22:44:18.221 | Done waiting to connect to client leaders.
I [../src/deptran/client_worker.cc:330] 2022-05-19 22:44:19.807 | wait for finish... n_ceased_cleints: 0,  n_issued: 0, n_done: 0, n_created_coordinator: 0
I [../src/deptran/client_worker.cc:314] 2022-05-19 22:44:19.808 | wait for all virtual clients to stop issuing new requests.
I [../src/deptran/client_worker.cc:330] 2022-05-19 22:44:24.807 | wait for finish... n_ceased_cleints: 0,  n_issued: 42989, n_done: 42983, n_created_coordinator: 6
I [../src/deptran/client_worker.cc:330] 2022-05-19 22:44:29.807 | wait for finish... n_ceased_cleints: 0,  n_issued: 87644, n_done: 87638, n_created_coordinator: 6
I [../src/deptran/client_worker.cc:330] 2022-05-19 22:44:34.807 | wait for finish... n_ceased_cleints: 0,  n_issued: 132725, n_done: 132719, n_created_coordinator: 6
I [../src/deptran/client_worker.cc:330] 2022-05-19 22:44:39.807 | wait for finish... n_ceased_cleints: 0,  n_issued: 178466, n_done: 178460, n_created_coordinator: 6
I [../src/deptran/client_worker.cc:330] 2022-05-19 22:44:44.808 | wait for finish... n_ceased_cleints: 0,  n_issued: 223781, n_done: 223775, n_created_coordinator: 6
I [../src/deptran/client_worker.cc:330] 2022-05-19 22:44:49.808 | wait for finish... n_ceased_cleints: 0,  n_issued: 269681, n_done: 269675, n_created_coordinator: 6
I [../src/deptran/client_worker.cc:330] 2022-05-19 22:44:54.808 | wait for finish... n_ceased_cleints: 0,  n_issued: 314913, n_done: 314907, n_created_coordinator: 6
I [../src/deptran/client_worker.cc:330] 2022-05-19 22:44:59.808 | wait for finish... n_ceased_cleints: 0,  n_issued: 361107, n_done: 361101, n_created_coordinator: 6
I [../src/deptran/client_worker.cc:330] 2022-05-19 22:45:04.808 | wait for finish... n_ceased_cleints: 0,  n_issued: 408043, n_done: 408037, n_created_coordinator: 6
I [../src/deptran/client_worker.cc:330] 2022-05-19 22:45:09.808 | wait for finish... n_ceased_cleints: 0,  n_issued: 455116, n_done: 455110, n_created_coordinator: 6
I [../src/deptran/client_worker.cc:330] 2022-05-19 22:45:14.808 | wait for finish... n_ceased_cleints: 0,  n_issued: 501983, n_done: 501977, n_created_coordinator: 6
I [../src/deptran/s_main.cc:140] 2022-05-19 22:45:18.221 | wait_for_clients: wait for client threads to exit.
I [../src/deptran/client_worker.cc:330] 2022-05-19 22:45:19.808 | wait for finish... n_ceased_cleints: 0,  n_issued: 549088, n_done: 549082, n_created_coordinator: 6
I [../src/deptran/client_worker.cc:317] 2022-05-19 22:45:20.651 | wait for all outstanding requests to finish.
I [../src/deptran/client_worker.cc:343] 2022-05-19 22:45:24.808 | Finish:
Total: 553509, Commit: 553509, Attempts: 0, Running for 60, Throughput: 9225.15

I [../src/deptran/client_worker.cc:348] 2022-05-19 22:45:24.809 | Work: wait_for_shutdown at client 3
