I [../src/deptran/s_main.cc:136] 2022-05-19 23:02:23.271 | PWD : 
I [../src/deptran/s_main.cc:284] 2022-05-19 23:02:23.271 | starting process 9142
I [../src/deptran/s_main.cc:279] 2022-05-19 23:02:23.271 | ulimit -n is 1024
I [../src/deptran/config.cc:285] 2022-05-19 23:02:23.271 | LoadYML: /home/xuhao/code/depfast/tmp/janus-final-testname524sav_h.yml
I [../src/deptran/config.cc:403] 2022-05-19 23:02:23.272 | BuildSiteProcMap
I [../src/deptran/config.cc:655] 2022-05-19 23:02:23.272 | group size: 1
I [../src/deptran/config.cc:681] 2022-05-19 23:02:23.272 | client forwarding: 0
I [../src/deptran/config.cc:320] 2022-05-19 23:02:23.272 | # of concurrent requests: 12
I [../src/deptran/s_main.cc:290] 2022-05-19 23:02:23.272 | Read config finish
I [../src/deptran/s_main.cc:30] 2022-05-19 23:02:23.272 | client_setup_heartbeat
I [../src/deptran/s_main.cc:46] 2022-05-19 23:02:23.272 | Start control server on port 5555
I [../src/rrr/reactor/reactor.cc:389] 2022-05-19 23:02:23.272 | starting poll thread
I [../src/rrr/rpc/server.cpp:575] 2022-05-19 23:02:23.272 | bind address is: 0.0.0.0:5555
I [../src/rrr/rpc/server.cpp:570] 2022-05-19 23:02:23.272 | rrr::Server: started on 0.0.0.0:5555
I [../src/deptran/s_main.cc:314] 2022-05-19 23:02:23.272 | no servers on this process
I [../src/deptran/s_main.cc:54] 2022-05-19 23:02:23.272 | client enabled, number of sites: 1
I [../src/deptran/communicator.cc:25] 2022-05-19 23:02:23.272 | size of partitions: 1
I [../src/rrr/reactor/reactor.cc:389] 2022-05-19 23:02:23.272 | starting poll thread
I [../src/deptran/communicator.cc:191] 2022-05-19 23:02:25.275 | connect to site: 10.0.0.13:10000 success!
I [../src/deptran/communicator.cc:191] 2022-05-19 23:02:25.276 | connect to site: 10.0.0.14:10001 success!
I [../src/deptran/communicator.cc:191] 2022-05-19 23:02:25.277 | connect to site: 10.0.0.15:10002 success!
I [../src/deptran/communicator.cc:74] 2022-05-19 23:02:25.277 | Done waiting to connect to client leaders.
I [../src/deptran/client_worker.cc:330] 2022-05-19 23:02:26.869 | wait for finish... n_ceased_cleints: 0,  n_issued: 0, n_done: 0, n_created_coordinator: 0
I [../src/deptran/client_worker.cc:314] 2022-05-19 23:02:26.870 | wait for all virtual clients to stop issuing new requests.
I [../src/deptran/client_worker.cc:330] 2022-05-19 23:02:31.869 | wait for finish... n_ceased_cleints: 0,  n_issued: 57383, n_done: 57371, n_created_coordinator: 12
I [../src/deptran/client_worker.cc:330] 2022-05-19 23:02:36.869 | wait for finish... n_ceased_cleints: 0,  n_issued: 114579, n_done: 114567, n_created_coordinator: 12
I [../src/deptran/client_worker.cc:330] 2022-05-19 23:02:41.870 | wait for finish... n_ceased_cleints: 0,  n_issued: 167641, n_done: 167629, n_created_coordinator: 12
I [../src/deptran/client_worker.cc:330] 2022-05-19 23:02:46.870 | wait for finish... n_ceased_cleints: 0,  n_issued: 219295, n_done: 219283, n_created_coordinator: 12
I [../src/deptran/client_worker.cc:330] 2022-05-19 23:02:51.870 | wait for finish... n_ceased_cleints: 0,  n_issued: 270151, n_done: 270139, n_created_coordinator: 12
I [../src/deptran/client_worker.cc:330] 2022-05-19 23:02:56.870 | wait for finish... n_ceased_cleints: 0,  n_issued: 319967, n_done: 319955, n_created_coordinator: 12
I [../src/deptran/client_worker.cc:330] 2022-05-19 23:03:01.870 | wait for finish... n_ceased_cleints: 0,  n_issued: 366468, n_done: 366456, n_created_coordinator: 12
I [../src/deptran/client_worker.cc:330] 2022-05-19 23:03:06.870 | wait for finish... n_ceased_cleints: 0,  n_issued: 412121, n_done: 412109, n_created_coordinator: 12
I [../src/deptran/client_worker.cc:330] 2022-05-19 23:03:11.870 | wait for finish... n_ceased_cleints: 0,  n_issued: 460836, n_done: 460824, n_created_coordinator: 12
I [../src/deptran/client_worker.cc:330] 2022-05-19 23:03:16.870 | wait for finish... n_ceased_cleints: 0,  n_issued: 511302, n_done: 511290, n_created_coordinator: 12
I [../src/deptran/client_worker.cc:330] 2022-05-19 23:03:21.870 | wait for finish... n_ceased_cleints: 0,  n_issued: 561184, n_done: 561172, n_created_coordinator: 12
I [../src/deptran/client_worker.cc:330] 2022-05-19 23:03:26.871 | wait for finish... n_ceased_cleints: 0,  n_issued: 613406, n_done: 613394, n_created_coordinator: 12
I [../src/deptran/client_worker.cc:330] 2022-05-19 23:03:31.871 | wait for finish... n_ceased_cleints: 0,  n_issued: 667325, n_done: 667313, n_created_coordinator: 12
I [../src/deptran/client_worker.cc:330] 2022-05-19 23:03:36.871 | wait for finish... n_ceased_cleints: 0,  n_issued: 722349, n_done: 722337, n_created_coordinator: 12
I [../src/deptran/client_worker.cc:330] 2022-05-19 23:03:41.871 | wait for finish... n_ceased_cleints: 0,  n_issued: 777927, n_done: 777915, n_created_coordinator: 12
I [../src/deptran/client_worker.cc:330] 2022-05-19 23:03:46.871 | wait for finish... n_ceased_cleints: 0,  n_issued: 831574, n_done: 831562, n_created_coordinator: 12
I [../src/deptran/client_worker.cc:330] 2022-05-19 23:03:51.871 | wait for finish... n_ceased_cleints: 0,  n_issued: 885330, n_done: 885318, n_created_coordinator: 12
I [../src/deptran/client_worker.cc:330] 2022-05-19 23:03:56.871 | wait for finish... n_ceased_cleints: 0,  n_issued: 939168, n_done: 939156, n_created_coordinator: 12
I [../src/deptran/client_worker.cc:330] 2022-05-19 23:04:01.871 | wait for finish... n_ceased_cleints: 0,  n_issued: 993243, n_done: 993231, n_created_coordinator: 12
I [../src/deptran/client_worker.cc:330] 2022-05-19 23:04:06.871 | wait for finish... n_ceased_cleints: 0,  n_issued: 1048791, n_done: 1048779, n_created_coordinator: 12
I [../src/deptran/client_worker.cc:330] 2022-05-19 23:04:11.871 | wait for finish... n_ceased_cleints: 0,  n_issued: 1106981, n_done: 1106969, n_created_coordinator: 12
I [../src/deptran/client_worker.cc:330] 2022-05-19 23:04:16.872 | wait for finish... n_ceased_cleints: 0,  n_issued: 1162024, n_done: 1162012, n_created_coordinator: 12
I [../src/deptran/client_worker.cc:330] 2022-05-19 23:04:21.872 | wait for finish... n_ceased_cleints: 0,  n_issued: 1215964, n_done: 1215952, n_created_coordinator: 12
I [../src/deptran/client_worker.cc:330] 2022-05-19 23:04:26.872 | wait for finish... n_ceased_cleints: 0,  n_issued: 1270802, n_done: 1270790, n_created_coordinator: 12
I [../src/deptran/client_worker.cc:330] 2022-05-19 23:04:31.872 | wait for finish... n_ceased_cleints: 0,  n_issued: 1328959, n_done: 1328947, n_created_coordinator: 12
I [../src/deptran/client_worker.cc:330] 2022-05-19 23:04:36.872 | wait for finish... n_ceased_cleints: 0,  n_issued: 1382886, n_done: 1382874, n_created_coordinator: 12
I [../src/deptran/client_worker.cc:330] 2022-05-19 23:04:41.872 | wait for finish... n_ceased_cleints: 0,  n_issued: 1438384, n_done: 1438372, n_created_coordinator: 12
I [../src/deptran/client_worker.cc:330] 2022-05-19 23:04:46.872 | wait for finish... n_ceased_cleints: 0,  n_issued: 1492706, n_done: 1492694, n_created_coordinator: 12
I [../src/deptran/client_worker.cc:330] 2022-05-19 23:04:51.872 | wait for finish... n_ceased_cleints: 0,  n_issued: 1546782, n_done: 1546770, n_created_coordinator: 12
I [../src/deptran/client_worker.cc:330] 2022-05-19 23:04:56.872 | wait for finish... n_ceased_cleints: 0,  n_issued: 1604246, n_done: 1604234, n_created_coordinator: 12
I [../src/deptran/client_worker.cc:330] 2022-05-19 23:05:01.872 | wait for finish... n_ceased_cleints: 0,  n_issued: 1659202, n_done: 1659190, n_created_coordinator: 12
I [../src/deptran/client_worker.cc:330] 2022-05-19 23:05:06.873 | wait for finish... n_ceased_cleints: 0,  n_issued: 1715975, n_done: 1715963, n_created_coordinator: 12
I [../src/deptran/client_worker.cc:330] 2022-05-19 23:05:11.873 | wait for finish... n_ceased_cleints: 0,  n_issued: 1773662, n_done: 1773650, n_created_coordinator: 12
I [../src/deptran/client_worker.cc:330] 2022-05-19 23:05:16.873 | wait for finish... n_ceased_cleints: 0,  n_issued: 1829542, n_done: 1829530, n_created_coordinator: 12
I [../src/deptran/client_worker.cc:330] 2022-05-19 23:05:21.874 | wait for finish... n_ceased_cleints: 0,  n_issued: 1883236, n_done: 1883224, n_created_coordinator: 12
I [../src/deptran/s_main.cc:140] 2022-05-19 23:05:25.278 | wait_for_clients: wait for client threads to exit.
I [../src/deptran/client_worker.cc:330] 2022-05-19 23:05:26.874 | wait for finish... n_ceased_cleints: 0,  n_issued: 1944252, n_done: 1944240, n_created_coordinator: 12
I [../src/deptran/client_worker.cc:317] 2022-05-19 23:05:27.755 | wait for all outstanding requests to finish.
I [../src/deptran/client_worker.cc:343] 2022-05-19 23:05:31.874 | Finish:
Total: 1951663, Commit: 1951663, Attempts: 0, Running for 180, Throughput: 10842.57

I [../src/deptran/client_worker.cc:348] 2022-05-19 23:05:31.874 | Work: wait_for_shutdown at client 3
