I [../src/deptran/s_main.cc:136] 2022-05-20 09:19:57.805 | PWD : 
I [../src/deptran/s_main.cc:284] 2022-05-20 09:19:57.805 | starting process 12340
I [../src/deptran/s_main.cc:279] 2022-05-20 09:19:57.805 | ulimit -n is 1024
I [../src/deptran/config.cc:285] 2022-05-20 09:19:57.805 | LoadYML: /home/xuhao/code/depfast/tmp/janus-final-testnamekl60bqke.yml
I [../src/deptran/config.cc:403] 2022-05-20 09:19:57.805 | BuildSiteProcMap
I [../src/deptran/config.cc:655] 2022-05-20 09:19:57.805 | group size: 1
I [../src/deptran/config.cc:681] 2022-05-20 09:19:57.805 | client forwarding: 0
I [../src/deptran/config.cc:320] 2022-05-20 09:19:57.805 | # of concurrent requests: 60
I [../src/deptran/s_main.cc:290] 2022-05-20 09:19:57.806 | Read config finish
I [../src/deptran/s_main.cc:30] 2022-05-20 09:19:57.806 | client_setup_heartbeat
I [../src/deptran/s_main.cc:46] 2022-05-20 09:19:57.806 | Start control server on port 5555
I [../src/rrr/rpc/server.cpp:575] 2022-05-20 09:19:57.806 | bind address is: 0.0.0.0:5555
I [../src/rrr/rpc/server.cpp:570] 2022-05-20 09:19:57.806 | rrr::Server: started on 0.0.0.0:5555
I [../src/deptran/s_main.cc:314] 2022-05-20 09:19:57.806 | no servers on this process
I [../src/deptran/s_main.cc:54] 2022-05-20 09:19:57.806 | client enabled, number of sites: 1
I [../src/deptran/communicator.cc:25] 2022-05-20 09:19:57.807 | size of partitions: 1
I [../src/rrr/reactor/reactor.cc:389] 2022-05-20 09:19:57.808 | starting poll thread
I [../src/rrr/reactor/reactor.cc:389] 2022-05-20 09:19:57.812 | starting poll thread
I [../src/deptran/communicator.cc:191] 2022-05-20 09:19:58.813 | connect to site: 10.0.0.13:10000 success!
I [../src/deptran/communicator.cc:191] 2022-05-20 09:19:59.815 | connect to site: 10.0.0.14:10001 success!
I [../src/deptran/communicator.cc:191] 2022-05-20 09:19:59.816 | connect to site: 10.0.0.15:10002 success!
I [../src/deptran/communicator.cc:191] 2022-05-20 09:19:59.817 | connect to site: 10.0.0.55:10003 success!
I [../src/deptran/communicator.cc:191] 2022-05-20 09:19:59.818 | connect to site: 10.0.0.58:10004 success!
I [../src/deptran/communicator.cc:74] 2022-05-20 09:19:59.819 | Done waiting to connect to client leaders.
I [../src/deptran/client_worker.cc:330] 2022-05-20 09:20:01.584 | wait for finish... n_ceased_cleints: 0,  n_issued: 0, n_done: 0, n_created_coordinator: 0
I [../src/deptran/client_worker.cc:314] 2022-05-20 09:20:01.586 | wait for all virtual clients to stop issuing new requests.
I [../src/deptran/client_worker.cc:330] 2022-05-20 09:20:06.584 | wait for finish... n_ceased_cleints: 0,  n_issued: 32554, n_done: 32494, n_created_coordinator: 60
I [../src/deptran/client_worker.cc:330] 2022-05-20 09:20:11.584 | wait for finish... n_ceased_cleints: 0,  n_issued: 68437, n_done: 68377, n_created_coordinator: 60
I [../src/deptran/client_worker.cc:330] 2022-05-20 09:20:16.584 | wait for finish... n_ceased_cleints: 0,  n_issued: 103734, n_done: 103674, n_created_coordinator: 60
I [../src/deptran/client_worker.cc:330] 2022-05-20 09:20:21.584 | wait for finish... n_ceased_cleints: 0,  n_issued: 138956, n_done: 138896, n_created_coordinator: 60
I [../src/deptran/client_worker.cc:330] 2022-05-20 09:20:26.584 | wait for finish... n_ceased_cleints: 0,  n_issued: 174716, n_done: 174656, n_created_coordinator: 60
I [../src/deptran/client_worker.cc:330] 2022-05-20 09:20:31.584 | wait for finish... n_ceased_cleints: 0,  n_issued: 210021, n_done: 209961, n_created_coordinator: 60
I [../src/deptran/client_worker.cc:330] 2022-05-20 09:20:36.584 | wait for finish... n_ceased_cleints: 0,  n_issued: 246022, n_done: 245962, n_created_coordinator: 60
I [../src/deptran/client_worker.cc:330] 2022-05-20 09:20:41.585 | wait for finish... n_ceased_cleints: 0,  n_issued: 281817, n_done: 281757, n_created_coordinator: 60
I [../src/deptran/client_worker.cc:330] 2022-05-20 09:20:46.585 | wait for finish... n_ceased_cleints: 0,  n_issued: 317577, n_done: 317517, n_created_coordinator: 60
I [../src/deptran/client_worker.cc:330] 2022-05-20 09:20:51.585 | wait for finish... n_ceased_cleints: 0,  n_issued: 353563, n_done: 353503, n_created_coordinator: 60
I [../src/deptran/client_worker.cc:330] 2022-05-20 09:20:56.585 | wait for finish... n_ceased_cleints: 0,  n_issued: 389616, n_done: 389556, n_created_coordinator: 60
I [../src/deptran/s_main.cc:140] 2022-05-20 09:20:59.819 | wait_for_clients: wait for client threads to exit.
I [../src/deptran/client_worker.cc:330] 2022-05-20 09:21:01.585 | wait for finish... n_ceased_cleints: 0,  n_issued: 425369, n_done: 425309, n_created_coordinator: 60
I [../src/deptran/client_worker.cc:317] 2022-05-20 09:21:02.578 | wait for all outstanding requests to finish.
I [../src/deptran/client_worker.cc:343] 2022-05-20 09:21:06.585 | Finish:
Total: 429565, Commit: 429565, Attempts: 0, Running for 60, Throughput: 7159.42

I [../src/deptran/client_worker.cc:348] 2022-05-20 09:21:06.585 | Work: wait_for_shutdown at client 5
