I [../src/deptran/s_main.cc:136] 2022-05-20 08:53:17.193 | PWD : 
I [../src/deptran/s_main.cc:284] 2022-05-20 08:53:17.193 | starting process 2067
I [../src/deptran/s_main.cc:279] 2022-05-20 08:53:17.193 | ulimit -n is 1024
I [../src/deptran/config.cc:285] 2022-05-20 08:53:17.193 | LoadYML: /home/xuhao/code/depfast/tmp/janus-final-testnameb3_h18r1.yml
I [../src/deptran/config.cc:403] 2022-05-20 08:53:17.193 | BuildSiteProcMap
I [../src/deptran/config.cc:655] 2022-05-20 08:53:17.194 | group size: 1
I [../src/deptran/config.cc:681] 2022-05-20 08:53:17.194 | client forwarding: 0
I [../src/deptran/config.cc:320] 2022-05-20 08:53:17.194 | # of concurrent requests: 40
I [../src/deptran/s_main.cc:290] 2022-05-20 08:53:17.194 | Read config finish
I [../src/deptran/s_main.cc:30] 2022-05-20 08:53:17.194 | client_setup_heartbeat
I [../src/deptran/s_main.cc:46] 2022-05-20 08:53:17.194 | Start control server on port 5555
I [../src/rrr/rpc/server.cpp:575] 2022-05-20 08:53:17.194 | bind address is: 0.0.0.0:5555
I [../src/rrr/rpc/server.cpp:570] 2022-05-20 08:53:17.194 | rrr::Server: started on 0.0.0.0:5555
I [../src/deptran/s_main.cc:314] 2022-05-20 08:53:17.194 | no servers on this process
I [../src/deptran/s_main.cc:54] 2022-05-20 08:53:17.194 | client enabled, number of sites: 1
I [../src/deptran/communicator.cc:25] 2022-05-20 08:53:17.194 | size of partitions: 1
I [../src/rrr/reactor/reactor.cc:389] 2022-05-20 08:53:17.197 | starting poll thread
I [../src/rrr/reactor/reactor.cc:389] 2022-05-20 08:53:17.198 | starting poll thread
I [../src/deptran/communicator.cc:191] 2022-05-20 08:53:18.197 | connect to site: 10.0.0.13:10000 success!
I [../src/deptran/communicator.cc:191] 2022-05-20 08:53:19.199 | connect to site: 10.0.0.14:10001 success!
I [../src/deptran/communicator.cc:191] 2022-05-20 08:53:19.200 | connect to site: 10.0.0.15:10002 success!
I [../src/deptran/communicator.cc:74] 2022-05-20 08:53:19.201 | Done waiting to connect to client leaders.
I [../src/deptran/client_worker.cc:330] 2022-05-20 08:53:19.772 | wait for finish... n_ceased_cleints: 0,  n_issued: 0, n_done: 0, n_created_coordinator: 0
I [../src/deptran/client_worker.cc:314] 2022-05-20 08:53:19.774 | wait for all virtual clients to stop issuing new requests.
I [../src/deptran/client_worker.cc:330] 2022-05-20 08:53:24.772 | wait for finish... n_ceased_cleints: 0,  n_issued: 25853, n_done: 25813, n_created_coordinator: 40
I [../src/deptran/client_worker.cc:330] 2022-05-20 08:53:29.772 | wait for finish... n_ceased_cleints: 0,  n_issued: 53724, n_done: 53684, n_created_coordinator: 40
I [../src/deptran/client_worker.cc:330] 2022-05-20 08:53:34.772 | wait for finish... n_ceased_cleints: 0,  n_issued: 82285, n_done: 82245, n_created_coordinator: 40
I [../src/deptran/client_worker.cc:330] 2022-05-20 08:53:39.773 | wait for finish... n_ceased_cleints: 0,  n_issued: 110987, n_done: 110947, n_created_coordinator: 40
I [../src/deptran/client_worker.cc:330] 2022-05-20 08:53:44.773 | wait for finish... n_ceased_cleints: 0,  n_issued: 138956, n_done: 138916, n_created_coordinator: 40
I [../src/deptran/client_worker.cc:330] 2022-05-20 08:53:49.773 | wait for finish... n_ceased_cleints: 0,  n_issued: 167048, n_done: 167008, n_created_coordinator: 40
I [../src/deptran/client_worker.cc:330] 2022-05-20 08:53:54.773 | wait for finish... n_ceased_cleints: 0,  n_issued: 194754, n_done: 194714, n_created_coordinator: 40
I [../src/deptran/client_worker.cc:330] 2022-05-20 08:53:59.773 | wait for finish... n_ceased_cleints: 0,  n_issued: 222737, n_done: 222697, n_created_coordinator: 40
I [../src/deptran/client_worker.cc:330] 2022-05-20 08:54:04.773 | wait for finish... n_ceased_cleints: 0,  n_issued: 250866, n_done: 250826, n_created_coordinator: 40
I [../src/deptran/client_worker.cc:330] 2022-05-20 08:54:09.773 | wait for finish... n_ceased_cleints: 0,  n_issued: 279081, n_done: 279041, n_created_coordinator: 40
I [../src/deptran/client_worker.cc:330] 2022-05-20 08:54:14.773 | wait for finish... n_ceased_cleints: 0,  n_issued: 307421, n_done: 307381, n_created_coordinator: 40
I [../src/deptran/s_main.cc:140] 2022-05-20 08:54:19.201 | wait_for_clients: wait for client threads to exit.
I [../src/deptran/client_worker.cc:330] 2022-05-20 08:54:19.774 | wait for finish... n_ceased_cleints: 0,  n_issued: 334773, n_done: 334733, n_created_coordinator: 40
I [../src/deptran/client_worker.cc:317] 2022-05-20 08:54:20.707 | wait for all outstanding requests to finish.
I [../src/deptran/client_worker.cc:343] 2022-05-20 08:54:24.774 | Finish:
Total: 337716, Commit: 337716, Attempts: 0, Running for 60, Throughput: 5628.60

I [../src/deptran/client_worker.cc:348] 2022-05-20 08:54:24.774 | Work: wait_for_shutdown at client 3
