I [../src/deptran/s_main.cc:136] 2022-05-19 19:13:43.807 | PWD : 
I [../src/deptran/s_main.cc:284] 2022-05-19 19:13:43.807 | starting process 5066
I [../src/deptran/s_main.cc:279] 2022-05-19 19:13:43.807 | ulimit -n is 1024
I [../src/deptran/config.cc:285] 2022-05-19 19:13:43.807 | LoadYML: /home/xuhao/code/depfast/tmp/janus-final-testname0dxxnmqe.yml
I [../src/deptran/config.cc:403] 2022-05-19 19:13:43.807 | BuildSiteProcMap
I [../src/deptran/config.cc:655] 2022-05-19 19:13:43.807 | group size: 1
I [../src/deptran/config.cc:681] 2022-05-19 19:13:43.807 | client forwarding: 0
I [../src/deptran/config.cc:320] 2022-05-19 19:13:43.807 | # of concurrent requests: 20
I [../src/deptran/s_main.cc:290] 2022-05-19 19:13:43.807 | Read config finish
I [../src/deptran/s_main.cc:30] 2022-05-19 19:13:43.807 | client_setup_heartbeat
I [../src/deptran/s_main.cc:46] 2022-05-19 19:13:43.807 | Start control server on port 5555
I [../src/rrr/rpc/server.cpp:575] 2022-05-19 19:13:43.807 | bind address is: 0.0.0.0:5555
I [../src/rrr/reactor/reactor.cc:389] 2022-05-19 19:13:43.807 | starting poll thread
I [../src/rrr/rpc/server.cpp:570] 2022-05-19 19:13:43.807 | rrr::Server: started on 0.0.0.0:5555
I [../src/deptran/s_main.cc:314] 2022-05-19 19:13:43.808 | no servers on this process
I [../src/deptran/s_main.cc:54] 2022-05-19 19:13:43.808 | client enabled, number of sites: 1
I [../src/deptran/communicator.cc:25] 2022-05-19 19:13:43.808 | size of partitions: 1
I [../src/rrr/reactor/reactor.cc:389] 2022-05-19 19:13:43.808 | starting poll thread
I [../src/deptran/communicator.cc:191] 2022-05-19 19:13:45.811 | connect to site: 10.0.0.13:10000 success!
I [../src/deptran/communicator.cc:191] 2022-05-19 19:13:45.812 | connect to site: 10.0.0.14:10001 success!
I [../src/deptran/communicator.cc:191] 2022-05-19 19:13:45.813 | connect to site: 10.0.0.15:10002 success!
I [../src/deptran/communicator.cc:74] 2022-05-19 19:13:45.813 | Done waiting to connect to client leaders.
I [../src/deptran/client_worker.cc:330] 2022-05-19 19:13:47.397 | wait for finish... n_ceased_cleints: 0,  n_issued: 0, n_done: 0, n_created_coordinator: 0
I [../src/deptran/client_worker.cc:314] 2022-05-19 19:13:47.398 | wait for all virtual clients to stop issuing new requests.
I [../src/deptran/client_worker.cc:330] 2022-05-19 19:13:52.397 | wait for finish... n_ceased_cleints: 0,  n_issued: 12212, n_done: 12192, n_created_coordinator: 20
I [../src/deptran/client_worker.cc:330] 2022-05-19 19:13:57.397 | wait for finish... n_ceased_cleints: 0,  n_issued: 20403, n_done: 20383, n_created_coordinator: 20
I [../src/deptran/client_worker.cc:330] 2022-05-19 19:14:02.397 | wait for finish... n_ceased_cleints: 0,  n_issued: 32742, n_done: 32722, n_created_coordinator: 20
I [../src/deptran/client_worker.cc:330] 2022-05-19 19:14:07.397 | wait for finish... n_ceased_cleints: 0,  n_issued: 39042, n_done: 39022, n_created_coordinator: 20
I [../src/deptran/client_worker.cc:330] 2022-05-19 19:14:12.397 | wait for finish... n_ceased_cleints: 0,  n_issued: 53094, n_done: 53074, n_created_coordinator: 20
I [../src/deptran/client_worker.cc:330] 2022-05-19 19:14:17.398 | wait for finish... n_ceased_cleints: 0,  n_issued: 68473, n_done: 68453, n_created_coordinator: 20
I [../src/deptran/client_worker.cc:330] 2022-05-19 19:14:22.398 | wait for finish... n_ceased_cleints: 0,  n_issued: 83687, n_done: 83667, n_created_coordinator: 20
I [../src/deptran/client_worker.cc:330] 2022-05-19 19:14:27.398 | wait for finish... n_ceased_cleints: 0,  n_issued: 98133, n_done: 98113, n_created_coordinator: 20
I [../src/deptran/client_worker.cc:330] 2022-05-19 19:14:32.398 | wait for finish... n_ceased_cleints: 0,  n_issued: 112528, n_done: 112508, n_created_coordinator: 20
I [../src/deptran/client_worker.cc:330] 2022-05-19 19:14:37.398 | wait for finish... n_ceased_cleints: 0,  n_issued: 126991, n_done: 126971, n_created_coordinator: 20
I [../src/deptran/client_worker.cc:330] 2022-05-19 19:14:42.398 | wait for finish... n_ceased_cleints: 0,  n_issued: 141909, n_done: 141889, n_created_coordinator: 20
I [../src/deptran/s_main.cc:140] 2022-05-19 19:14:45.813 | wait_for_clients: wait for client threads to exit.
I [../src/deptran/client_worker.cc:330] 2022-05-19 19:14:47.398 | wait for finish... n_ceased_cleints: 0,  n_issued: 157033, n_done: 157013, n_created_coordinator: 20
I [../src/deptran/client_worker.cc:317] 2022-05-19 19:14:48.369 | wait for all outstanding requests to finish.
I [../src/deptran/client_worker.cc:343] 2022-05-19 19:14:52.398 | Finish:
Total: 158995, Commit: 158995, Attempts: 0, Running for 60, Throughput: 2649.92

I [../src/deptran/client_worker.cc:348] 2022-05-19 19:14:52.398 | Work: wait_for_shutdown at client 3
