I [../src/deptran/s_main.cc:136] 2022-05-27 06:13:45.607 | PWD : 
I [../src/deptran/s_main.cc:284] 2022-05-27 06:13:45.607 | starting process 23914
I [../src/deptran/s_main.cc:279] 2022-05-27 06:13:45.607 | ulimit -n is 1024
I [../src/deptran/config.cc:285] 2022-05-27 06:13:45.607 | LoadYML: /home/xuhao/code/depfast/tmp/janus-final-testnamey_avw0f9.yml
I [../src/deptran/config.cc:403] 2022-05-27 06:13:45.607 | BuildSiteProcMap
I [../src/deptran/config.cc:655] 2022-05-27 06:13:45.607 | group size: 1
I [../src/deptran/config.cc:681] 2022-05-27 06:13:45.608 | client forwarding: 0
I [../src/deptran/config.cc:320] 2022-05-27 06:13:45.608 | # of concurrent requests: 40
I [../src/deptran/s_main.cc:290] 2022-05-27 06:13:45.608 | Read config finish
I [../src/deptran/s_main.cc:30] 2022-05-27 06:13:45.608 | client_setup_heartbeat
I [../src/deptran/s_main.cc:46] 2022-05-27 06:13:45.608 | Start control server on port 5555
I [../src/rrr/rpc/server.cpp:575] 2022-05-27 06:13:45.608 | bind address is: 0.0.0.0:5555
I [../src/rrr/rpc/server.cpp:570] 2022-05-27 06:13:45.608 | rrr::Server: started on 0.0.0.0:5555
I [../src/deptran/s_main.cc:314] 2022-05-27 06:13:45.608 | no servers on this process
I [../src/deptran/s_main.cc:54] 2022-05-27 06:13:45.608 | client enabled, number of sites: 1
I [../src/rrr/reactor/reactor.cc:389] 2022-05-27 06:13:45.609 | starting poll thread
I [../src/deptran/communicator.cc:25] 2022-05-27 06:13:45.609 | size of partitions: 1
I [../src/rrr/reactor/reactor.cc:389] 2022-05-27 06:13:45.610 | starting poll thread
I [../src/deptran/communicator.cc:191] 2022-05-27 06:13:46.611 | connect to site: 10.0.0.13:10000 success!
I [../src/deptran/communicator.cc:191] 2022-05-27 06:13:47.613 | connect to site: 10.0.0.14:10001 success!
I [../src/deptran/communicator.cc:191] 2022-05-27 06:13:47.614 | connect to site: 10.0.0.15:10002 success!
I [../src/deptran/communicator.cc:191] 2022-05-27 06:13:47.615 | connect to site: 10.0.0.55:10003 success!
I [../src/deptran/communicator.cc:191] 2022-05-27 06:13:47.616 | connect to site: 10.0.0.58:10004 success!
I [../src/deptran/communicator.cc:74] 2022-05-27 06:13:47.617 | Done waiting to connect to client leaders.
I [../src/deptran/client_worker.cc:330] 2022-05-27 06:13:48.427 | wait for finish... n_ceased_cleints: 0,  n_issued: 0, n_done: 0, n_created_coordinator: 0
I [../src/deptran/client_worker.cc:314] 2022-05-27 06:13:48.429 | wait for all virtual clients to stop issuing new requests.
I [../src/deptran/client_worker.cc:330] 2022-05-27 06:13:53.427 | wait for finish... n_ceased_cleints: 0,  n_issued: 14690, n_done: 14650, n_created_coordinator: 40
I [../src/deptran/client_worker.cc:330] 2022-05-27 06:13:58.427 | wait for finish... n_ceased_cleints: 0,  n_issued: 30518, n_done: 30478, n_created_coordinator: 40
I [../src/deptran/client_worker.cc:330] 2022-05-27 06:14:03.428 | wait for finish... n_ceased_cleints: 0,  n_issued: 46606, n_done: 46566, n_created_coordinator: 40
I [../src/deptran/client_worker.cc:330] 2022-05-27 06:14:08.428 | wait for finish... n_ceased_cleints: 0,  n_issued: 62878, n_done: 62838, n_created_coordinator: 40
I [../src/deptran/client_worker.cc:330] 2022-05-27 06:14:13.428 | wait for finish... n_ceased_cleints: 0,  n_issued: 78996, n_done: 78956, n_created_coordinator: 40
I [../src/deptran/client_worker.cc:330] 2022-05-27 06:14:18.428 | wait for finish... n_ceased_cleints: 0,  n_issued: 94767, n_done: 94727, n_created_coordinator: 40
I [../src/deptran/client_worker.cc:330] 2022-05-27 06:14:23.428 | wait for finish... n_ceased_cleints: 0,  n_issued: 110737, n_done: 110697, n_created_coordinator: 40
I [../src/deptran/client_worker.cc:330] 2022-05-27 06:14:28.428 | wait for finish... n_ceased_cleints: 0,  n_issued: 126888, n_done: 126848, n_created_coordinator: 40
I [../src/deptran/client_worker.cc:330] 2022-05-27 06:14:33.428 | wait for finish... n_ceased_cleints: 0,  n_issued: 143059, n_done: 143019, n_created_coordinator: 40
I [../src/deptran/client_worker.cc:330] 2022-05-27 06:14:38.429 | wait for finish... n_ceased_cleints: 0,  n_issued: 159252, n_done: 159212, n_created_coordinator: 40
I [../src/deptran/client_worker.cc:330] 2022-05-27 06:14:43.429 | wait for finish... n_ceased_cleints: 0,  n_issued: 175771, n_done: 175731, n_created_coordinator: 40
I [../src/deptran/s_main.cc:140] 2022-05-27 06:14:47.617 | wait_for_clients: wait for client threads to exit.
I [../src/deptran/client_worker.cc:330] 2022-05-27 06:14:48.429 | wait for finish... n_ceased_cleints: 0,  n_issued: 192346, n_done: 192306, n_created_coordinator: 40
I [../src/deptran/client_worker.cc:317] 2022-05-27 06:14:49.427 | wait for all outstanding requests to finish.
I [../src/deptran/client_worker.cc:343] 2022-05-27 06:14:53.429 | Finish:
Total: 194034, Commit: 194034, Attempts: 0, Running for 60, Throughput: 3233.90

I [../src/deptran/client_worker.cc:348] 2022-05-27 06:14:53.429 | Work: wait_for_shutdown at client 5
I [../src/rrr/rpc/server.cpp:157] 2022-05-27 06:15:02.085 | no bytes read
