I [../src/deptran/s_main.cc:136] 2022-05-20 11:11:48.842 | PWD : 
I [../src/deptran/s_main.cc:284] 2022-05-20 11:11:48.842 | starting process 14258
I [../src/deptran/s_main.cc:279] 2022-05-20 11:11:48.842 | ulimit -n is 1024
I [../src/deptran/config.cc:285] 2022-05-20 11:11:48.843 | LoadYML: /home/xuhao/code/depfast/tmp/janus-final-testname0c4hfh4y.yml
I [../src/deptran/config.cc:403] 2022-05-20 11:11:48.843 | BuildSiteProcMap
I [../src/deptran/config.cc:655] 2022-05-20 11:11:48.844 | group size: 1
I [../src/deptran/config.cc:681] 2022-05-20 11:11:48.844 | client forwarding: 0
I [../src/deptran/config.cc:320] 2022-05-20 11:11:48.844 | # of concurrent requests: 220
I [../src/deptran/s_main.cc:290] 2022-05-20 11:11:48.844 | Read config finish
I [../src/deptran/s_main.cc:30] 2022-05-20 11:11:48.844 | client_setup_heartbeat
I [../src/deptran/s_main.cc:46] 2022-05-20 11:11:48.845 | Start control server on port 5555
I [../src/rrr/rpc/server.cpp:575] 2022-05-20 11:11:48.845 | bind address is: 0.0.0.0:5555
I [../src/rrr/rpc/server.cpp:570] 2022-05-20 11:11:48.845 | rrr::Server: started on 0.0.0.0:5555
I [../src/deptran/s_main.cc:314] 2022-05-20 11:11:48.845 | no servers on this process
I [../src/deptran/s_main.cc:54] 2022-05-20 11:11:48.845 | client enabled, number of sites: 1
I [../src/deptran/communicator.cc:25] 2022-05-20 11:11:48.845 | size of partitions: 1
I [../src/rrr/reactor/reactor.cc:389] 2022-05-20 11:11:48.855 | starting poll thread
I [../src/rrr/reactor/reactor.cc:389] 2022-05-20 11:11:48.859 | starting poll thread
I [../src/deptran/communicator.cc:191] 2022-05-20 11:11:49.847 | connect to site: 10.0.0.13:10000 success!
I [../src/deptran/communicator.cc:191] 2022-05-20 11:11:50.851 | connect to site: 10.0.0.14:10001 success!
I [../src/deptran/communicator.cc:191] 2022-05-20 11:11:50.851 | connect to site: 10.0.0.15:10002 success!
I [../src/deptran/communicator.cc:191] 2022-05-20 11:11:50.852 | connect to site: 10.0.0.55:10003 success!
I [../src/deptran/communicator.cc:191] 2022-05-20 11:11:50.853 | connect to site: 10.0.0.58:10004 success!
I [../src/deptran/communicator.cc:74] 2022-05-20 11:11:50.855 | Done waiting to connect to client leaders.
I [../src/deptran/client_worker.cc:330] 2022-05-20 11:11:52.624 | wait for finish... n_ceased_cleints: 0,  n_issued: 0, n_done: 0, n_created_coordinator: 0
I [../src/deptran/client_worker.cc:314] 2022-05-20 11:11:52.634 | wait for all virtual clients to stop issuing new requests.
I [../src/deptran/client_worker.cc:330] 2022-05-20 11:11:57.624 | wait for finish... n_ceased_cleints: 0,  n_issued: 69054, n_done: 68834, n_created_coordinator: 220
I [../src/deptran/client_worker.cc:330] 2022-05-20 11:12:02.624 | wait for finish... n_ceased_cleints: 0,  n_issued: 143628, n_done: 143408, n_created_coordinator: 220
I [../src/deptran/client_worker.cc:330] 2022-05-20 11:12:07.624 | wait for finish... n_ceased_cleints: 0,  n_issued: 217164, n_done: 216944, n_created_coordinator: 220
I [../src/deptran/client_worker.cc:330] 2022-05-20 11:12:12.624 | wait for finish... n_ceased_cleints: 0,  n_issued: 284311, n_done: 284091, n_created_coordinator: 220
I [../src/deptran/client_worker.cc:330] 2022-05-20 11:12:17.624 | wait for finish... n_ceased_cleints: 0,  n_issued: 350652, n_done: 350432, n_created_coordinator: 220
I [../src/deptran/client_worker.cc:330] 2022-05-20 11:12:22.624 | wait for finish... n_ceased_cleints: 0,  n_issued: 417613, n_done: 417393, n_created_coordinator: 220
I [../src/deptran/client_worker.cc:330] 2022-05-20 11:12:27.624 | wait for finish... n_ceased_cleints: 0,  n_issued: 480654, n_done: 480434, n_created_coordinator: 220
I [../src/deptran/client_worker.cc:330] 2022-05-20 11:12:32.624 | wait for finish... n_ceased_cleints: 0,  n_issued: 548431, n_done: 548211, n_created_coordinator: 220
I [../src/deptran/client_worker.cc:330] 2022-05-20 11:12:37.625 | wait for finish... n_ceased_cleints: 0,  n_issued: 614253, n_done: 614033, n_created_coordinator: 220
I [../src/deptran/client_worker.cc:330] 2022-05-20 11:12:42.625 | wait for finish... n_ceased_cleints: 0,  n_issued: 680813, n_done: 680593, n_created_coordinator: 220
I [../src/deptran/client_worker.cc:330] 2022-05-20 11:12:47.625 | wait for finish... n_ceased_cleints: 0,  n_issued: 748288, n_done: 748068, n_created_coordinator: 220
I [../src/deptran/client_worker.cc:330] 2022-05-20 11:12:52.625 | wait for finish... n_ceased_cleints: 0,  n_issued: 813184, n_done: 812964, n_created_coordinator: 220
I [../src/deptran/client_worker.cc:330] 2022-05-20 11:12:57.625 | wait for finish... n_ceased_cleints: 0,  n_issued: 879033, n_done: 878813, n_created_coordinator: 220
I [../src/deptran/client_worker.cc:330] 2022-05-20 11:13:02.625 | wait for finish... n_ceased_cleints: 0,  n_issued: 947312, n_done: 947092, n_created_coordinator: 220
I [../src/deptran/client_worker.cc:330] 2022-05-20 11:13:07.625 | wait for finish... n_ceased_cleints: 0,  n_issued: 1014562, n_done: 1014342, n_created_coordinator: 220
I [../src/deptran/client_worker.cc:330] 2022-05-20 11:13:12.625 | wait for finish... n_ceased_cleints: 0,  n_issued: 1082518, n_done: 1082298, n_created_coordinator: 220
I [../src/deptran/client_worker.cc:330] 2022-05-20 11:13:17.626 | wait for finish... n_ceased_cleints: 0,  n_issued: 1150456, n_done: 1150236, n_created_coordinator: 220
I [../src/deptran/client_worker.cc:330] 2022-05-20 11:13:22.626 | wait for finish... n_ceased_cleints: 0,  n_issued: 1217853, n_done: 1217633, n_created_coordinator: 220
I [../src/deptran/client_worker.cc:330] 2022-05-20 11:13:27.626 | wait for finish... n_ceased_cleints: 0,  n_issued: 1281820, n_done: 1281600, n_created_coordinator: 220
I [../src/deptran/client_worker.cc:330] 2022-05-20 11:13:32.626 | wait for finish... n_ceased_cleints: 0,  n_issued: 1348061, n_done: 1347841, n_created_coordinator: 220
I [../src/deptran/client_worker.cc:330] 2022-05-20 11:13:37.626 | wait for finish... n_ceased_cleints: 0,  n_issued: 1416086, n_done: 1415866, n_created_coordinator: 220
I [../src/deptran/client_worker.cc:330] 2022-05-20 11:13:42.626 | wait for finish... n_ceased_cleints: 0,  n_issued: 1483740, n_done: 1483520, n_created_coordinator: 220
I [../src/deptran/client_worker.cc:330] 2022-05-20 11:13:47.626 | wait for finish... n_ceased_cleints: 0,  n_issued: 1548724, n_done: 1548504, n_created_coordinator: 220
I [../src/deptran/client_worker.cc:330] 2022-05-20 11:13:52.626 | wait for finish... n_ceased_cleints: 0,  n_issued: 1616012, n_done: 1615792, n_created_coordinator: 220
I [../src/deptran/client_worker.cc:330] 2022-05-20 11:13:57.626 | wait for finish... n_ceased_cleints: 0,  n_issued: 1685016, n_done: 1684796, n_created_coordinator: 220
I [../src/deptran/client_worker.cc:330] 2022-05-20 11:14:02.627 | wait for finish... n_ceased_cleints: 0,  n_issued: 1751681, n_done: 1751461, n_created_coordinator: 220
I [../src/deptran/client_worker.cc:330] 2022-05-20 11:14:07.627 | wait for finish... n_ceased_cleints: 0,  n_issued: 1817938, n_done: 1817718, n_created_coordinator: 220
I [../src/deptran/client_worker.cc:330] 2022-05-20 11:14:12.627 | wait for finish... n_ceased_cleints: 0,  n_issued: 1885768, n_done: 1885548, n_created_coordinator: 220
I [../src/deptran/client_worker.cc:330] 2022-05-20 11:14:17.627 | wait for finish... n_ceased_cleints: 0,  n_issued: 1954567, n_done: 1954347, n_created_coordinator: 220
I [../src/deptran/client_worker.cc:330] 2022-05-20 11:14:22.627 | wait for finish... n_ceased_cleints: 0,  n_issued: 2022369, n_done: 2022149, n_created_coordinator: 220
I [../src/deptran/client_worker.cc:330] 2022-05-20 11:14:27.627 | wait for finish... n_ceased_cleints: 0,  n_issued: 2089003, n_done: 2088783, n_created_coordinator: 220
I [../src/deptran/client_worker.cc:330] 2022-05-20 11:14:32.627 | wait for finish... n_ceased_cleints: 0,  n_issued: 2157101, n_done: 2156881, n_created_coordinator: 220
I [../src/deptran/client_worker.cc:330] 2022-05-20 11:14:37.627 | wait for finish... n_ceased_cleints: 0,  n_issued: 2222134, n_done: 2221914, n_created_coordinator: 220
I [../src/deptran/client_worker.cc:330] 2022-05-20 11:14:42.628 | wait for finish... n_ceased_cleints: 0,  n_issued: 2281303, n_done: 2281083, n_created_coordinator: 220
I [../src/deptran/client_worker.cc:330] 2022-05-20 11:14:47.628 | wait for finish... n_ceased_cleints: 0,  n_issued: 2349305, n_done: 2349085, n_created_coordinator: 220
I [../src/deptran/s_main.cc:140] 2022-05-20 11:14:50.854 | wait_for_clients: wait for client threads to exit.
I [../src/deptran/client_worker.cc:330] 2022-05-20 11:14:52.628 | wait for finish... n_ceased_cleints: 0,  n_issued: 2417687, n_done: 2417467, n_created_coordinator: 220
I [../src/deptran/client_worker.cc:317] 2022-05-20 11:14:53.630 | wait for all outstanding requests to finish.
I [../src/deptran/client_worker.cc:343] 2022-05-20 11:14:57.628 | Finish:
Total: 2426283, Commit: 2426283, Attempts: 0, Running for 180, Throughput: 13479.35

I [../src/deptran/client_worker.cc:348] 2022-05-20 11:14:57.628 | Work: wait_for_shutdown at client 5
