Performing C SOURCE FILE Test CMAKE_HAVE_LIBC_PTHREAD failed with the following output:
Change Dir: /home/andrew/janus-gray/cmake-build-debug/CMakeFiles/CMakeTmp

Run Build Command(s):/usr/bin/gmake cmTC_2213b/fast && /usr/bin/gmake -f CMakeFiles/cmTC_2213b.dir/build.make CMakeFiles/cmTC_2213b.dir/build
gmake[1]: Entering directory '/home/andrew/janus-gray/cmake-build-debug/CMakeFiles/CMakeTmp'
Building C object CMakeFiles/cmTC_2213b.dir/src.c.o
/usr/bin/cc   -DCMAKE_HAVE_LIBC_PTHREAD   -o CMakeFiles/cmTC_2213b.dir/src.c.o   -c /home/andrew/janus-gray/cmake-build-debug/CMakeFiles/CMakeTmp/src.c
Linking C executable cmTC_2213b
/home/andrew/Downloads/clion-2019.2.4/bin/cmake/linux/bin/cmake -E cmake_link_script CMakeFiles/cmTC_2213b.dir/link.txt --verbose=1
/usr/bin/cc  -DCMAKE_HAVE_LIBC_PTHREAD    CMakeFiles/cmTC_2213b.dir/src.c.o  -o cmTC_2213b 
/usr/lib64/gcc/x86_64-suse-linux/9/../../../../x86_64-suse-linux/bin/ld: CMakeFiles/cmTC_2213b.dir/src.c.o: in function `main':
src.c:(.text+0x2d): undefined reference to `pthread_create'
/usr/lib64/gcc/x86_64-suse-linux/9/../../../../x86_64-suse-linux/bin/ld: src.c:(.text+0x39): undefined reference to `pthread_detach'
/usr/lib64/gcc/x86_64-suse-linux/9/../../../../x86_64-suse-linux/bin/ld: src.c:(.text+0x4a): undefined reference to `pthread_join'
collect2: error: ld returned 1 exit status
gmake[1]: *** [CMakeFiles/cmTC_2213b.dir/build.make:87: cmTC_2213b] Error 1
gmake[1]: Leaving directory '/home/andrew/janus-gray/cmake-build-debug/CMakeFiles/CMakeTmp'
gmake: *** [Makefile:121: cmTC_2213b/fast] Error 2


Source file was:
#include <pthread.h>

void* test_func(void* data)
{
  return data;
}

int main(void)
{
  pthread_t thread;
  pthread_create(&thread, NULL, test_func, NULL);
  pthread_detach(thread);
  pthread_join(thread, NULL);
  pthread_atfork(NULL, NULL, NULL);
  pthread_exit(NULL);

  return 0;
}

Determining if the function pthread_create exists in the pthreads failed with the following output:
Change Dir: /home/andrew/janus-gray/cmake-build-debug/CMakeFiles/CMakeTmp

Run Build Command(s):/usr/bin/gmake cmTC_f988d/fast && /usr/bin/gmake -f CMakeFiles/cmTC_f988d.dir/build.make CMakeFiles/cmTC_f988d.dir/build
gmake[1]: Entering directory '/home/andrew/janus-gray/cmake-build-debug/CMakeFiles/CMakeTmp'
Building C object CMakeFiles/cmTC_f988d.dir/CheckFunctionExists.c.o
/usr/bin/cc   -DCHECK_FUNCTION_EXISTS=pthread_create   -o CMakeFiles/cmTC_f988d.dir/CheckFunctionExists.c.o   -c /home/andrew/Downloads/clion-2019.2.4/bin/cmake/linux/share/cmake-3.15/Modules/CheckFunctionExists.c
Linking C executable cmTC_f988d
/home/andrew/Downloads/clion-2019.2.4/bin/cmake/linux/bin/cmake -E cmake_link_script CMakeFiles/cmTC_f988d.dir/link.txt --verbose=1
/usr/bin/cc  -DCHECK_FUNCTION_EXISTS=pthread_create    CMakeFiles/cmTC_f988d.dir/CheckFunctionExists.c.o  -o cmTC_f988d -lpthreads 
/usr/lib64/gcc/x86_64-suse-linux/9/../../../../x86_64-suse-linux/bin/ld: cannot find -lpthreads
collect2: error: ld returned 1 exit status
gmake[1]: *** [CMakeFiles/cmTC_f988d.dir/build.make:87: cmTC_f988d] Error 1
gmake[1]: Leaving directory '/home/andrew/janus-gray/cmake-build-debug/CMakeFiles/CMakeTmp'
gmake: *** [Makefile:121: cmTC_f988d/fast] Error 2



