I [../src/deptran/s_main.cc:136] 2022-05-27 06:21:18.176 | PWD : 
I [../src/deptran/s_main.cc:284] 2022-05-27 06:21:18.176 | starting process 26381
I [../src/deptran/s_main.cc:279] 2022-05-27 06:21:18.176 | ulimit -n is 1024
I [../src/deptran/config.cc:285] 2022-05-27 06:21:18.176 | LoadYML: /home/xuhao/code/depfast/tmp/janus-final-testname1exidhfi.yml
I [../src/deptran/config.cc:403] 2022-05-27 06:21:18.176 | BuildSiteProcMap
I [../src/deptran/config.cc:655] 2022-05-27 06:21:18.176 | group size: 1
I [../src/deptran/config.cc:681] 2022-05-27 06:21:18.176 | client forwarding: 0
I [../src/deptran/config.cc:320] 2022-05-27 06:21:18.176 | # of concurrent requests: 130
I [../src/deptran/s_main.cc:290] 2022-05-27 06:21:18.176 | Read config finish
I [../src/deptran/s_main.cc:30] 2022-05-27 06:21:18.176 | client_setup_heartbeat
I [../src/deptran/s_main.cc:46] 2022-05-27 06:21:18.177 | Start control server on port 5555
I [../src/rrr/rpc/server.cpp:575] 2022-05-27 06:21:18.177 | bind address is: 0.0.0.0:5555
I [../src/rrr/rpc/server.cpp:570] 2022-05-27 06:21:18.177 | rrr::Server: started on 0.0.0.0:5555
I [../src/deptran/s_main.cc:314] 2022-05-27 06:21:18.177 | no servers on this process
I [../src/deptran/s_main.cc:54] 2022-05-27 06:21:18.177 | client enabled, number of sites: 1
I [../src/rrr/reactor/reactor.cc:389] 2022-05-27 06:21:18.178 | starting poll thread
I [../src/deptran/communicator.cc:25] 2022-05-27 06:21:18.178 | size of partitions: 1
I [../src/rrr/reactor/reactor.cc:389] 2022-05-27 06:21:18.180 | starting poll thread
I [../src/deptran/communicator.cc:191] 2022-05-27 06:21:20.182 | connect to site: 10.0.0.13:10000 success!
I [../src/deptran/communicator.cc:191] 2022-05-27 06:21:20.183 | connect to site: 10.0.0.14:10001 success!
I [../src/deptran/communicator.cc:191] 2022-05-27 06:21:20.184 | connect to site: 10.0.0.15:10002 success!
I [../src/deptran/communicator.cc:191] 2022-05-27 06:21:20.189 | connect to site: 10.0.0.55:10003 success!
I [../src/deptran/communicator.cc:191] 2022-05-27 06:21:20.190 | connect to site: 10.0.0.58:10004 success!
I [../src/deptran/communicator.cc:74] 2022-05-27 06:21:20.192 | Done waiting to connect to client leaders.
I [../src/deptran/client_worker.cc:330] 2022-05-27 06:21:20.994 | wait for finish... n_ceased_cleints: 0,  n_issued: 0, n_done: 0, n_created_coordinator: 0
I [../src/deptran/client_worker.cc:314] 2022-05-27 06:21:20.001 | wait for all virtual clients to stop issuing new requests.
I [../src/deptran/client_worker.cc:330] 2022-05-27 06:21:25.994 | wait for finish... n_ceased_cleints: 0,  n_issued: 40091, n_done: 39961, n_created_coordinator: 130
I [../src/deptran/client_worker.cc:330] 2022-05-27 06:21:30.995 | wait for finish... n_ceased_cleints: 0,  n_issued: 83450, n_done: 83320, n_created_coordinator: 130
I [../src/deptran/client_worker.cc:330] 2022-05-27 06:21:35.995 | wait for finish... n_ceased_cleints: 0,  n_issued: 126695, n_done: 126565, n_created_coordinator: 130
I [../src/deptran/client_worker.cc:330] 2022-05-27 06:21:40.995 | wait for finish... n_ceased_cleints: 0,  n_issued: 170939, n_done: 170809, n_created_coordinator: 130
I [../src/deptran/client_worker.cc:330] 2022-05-27 06:21:45.995 | wait for finish... n_ceased_cleints: 0,  n_issued: 213706, n_done: 213576, n_created_coordinator: 130
I [../src/deptran/client_worker.cc:330] 2022-05-27 06:21:50.995 | wait for finish... n_ceased_cleints: 0,  n_issued: 255961, n_done: 255831, n_created_coordinator: 130
I [../src/deptran/client_worker.cc:330] 2022-05-27 06:21:55.995 | wait for finish... n_ceased_cleints: 0,  n_issued: 298284, n_done: 298154, n_created_coordinator: 130
I [../src/deptran/client_worker.cc:330] 2022-05-27 06:22:00.995 | wait for finish... n_ceased_cleints: 0,  n_issued: 340163, n_done: 340033, n_created_coordinator: 130
I [../src/deptran/client_worker.cc:330] 2022-05-27 06:22:05.995 | wait for finish... n_ceased_cleints: 0,  n_issued: 381658, n_done: 381528, n_created_coordinator: 130
I [../src/deptran/client_worker.cc:330] 2022-05-27 06:22:10.996 | wait for finish... n_ceased_cleints: 0,  n_issued: 422443, n_done: 422313, n_created_coordinator: 130
I [../src/deptran/client_worker.cc:330] 2022-05-27 06:22:15.996 | wait for finish... n_ceased_cleints: 0,  n_issued: 464131, n_done: 464001, n_created_coordinator: 130
I [../src/deptran/s_main.cc:140] 2022-05-27 06:22:20.191 | wait_for_clients: wait for client threads to exit.
I [../src/deptran/client_worker.cc:330] 2022-05-27 06:22:20.996 | wait for finish... n_ceased_cleints: 0,  n_issued: 503341, n_done: 503211, n_created_coordinator: 130
I [../src/deptran/client_worker.cc:317] 2022-05-27 06:22:21.998 | wait for all outstanding requests to finish.
I [../src/deptran/client_worker.cc:343] 2022-05-27 06:22:25.996 | Finish:
Total: 507669, Commit: 507669, Attempts: 0, Running for 60, Throughput: 8461.15

I [../src/deptran/client_worker.cc:348] 2022-05-27 06:22:25.996 | Work: wait_for_shutdown at client 5
