I [../src/deptran/s_main.cc:136] 2022-05-20 09:21:37.792 | PWD : 
I [../src/deptran/s_main.cc:284] 2022-05-20 09:21:37.793 | starting process 13014
I [../src/deptran/s_main.cc:279] 2022-05-20 09:21:37.793 | ulimit -n is 1024
I [../src/deptran/config.cc:285] 2022-05-20 09:21:37.793 | LoadYML: /home/xuhao/code/depfast/tmp/janus-final-testname3cm1kphw.yml
I [../src/deptran/config.cc:403] 2022-05-20 09:21:37.793 | BuildSiteProcMap
I [../src/deptran/config.cc:655] 2022-05-20 09:21:37.793 | group size: 1
I [../src/deptran/config.cc:681] 2022-05-20 09:21:37.794 | client forwarding: 0
I [../src/deptran/config.cc:320] 2022-05-20 09:21:37.794 | # of concurrent requests: 80
I [../src/deptran/s_main.cc:290] 2022-05-20 09:21:37.794 | Read config finish
I [../src/deptran/s_main.cc:30] 2022-05-20 09:21:37.794 | client_setup_heartbeat
I [../src/deptran/s_main.cc:46] 2022-05-20 09:21:37.796 | Start control server on port 5555
I [../src/rrr/rpc/server.cpp:575] 2022-05-20 09:21:37.796 | bind address is: 0.0.0.0:5555
I [../src/rrr/reactor/reactor.cc:389] 2022-05-20 09:21:37.797 | starting poll thread
I [../src/rrr/rpc/server.cpp:570] 2022-05-20 09:21:37.797 | rrr::Server: started on 0.0.0.0:5555
I [../src/deptran/s_main.cc:314] 2022-05-20 09:21:37.797 | no servers on this process
I [../src/deptran/s_main.cc:54] 2022-05-20 09:21:37.797 | client enabled, number of sites: 1
I [../src/deptran/communicator.cc:25] 2022-05-20 09:21:37.798 | size of partitions: 1
I [../src/rrr/reactor/reactor.cc:389] 2022-05-20 09:21:37.799 | starting poll thread
I [../src/deptran/communicator.cc:191] 2022-05-20 09:21:38.800 | connect to site: 10.0.0.13:10000 success!
I [../src/deptran/communicator.cc:191] 2022-05-20 09:21:39.802 | connect to site: 10.0.0.14:10001 success!
I [../src/deptran/communicator.cc:191] 2022-05-20 09:21:39.803 | connect to site: 10.0.0.15:10002 success!
I [../src/deptran/communicator.cc:191] 2022-05-20 09:21:39.804 | connect to site: 10.0.0.55:10003 success!
I [../src/deptran/communicator.cc:191] 2022-05-20 09:21:39.805 | connect to site: 10.0.0.58:10004 success!
I [../src/deptran/communicator.cc:74] 2022-05-20 09:21:39.806 | Done waiting to connect to client leaders.
I [../src/deptran/client_worker.cc:330] 2022-05-20 09:21:41.542 | wait for finish... n_ceased_cleints: 0,  n_issued: 0, n_done: 0, n_created_coordinator: 0
I [../src/deptran/client_worker.cc:314] 2022-05-20 09:21:41.545 | wait for all virtual clients to stop issuing new requests.
I [../src/deptran/client_worker.cc:330] 2022-05-20 09:21:46.542 | wait for finish... n_ceased_cleints: 0,  n_issued: 38735, n_done: 38655, n_created_coordinator: 80
I [../src/deptran/client_worker.cc:330] 2022-05-20 09:21:51.542 | wait for finish... n_ceased_cleints: 0,  n_issued: 80921, n_done: 80841, n_created_coordinator: 80
I [../src/deptran/client_worker.cc:330] 2022-05-20 09:21:56.542 | wait for finish... n_ceased_cleints: 0,  n_issued: 123523, n_done: 123443, n_created_coordinator: 80
I [../src/deptran/client_worker.cc:330] 2022-05-20 09:22:01.542 | wait for finish... n_ceased_cleints: 0,  n_issued: 166296, n_done: 166216, n_created_coordinator: 80
I [../src/deptran/client_worker.cc:330] 2022-05-20 09:22:06.542 | wait for finish... n_ceased_cleints: 0,  n_issued: 208326, n_done: 208246, n_created_coordinator: 80
I [../src/deptran/client_worker.cc:330] 2022-05-20 09:22:11.543 | wait for finish... n_ceased_cleints: 0,  n_issued: 250371, n_done: 250291, n_created_coordinator: 80
I [../src/deptran/client_worker.cc:330] 2022-05-20 09:22:16.543 | wait for finish... n_ceased_cleints: 0,  n_issued: 292644, n_done: 292564, n_created_coordinator: 80
I [../src/deptran/client_worker.cc:330] 2022-05-20 09:22:21.543 | wait for finish... n_ceased_cleints: 0,  n_issued: 334580, n_done: 334500, n_created_coordinator: 80
I [../src/deptran/client_worker.cc:330] 2022-05-20 09:22:26.543 | wait for finish... n_ceased_cleints: 0,  n_issued: 376917, n_done: 376837, n_created_coordinator: 80
I [../src/deptran/client_worker.cc:330] 2022-05-20 09:22:31.543 | wait for finish... n_ceased_cleints: 0,  n_issued: 418709, n_done: 418629, n_created_coordinator: 80
I [../src/deptran/client_worker.cc:330] 2022-05-20 09:22:36.543 | wait for finish... n_ceased_cleints: 0,  n_issued: 461171, n_done: 461091, n_created_coordinator: 80
I [../src/deptran/s_main.cc:140] 2022-05-20 09:22:39.806 | wait_for_clients: wait for client threads to exit.
I [../src/deptran/client_worker.cc:330] 2022-05-20 09:22:41.543 | wait for finish... n_ceased_cleints: 0,  n_issued: 503471, n_done: 503391, n_created_coordinator: 80
I [../src/deptran/client_worker.cc:317] 2022-05-20 09:22:42.544 | wait for all outstanding requests to finish.
I [../src/deptran/client_worker.cc:343] 2022-05-20 09:22:46.543 | Finish:
Total: 508550, Commit: 508550, Attempts: 0, Running for 60, Throughput: 8475.83

I [../src/deptran/client_worker.cc:348] 2022-05-20 09:22:46.543 | Work: wait_for_shutdown at client 5
