I [../src/deptran/s_main.cc:136] 2022-05-19 21:01:22.015 | PWD : 
I [../src/deptran/s_main.cc:284] 2022-05-19 21:01:22.015 | starting process 21407
I [../src/deptran/s_main.cc:279] 2022-05-19 21:01:22.015 | ulimit -n is 1024
I [../src/deptran/config.cc:285] 2022-05-19 21:01:22.015 | LoadYML: /home/xuhao/code/depfast/tmp/janus-final-testname0y_nnjms.yml
I [../src/deptran/config.cc:403] 2022-05-19 21:01:22.015 | BuildSiteProcMap
I [../src/deptran/config.cc:655] 2022-05-19 21:01:22.015 | group size: 1
I [../src/deptran/config.cc:681] 2022-05-19 21:01:22.015 | client forwarding: 0
I [../src/deptran/config.cc:320] 2022-05-19 21:01:22.015 | # of concurrent requests: 20
I [../src/deptran/s_main.cc:290] 2022-05-19 21:01:22.015 | Read config finish
I [../src/deptran/s_main.cc:30] 2022-05-19 21:01:22.015 | client_setup_heartbeat
I [../src/deptran/s_main.cc:46] 2022-05-19 21:01:22.016 | Start control server on port 5555
I [../src/rrr/rpc/server.cpp:575] 2022-05-19 21:01:22.016 | bind address is: 0.0.0.0:5555
I [../src/rrr/reactor/reactor.cc:389] 2022-05-19 21:01:22.016 | starting poll thread
I [../src/rrr/rpc/server.cpp:570] 2022-05-19 21:01:22.016 | rrr::Server: started on 0.0.0.0:5555
I [../src/deptran/s_main.cc:314] 2022-05-19 21:01:22.016 | no servers on this process
I [../src/deptran/s_main.cc:54] 2022-05-19 21:01:22.016 | client enabled, number of sites: 1
I [../src/deptran/communicator.cc:25] 2022-05-19 21:01:22.016 | size of partitions: 1
I [../src/rrr/reactor/reactor.cc:389] 2022-05-19 21:01:22.016 | starting poll thread
I [../src/deptran/communicator.cc:191] 2022-05-19 21:01:24.019 | connect to site: 10.0.0.13:10000 success!
I [../src/deptran/communicator.cc:191] 2022-05-19 21:01:24.020 | connect to site: 10.0.0.14:10001 success!
I [../src/deptran/communicator.cc:191] 2022-05-19 21:01:24.021 | connect to site: 10.0.0.15:10002 success!
I [../src/deptran/communicator.cc:74] 2022-05-19 21:01:24.021 | Done waiting to connect to client leaders.
I [../src/deptran/client_worker.cc:330] 2022-05-19 21:01:25.608 | wait for finish... n_ceased_cleints: 0,  n_issued: 0, n_done: 0, n_created_coordinator: 0
I [../src/deptran/client_worker.cc:314] 2022-05-19 21:01:25.609 | wait for all virtual clients to stop issuing new requests.
I [../src/deptran/client_worker.cc:330] 2022-05-19 21:01:30.608 | wait for finish... n_ceased_cleints: 0,  n_issued: 9784, n_done: 9764, n_created_coordinator: 20
I [../src/deptran/client_worker.cc:330] 2022-05-19 21:01:35.609 | wait for finish... n_ceased_cleints: 0,  n_issued: 20967, n_done: 20947, n_created_coordinator: 20
I [../src/deptran/client_worker.cc:330] 2022-05-19 21:01:40.609 | wait for finish... n_ceased_cleints: 0,  n_issued: 31669, n_done: 31649, n_created_coordinator: 20
I [../src/deptran/client_worker.cc:330] 2022-05-19 21:01:45.609 | wait for finish... n_ceased_cleints: 0,  n_issued: 38165, n_done: 38145, n_created_coordinator: 20
I [../src/deptran/client_worker.cc:330] 2022-05-19 21:01:50.609 | wait for finish... n_ceased_cleints: 0,  n_issued: 52658, n_done: 52638, n_created_coordinator: 20
I [../src/deptran/client_worker.cc:330] 2022-05-19 21:01:55.609 | wait for finish... n_ceased_cleints: 0,  n_issued: 67857, n_done: 67837, n_created_coordinator: 20
I [../src/deptran/client_worker.cc:330] 2022-05-19 21:02:00.609 | wait for finish... n_ceased_cleints: 0,  n_issued: 83039, n_done: 83019, n_created_coordinator: 20
I [../src/deptran/client_worker.cc:330] 2022-05-19 21:02:05.609 | wait for finish... n_ceased_cleints: 0,  n_issued: 98196, n_done: 98176, n_created_coordinator: 20
I [../src/deptran/client_worker.cc:330] 2022-05-19 21:02:10.609 | wait for finish... n_ceased_cleints: 0,  n_issued: 113081, n_done: 113061, n_created_coordinator: 20
I [../src/deptran/client_worker.cc:330] 2022-05-19 21:02:15.609 | wait for finish... n_ceased_cleints: 0,  n_issued: 128186, n_done: 128166, n_created_coordinator: 20
I [../src/deptran/client_worker.cc:330] 2022-05-19 21:02:20.609 | wait for finish... n_ceased_cleints: 0,  n_issued: 143711, n_done: 143691, n_created_coordinator: 20
I [../src/deptran/s_main.cc:140] 2022-05-19 21:02:24.021 | wait_for_clients: wait for client threads to exit.
I [../src/deptran/client_worker.cc:330] 2022-05-19 21:02:25.610 | wait for finish... n_ceased_cleints: 0,  n_issued: 158635, n_done: 158615, n_created_coordinator: 20
I [../src/deptran/client_worker.cc:317] 2022-05-19 21:02:26.553 | wait for all outstanding requests to finish.
I [../src/deptran/client_worker.cc:343] 2022-05-19 21:02:30.610 | Finish:
Total: 160186, Commit: 160186, Attempts: 0, Running for 60, Throughput: 2669.77

I [../src/deptran/client_worker.cc:348] 2022-05-19 21:02:30.610 | Work: wait_for_shutdown at client 3
