I [../src/deptran/s_main.cc:136] 2022-05-27 05:41:43.796 | PWD : 
I [../src/deptran/s_main.cc:284] 2022-05-27 05:41:43.796 | starting process 15997
I [../src/deptran/s_main.cc:279] 2022-05-27 05:41:43.796 | ulimit -n is 1024
I [../src/deptran/config.cc:285] 2022-05-27 05:41:43.796 | LoadYML: /home/xuhao/code/depfast/tmp/janus-final-testname0v9qsgye.yml
I [../src/deptran/config.cc:403] 2022-05-27 05:41:43.797 | BuildSiteProcMap
I [../src/deptran/config.cc:655] 2022-05-27 05:41:43.797 | group size: 1
I [../src/deptran/config.cc:681] 2022-05-27 05:41:43.797 | client forwarding: 0
I [../src/deptran/config.cc:320] 2022-05-27 05:41:43.797 | # of concurrent requests: 80
I [../src/deptran/s_main.cc:290] 2022-05-27 05:41:43.797 | Read config finish
I [../src/deptran/s_main.cc:30] 2022-05-27 05:41:43.797 | client_setup_heartbeat
I [../src/deptran/s_main.cc:46] 2022-05-27 05:41:43.798 | Start control server on port 5555
I [../src/rrr/rpc/server.cpp:575] 2022-05-27 05:41:43.798 | bind address is: 0.0.0.0:5555
I [../src/rrr/rpc/server.cpp:570] 2022-05-27 05:41:43.798 | rrr::Server: started on 0.0.0.0:5555
I [../src/deptran/s_main.cc:314] 2022-05-27 05:41:43.798 | no servers on this process
I [../src/deptran/s_main.cc:54] 2022-05-27 05:41:43.798 | client enabled, number of sites: 1
I [../src/rrr/reactor/reactor.cc:389] 2022-05-27 05:41:43.799 | starting poll thread
I [../src/deptran/communicator.cc:25] 2022-05-27 05:41:43.799 | size of partitions: 1
I [../src/rrr/reactor/reactor.cc:389] 2022-05-27 05:41:43.800 | starting poll thread
I [../src/deptran/communicator.cc:191] 2022-05-27 05:41:44.810 | connect to site: 10.0.0.13:10000 success!
I [../src/deptran/communicator.cc:191] 2022-05-27 05:41:45.813 | connect to site: 10.0.0.14:10001 success!
I [../src/deptran/communicator.cc:191] 2022-05-27 05:41:45.814 | connect to site: 10.0.0.15:10002 success!
I [../src/deptran/communicator.cc:74] 2022-05-27 05:41:45.815 | Done waiting to connect to client leaders.
I [../src/deptran/client_worker.cc:330] 2022-05-27 05:41:46.373 | wait for finish... n_ceased_cleints: 0,  n_issued: 0, n_done: 0, n_created_coordinator: 0
I [../src/deptran/client_worker.cc:314] 2022-05-27 05:41:46.376 | wait for all virtual clients to stop issuing new requests.
I [../src/deptran/client_worker.cc:330] 2022-05-27 05:41:51.373 | wait for finish... n_ceased_cleints: 0,  n_issued: 27761, n_done: 27681, n_created_coordinator: 80
I [../src/deptran/client_worker.cc:330] 2022-05-27 05:41:56.373 | wait for finish... n_ceased_cleints: 0,  n_issued: 57500, n_done: 57420, n_created_coordinator: 80
I [../src/deptran/client_worker.cc:330] 2022-05-27 05:42:01.373 | wait for finish... n_ceased_cleints: 0,  n_issued: 87455, n_done: 87375, n_created_coordinator: 80
I [../src/deptran/client_worker.cc:330] 2022-05-27 05:42:06.373 | wait for finish... n_ceased_cleints: 0,  n_issued: 116673, n_done: 116593, n_created_coordinator: 80
I [../src/deptran/client_worker.cc:330] 2022-05-27 05:42:11.373 | wait for finish... n_ceased_cleints: 0,  n_issued: 145442, n_done: 145362, n_created_coordinator: 80
I [../src/deptran/client_worker.cc:330] 2022-05-27 05:42:16.373 | wait for finish... n_ceased_cleints: 0,  n_issued: 174254, n_done: 174174, n_created_coordinator: 80
I [../src/deptran/client_worker.cc:330] 2022-05-27 05:42:21.374 | wait for finish... n_ceased_cleints: 0,  n_issued: 203179, n_done: 203099, n_created_coordinator: 80
I [../src/deptran/client_worker.cc:330] 2022-05-27 05:42:26.374 | wait for finish... n_ceased_cleints: 0,  n_issued: 231435, n_done: 231355, n_created_coordinator: 80
I [../src/deptran/client_worker.cc:330] 2022-05-27 05:42:31.374 | wait for finish... n_ceased_cleints: 0,  n_issued: 260101, n_done: 260021, n_created_coordinator: 80
I [../src/deptran/client_worker.cc:330] 2022-05-27 05:42:36.374 | wait for finish... n_ceased_cleints: 0,  n_issued: 290014, n_done: 289934, n_created_coordinator: 80
I [../src/deptran/client_worker.cc:330] 2022-05-27 05:42:41.374 | wait for finish... n_ceased_cleints: 0,  n_issued: 320680, n_done: 320600, n_created_coordinator: 80
I [../src/deptran/s_main.cc:140] 2022-05-27 05:42:45.815 | wait_for_clients: wait for client threads to exit.
I [../src/deptran/client_worker.cc:330] 2022-05-27 05:42:46.374 | wait for finish... n_ceased_cleints: 0,  n_issued: 351266, n_done: 351186, n_created_coordinator: 80
I [../src/deptran/client_worker.cc:317] 2022-05-27 05:42:47.374 | wait for all outstanding requests to finish.
I [../src/deptran/client_worker.cc:343] 2022-05-27 05:42:51.375 | Finish:
Total: 354591, Commit: 354591, Attempts: 0, Running for 60, Throughput: 5909.85

I [../src/deptran/client_worker.cc:348] 2022-05-27 05:42:51.375 | Work: wait_for_shutdown at client 3
