I [../src/deptran/s_main.cc:136] 2022-05-20 09:16:37.817 | PWD : 
I [../src/deptran/s_main.cc:284] 2022-05-20 09:16:37.817 | starting process 10996
I [../src/deptran/s_main.cc:279] 2022-05-20 09:16:37.817 | ulimit -n is 1024
I [../src/deptran/config.cc:285] 2022-05-20 09:16:37.817 | LoadYML: /home/xuhao/code/depfast/tmp/janus-final-testname6a2gha2k.yml
I [../src/deptran/config.cc:403] 2022-05-20 09:16:37.817 | BuildSiteProcMap
I [../src/deptran/config.cc:655] 2022-05-20 09:16:37.817 | group size: 1
I [../src/deptran/config.cc:681] 2022-05-20 09:16:37.818 | client forwarding: 0
I [../src/deptran/config.cc:320] 2022-05-20 09:16:37.818 | # of concurrent requests: 20
I [../src/deptran/s_main.cc:290] 2022-05-20 09:16:37.818 | Read config finish
I [../src/deptran/s_main.cc:30] 2022-05-20 09:16:37.818 | client_setup_heartbeat
I [../src/deptran/s_main.cc:46] 2022-05-20 09:16:37.818 | Start control server on port 5555
I [../src/rrr/rpc/server.cpp:575] 2022-05-20 09:16:37.818 | bind address is: 0.0.0.0:5555
I [../src/rrr/rpc/server.cpp:570] 2022-05-20 09:16:37.818 | rrr::Server: started on 0.0.0.0:5555
I [../src/deptran/s_main.cc:314] 2022-05-20 09:16:37.818 | no servers on this process
I [../src/deptran/s_main.cc:54] 2022-05-20 09:16:37.818 | client enabled, number of sites: 1
I [../src/rrr/reactor/reactor.cc:389] 2022-05-20 09:16:37.819 | starting poll thread
I [../src/deptran/communicator.cc:25] 2022-05-20 09:16:37.819 | size of partitions: 1
I [../src/rrr/reactor/reactor.cc:389] 2022-05-20 09:16:37.821 | starting poll thread
I [../src/deptran/communicator.cc:191] 2022-05-20 09:16:38.821 | connect to site: 10.0.0.13:10000 success!
I [../src/deptran/communicator.cc:191] 2022-05-20 09:16:39.824 | connect to site: 10.0.0.14:10001 success!
I [../src/deptran/communicator.cc:191] 2022-05-20 09:16:39.824 | connect to site: 10.0.0.15:10002 success!
I [../src/deptran/communicator.cc:191] 2022-05-20 09:16:39.825 | connect to site: 10.0.0.55:10003 success!
I [../src/deptran/communicator.cc:191] 2022-05-20 09:16:39.826 | connect to site: 10.0.0.58:10004 success!
I [../src/deptran/communicator.cc:74] 2022-05-20 09:16:39.828 | Done waiting to connect to client leaders.
I [../src/deptran/client_worker.cc:330] 2022-05-20 09:16:41.629 | wait for finish... n_ceased_cleints: 0,  n_issued: 0, n_done: 0, n_created_coordinator: 0
I [../src/deptran/client_worker.cc:314] 2022-05-20 09:16:41.630 | wait for all virtual clients to stop issuing new requests.
I [../src/deptran/client_worker.cc:330] 2022-05-20 09:16:46.630 | wait for finish... n_ceased_cleints: 0,  n_issued: 12689, n_done: 12669, n_created_coordinator: 20
I [../src/deptran/client_worker.cc:330] 2022-05-20 09:16:51.630 | wait for finish... n_ceased_cleints: 0,  n_issued: 26675, n_done: 26655, n_created_coordinator: 20
I [../src/deptran/client_worker.cc:330] 2022-05-20 09:16:56.630 | wait for finish... n_ceased_cleints: 0,  n_issued: 41030, n_done: 41010, n_created_coordinator: 20
I [../src/deptran/client_worker.cc:330] 2022-05-20 09:17:01.630 | wait for finish... n_ceased_cleints: 0,  n_issued: 55103, n_done: 55083, n_created_coordinator: 20
I [../src/deptran/client_worker.cc:330] 2022-05-20 09:17:06.630 | wait for finish... n_ceased_cleints: 0,  n_issued: 69437, n_done: 69417, n_created_coordinator: 20
I [../src/deptran/client_worker.cc:330] 2022-05-20 09:17:11.630 | wait for finish... n_ceased_cleints: 0,  n_issued: 83628, n_done: 83608, n_created_coordinator: 20
I [../src/deptran/client_worker.cc:330] 2022-05-20 09:17:16.630 | wait for finish... n_ceased_cleints: 0,  n_issued: 98016, n_done: 97996, n_created_coordinator: 20
I [../src/deptran/client_worker.cc:330] 2022-05-20 09:17:21.630 | wait for finish... n_ceased_cleints: 0,  n_issued: 112018, n_done: 111998, n_created_coordinator: 20
I [../src/deptran/client_worker.cc:330] 2022-05-20 09:17:26.630 | wait for finish... n_ceased_cleints: 0,  n_issued: 125922, n_done: 125902, n_created_coordinator: 20
I [../src/deptran/client_worker.cc:330] 2022-05-20 09:17:31.631 | wait for finish... n_ceased_cleints: 0,  n_issued: 139920, n_done: 139900, n_created_coordinator: 20
I [../src/deptran/client_worker.cc:330] 2022-05-20 09:17:36.631 | wait for finish... n_ceased_cleints: 0,  n_issued: 153773, n_done: 153753, n_created_coordinator: 20
I [../src/deptran/s_main.cc:140] 2022-05-20 09:17:39.827 | wait_for_clients: wait for client threads to exit.
I [../src/deptran/client_worker.cc:330] 2022-05-20 09:17:41.631 | wait for finish... n_ceased_cleints: 0,  n_issued: 167653, n_done: 167633, n_created_coordinator: 20
I [../src/deptran/client_worker.cc:317] 2022-05-20 09:17:42.618 | wait for all outstanding requests to finish.
I [../src/deptran/client_worker.cc:343] 2022-05-20 09:17:46.631 | Finish:
Total: 168999, Commit: 168999, Attempts: 0, Running for 60, Throughput: 2816.65

I [../src/deptran/client_worker.cc:348] 2022-05-20 09:17:46.631 | Work: wait_for_shutdown at client 5
