I [../src/deptran/s_main.cc:136] 2022-05-27 16:03:41.560 | PWD : 
I [../src/deptran/s_main.cc:284] 2022-05-27 16:03:41.560 | starting process 15390
I [../src/deptran/s_main.cc:279] 2022-05-27 16:03:41.560 | ulimit -n is 1024
I [../src/deptran/config.cc:285] 2022-05-27 16:03:41.560 | LoadYML: /home/xuhao/code/depfast/tmp/janus-final-testnamekaylsyt1.yml
I [../src/deptran/config.cc:403] 2022-05-27 16:03:41.561 | BuildSiteProcMap
I [../src/deptran/config.cc:655] 2022-05-27 16:03:41.561 | group size: 1
I [../src/deptran/config.cc:655] 2022-05-27 16:03:41.561 | group size: 1
I [../src/deptran/config.cc:655] 2022-05-27 16:03:41.561 | group size: 1
I [../src/deptran/config.cc:681] 2022-05-27 16:03:41.561 | client forwarding: 0
I [../src/deptran/config.cc:320] 2022-05-27 16:03:41.561 | # of concurrent requests: 14
I [../src/deptran/s_main.cc:290] 2022-05-27 16:03:41.561 | Read config finish
I [../src/deptran/s_main.cc:30] 2022-05-27 16:03:41.561 | client_setup_heartbeat
I [../src/deptran/s_main.cc:46] 2022-05-27 16:03:41.562 | Start control server on port 5555
I [../src/rrr/rpc/server.cpp:575] 2022-05-27 16:03:41.562 | bind address is: 0.0.0.0:5555
I [../src/rrr/rpc/server.cpp:570] 2022-05-27 16:03:41.562 | rrr::Server: started on 0.0.0.0:5555
I [../src/deptran/s_main.cc:314] 2022-05-27 16:03:41.562 | no servers on this process
I [../src/deptran/s_main.cc:54] 2022-05-27 16:03:41.562 | client enabled, number of sites: 1
I [../src/rrr/reactor/reactor.cc:389] 2022-05-27 16:03:41.562 | starting poll thread
I [../src/deptran/communicator.cc:25] 2022-05-27 16:03:41.563 | size of partitions: 1
I [../src/rrr/reactor/reactor.cc:389] 2022-05-27 16:03:41.564 | starting poll thread
I [../src/deptran/communicator.cc:191] 2022-05-27 16:03:42.565 | connect to site: 10.0.0.13:10000 success!
I [../src/deptran/communicator.cc:191] 2022-05-27 16:03:42.566 | connect to site: 10.0.0.14:10001 success!
I [../src/deptran/communicator.cc:191] 2022-05-27 16:03:42.567 | connect to site: 10.0.0.15:10002 success!
I [../src/deptran/communicator.cc:74] 2022-05-27 16:03:42.568 | Done waiting to connect to client leaders.
I [../src/deptran/client_worker.cc:330] 2022-05-27 16:03:44.134 | wait for finish... n_ceased_cleints: 0,  n_issued: 0, n_done: 0, n_created_coordinator: 0
I [../src/deptran/client_worker.cc:314] 2022-05-27 16:03:44.136 | wait for all virtual clients to stop issuing new requests.
I [../src/deptran/client_worker.cc:330] 2022-05-27 16:03:49.134 | wait for finish... n_ceased_cleints: 0,  n_issued: 46109, n_done: 46095, n_created_coordinator: 14
I [../src/deptran/client_worker.cc:330] 2022-05-27 16:03:54.135 | wait for finish... n_ceased_cleints: 0,  n_issued: 95131, n_done: 95117, n_created_coordinator: 14
I [../src/deptran/client_worker.cc:330] 2022-05-27 16:03:59.135 | wait for finish... n_ceased_cleints: 0,  n_issued: 142701, n_done: 142687, n_created_coordinator: 14
I [../src/deptran/client_worker.cc:330] 2022-05-27 16:04:04.135 | wait for finish... n_ceased_cleints: 0,  n_issued: 190457, n_done: 190443, n_created_coordinator: 14
I [../src/deptran/client_worker.cc:330] 2022-05-27 16:04:09.135 | wait for finish... n_ceased_cleints: 0,  n_issued: 235993, n_done: 235979, n_created_coordinator: 14
I [../src/deptran/client_worker.cc:330] 2022-05-27 16:04:14.135 | wait for finish... n_ceased_cleints: 0,  n_issued: 282823, n_done: 282809, n_created_coordinator: 14
I [../src/deptran/client_worker.cc:330] 2022-05-27 16:04:19.135 | wait for finish... n_ceased_cleints: 0,  n_issued: 328959, n_done: 328945, n_created_coordinator: 14
I [../src/deptran/client_worker.cc:330] 2022-05-27 16:04:24.135 | wait for finish... n_ceased_cleints: 0,  n_issued: 375504, n_done: 375490, n_created_coordinator: 14
I [../src/deptran/client_worker.cc:330] 2022-05-27 16:04:29.135 | wait for finish... n_ceased_cleints: 0,  n_issued: 422737, n_done: 422723, n_created_coordinator: 14
I [../src/deptran/client_worker.cc:330] 2022-05-27 16:04:34.135 | wait for finish... n_ceased_cleints: 0,  n_issued: 469107, n_done: 469093, n_created_coordinator: 14
I [../src/deptran/client_worker.cc:330] 2022-05-27 16:04:39.136 | wait for finish... n_ceased_cleints: 0,  n_issued: 515171, n_done: 515157, n_created_coordinator: 14
I [../src/deptran/s_main.cc:140] 2022-05-27 16:04:42.568 | wait_for_clients: wait for client threads to exit.
I [../src/deptran/client_worker.cc:330] 2022-05-27 16:04:44.136 | wait for finish... n_ceased_cleints: 0,  n_issued: 561327, n_done: 561313, n_created_coordinator: 14
I [../src/deptran/client_worker.cc:317] 2022-05-27 16:04:45.099 | wait for all outstanding requests to finish.
I [../src/deptran/client_worker.cc:343] 2022-05-27 16:04:49.136 | Finish:
Total: 566903, Commit: 566903, Attempts: 0, Running for 60, Throughput: 9448.38

I [../src/deptran/client_worker.cc:348] 2022-05-27 16:04:49.136 | Work: wait_for_shutdown at client 3
