I [../src/deptran/s_main.cc:136] 2022-05-19 17:36:41.839 | PWD : 
I [../src/deptran/s_main.cc:284] 2022-05-19 17:36:41.839 | starting process 23688
I [../src/deptran/s_main.cc:279] 2022-05-19 17:36:41.839 | ulimit -n is 1024
I [../src/deptran/config.cc:285] 2022-05-19 17:36:41.839 | LoadYML: /home/xuhao/code/depfast/tmp/janus-final-testnameln9b46od.yml
I [../src/deptran/config.cc:403] 2022-05-19 17:36:41.839 | BuildSiteProcMap
I [../src/deptran/config.cc:655] 2022-05-19 17:36:41.839 | group size: 1
I [../src/deptran/config.cc:681] 2022-05-19 17:36:41.839 | client forwarding: 0
I [../src/deptran/config.cc:320] 2022-05-19 17:36:41.840 | # of concurrent requests: 220
I [../src/deptran/s_main.cc:290] 2022-05-19 17:36:41.840 | Read config finish
I [../src/deptran/s_main.cc:30] 2022-05-19 17:36:41.840 | client_setup_heartbeat
I [../src/rrr/reactor/reactor.cc:389] 2022-05-19 17:36:41.840 | starting poll thread
I [../src/deptran/s_main.cc:46] 2022-05-19 17:36:41.840 | Start control server on port 5555
I [../src/rrr/rpc/server.cpp:575] 2022-05-19 17:36:41.840 | bind address is: 0.0.0.0:5555
I [../src/rrr/rpc/server.cpp:570] 2022-05-19 17:36:41.840 | rrr::Server: started on 0.0.0.0:5555
I [../src/deptran/s_main.cc:314] 2022-05-19 17:36:41.840 | no servers on this process
I [../src/deptran/s_main.cc:54] 2022-05-19 17:36:41.840 | client enabled, number of sites: 1
I [../src/rrr/reactor/reactor.cc:389] 2022-05-19 17:36:41.840 | starting poll thread
I [../src/deptran/communicator.cc:25] 2022-05-19 17:36:41.840 | size of partitions: 1
I [../src/deptran/communicator.cc:191] 2022-05-19 17:36:43.843 | connect to site: 10.0.0.13:10000 success!
I [../src/deptran/communicator.cc:191] 2022-05-19 17:36:43.844 | connect to site: 10.0.0.14:10001 success!
I [../src/deptran/communicator.cc:191] 2022-05-19 17:36:43.845 | connect to site: 10.0.0.15:10002 success!
I [../src/deptran/communicator.cc:191] 2022-05-19 17:36:43.846 | connect to site: 10.0.0.55:10003 success!
I [../src/deptran/communicator.cc:191] 2022-05-19 17:36:43.847 | connect to site: 10.0.0.58:10004 success!
I [../src/deptran/communicator.cc:74] 2022-05-19 17:36:43.847 | Done waiting to connect to client leaders.
I [../src/deptran/client_worker.cc:330] 2022-05-19 17:36:45.664 | wait for finish... n_ceased_cleints: 0,  n_issued: 0, n_done: 0, n_created_coordinator: 0
I [../src/deptran/client_worker.cc:314] 2022-05-19 17:36:45.666 | wait for all virtual clients to stop issuing new requests.
I [../src/deptran/client_worker.cc:330] 2022-05-19 17:36:50.664 | wait for finish... n_ceased_cleints: 0,  n_issued: 64629, n_done: 64409, n_created_coordinator: 220
I [../src/deptran/client_worker.cc:330] 2022-05-19 17:36:55.664 | wait for finish... n_ceased_cleints: 0,  n_issued: 130073, n_done: 129853, n_created_coordinator: 220
I [../src/deptran/client_worker.cc:330] 2022-05-19 17:37:00.664 | wait for finish... n_ceased_cleints: 0,  n_issued: 194575, n_done: 194355, n_created_coordinator: 220
I [../src/deptran/client_worker.cc:330] 2022-05-19 17:37:05.665 | wait for finish... n_ceased_cleints: 0,  n_issued: 256887, n_done: 256667, n_created_coordinator: 220
I [../src/deptran/client_worker.cc:330] 2022-05-19 17:37:10.665 | wait for finish... n_ceased_cleints: 0,  n_issued: 319442, n_done: 319222, n_created_coordinator: 220
I [../src/deptran/client_worker.cc:330] 2022-05-19 17:37:15.665 | wait for finish... n_ceased_cleints: 0,  n_issued: 384808, n_done: 384588, n_created_coordinator: 220
I [../src/deptran/client_worker.cc:330] 2022-05-19 17:37:20.665 | wait for finish... n_ceased_cleints: 0,  n_issued: 450399, n_done: 450179, n_created_coordinator: 220
I [../src/deptran/client_worker.cc:330] 2022-05-19 17:37:25.665 | wait for finish... n_ceased_cleints: 0,  n_issued: 514052, n_done: 513832, n_created_coordinator: 220
I [../src/deptran/client_worker.cc:330] 2022-05-19 17:37:30.665 | wait for finish... n_ceased_cleints: 0,  n_issued: 576039, n_done: 575819, n_created_coordinator: 220
I [../src/deptran/client_worker.cc:330] 2022-05-19 17:37:35.665 | wait for finish... n_ceased_cleints: 0,  n_issued: 638945, n_done: 638725, n_created_coordinator: 220
I [../src/deptran/client_worker.cc:330] 2022-05-19 17:37:40.665 | wait for finish... n_ceased_cleints: 0,  n_issued: 700360, n_done: 700140, n_created_coordinator: 220
I [../src/deptran/client_worker.cc:330] 2022-05-19 17:37:45.665 | wait for finish... n_ceased_cleints: 0,  n_issued: 764755, n_done: 764535, n_created_coordinator: 220
I [../src/deptran/client_worker.cc:330] 2022-05-19 17:37:50.665 | wait for finish... n_ceased_cleints: 0,  n_issued: 828377, n_done: 828157, n_created_coordinator: 220
I [../src/deptran/client_worker.cc:330] 2022-05-19 17:37:55.666 | wait for finish... n_ceased_cleints: 0,  n_issued: 890200, n_done: 889980, n_created_coordinator: 220
I [../src/deptran/client_worker.cc:330] 2022-05-19 17:38:00.666 | wait for finish... n_ceased_cleints: 0,  n_issued: 953261, n_done: 953041, n_created_coordinator: 220
I [../src/deptran/client_worker.cc:330] 2022-05-19 17:38:05.666 | wait for finish... n_ceased_cleints: 0,  n_issued: 1010693, n_done: 1010473, n_created_coordinator: 220
I [../src/deptran/client_worker.cc:330] 2022-05-19 17:38:10.666 | wait for finish... n_ceased_cleints: 0,  n_issued: 1075393, n_done: 1075173, n_created_coordinator: 220
I [../src/deptran/client_worker.cc:330] 2022-05-19 17:38:15.666 | wait for finish... n_ceased_cleints: 0,  n_issued: 1141031, n_done: 1140811, n_created_coordinator: 220
I [../src/deptran/client_worker.cc:330] 2022-05-19 17:38:20.666 | wait for finish... n_ceased_cleints: 0,  n_issued: 1206654, n_done: 1206434, n_created_coordinator: 220
I [../src/deptran/client_worker.cc:330] 2022-05-19 17:38:25.666 | wait for finish... n_ceased_cleints: 0,  n_issued: 1271639, n_done: 1271419, n_created_coordinator: 220
I [../src/deptran/client_worker.cc:330] 2022-05-19 17:38:30.666 | wait for finish... n_ceased_cleints: 0,  n_issued: 1336915, n_done: 1336695, n_created_coordinator: 220
I [../src/deptran/client_worker.cc:330] 2022-05-19 17:38:35.666 | wait for finish... n_ceased_cleints: 0,  n_issued: 1402679, n_done: 1402459, n_created_coordinator: 220
I [../src/deptran/client_worker.cc:330] 2022-05-19 17:38:40.666 | wait for finish... n_ceased_cleints: 0,  n_issued: 1467692, n_done: 1467472, n_created_coordinator: 220
I [../src/deptran/client_worker.cc:330] 2022-05-19 17:38:45.667 | wait for finish... n_ceased_cleints: 0,  n_issued: 1531740, n_done: 1531520, n_created_coordinator: 220
I [../src/deptran/client_worker.cc:330] 2022-05-19 17:38:50.667 | wait for finish... n_ceased_cleints: 0,  n_issued: 1596585, n_done: 1596365, n_created_coordinator: 220
I [../src/deptran/client_worker.cc:330] 2022-05-19 17:38:55.667 | wait for finish... n_ceased_cleints: 0,  n_issued: 1662054, n_done: 1661834, n_created_coordinator: 220
I [../src/deptran/client_worker.cc:330] 2022-05-19 17:39:00.667 | wait for finish... n_ceased_cleints: 0,  n_issued: 1727291, n_done: 1727071, n_created_coordinator: 220
I [../src/deptran/client_worker.cc:330] 2022-05-19 17:39:05.667 | wait for finish... n_ceased_cleints: 0,  n_issued: 1791955, n_done: 1791735, n_created_coordinator: 220
I [../src/deptran/client_worker.cc:330] 2022-05-19 17:39:10.667 | wait for finish... n_ceased_cleints: 0,  n_issued: 1857352, n_done: 1857132, n_created_coordinator: 220
I [../src/deptran/client_worker.cc:330] 2022-05-19 17:39:15.667 | wait for finish... n_ceased_cleints: 0,  n_issued: 1923887, n_done: 1923667, n_created_coordinator: 220
I [../src/deptran/client_worker.cc:330] 2022-05-19 17:39:20.667 | wait for finish... n_ceased_cleints: 0,  n_issued: 1974343, n_done: 1974123, n_created_coordinator: 220
I [../src/deptran/client_worker.cc:330] 2022-05-19 17:39:25.667 | wait for finish... n_ceased_cleints: 0,  n_issued: 2039289, n_done: 2039069, n_created_coordinator: 220
I [../src/deptran/client_worker.cc:330] 2022-05-19 17:39:30.667 | wait for finish... n_ceased_cleints: 0,  n_issued: 2103748, n_done: 2103528, n_created_coordinator: 220
I [../src/deptran/client_worker.cc:330] 2022-05-19 17:39:35.668 | wait for finish... n_ceased_cleints: 0,  n_issued: 2167982, n_done: 2167762, n_created_coordinator: 220
I [../src/deptran/client_worker.cc:330] 2022-05-19 17:39:40.668 | wait for finish... n_ceased_cleints: 0,  n_issued: 2231917, n_done: 2231697, n_created_coordinator: 220
I [../src/deptran/s_main.cc:140] 2022-05-19 17:39:43.847 | wait_for_clients: wait for client threads to exit.
I [../src/deptran/client_worker.cc:330] 2022-05-19 17:39:45.668 | wait for finish... n_ceased_cleints: 0,  n_issued: 2297107, n_done: 2296887, n_created_coordinator: 220
I [../src/deptran/client_worker.cc:317] 2022-05-19 17:39:46.665 | wait for all outstanding requests to finish.
I [../src/deptran/client_worker.cc:343] 2022-05-19 17:39:50.668 | Finish:
Total: 2305470, Commit: 2305470, Attempts: 0, Running for 180, Throughput: 12808.17

I [../src/deptran/client_worker.cc:348] 2022-05-19 17:39:50.668 | Work: wait_for_shutdown at client 5
