I [../src/deptran/s_main.cc:136] 2022-05-20 08:00:34.470 | PWD : 
I [../src/deptran/s_main.cc:284] 2022-05-20 08:00:34.470 | starting process 13656
I [../src/deptran/s_main.cc:279] 2022-05-20 08:00:34.470 | ulimit -n is 1024
I [../src/deptran/config.cc:285] 2022-05-20 08:00:34.470 | LoadYML: /home/xuhao/code/depfast/tmp/janus-final-testnameeut9x6dx.yml
I [../src/deptran/config.cc:403] 2022-05-20 08:00:34.471 | BuildSiteProcMap
I [../src/deptran/config.cc:655] 2022-05-20 08:00:34.471 | group size: 1
I [../src/deptran/config.cc:681] 2022-05-20 08:00:34.471 | client forwarding: 0
I [../src/deptran/config.cc:320] 2022-05-20 08:00:34.471 | # of concurrent requests: 20
I [../src/deptran/s_main.cc:290] 2022-05-20 08:00:34.471 | Read config finish
I [../src/deptran/s_main.cc:30] 2022-05-20 08:00:34.471 | client_setup_heartbeat
I [../src/deptran/s_main.cc:46] 2022-05-20 08:00:34.471 | Start control server on port 5555
I [../src/rrr/rpc/server.cpp:575] 2022-05-20 08:00:34.472 | bind address is: 0.0.0.0:5555
I [../src/rrr/rpc/server.cpp:570] 2022-05-20 08:00:34.472 | rrr::Server: started on 0.0.0.0:5555
I [../src/deptran/s_main.cc:314] 2022-05-20 08:00:34.472 | no servers on this process
I [../src/deptran/s_main.cc:54] 2022-05-20 08:00:34.472 | client enabled, number of sites: 1
I [../src/deptran/communicator.cc:25] 2022-05-20 08:00:34.472 | size of partitions: 1
I [../src/rrr/reactor/reactor.cc:389] 2022-05-20 08:00:34.473 | starting poll thread
I [../src/rrr/reactor/reactor.cc:389] 2022-05-20 08:00:34.473 | starting poll thread
I [../src/deptran/communicator.cc:191] 2022-05-20 08:00:35.474 | connect to site: 10.0.0.13:10000 success!
I [../src/deptran/communicator.cc:191] 2022-05-20 08:00:36.479 | connect to site: 10.0.0.14:10001 success!
I [../src/deptran/communicator.cc:191] 2022-05-20 08:00:36.480 | connect to site: 10.0.0.15:10002 success!
I [../src/deptran/communicator.cc:74] 2022-05-20 08:00:36.481 | Done waiting to connect to client leaders.
I [../src/deptran/client_worker.cc:330] 2022-05-20 08:00:37.032 | wait for finish... n_ceased_cleints: 0,  n_issued: 0, n_done: 0, n_created_coordinator: 0
I [../src/deptran/client_worker.cc:314] 2022-05-20 08:00:37.033 | wait for all virtual clients to stop issuing new requests.
I [../src/deptran/client_worker.cc:330] 2022-05-20 08:00:42.032 | wait for finish... n_ceased_cleints: 0,  n_issued: 10721, n_done: 10701, n_created_coordinator: 20
I [../src/deptran/client_worker.cc:330] 2022-05-20 08:00:47.032 | wait for finish... n_ceased_cleints: 0,  n_issued: 22806, n_done: 22786, n_created_coordinator: 20
I [../src/deptran/client_worker.cc:330] 2022-05-20 08:00:52.032 | wait for finish... n_ceased_cleints: 0,  n_issued: 36208, n_done: 36188, n_created_coordinator: 20
I [../src/deptran/client_worker.cc:330] 2022-05-20 08:00:57.033 | wait for finish... n_ceased_cleints: 0,  n_issued: 42917, n_done: 42897, n_created_coordinator: 20
I [../src/deptran/client_worker.cc:330] 2022-05-20 08:01:02.033 | wait for finish... n_ceased_cleints: 0,  n_issued: 58642, n_done: 58622, n_created_coordinator: 20
I [../src/deptran/client_worker.cc:330] 2022-05-20 08:01:07.033 | wait for finish... n_ceased_cleints: 0,  n_issued: 74291, n_done: 74271, n_created_coordinator: 20
I [../src/deptran/client_worker.cc:330] 2022-05-20 08:01:12.033 | wait for finish... n_ceased_cleints: 0,  n_issued: 90286, n_done: 90266, n_created_coordinator: 20
I [../src/deptran/client_worker.cc:330] 2022-05-20 08:01:17.033 | wait for finish... n_ceased_cleints: 0,  n_issued: 106355, n_done: 106335, n_created_coordinator: 20
I [../src/deptran/client_worker.cc:330] 2022-05-20 08:01:22.033 | wait for finish... n_ceased_cleints: 0,  n_issued: 122437, n_done: 122417, n_created_coordinator: 20
I [../src/deptran/client_worker.cc:330] 2022-05-20 08:01:27.033 | wait for finish... n_ceased_cleints: 0,  n_issued: 138728, n_done: 138708, n_created_coordinator: 20
I [../src/deptran/client_worker.cc:330] 2022-05-20 08:01:32.033 | wait for finish... n_ceased_cleints: 0,  n_issued: 154795, n_done: 154775, n_created_coordinator: 20
I [../src/deptran/s_main.cc:140] 2022-05-20 08:01:36.480 | wait_for_clients: wait for client threads to exit.
I [../src/deptran/client_worker.cc:330] 2022-05-20 08:01:37.033 | wait for finish... n_ceased_cleints: 0,  n_issued: 170031, n_done: 170011, n_created_coordinator: 20
I [../src/deptran/client_worker.cc:317] 2022-05-20 08:01:38.026 | wait for all outstanding requests to finish.
I [../src/deptran/client_worker.cc:343] 2022-05-20 08:01:42.034 | Finish:
Total: 171659, Commit: 171659, Attempts: 0, Running for 60, Throughput: 2860.98

I [../src/deptran/client_worker.cc:348] 2022-05-20 08:01:42.034 | Work: wait_for_shutdown at client 3
