I [../src/deptran/s_main.cc:136] 2022-05-27 13:50:22.137 | PWD : 
I [../src/deptran/s_main.cc:284] 2022-05-27 13:50:22.138 | starting process 21579
I [../src/deptran/s_main.cc:279] 2022-05-27 13:50:22.138 | ulimit -n is 1024
I [../src/deptran/config.cc:285] 2022-05-27 13:50:22.138 | LoadYML: /home/xuhao/code/depfast/tmp/janus-final-testnameyujzjkj_.yml
I [../src/deptran/config.cc:403] 2022-05-27 13:50:22.138 | BuildSiteProcMap
I [../src/deptran/config.cc:655] 2022-05-27 13:50:22.139 | group size: 1
I [../src/deptran/config.cc:655] 2022-05-27 13:50:22.139 | group size: 1
I [../src/deptran/config.cc:655] 2022-05-27 13:50:22.139 | group size: 1
I [../src/deptran/config.cc:681] 2022-05-27 13:50:22.139 | client forwarding: 0
I [../src/deptran/config.cc:320] 2022-05-27 13:50:22.139 | # of concurrent requests: 60
I [../src/deptran/s_main.cc:290] 2022-05-27 13:50:22.139 | Read config finish
I [../src/deptran/s_main.cc:30] 2022-05-27 13:50:22.139 | client_setup_heartbeat
I [../src/deptran/s_main.cc:46] 2022-05-27 13:50:22.139 | Start control server on port 5555
I [../src/rrr/rpc/server.cpp:575] 2022-05-27 13:50:22.139 | bind address is: 0.0.0.0:5555
I [../src/rrr/rpc/server.cpp:570] 2022-05-27 13:50:22.139 | rrr::Server: started on 0.0.0.0:5555
I [../src/deptran/s_main.cc:314] 2022-05-27 13:50:22.139 | no servers on this process
I [../src/deptran/s_main.cc:54] 2022-05-27 13:50:22.139 | client enabled, number of sites: 1
I [../src/deptran/communicator.cc:25] 2022-05-27 13:50:22.140 | size of partitions: 1
I [../src/rrr/reactor/reactor.cc:389] 2022-05-27 13:50:22.140 | starting poll thread
I [../src/rrr/reactor/reactor.cc:389] 2022-05-27 13:50:22.141 | starting poll thread
I [../src/deptran/communicator.cc:191] 2022-05-27 13:50:23.142 | connect to site: 10.0.0.13:10000 success!
I [../src/deptran/communicator.cc:191] 2022-05-27 13:50:23.143 | connect to site: 10.0.0.14:10001 success!
I [../src/deptran/communicator.cc:191] 2022-05-27 13:50:23.151 | connect to site: 10.0.0.15:10002 success!
I [../src/deptran/communicator.cc:74] 2022-05-27 13:50:23.152 | Done waiting to connect to client leaders.
I [../src/deptran/client_worker.cc:330] 2022-05-27 13:50:24.707 | wait for finish... n_ceased_cleints: 0,  n_issued: 0, n_done: 0, n_created_coordinator: 0
I [../src/deptran/client_worker.cc:314] 2022-05-27 13:50:24.709 | wait for all virtual clients to stop issuing new requests.
I [../src/deptran/client_worker.cc:330] 2022-05-27 13:50:29.707 | wait for finish... n_ceased_cleints: 0,  n_issued: 18360, n_done: 18300, n_created_coordinator: 60
I [../src/deptran/client_worker.cc:330] 2022-05-27 13:50:34.707 | wait for finish... n_ceased_cleints: 0,  n_issued: 39486, n_done: 39426, n_created_coordinator: 60
I [../src/deptran/client_worker.cc:330] 2022-05-27 13:50:39.707 | wait for finish... n_ceased_cleints: 0,  n_issued: 60172, n_done: 60112, n_created_coordinator: 60
I [../src/deptran/client_worker.cc:330] 2022-05-27 13:50:44.707 | wait for finish... n_ceased_cleints: 0,  n_issued: 81692, n_done: 81632, n_created_coordinator: 60
I [../src/deptran/client_worker.cc:330] 2022-05-27 13:50:49.707 | wait for finish... n_ceased_cleints: 0,  n_issued: 102928, n_done: 102868, n_created_coordinator: 60
I [../src/deptran/client_worker.cc:330] 2022-05-27 13:50:54.708 | wait for finish... n_ceased_cleints: 0,  n_issued: 122763, n_done: 122703, n_created_coordinator: 60
I [../src/deptran/client_worker.cc:330] 2022-05-27 13:50:59.708 | wait for finish... n_ceased_cleints: 0,  n_issued: 143432, n_done: 143372, n_created_coordinator: 60
I [../src/deptran/client_worker.cc:330] 2022-05-27 13:51:04.708 | wait for finish... n_ceased_cleints: 0,  n_issued: 164108, n_done: 164048, n_created_coordinator: 60
I [../src/deptran/client_worker.cc:330] 2022-05-27 13:51:09.708 | wait for finish... n_ceased_cleints: 0,  n_issued: 184362, n_done: 184302, n_created_coordinator: 60
I [../src/deptran/client_worker.cc:330] 2022-05-27 13:51:14.708 | wait for finish... n_ceased_cleints: 0,  n_issued: 204719, n_done: 204659, n_created_coordinator: 60
I [../src/deptran/client_worker.cc:330] 2022-05-27 13:51:19.708 | wait for finish... n_ceased_cleints: 0,  n_issued: 225413, n_done: 225353, n_created_coordinator: 60
I [../src/deptran/s_main.cc:140] 2022-05-27 13:51:23.151 | wait_for_clients: wait for client threads to exit.
I [../src/deptran/client_worker.cc:330] 2022-05-27 13:51:24.708 | wait for finish... n_ceased_cleints: 0,  n_issued: 245851, n_done: 245791, n_created_coordinator: 60
I [../src/deptran/client_worker.cc:317] 2022-05-27 13:51:25.696 | wait for all outstanding requests to finish.
I [../src/deptran/client_worker.cc:343] 2022-05-27 13:51:29.709 | Finish:
Total: 248048, Commit: 248048, Attempts: 0, Running for 60, Throughput: 4134.13

I [../src/deptran/client_worker.cc:348] 2022-05-27 13:51:29.709 | Work: wait_for_shutdown at client 3
