I [../src/deptran/s_main.cc:136] 2022-05-27 06:11:52.552 | PWD : 
I [../src/deptran/s_main.cc:284] 2022-05-27 06:11:52.552 | starting process 23384
I [../src/deptran/s_main.cc:279] 2022-05-27 06:11:52.552 | ulimit -n is 1024
I [../src/deptran/config.cc:285] 2022-05-27 06:11:52.552 | LoadYML: /home/xuhao/code/depfast/tmp/janus-final-testname561d2nos.yml
I [../src/deptran/config.cc:403] 2022-05-27 06:11:52.552 | BuildSiteProcMap
I [../src/deptran/config.cc:655] 2022-05-27 06:11:52.552 | group size: 1
I [../src/deptran/config.cc:681] 2022-05-27 06:11:52.552 | client forwarding: 0
I [../src/deptran/config.cc:320] 2022-05-27 06:11:52.552 | # of concurrent requests: 20
I [../src/deptran/s_main.cc:290] 2022-05-27 06:11:52.552 | Read config finish
I [../src/deptran/s_main.cc:30] 2022-05-27 06:11:52.552 | client_setup_heartbeat
I [../src/deptran/s_main.cc:46] 2022-05-27 06:11:52.553 | Start control server on port 5555
I [../src/rrr/rpc/server.cpp:575] 2022-05-27 06:11:52.553 | bind address is: 0.0.0.0:5555
I [../src/rrr/rpc/server.cpp:570] 2022-05-27 06:11:52.553 | rrr::Server: started on 0.0.0.0:5555
I [../src/deptran/s_main.cc:314] 2022-05-27 06:11:52.553 | no servers on this process
I [../src/deptran/s_main.cc:54] 2022-05-27 06:11:52.553 | client enabled, number of sites: 1
I [../src/rrr/reactor/reactor.cc:389] 2022-05-27 06:11:52.554 | starting poll thread
I [../src/deptran/communicator.cc:25] 2022-05-27 06:11:52.554 | size of partitions: 1
I [../src/rrr/reactor/reactor.cc:389] 2022-05-27 06:11:52.555 | starting poll thread
I [../src/deptran/communicator.cc:191] 2022-05-27 06:11:53.556 | connect to site: 10.0.0.13:10000 success!
I [../src/deptran/communicator.cc:191] 2022-05-27 06:11:54.559 | connect to site: 10.0.0.14:10001 success!
I [../src/deptran/communicator.cc:191] 2022-05-27 06:11:54.566 | connect to site: 10.0.0.15:10002 success!
I [../src/deptran/communicator.cc:191] 2022-05-27 06:11:54.567 | connect to site: 10.0.0.55:10003 success!
I [../src/deptran/communicator.cc:191] 2022-05-27 06:11:54.568 | connect to site: 10.0.0.58:10004 success!
I [../src/deptran/communicator.cc:74] 2022-05-27 06:11:54.569 | Done waiting to connect to client leaders.
I [../src/deptran/client_worker.cc:330] 2022-05-27 06:11:55.454 | wait for finish... n_ceased_cleints: 0,  n_issued: 0, n_done: 0, n_created_coordinator: 0
I [../src/deptran/client_worker.cc:314] 2022-05-27 06:11:55.455 | wait for all virtual clients to stop issuing new requests.
I [../src/deptran/client_worker.cc:330] 2022-05-27 06:12:00.454 | wait for finish... n_ceased_cleints: 0,  n_issued: 7621, n_done: 7601, n_created_coordinator: 20
I [../src/deptran/client_worker.cc:330] 2022-05-27 06:12:05.454 | wait for finish... n_ceased_cleints: 0,  n_issued: 15805, n_done: 15785, n_created_coordinator: 20
I [../src/deptran/client_worker.cc:330] 2022-05-27 06:12:10.454 | wait for finish... n_ceased_cleints: 0,  n_issued: 24154, n_done: 24134, n_created_coordinator: 20
I [../src/deptran/client_worker.cc:330] 2022-05-27 06:12:15.455 | wait for finish... n_ceased_cleints: 0,  n_issued: 32669, n_done: 32649, n_created_coordinator: 20
I [../src/deptran/client_worker.cc:330] 2022-05-27 06:12:20.455 | wait for finish... n_ceased_cleints: 0,  n_issued: 41279, n_done: 41259, n_created_coordinator: 20
I [../src/deptran/client_worker.cc:330] 2022-05-27 06:12:25.455 | wait for finish... n_ceased_cleints: 0,  n_issued: 49717, n_done: 49697, n_created_coordinator: 20
I [../src/deptran/client_worker.cc:330] 2022-05-27 06:12:30.455 | wait for finish... n_ceased_cleints: 0,  n_issued: 57999, n_done: 57979, n_created_coordinator: 20
I [../src/deptran/client_worker.cc:330] 2022-05-27 06:12:35.455 | wait for finish... n_ceased_cleints: 0,  n_issued: 66402, n_done: 66382, n_created_coordinator: 20
I [../src/deptran/client_worker.cc:330] 2022-05-27 06:12:40.455 | wait for finish... n_ceased_cleints: 0,  n_issued: 74857, n_done: 74837, n_created_coordinator: 20
I [../src/deptran/client_worker.cc:330] 2022-05-27 06:12:45.455 | wait for finish... n_ceased_cleints: 0,  n_issued: 83286, n_done: 83266, n_created_coordinator: 20
I [../src/deptran/client_worker.cc:330] 2022-05-27 06:12:50.455 | wait for finish... n_ceased_cleints: 0,  n_issued: 92123, n_done: 92103, n_created_coordinator: 20
I [../src/deptran/s_main.cc:140] 2022-05-27 06:12:54.569 | wait_for_clients: wait for client threads to exit.
I [../src/deptran/client_worker.cc:330] 2022-05-27 06:12:55.456 | wait for finish... n_ceased_cleints: 0,  n_issued: 100873, n_done: 100853, n_created_coordinator: 20
I [../src/deptran/client_worker.cc:317] 2022-05-27 06:12:56.420 | wait for all outstanding requests to finish.
I [../src/deptran/client_worker.cc:343] 2022-05-27 06:13:00.456 | Finish:
Total: 101622, Commit: 101622, Attempts: 0, Running for 60, Throughput: 1693.70

I [../src/deptran/client_worker.cc:348] 2022-05-27 06:13:00.456 | Work: wait_for_shutdown at client 5
