I [../src/deptran/s_main.cc:136] 2022-05-21 01:45:28.452 | PWD : 
I [../src/deptran/s_main.cc:284] 2022-05-21 01:45:28.452 | starting process 32456
I [../src/deptran/s_main.cc:279] 2022-05-21 01:45:28.452 | ulimit -n is 1024
I [../src/deptran/config.cc:285] 2022-05-21 01:45:28.452 | LoadYML: /home/xuhao/code/depfast/tmp/janus-final-testnameux9wvsej.yml
I [../src/deptran/config.cc:403] 2022-05-21 01:45:28.452 | BuildSiteProcMap
I [../src/deptran/config.cc:655] 2022-05-21 01:45:28.452 | group size: 1
I [../src/deptran/config.cc:655] 2022-05-21 01:45:28.452 | group size: 1
I [../src/deptran/config.cc:655] 2022-05-21 01:45:28.452 | group size: 1
I [../src/deptran/config.cc:681] 2022-05-21 01:45:28.452 | client forwarding: 0
I [../src/deptran/config.cc:320] 2022-05-21 01:45:28.452 | # of concurrent requests: 10
I [../src/deptran/s_main.cc:290] 2022-05-21 01:45:28.452 | Read config finish
I [../src/deptran/s_main.cc:30] 2022-05-21 01:45:28.452 | client_setup_heartbeat
I [../src/deptran/s_main.cc:46] 2022-05-21 01:45:28.453 | Start control server on port 5555
I [../src/rrr/rpc/server.cpp:575] 2022-05-21 01:45:28.453 | bind address is: 0.0.0.0:5555
I [../src/rrr/rpc/server.cpp:570] 2022-05-21 01:45:28.453 | rrr::Server: started on 0.0.0.0:5555
I [../src/deptran/s_main.cc:314] 2022-05-21 01:45:28.453 | no servers on this process
I [../src/deptran/s_main.cc:54] 2022-05-21 01:45:28.453 | client enabled, number of sites: 1
I [../src/deptran/communicator.cc:25] 2022-05-21 01:45:28.454 | size of partitions: 1
I [../src/rrr/reactor/reactor.cc:389] 2022-05-21 01:45:28.454 | starting poll thread
I [../src/rrr/reactor/reactor.cc:389] 2022-05-21 01:45:28.456 | starting poll thread
I [../src/deptran/communicator.cc:191] 2022-05-21 01:45:29.456 | connect to site: 10.0.0.13:10000 success!
I [../src/deptran/communicator.cc:191] 2022-05-21 01:45:29.457 | connect to site: 10.0.0.14:10001 success!
I [../src/deptran/communicator.cc:191] 2022-05-21 01:45:29.458 | connect to site: 10.0.0.15:10002 success!
I [../src/deptran/communicator.cc:74] 2022-05-21 01:45:29.459 | Done waiting to connect to client leaders.
I [../src/deptran/client_worker.cc:330] 2022-05-21 01:45:31.027 | wait for finish... n_ceased_cleints: 0,  n_issued: 0, n_done: 0, n_created_coordinator: 0
I [../src/deptran/client_worker.cc:314] 2022-05-21 01:45:31.028 | wait for all virtual clients to stop issuing new requests.
I [../src/deptran/client_worker.cc:330] 2022-05-21 01:45:36.027 | wait for finish... n_ceased_cleints: 0,  n_issued: 47888, n_done: 47878, n_created_coordinator: 10
I [../src/deptran/client_worker.cc:330] 2022-05-21 01:45:41.027 | wait for finish... n_ceased_cleints: 0,  n_issued: 94828, n_done: 94818, n_created_coordinator: 10
I [../src/deptran/client_worker.cc:330] 2022-05-21 01:45:46.027 | wait for finish... n_ceased_cleints: 0,  n_issued: 141074, n_done: 141064, n_created_coordinator: 10
I [../src/deptran/client_worker.cc:330] 2022-05-21 01:45:51.027 | wait for finish... n_ceased_cleints: 0,  n_issued: 187397, n_done: 187387, n_created_coordinator: 10
I [../src/deptran/client_worker.cc:330] 2022-05-21 01:45:56.027 | wait for finish... n_ceased_cleints: 0,  n_issued: 233382, n_done: 233372, n_created_coordinator: 10
I [../src/deptran/client_worker.cc:330] 2022-05-21 01:46:01.027 | wait for finish... n_ceased_cleints: 0,  n_issued: 278556, n_done: 278546, n_created_coordinator: 10
I [../src/deptran/client_worker.cc:330] 2022-05-21 01:46:06.028 | wait for finish... n_ceased_cleints: 0,  n_issued: 323821, n_done: 323811, n_created_coordinator: 10
I [../src/deptran/client_worker.cc:330] 2022-05-21 01:46:11.028 | wait for finish... n_ceased_cleints: 0,  n_issued: 368465, n_done: 368455, n_created_coordinator: 10
I [../src/deptran/client_worker.cc:330] 2022-05-21 01:46:16.028 | wait for finish... n_ceased_cleints: 0,  n_issued: 414336, n_done: 414326, n_created_coordinator: 10
I [../src/deptran/client_worker.cc:330] 2022-05-21 01:46:21.028 | wait for finish... n_ceased_cleints: 0,  n_issued: 458820, n_done: 458810, n_created_coordinator: 10
I [../src/deptran/client_worker.cc:330] 2022-05-21 01:46:26.028 | wait for finish... n_ceased_cleints: 0,  n_issued: 504269, n_done: 504259, n_created_coordinator: 10
I [../src/deptran/s_main.cc:140] 2022-05-21 01:46:29.458 | wait_for_clients: wait for client threads to exit.
I [../src/deptran/client_worker.cc:330] 2022-05-21 01:46:31.028 | wait for finish... n_ceased_cleints: 0,  n_issued: 549092, n_done: 549082, n_created_coordinator: 10
I [../src/deptran/client_worker.cc:317] 2022-05-21 01:46:31.827 | wait for all outstanding requests to finish.
I [../src/deptran/client_worker.cc:343] 2022-05-21 01:46:36.028 | Finish:
Total: 553896, Commit: 553896, Attempts: 0, Running for 60, Throughput: 9231.60

I [../src/deptran/client_worker.cc:348] 2022-05-21 01:46:36.028 | Work: wait_for_shutdown at client 3
