I [../src/deptran/s_main.cc:136] 2022-05-21 01:58:25.269 | PWD : 
I [../src/deptran/s_main.cc:284] 2022-05-21 01:58:25.269 | starting process 2934
I [../src/deptran/s_main.cc:279] 2022-05-21 01:58:25.269 | ulimit -n is 1024
I [../src/deptran/config.cc:285] 2022-05-21 01:58:25.269 | LoadYML: /home/xuhao/code/depfast/tmp/janus-final-testnamedt96pafl.yml
I [../src/deptran/config.cc:403] 2022-05-21 01:58:25.270 | BuildSiteProcMap
I [../src/deptran/config.cc:655] 2022-05-21 01:58:25.270 | group size: 1
I [../src/deptran/config.cc:655] 2022-05-21 01:58:25.270 | group size: 1
I [../src/deptran/config.cc:655] 2022-05-21 01:58:25.270 | group size: 1
I [../src/deptran/config.cc:681] 2022-05-21 01:58:25.270 | client forwarding: 0
I [../src/deptran/config.cc:320] 2022-05-21 01:58:25.270 | # of concurrent requests: 12
I [../src/deptran/s_main.cc:290] 2022-05-21 01:58:25.270 | Read config finish
I [../src/deptran/s_main.cc:30] 2022-05-21 01:58:25.270 | client_setup_heartbeat
I [../src/deptran/s_main.cc:46] 2022-05-21 01:58:25.270 | Start control server on port 5555
I [../src/rrr/rpc/server.cpp:575] 2022-05-21 01:58:25.271 | bind address is: 0.0.0.0:5555
I [../src/rrr/rpc/server.cpp:570] 2022-05-21 01:58:25.271 | rrr::Server: started on 0.0.0.0:5555
I [../src/deptran/s_main.cc:314] 2022-05-21 01:58:25.271 | no servers on this process
I [../src/deptran/s_main.cc:54] 2022-05-21 01:58:25.271 | client enabled, number of sites: 1
I [../src/deptran/communicator.cc:25] 2022-05-21 01:58:25.271 | size of partitions: 1
I [../src/rrr/reactor/reactor.cc:389] 2022-05-21 01:58:25.272 | starting poll thread
I [../src/rrr/reactor/reactor.cc:389] 2022-05-21 01:58:25.273 | starting poll thread
I [../src/deptran/communicator.cc:191] 2022-05-21 01:58:26.274 | connect to site: 10.0.0.13:10000 success!
I [../src/deptran/communicator.cc:191] 2022-05-21 01:58:26.275 | connect to site: 10.0.0.14:10001 success!
I [../src/deptran/communicator.cc:191] 2022-05-21 01:58:26.276 | connect to site: 10.0.0.15:10002 success!
I [../src/deptran/communicator.cc:74] 2022-05-21 01:58:26.277 | Done waiting to connect to client leaders.
I [../src/deptran/client_worker.cc:330] 2022-05-21 01:58:27.847 | wait for finish... n_ceased_cleints: 0,  n_issued: 0, n_done: 0, n_created_coordinator: 0
I [../src/deptran/client_worker.cc:314] 2022-05-21 01:58:27.849 | wait for all virtual clients to stop issuing new requests.
I [../src/deptran/client_worker.cc:330] 2022-05-21 01:58:32.848 | wait for finish... n_ceased_cleints: 0,  n_issued: 48113, n_done: 48101, n_created_coordinator: 12
I [../src/deptran/client_worker.cc:330] 2022-05-21 01:58:37.848 | wait for finish... n_ceased_cleints: 0,  n_issued: 96701, n_done: 96689, n_created_coordinator: 12
I [../src/deptran/client_worker.cc:330] 2022-05-21 01:58:42.848 | wait for finish... n_ceased_cleints: 0,  n_issued: 138409, n_done: 138397, n_created_coordinator: 12
I [../src/deptran/client_worker.cc:330] 2022-05-21 01:58:47.848 | wait for finish... n_ceased_cleints: 0,  n_issued: 183860, n_done: 183848, n_created_coordinator: 12
I [../src/deptran/client_worker.cc:330] 2022-05-21 01:58:52.848 | wait for finish... n_ceased_cleints: 0,  n_issued: 222208, n_done: 222196, n_created_coordinator: 12
I [../src/deptran/client_worker.cc:330] 2022-05-21 01:58:57.848 | wait for finish... n_ceased_cleints: 0,  n_issued: 259580, n_done: 259568, n_created_coordinator: 12
I [../src/deptran/client_worker.cc:330] 2022-05-21 01:59:02.848 | wait for finish... n_ceased_cleints: 0,  n_issued: 299913, n_done: 299901, n_created_coordinator: 12
I [../src/deptran/client_worker.cc:330] 2022-05-21 01:59:07.848 | wait for finish... n_ceased_cleints: 0,  n_issued: 339490, n_done: 339478, n_created_coordinator: 12
I [../src/deptran/client_worker.cc:330] 2022-05-21 01:59:12.848 | wait for finish... n_ceased_cleints: 0,  n_issued: 378785, n_done: 378773, n_created_coordinator: 12
I [../src/deptran/client_worker.cc:330] 2022-05-21 01:59:17.849 | wait for finish... n_ceased_cleints: 0,  n_issued: 411651, n_done: 411639, n_created_coordinator: 12
I [../src/deptran/client_worker.cc:330] 2022-05-21 01:59:22.849 | wait for finish... n_ceased_cleints: 0,  n_issued: 448085, n_done: 448073, n_created_coordinator: 12
I [../src/deptran/client_worker.cc:330] 2022-05-21 01:59:27.849 | wait for finish... n_ceased_cleints: 0,  n_issued: 484659, n_done: 484647, n_created_coordinator: 12
I [../src/deptran/client_worker.cc:330] 2022-05-21 01:59:32.849 | wait for finish... n_ceased_cleints: 0,  n_issued: 520892, n_done: 520880, n_created_coordinator: 12
I [../src/deptran/client_worker.cc:330] 2022-05-21 01:59:37.849 | wait for finish... n_ceased_cleints: 0,  n_issued: 555360, n_done: 555348, n_created_coordinator: 12
I [../src/deptran/client_worker.cc:330] 2022-05-21 01:59:42.849 | wait for finish... n_ceased_cleints: 0,  n_issued: 594382, n_done: 594370, n_created_coordinator: 12
I [../src/deptran/client_worker.cc:330] 2022-05-21 01:59:47.849 | wait for finish... n_ceased_cleints: 0,  n_issued: 638030, n_done: 638018, n_created_coordinator: 12
I [../src/deptran/client_worker.cc:330] 2022-05-21 01:59:52.849 | wait for finish... n_ceased_cleints: 0,  n_issued: 671736, n_done: 671724, n_created_coordinator: 12
I [../src/deptran/client_worker.cc:330] 2022-05-21 01:59:57.850 | wait for finish... n_ceased_cleints: 0,  n_issued: 713668, n_done: 713656, n_created_coordinator: 12
I [../src/deptran/client_worker.cc:330] 2022-05-21 02:00:02.850 | wait for finish... n_ceased_cleints: 0,  n_issued: 756159, n_done: 756147, n_created_coordinator: 12
I [../src/deptran/client_worker.cc:330] 2022-05-21 02:00:07.850 | wait for finish... n_ceased_cleints: 0,  n_issued: 802165, n_done: 802153, n_created_coordinator: 12
I [../src/deptran/client_worker.cc:330] 2022-05-21 02:00:12.850 | wait for finish... n_ceased_cleints: 0,  n_issued: 847497, n_done: 847485, n_created_coordinator: 12
I [../src/deptran/client_worker.cc:330] 2022-05-21 02:00:17.850 | wait for finish... n_ceased_cleints: 0,  n_issued: 898321, n_done: 898309, n_created_coordinator: 12
I [../src/deptran/client_worker.cc:330] 2022-05-21 02:00:22.850 | wait for finish... n_ceased_cleints: 0,  n_issued: 927565, n_done: 927553, n_created_coordinator: 12
I [../src/deptran/client_worker.cc:330] 2022-05-21 02:00:27.850 | wait for finish... n_ceased_cleints: 0,  n_issued: 971606, n_done: 971594, n_created_coordinator: 12
I [../src/deptran/client_worker.cc:330] 2022-05-21 02:00:32.850 | wait for finish... n_ceased_cleints: 0,  n_issued: 1012811, n_done: 1012799, n_created_coordinator: 12
I [../src/deptran/client_worker.cc:330] 2022-05-21 02:00:37.850 | wait for finish... n_ceased_cleints: 0,  n_issued: 1054562, n_done: 1054550, n_created_coordinator: 12
I [../src/deptran/client_worker.cc:330] 2022-05-21 02:00:42.850 | wait for finish... n_ceased_cleints: 0,  n_issued: 1088452, n_done: 1088440, n_created_coordinator: 12
I [../src/deptran/client_worker.cc:330] 2022-05-21 02:00:47.851 | wait for finish... n_ceased_cleints: 0,  n_issued: 1135345, n_done: 1135333, n_created_coordinator: 12
I [../src/deptran/client_worker.cc:330] 2022-05-21 02:00:52.851 | wait for finish... n_ceased_cleints: 0,  n_issued: 1177065, n_done: 1177053, n_created_coordinator: 12
I [../src/deptran/client_worker.cc:330] 2022-05-21 02:00:57.851 | wait for finish... n_ceased_cleints: 0,  n_issued: 1222668, n_done: 1222656, n_created_coordinator: 12
I [../src/deptran/client_worker.cc:330] 2022-05-21 02:01:02.851 | wait for finish... n_ceased_cleints: 0,  n_issued: 1259410, n_done: 1259398, n_created_coordinator: 12
I [../src/deptran/client_worker.cc:330] 2022-05-21 02:01:07.851 | wait for finish... n_ceased_cleints: 0,  n_issued: 1300248, n_done: 1300236, n_created_coordinator: 12
I [../src/deptran/client_worker.cc:330] 2022-05-21 02:01:12.851 | wait for finish... n_ceased_cleints: 0,  n_issued: 1345588, n_done: 1345576, n_created_coordinator: 12
I [../src/deptran/client_worker.cc:330] 2022-05-21 02:01:17.851 | wait for finish... n_ceased_cleints: 0,  n_issued: 1384456, n_done: 1384444, n_created_coordinator: 12
I [../src/deptran/client_worker.cc:330] 2022-05-21 02:01:22.852 | wait for finish... n_ceased_cleints: 0,  n_issued: 1427065, n_done: 1427053, n_created_coordinator: 12
I [../src/deptran/s_main.cc:140] 2022-05-21 02:01:26.277 | wait_for_clients: wait for client threads to exit.
I [../src/deptran/client_worker.cc:330] 2022-05-21 02:01:27.852 | wait for finish... n_ceased_cleints: 0,  n_issued: 1468891, n_done: 1468879, n_created_coordinator: 12
I [../src/deptran/client_worker.cc:317] 2022-05-21 02:01:28.767 | wait for all outstanding requests to finish.
I [../src/deptran/client_worker.cc:343] 2022-05-21 02:01:32.852 | Finish:
Total: 1474329, Commit: 1474329, Attempts: 0, Running for 180, Throughput: 8190.72

I [../src/deptran/client_worker.cc:348] 2022-05-21 02:01:32.852 | Work: wait_for_shutdown at client 3
