I [../src/deptran/s_main.cc:136] 2022-05-27 08:23:29.612 | PWD : 
I [../src/deptran/s_main.cc:284] 2022-05-27 08:23:29.612 | starting process 16152
I [../src/deptran/s_main.cc:279] 2022-05-27 08:23:29.612 | ulimit -n is 1024
I [../src/deptran/config.cc:285] 2022-05-27 08:23:29.612 | LoadYML: /home/xuhao/code/depfast/tmp/janus-final-testnameperkqgw7.yml
I [../src/deptran/config.cc:403] 2022-05-27 08:23:29.612 | BuildSiteProcMap
I [../src/deptran/config.cc:655] 2022-05-27 08:23:29.613 | group size: 1
I [../src/deptran/config.cc:681] 2022-05-27 08:23:29.613 | client forwarding: 0
I [../src/deptran/config.cc:320] 2022-05-27 08:23:29.613 | # of concurrent requests: 40
I [../src/deptran/s_main.cc:290] 2022-05-27 08:23:29.613 | Read config finish
I [../src/deptran/s_main.cc:30] 2022-05-27 08:23:29.613 | client_setup_heartbeat
I [../src/deptran/s_main.cc:46] 2022-05-27 08:23:29.613 | Start control server on port 5555
I [../src/rrr/rpc/server.cpp:575] 2022-05-27 08:23:29.613 | bind address is: 0.0.0.0:5555
I [../src/rrr/rpc/server.cpp:570] 2022-05-27 08:23:29.613 | rrr::Server: started on 0.0.0.0:5555
I [../src/deptran/s_main.cc:314] 2022-05-27 08:23:29.613 | no servers on this process
I [../src/deptran/s_main.cc:54] 2022-05-27 08:23:29.613 | client enabled, number of sites: 1
I [../src/rrr/reactor/reactor.cc:389] 2022-05-27 08:23:29.614 | starting poll thread
I [../src/deptran/communicator.cc:25] 2022-05-27 08:23:29.615 | size of partitions: 1
I [../src/rrr/reactor/reactor.cc:389] 2022-05-27 08:23:29.616 | starting poll thread
I [../src/deptran/communicator.cc:191] 2022-05-27 08:23:30.618 | connect to site: 10.0.0.13:10000 success!
I [../src/deptran/communicator.cc:191] 2022-05-27 08:23:31.620 | connect to site: 10.0.0.14:10001 success!
I [../src/deptran/communicator.cc:191] 2022-05-27 08:23:32.622 | connect to site: 10.0.0.15:10002 success!
I [../src/deptran/communicator.cc:74] 2022-05-27 08:23:32.624 | Done waiting to connect to client leaders.
I [../src/deptran/client_worker.cc:330] 2022-05-27 08:23:33.397 | wait for finish... n_ceased_cleints: 0,  n_issued: 0, n_done: 0, n_created_coordinator: 0
I [../src/deptran/client_worker.cc:314] 2022-05-27 08:23:33.400 | wait for all virtual clients to stop issuing new requests.
I [../src/deptran/client_worker.cc:330] 2022-05-27 08:23:38.398 | wait for finish... n_ceased_cleints: 0,  n_issued: 129876, n_done: 129836, n_created_coordinator: 40
I [../src/deptran/client_worker.cc:330] 2022-05-27 08:23:43.398 | wait for finish... n_ceased_cleints: 0,  n_issued: 263962, n_done: 263922, n_created_coordinator: 40
I [../src/deptran/client_worker.cc:330] 2022-05-27 08:23:48.398 | wait for finish... n_ceased_cleints: 0,  n_issued: 393401, n_done: 393361, n_created_coordinator: 40
I [../src/deptran/client_worker.cc:330] 2022-05-27 08:23:53.398 | wait for finish... n_ceased_cleints: 0,  n_issued: 518321, n_done: 518281, n_created_coordinator: 40
I [../src/deptran/client_worker.cc:330] 2022-05-27 08:23:58.398 | wait for finish... n_ceased_cleints: 0,  n_issued: 641639, n_done: 641599, n_created_coordinator: 40
I [../src/deptran/client_worker.cc:330] 2022-05-27 08:24:03.398 | wait for finish... n_ceased_cleints: 0,  n_issued: 760373, n_done: 760333, n_created_coordinator: 40
I [../src/deptran/client_worker.cc:330] 2022-05-27 08:24:08.398 | wait for finish... n_ceased_cleints: 0,  n_issued: 881909, n_done: 881869, n_created_coordinator: 40
I [../src/deptran/client_worker.cc:330] 2022-05-27 08:24:13.398 | wait for finish... n_ceased_cleints: 0,  n_issued: 1005566, n_done: 1005526, n_created_coordinator: 40
I [../src/deptran/client_worker.cc:330] 2022-05-27 08:24:18.399 | wait for finish... n_ceased_cleints: 0,  n_issued: 1125306, n_done: 1125266, n_created_coordinator: 40
I [../src/deptran/client_worker.cc:330] 2022-05-27 08:24:23.399 | wait for finish... n_ceased_cleints: 0,  n_issued: 1244426, n_done: 1244386, n_created_coordinator: 40
I [../src/deptran/client_worker.cc:330] 2022-05-27 08:24:28.399 | wait for finish... n_ceased_cleints: 0,  n_issued: 1360570, n_done: 1360530, n_created_coordinator: 40
I [../src/deptran/client_worker.cc:330] 2022-05-27 08:24:33.399 | wait for finish... n_ceased_cleints: 0,  n_issued: 1476064, n_done: 1476024, n_created_coordinator: 40
I [../src/deptran/client_worker.cc:330] 2022-05-27 08:24:38.399 | wait for finish... n_ceased_cleints: 0,  n_issued: 1592927, n_done: 1592887, n_created_coordinator: 40
I [../src/deptran/client_worker.cc:330] 2022-05-27 08:24:43.399 | wait for finish... n_ceased_cleints: 0,  n_issued: 1710860, n_done: 1710820, n_created_coordinator: 40
I [../src/deptran/client_worker.cc:330] 2022-05-27 08:24:48.399 | wait for finish... n_ceased_cleints: 0,  n_issued: 1828569, n_done: 1828529, n_created_coordinator: 40
I [../src/deptran/client_worker.cc:330] 2022-05-27 08:24:53.399 | wait for finish... n_ceased_cleints: 0,  n_issued: 1943781, n_done: 1943741, n_created_coordinator: 40
I [../src/deptran/client_worker.cc:330] 2022-05-27 08:24:58.399 | wait for finish... n_ceased_cleints: 0,  n_issued: 2061228, n_done: 2061188, n_created_coordinator: 40
I [../src/deptran/client_worker.cc:330] 2022-05-27 08:25:03.400 | wait for finish... n_ceased_cleints: 0,  n_issued: 2176704, n_done: 2176664, n_created_coordinator: 40
I [../src/deptran/client_worker.cc:330] 2022-05-27 08:25:08.400 | wait for finish... n_ceased_cleints: 0,  n_issued: 2291416, n_done: 2291376, n_created_coordinator: 40
I [../src/deptran/client_worker.cc:330] 2022-05-27 08:25:13.400 | wait for finish... n_ceased_cleints: 0,  n_issued: 2411066, n_done: 2411026, n_created_coordinator: 40
I [../src/deptran/client_worker.cc:330] 2022-05-27 08:25:18.400 | wait for finish... n_ceased_cleints: 0,  n_issued: 2528882, n_done: 2528842, n_created_coordinator: 40
I [../src/deptran/client_worker.cc:330] 2022-05-27 08:25:23.400 | wait for finish... n_ceased_cleints: 0,  n_issued: 2643370, n_done: 2643330, n_created_coordinator: 40
I [../src/deptran/client_worker.cc:330] 2022-05-27 08:25:28.400 | wait for finish... n_ceased_cleints: 0,  n_issued: 2759115, n_done: 2759075, n_created_coordinator: 40
I [../src/deptran/client_worker.cc:330] 2022-05-27 08:25:33.400 | wait for finish... n_ceased_cleints: 0,  n_issued: 2872191, n_done: 2872151, n_created_coordinator: 40
I [../src/deptran/client_worker.cc:330] 2022-05-27 08:25:38.401 | wait for finish... n_ceased_cleints: 0,  n_issued: 2985207, n_done: 2985167, n_created_coordinator: 40
I [../src/deptran/client_worker.cc:330] 2022-05-27 08:25:43.401 | wait for finish... n_ceased_cleints: 0,  n_issued: 3100517, n_done: 3100477, n_created_coordinator: 40
I [../src/deptran/client_worker.cc:330] 2022-05-27 08:25:48.401 | wait for finish... n_ceased_cleints: 0,  n_issued: 3217315, n_done: 3217275, n_created_coordinator: 40
I [../src/deptran/client_worker.cc:330] 2022-05-27 08:25:53.401 | wait for finish... n_ceased_cleints: 0,  n_issued: 3333334, n_done: 3333294, n_created_coordinator: 40
I [../src/deptran/client_worker.cc:330] 2022-05-27 08:25:58.401 | wait for finish... n_ceased_cleints: 0,  n_issued: 3447864, n_done: 3447824, n_created_coordinator: 40
I [../src/deptran/client_worker.cc:330] 2022-05-27 08:26:03.401 | wait for finish... n_ceased_cleints: 0,  n_issued: 3564537, n_done: 3564497, n_created_coordinator: 40
I [../src/deptran/client_worker.cc:330] 2022-05-27 08:26:08.401 | wait for finish... n_ceased_cleints: 0,  n_issued: 3679164, n_done: 3679124, n_created_coordinator: 40
I [../src/deptran/client_worker.cc:330] 2022-05-27 08:26:13.401 | wait for finish... n_ceased_cleints: 0,  n_issued: 3793562, n_done: 3793522, n_created_coordinator: 40
I [../src/deptran/client_worker.cc:330] 2022-05-27 08:26:18.402 | wait for finish... n_ceased_cleints: 0,  n_issued: 3904099, n_done: 3904059, n_created_coordinator: 40
I [../src/deptran/client_worker.cc:330] 2022-05-27 08:26:23.402 | wait for finish... n_ceased_cleints: 0,  n_issued: 4014956, n_done: 4014916, n_created_coordinator: 40
I [../src/deptran/client_worker.cc:330] 2022-05-27 08:26:28.402 | wait for finish... n_ceased_cleints: 0,  n_issued: 4125883, n_done: 4125843, n_created_coordinator: 40
I [../src/deptran/s_main.cc:140] 2022-05-27 08:26:32.623 | wait_for_clients: wait for client threads to exit.
I [../src/deptran/client_worker.cc:330] 2022-05-27 08:26:33.402 | wait for finish... n_ceased_cleints: 0,  n_issued: 4237115, n_done: 4237075, n_created_coordinator: 40
I [../src/deptran/client_worker.cc:317] 2022-05-27 08:26:34.363 | wait for all outstanding requests to finish.
I [../src/deptran/client_worker.cc:343] 2022-05-27 08:26:38.402 | Finish:
Total: 4251188, Commit: 4251188, Attempts: 0, Running for 180, Throughput: 23617.71

I [../src/deptran/client_worker.cc:348] 2022-05-27 08:26:38.402 | Work: wait_for_shutdown at client 3
