I [../src/deptran/s_main.cc:136] 2022-05-20 07:57:54.394 | PWD : 
I [../src/deptran/s_main.cc:284] 2022-05-20 07:57:54.394 | starting process 12523
I [../src/deptran/s_main.cc:279] 2022-05-20 07:57:54.394 | ulimit -n is 1024
I [../src/deptran/config.cc:285] 2022-05-20 07:57:54.394 | LoadYML: /home/xuhao/code/depfast/tmp/janus-final-testnamef03aj53d.yml
I [../src/deptran/config.cc:403] 2022-05-20 07:57:54.394 | BuildSiteProcMap
I [../src/deptran/config.cc:655] 2022-05-20 07:57:54.395 | group size: 1
I [../src/deptran/config.cc:681] 2022-05-20 07:57:54.395 | client forwarding: 0
I [../src/deptran/config.cc:320] 2022-05-20 07:57:54.395 | # of concurrent requests: 420
I [../src/deptran/s_main.cc:290] 2022-05-20 07:57:54.395 | Read config finish
I [../src/deptran/s_main.cc:30] 2022-05-20 07:57:54.395 | client_setup_heartbeat
I [../src/deptran/s_main.cc:46] 2022-05-20 07:57:54.395 | Start control server on port 5555
I [../src/rrr/rpc/server.cpp:575] 2022-05-20 07:57:54.395 | bind address is: 0.0.0.0:5555
I [../src/rrr/rpc/server.cpp:570] 2022-05-20 07:57:54.395 | rrr::Server: started on 0.0.0.0:5555
I [../src/deptran/s_main.cc:314] 2022-05-20 07:57:54.395 | no servers on this process
I [../src/deptran/s_main.cc:54] 2022-05-20 07:57:54.395 | client enabled, number of sites: 1
I [../src/deptran/communicator.cc:25] 2022-05-20 07:57:54.396 | size of partitions: 1
I [../src/rrr/reactor/reactor.cc:389] 2022-05-20 07:57:54.396 | starting poll thread
I [../src/rrr/reactor/reactor.cc:389] 2022-05-20 07:57:54.398 | starting poll thread
I [../src/deptran/communicator.cc:191] 2022-05-20 07:57:55.398 | connect to site: 10.0.0.13:10000 success!
I [../src/deptran/communicator.cc:191] 2022-05-20 07:57:56.400 | connect to site: 10.0.0.14:10001 success!
I [../src/deptran/communicator.cc:191] 2022-05-20 07:57:56.401 | connect to site: 10.0.0.15:10002 success!
I [../src/deptran/communicator.cc:191] 2022-05-20 07:57:56.402 | connect to site: 10.0.0.55:10003 success!
I [../src/deptran/communicator.cc:191] 2022-05-20 07:57:56.403 | connect to site: 10.0.0.58:10004 success!
I [../src/deptran/communicator.cc:74] 2022-05-20 07:57:56.405 | Done waiting to connect to client leaders.
I [../src/rrr/rpc/server.cpp:157] 2022-05-20 07:57:56.957 | no bytes read
I [../src/deptran/client_worker.cc:330] 2022-05-20 07:57:58.191 | wait for finish... n_ceased_cleints: 0,  n_issued: 0, n_done: 0, n_created_coordinator: 0
I [../src/deptran/client_worker.cc:314] 2022-05-20 07:57:58.210 | wait for all virtual clients to stop issuing new requests.
I [../src/rrr/rpc/server.cpp:157] 2022-05-20 07:58:00.004 | no bytes read
I [../src/deptran/client_worker.cc:330] 2022-05-20 07:58:03.191 | wait for finish... n_ceased_cleints: 0,  n_issued: 83265, n_done: 82845, n_created_coordinator: 420
I [../src/rrr/rpc/server.cpp:157] 2022-05-20 07:58:04.059 | no bytes read
I [../src/rrr/rpc/server.cpp:157] 2022-05-20 07:58:04.111 | no bytes read
I [../src/deptran/client_worker.cc:330] 2022-05-20 07:58:08.191 | wait for finish... n_ceased_cleints: 0,  n_issued: 171454, n_done: 171034, n_created_coordinator: 420
I [../src/deptran/client_worker.cc:330] 2022-05-20 07:58:13.191 | wait for finish... n_ceased_cleints: 0,  n_issued: 258699, n_done: 258279, n_created_coordinator: 420
I [../src/deptran/client_worker.cc:330] 2022-05-20 07:58:18.191 | wait for finish... n_ceased_cleints: 0,  n_issued: 345445, n_done: 345025, n_created_coordinator: 420
I [../src/deptran/client_worker.cc:330] 2022-05-20 07:58:23.191 | wait for finish... n_ceased_cleints: 0,  n_issued: 432558, n_done: 432138, n_created_coordinator: 420
I [../src/deptran/client_worker.cc:330] 2022-05-20 07:58:28.191 | wait for finish... n_ceased_cleints: 0,  n_issued: 520050, n_done: 519630, n_created_coordinator: 420
I [../src/deptran/client_worker.cc:330] 2022-05-20 07:58:33.191 | wait for finish... n_ceased_cleints: 0,  n_issued: 607385, n_done: 606965, n_created_coordinator: 420
I [../src/deptran/client_worker.cc:330] 2022-05-20 07:58:38.191 | wait for finish... n_ceased_cleints: 0,  n_issued: 696579, n_done: 696159, n_created_coordinator: 420
I [../src/deptran/client_worker.cc:330] 2022-05-20 07:58:43.192 | wait for finish... n_ceased_cleints: 0,  n_issued: 785516, n_done: 785096, n_created_coordinator: 420
I [../src/deptran/client_worker.cc:330] 2022-05-20 07:58:48.192 | wait for finish... n_ceased_cleints: 0,  n_issued: 874758, n_done: 874338, n_created_coordinator: 420
I [../src/deptran/client_worker.cc:330] 2022-05-20 07:58:53.192 | wait for finish... n_ceased_cleints: 0,  n_issued: 963897, n_done: 963477, n_created_coordinator: 420
I [../src/deptran/s_main.cc:140] 2022-05-20 07:58:56.404 | wait_for_clients: wait for client threads to exit.
I [../src/deptran/client_worker.cc:330] 2022-05-20 07:58:58.192 | wait for finish... n_ceased_cleints: 0,  n_issued: 1051966, n_done: 1051546, n_created_coordinator: 420
I [../src/deptran/client_worker.cc:317] 2022-05-20 07:58:59.208 | wait for all outstanding requests to finish.
I [../src/deptran/client_worker.cc:343] 2022-05-20 07:59:03.192 | Finish:
Total: 1065301, Commit: 1065301, Attempts: 0, Running for 60, Throughput: 17755.02

I [../src/deptran/client_worker.cc:348] 2022-05-20 07:59:03.192 | Work: wait_for_shutdown at client 5
