I [../src/deptran/s_main.cc:136] 2022-05-19 21:28:02.627 | PWD : 
I [../src/deptran/s_main.cc:284] 2022-05-19 21:28:02.627 | starting process 27054
I [../src/deptran/s_main.cc:279] 2022-05-19 21:28:02.627 | ulimit -n is 1024
I [../src/deptran/config.cc:285] 2022-05-19 21:28:02.627 | LoadYML: /home/xuhao/code/depfast/tmp/janus-final-testnameg1ei6nt5.yml
I [../src/deptran/config.cc:403] 2022-05-19 21:28:02.627 | BuildSiteProcMap
I [../src/deptran/config.cc:655] 2022-05-19 21:28:02.628 | group size: 1
I [../src/deptran/config.cc:681] 2022-05-19 21:28:02.628 | client forwarding: 0
I [../src/deptran/config.cc:320] 2022-05-19 21:28:02.628 | # of concurrent requests: 40
I [../src/deptran/s_main.cc:290] 2022-05-19 21:28:02.628 | Read config finish
I [../src/deptran/s_main.cc:30] 2022-05-19 21:28:02.628 | client_setup_heartbeat
I [../src/deptran/s_main.cc:46] 2022-05-19 21:28:02.628 | Start control server on port 5555
I [../src/rrr/rpc/server.cpp:575] 2022-05-19 21:28:02.628 | bind address is: 0.0.0.0:5555
I [../src/rrr/reactor/reactor.cc:389] 2022-05-19 21:28:02.628 | starting poll thread
I [../src/rrr/rpc/server.cpp:570] 2022-05-19 21:28:02.628 | rrr::Server: started on 0.0.0.0:5555
I [../src/deptran/s_main.cc:314] 2022-05-19 21:28:02.628 | no servers on this process
I [../src/deptran/s_main.cc:54] 2022-05-19 21:28:02.628 | client enabled, number of sites: 1
I [../src/rrr/reactor/reactor.cc:389] 2022-05-19 21:28:02.628 | starting poll thread
I [../src/deptran/communicator.cc:25] 2022-05-19 21:28:02.628 | size of partitions: 1
I [../src/deptran/communicator.cc:191] 2022-05-19 21:28:04.635 | connect to site: 10.0.0.13:10000 success!
I [../src/deptran/communicator.cc:191] 2022-05-19 21:28:04.636 | connect to site: 10.0.0.14:10001 success!
I [../src/deptran/communicator.cc:191] 2022-05-19 21:28:04.636 | connect to site: 10.0.0.15:10002 success!
I [../src/deptran/communicator.cc:191] 2022-05-19 21:28:04.637 | connect to site: 10.0.0.55:10003 success!
I [../src/deptran/communicator.cc:191] 2022-05-19 21:28:04.638 | connect to site: 10.0.0.58:10004 success!
I [../src/deptran/communicator.cc:74] 2022-05-19 21:28:04.638 | Done waiting to connect to client leaders.
I [../src/deptran/client_worker.cc:330] 2022-05-19 21:28:06.356 | wait for finish... n_ceased_cleints: 0,  n_issued: 0, n_done: 0, n_created_coordinator: 0
I [../src/deptran/client_worker.cc:314] 2022-05-19 21:28:06.357 | wait for all virtual clients to stop issuing new requests.
I [../src/deptran/client_worker.cc:330] 2022-05-19 21:28:11.356 | wait for finish... n_ceased_cleints: 0,  n_issued: 24009, n_done: 23969, n_created_coordinator: 40
I [../src/deptran/client_worker.cc:330] 2022-05-19 21:28:16.356 | wait for finish... n_ceased_cleints: 0,  n_issued: 50190, n_done: 50150, n_created_coordinator: 40
I [../src/deptran/client_worker.cc:330] 2022-05-19 21:28:21.356 | wait for finish... n_ceased_cleints: 0,  n_issued: 76315, n_done: 76275, n_created_coordinator: 40
I [../src/deptran/client_worker.cc:330] 2022-05-19 21:28:26.357 | wait for finish... n_ceased_cleints: 0,  n_issued: 102358, n_done: 102318, n_created_coordinator: 40
I [../src/deptran/client_worker.cc:330] 2022-05-19 21:28:31.357 | wait for finish... n_ceased_cleints: 0,  n_issued: 128774, n_done: 128734, n_created_coordinator: 40
I [../src/deptran/client_worker.cc:330] 2022-05-19 21:28:36.357 | wait for finish... n_ceased_cleints: 0,  n_issued: 154840, n_done: 154800, n_created_coordinator: 40
I [../src/deptran/client_worker.cc:330] 2022-05-19 21:28:41.357 | wait for finish... n_ceased_cleints: 0,  n_issued: 180941, n_done: 180901, n_created_coordinator: 40
I [../src/deptran/client_worker.cc:330] 2022-05-19 21:28:46.357 | wait for finish... n_ceased_cleints: 0,  n_issued: 206833, n_done: 206794, n_created_coordinator: 40
I [../src/deptran/client_worker.cc:330] 2022-05-19 21:28:51.357 | wait for finish... n_ceased_cleints: 0,  n_issued: 233048, n_done: 233008, n_created_coordinator: 40
I [../src/deptran/client_worker.cc:330] 2022-05-19 21:28:56.357 | wait for finish... n_ceased_cleints: 0,  n_issued: 259427, n_done: 259387, n_created_coordinator: 40
I [../src/deptran/client_worker.cc:330] 2022-05-19 21:29:01.357 | wait for finish... n_ceased_cleints: 0,  n_issued: 286006, n_done: 285966, n_created_coordinator: 40
I [../src/deptran/s_main.cc:140] 2022-05-19 21:29:04.638 | wait_for_clients: wait for client threads to exit.
I [../src/deptran/client_worker.cc:330] 2022-05-19 21:29:06.357 | wait for finish... n_ceased_cleints: 0,  n_issued: 312684, n_done: 312644, n_created_coordinator: 40
I [../src/deptran/client_worker.cc:317] 2022-05-19 21:29:07.344 | wait for all outstanding requests to finish.
I [../src/deptran/client_worker.cc:343] 2022-05-19 21:29:11.358 | Finish:
Total: 315461, Commit: 315461, Attempts: 0, Running for 60, Throughput: 5257.68

I [../src/deptran/client_worker.cc:348] 2022-05-19 21:29:11.358 | Work: wait_for_shutdown at client 5
