I [../src/deptran/s_main.cc:136] 2022-05-20 09:18:17.741 | PWD : 
I [../src/deptran/s_main.cc:284] 2022-05-20 09:18:17.741 | starting process 11671
I [../src/deptran/s_main.cc:279] 2022-05-20 09:18:17.741 | ulimit -n is 1024
I [../src/deptran/config.cc:285] 2022-05-20 09:18:17.741 | LoadYML: /home/xuhao/code/depfast/tmp/janus-final-testnameh7l8w5wp.yml
I [../src/deptran/config.cc:403] 2022-05-20 09:18:17.742 | BuildSiteProcMap
I [../src/deptran/config.cc:655] 2022-05-20 09:18:17.742 | group size: 1
I [../src/deptran/config.cc:681] 2022-05-20 09:18:17.742 | client forwarding: 0
I [../src/deptran/config.cc:320] 2022-05-20 09:18:17.742 | # of concurrent requests: 40
I [../src/deptran/s_main.cc:290] 2022-05-20 09:18:17.742 | Read config finish
I [../src/deptran/s_main.cc:30] 2022-05-20 09:18:17.742 | client_setup_heartbeat
I [../src/deptran/s_main.cc:46] 2022-05-20 09:18:17.742 | Start control server on port 5555
I [../src/rrr/rpc/server.cpp:575] 2022-05-20 09:18:17.742 | bind address is: 0.0.0.0:5555
I [../src/rrr/rpc/server.cpp:570] 2022-05-20 09:18:17.743 | rrr::Server: started on 0.0.0.0:5555
I [../src/deptran/s_main.cc:314] 2022-05-20 09:18:17.743 | no servers on this process
I [../src/deptran/s_main.cc:54] 2022-05-20 09:18:17.743 | client enabled, number of sites: 1
I [../src/deptran/communicator.cc:25] 2022-05-20 09:18:17.743 | size of partitions: 1
I [../src/rrr/reactor/reactor.cc:389] 2022-05-20 09:18:17.744 | starting poll thread
I [../src/rrr/reactor/reactor.cc:389] 2022-05-20 09:18:17.745 | starting poll thread
I [../src/deptran/communicator.cc:191] 2022-05-20 09:18:18.746 | connect to site: 10.0.0.13:10000 success!
I [../src/deptran/communicator.cc:191] 2022-05-20 09:18:19.749 | connect to site: 10.0.0.14:10001 success!
I [../src/deptran/communicator.cc:191] 2022-05-20 09:18:19.749 | connect to site: 10.0.0.15:10002 success!
I [../src/deptran/communicator.cc:191] 2022-05-20 09:18:19.751 | connect to site: 10.0.0.55:10003 success!
I [../src/deptran/communicator.cc:191] 2022-05-20 09:18:19.752 | connect to site: 10.0.0.58:10004 success!
I [../src/deptran/communicator.cc:74] 2022-05-20 09:18:19.753 | Done waiting to connect to client leaders.
I [../src/deptran/client_worker.cc:330] 2022-05-20 09:18:21.550 | wait for finish... n_ceased_cleints: 0,  n_issued: 0, n_done: 0, n_created_coordinator: 0
I [../src/deptran/client_worker.cc:314] 2022-05-20 09:18:21.551 | wait for all virtual clients to stop issuing new requests.
I [../src/deptran/client_worker.cc:330] 2022-05-20 09:18:26.550 | wait for finish... n_ceased_cleints: 0,  n_issued: 22855, n_done: 22815, n_created_coordinator: 40
I [../src/deptran/client_worker.cc:330] 2022-05-20 09:18:31.550 | wait for finish... n_ceased_cleints: 0,  n_issued: 48639, n_done: 48599, n_created_coordinator: 40
I [../src/deptran/client_worker.cc:330] 2022-05-20 09:18:36.550 | wait for finish... n_ceased_cleints: 0,  n_issued: 74140, n_done: 74100, n_created_coordinator: 40
I [../src/deptran/client_worker.cc:330] 2022-05-20 09:18:41.550 | wait for finish... n_ceased_cleints: 0,  n_issued: 99833, n_done: 99793, n_created_coordinator: 40
I [../src/deptran/client_worker.cc:330] 2022-05-20 09:18:46.550 | wait for finish... n_ceased_cleints: 0,  n_issued: 125650, n_done: 125610, n_created_coordinator: 40
I [../src/deptran/client_worker.cc:330] 2022-05-20 09:18:51.550 | wait for finish... n_ceased_cleints: 0,  n_issued: 151862, n_done: 151822, n_created_coordinator: 40
I [../src/deptran/client_worker.cc:330] 2022-05-20 09:18:56.551 | wait for finish... n_ceased_cleints: 0,  n_issued: 177976, n_done: 177936, n_created_coordinator: 40
I [../src/deptran/client_worker.cc:330] 2022-05-20 09:19:01.551 | wait for finish... n_ceased_cleints: 0,  n_issued: 203911, n_done: 203871, n_created_coordinator: 40
I [../src/deptran/client_worker.cc:330] 2022-05-20 09:19:06.551 | wait for finish... n_ceased_cleints: 0,  n_issued: 228705, n_done: 228665, n_created_coordinator: 40
I [../src/deptran/client_worker.cc:330] 2022-05-20 09:19:11.551 | wait for finish... n_ceased_cleints: 0,  n_issued: 253782, n_done: 253742, n_created_coordinator: 40
I [../src/deptran/client_worker.cc:330] 2022-05-20 09:19:16.551 | wait for finish... n_ceased_cleints: 0,  n_issued: 279375, n_done: 279335, n_created_coordinator: 40
I [../src/deptran/s_main.cc:140] 2022-05-20 09:19:19.752 | wait_for_clients: wait for client threads to exit.
I [../src/deptran/client_worker.cc:330] 2022-05-20 09:19:21.551 | wait for finish... n_ceased_cleints: 0,  n_issued: 304939, n_done: 304899, n_created_coordinator: 40
I [../src/deptran/client_worker.cc:317] 2022-05-20 09:19:22.535 | wait for all outstanding requests to finish.
I [../src/deptran/client_worker.cc:343] 2022-05-20 09:19:26.551 | Finish:
Total: 307698, Commit: 307698, Attempts: 0, Running for 60, Throughput: 5128.30

I [../src/deptran/client_worker.cc:348] 2022-05-20 09:19:26.551 | Work: wait_for_shutdown at client 5
