I [../src/deptran/s_main.cc:136] 2022-05-20 08:28:55.032 | PWD : 
I [../src/deptran/s_main.cc:284] 2022-05-20 08:28:55.032 | starting process 24565
I [../src/deptran/s_main.cc:279] 2022-05-20 08:28:55.032 | ulimit -n is 1024
I [../src/deptran/config.cc:285] 2022-05-20 08:28:55.032 | LoadYML: /home/xuhao/code/depfast/tmp/janus-final-testname8fkfh58c.yml
I [../src/deptran/config.cc:403] 2022-05-20 08:28:55.032 | BuildSiteProcMap
I [../src/deptran/config.cc:655] 2022-05-20 08:28:55.032 | group size: 1
I [../src/deptran/config.cc:681] 2022-05-20 08:28:55.032 | client forwarding: 0
I [../src/deptran/config.cc:320] 2022-05-20 08:28:55.032 | # of concurrent requests: 60
I [../src/deptran/s_main.cc:290] 2022-05-20 08:28:55.033 | Read config finish
I [../src/deptran/s_main.cc:30] 2022-05-20 08:28:55.033 | client_setup_heartbeat
I [../src/deptran/s_main.cc:46] 2022-05-20 08:28:55.033 | Start control server on port 5555
I [../src/rrr/rpc/server.cpp:575] 2022-05-20 08:28:55.033 | bind address is: 0.0.0.0:5555
I [../src/rrr/rpc/server.cpp:570] 2022-05-20 08:28:55.033 | rrr::Server: started on 0.0.0.0:5555
I [../src/deptran/s_main.cc:314] 2022-05-20 08:28:55.033 | no servers on this process
I [../src/deptran/s_main.cc:54] 2022-05-20 08:28:55.033 | client enabled, number of sites: 1
I [../src/deptran/communicator.cc:25] 2022-05-20 08:28:55.034 | size of partitions: 1
I [../src/rrr/reactor/reactor.cc:389] 2022-05-20 08:28:55.034 | starting poll thread
I [../src/rrr/reactor/reactor.cc:389] 2022-05-20 08:28:55.036 | starting poll thread
I [../src/deptran/communicator.cc:191] 2022-05-20 08:28:56.036 | connect to site: 10.0.0.13:10000 success!
I [../src/deptran/communicator.cc:191] 2022-05-20 08:28:57.041 | connect to site: 10.0.0.14:10001 success!
I [../src/deptran/communicator.cc:191] 2022-05-20 08:28:57.042 | connect to site: 10.0.0.15:10002 success!
I [../src/deptran/communicator.cc:191] 2022-05-20 08:28:57.043 | connect to site: 10.0.0.55:10003 success!
I [../src/deptran/communicator.cc:191] 2022-05-20 08:28:57.046 | connect to site: 10.0.0.58:10004 success!
I [../src/deptran/communicator.cc:74] 2022-05-20 08:28:57.047 | Done waiting to connect to client leaders.
I [../src/deptran/client_worker.cc:330] 2022-05-20 08:28:58.870 | wait for finish... n_ceased_cleints: 0,  n_issued: 0, n_done: 0, n_created_coordinator: 0
I [../src/deptran/client_worker.cc:314] 2022-05-20 08:28:58.872 | wait for all virtual clients to stop issuing new requests.
I [../src/deptran/client_worker.cc:330] 2022-05-20 08:29:03.870 | wait for finish... n_ceased_cleints: 0,  n_issued: 32037, n_done: 31977, n_created_coordinator: 60
I [../src/deptran/client_worker.cc:330] 2022-05-20 08:29:08.870 | wait for finish... n_ceased_cleints: 0,  n_issued: 67319, n_done: 67259, n_created_coordinator: 60
I [../src/deptran/client_worker.cc:330] 2022-05-20 08:29:13.870 | wait for finish... n_ceased_cleints: 0,  n_issued: 102488, n_done: 102428, n_created_coordinator: 60
I [../src/deptran/client_worker.cc:330] 2022-05-20 08:29:18.870 | wait for finish... n_ceased_cleints: 0,  n_issued: 138747, n_done: 138687, n_created_coordinator: 60
I [../src/deptran/client_worker.cc:330] 2022-05-20 08:29:23.870 | wait for finish... n_ceased_cleints: 0,  n_issued: 174921, n_done: 174861, n_created_coordinator: 60
I [../src/deptran/client_worker.cc:330] 2022-05-20 08:29:28.871 | wait for finish... n_ceased_cleints: 0,  n_issued: 210176, n_done: 210116, n_created_coordinator: 60
I [../src/deptran/client_worker.cc:330] 2022-05-20 08:29:33.871 | wait for finish... n_ceased_cleints: 0,  n_issued: 245623, n_done: 245563, n_created_coordinator: 60
I [../src/deptran/client_worker.cc:330] 2022-05-20 08:29:38.871 | wait for finish... n_ceased_cleints: 0,  n_issued: 281081, n_done: 281021, n_created_coordinator: 60
I [../src/deptran/client_worker.cc:330] 2022-05-20 08:29:43.871 | wait for finish... n_ceased_cleints: 0,  n_issued: 316477, n_done: 316417, n_created_coordinator: 60
I [../src/deptran/client_worker.cc:330] 2022-05-20 08:29:48.871 | wait for finish... n_ceased_cleints: 0,  n_issued: 351778, n_done: 351718, n_created_coordinator: 60
I [../src/deptran/client_worker.cc:330] 2022-05-20 08:29:53.871 | wait for finish... n_ceased_cleints: 0,  n_issued: 386399, n_done: 386339, n_created_coordinator: 60
I [../src/deptran/s_main.cc:140] 2022-05-20 08:29:57.047 | wait_for_clients: wait for client threads to exit.
I [../src/deptran/client_worker.cc:330] 2022-05-20 08:29:58.871 | wait for finish... n_ceased_cleints: 0,  n_issued: 420769, n_done: 420709, n_created_coordinator: 60
I [../src/deptran/client_worker.cc:317] 2022-05-20 08:29:59.875 | wait for all outstanding requests to finish.
I [../src/deptran/client_worker.cc:343] 2022-05-20 08:30:03.871 | Finish:
Total: 424604, Commit: 424604, Attempts: 0, Running for 60, Throughput: 7076.73

I [../src/deptran/client_worker.cc:348] 2022-05-20 08:30:03.871 | Work: wait_for_shutdown at client 5
