I [../src/deptran/s_main.cc:136] 2022-05-19 22:15:14.691 | PWD : 
I [../src/deptran/s_main.cc:284] 2022-05-19 22:15:14.691 | starting process 2379
I [../src/deptran/s_main.cc:279] 2022-05-19 22:15:14.691 | ulimit -n is 1024
I [../src/deptran/config.cc:285] 2022-05-19 22:15:14.691 | LoadYML: /home/xuhao/code/depfast/tmp/janus-final-testname3cmju6gd.yml
I [../src/deptran/config.cc:403] 2022-05-19 22:15:14.692 | BuildSiteProcMap
I [../src/deptran/config.cc:655] 2022-05-19 22:15:14.692 | group size: 1
I [../src/deptran/config.cc:681] 2022-05-19 22:15:14.692 | client forwarding: 0
I [../src/deptran/config.cc:320] 2022-05-19 22:15:14.692 | # of concurrent requests: 220
I [../src/deptran/s_main.cc:290] 2022-05-19 22:15:14.692 | Read config finish
I [../src/deptran/s_main.cc:30] 2022-05-19 22:15:14.692 | client_setup_heartbeat
I [../src/deptran/s_main.cc:46] 2022-05-19 22:15:14.692 | Start control server on port 5555
I [../src/rrr/rpc/server.cpp:575] 2022-05-19 22:15:14.692 | bind address is: 0.0.0.0:5555
I [../src/rrr/rpc/server.cpp:570] 2022-05-19 22:15:14.692 | rrr::Server: started on 0.0.0.0:5555
I [../src/rrr/reactor/reactor.cc:389] 2022-05-19 22:15:14.692 | starting poll thread
I [../src/deptran/s_main.cc:314] 2022-05-19 22:15:14.692 | no servers on this process
I [../src/deptran/s_main.cc:54] 2022-05-19 22:15:14.692 | client enabled, number of sites: 1
I [../src/rrr/reactor/reactor.cc:389] 2022-05-19 22:15:14.692 | starting poll thread
I [../src/deptran/communicator.cc:25] 2022-05-19 22:15:14.692 | size of partitions: 1
I [../src/deptran/communicator.cc:191] 2022-05-19 22:15:16.695 | connect to site: 10.0.0.13:10000 success!
I [../src/deptran/communicator.cc:191] 2022-05-19 22:15:16.696 | connect to site: 10.0.0.14:10001 success!
I [../src/deptran/communicator.cc:191] 2022-05-19 22:15:16.697 | connect to site: 10.0.0.15:10002 success!
I [../src/deptran/communicator.cc:191] 2022-05-19 22:15:16.698 | connect to site: 10.0.0.55:10003 success!
I [../src/deptran/communicator.cc:191] 2022-05-19 22:15:16.699 | connect to site: 10.0.0.58:10004 success!
I [../src/deptran/communicator.cc:74] 2022-05-19 22:15:16.699 | Done waiting to connect to client leaders.
I [../src/deptran/client_worker.cc:330] 2022-05-19 22:15:18.422 | wait for finish... n_ceased_cleints: 0,  n_issued: 0, n_done: 0, n_created_coordinator: 0
I [../src/deptran/client_worker.cc:314] 2022-05-19 22:15:18.425 | wait for all virtual clients to stop issuing new requests.
I [../src/deptran/client_worker.cc:330] 2022-05-19 22:15:23.422 | wait for finish... n_ceased_cleints: 0,  n_issued: 62322, n_done: 62102, n_created_coordinator: 220
I [../src/deptran/client_worker.cc:330] 2022-05-19 22:15:28.423 | wait for finish... n_ceased_cleints: 0,  n_issued: 129212, n_done: 128992, n_created_coordinator: 220
I [../src/deptran/client_worker.cc:330] 2022-05-19 22:15:33.423 | wait for finish... n_ceased_cleints: 0,  n_issued: 193514, n_done: 193294, n_created_coordinator: 220
I [../src/deptran/client_worker.cc:330] 2022-05-19 22:15:38.423 | wait for finish... n_ceased_cleints: 0,  n_issued: 255656, n_done: 255436, n_created_coordinator: 220
I [../src/deptran/client_worker.cc:330] 2022-05-19 22:15:43.423 | wait for finish... n_ceased_cleints: 0,  n_issued: 318181, n_done: 317961, n_created_coordinator: 220
I [../src/deptran/client_worker.cc:330] 2022-05-19 22:15:48.423 | wait for finish... n_ceased_cleints: 0,  n_issued: 381291, n_done: 381071, n_created_coordinator: 220
I [../src/deptran/client_worker.cc:330] 2022-05-19 22:15:53.423 | wait for finish... n_ceased_cleints: 0,  n_issued: 445408, n_done: 445188, n_created_coordinator: 220
I [../src/deptran/client_worker.cc:330] 2022-05-19 22:15:58.423 | wait for finish... n_ceased_cleints: 0,  n_issued: 509811, n_done: 509591, n_created_coordinator: 220
I [../src/deptran/client_worker.cc:330] 2022-05-19 22:16:03.423 | wait for finish... n_ceased_cleints: 0,  n_issued: 574206, n_done: 573986, n_created_coordinator: 220
I [../src/deptran/client_worker.cc:330] 2022-05-19 22:16:08.423 | wait for finish... n_ceased_cleints: 0,  n_issued: 634375, n_done: 634155, n_created_coordinator: 220
I [../src/deptran/client_worker.cc:330] 2022-05-19 22:16:13.424 | wait for finish... n_ceased_cleints: 0,  n_issued: 698408, n_done: 698188, n_created_coordinator: 220
I [../src/deptran/client_worker.cc:330] 2022-05-19 22:16:18.424 | wait for finish... n_ceased_cleints: 0,  n_issued: 760281, n_done: 760061, n_created_coordinator: 220
I [../src/deptran/client_worker.cc:330] 2022-05-19 22:16:23.424 | wait for finish... n_ceased_cleints: 0,  n_issued: 824708, n_done: 824488, n_created_coordinator: 220
I [../src/deptran/client_worker.cc:330] 2022-05-19 22:16:28.424 | wait for finish... n_ceased_cleints: 0,  n_issued: 888795, n_done: 888575, n_created_coordinator: 220
I [../src/deptran/client_worker.cc:330] 2022-05-19 22:16:33.424 | wait for finish... n_ceased_cleints: 0,  n_issued: 951952, n_done: 951732, n_created_coordinator: 220
I [../src/deptran/client_worker.cc:330] 2022-05-19 22:16:38.424 | wait for finish... n_ceased_cleints: 0,  n_issued: 1016251, n_done: 1016031, n_created_coordinator: 220
I [../src/deptran/client_worker.cc:330] 2022-05-19 22:16:43.424 | wait for finish... n_ceased_cleints: 0,  n_issued: 1071941, n_done: 1071721, n_created_coordinator: 220
I [../src/deptran/client_worker.cc:330] 2022-05-19 22:16:48.424 | wait for finish... n_ceased_cleints: 0,  n_issued: 1135350, n_done: 1135130, n_created_coordinator: 220
I [../src/deptran/client_worker.cc:330] 2022-05-19 22:16:53.424 | wait for finish... n_ceased_cleints: 0,  n_issued: 1200732, n_done: 1200512, n_created_coordinator: 220
I [../src/deptran/client_worker.cc:330] 2022-05-19 22:16:58.425 | wait for finish... n_ceased_cleints: 0,  n_issued: 1264934, n_done: 1264714, n_created_coordinator: 220
I [../src/deptran/client_worker.cc:330] 2022-05-19 22:17:03.425 | wait for finish... n_ceased_cleints: 0,  n_issued: 1329247, n_done: 1329027, n_created_coordinator: 220
I [../src/deptran/client_worker.cc:330] 2022-05-19 22:17:08.425 | wait for finish... n_ceased_cleints: 0,  n_issued: 1394400, n_done: 1394180, n_created_coordinator: 220
I [../src/deptran/client_worker.cc:330] 2022-05-19 22:17:13.425 | wait for finish... n_ceased_cleints: 0,  n_issued: 1460112, n_done: 1459892, n_created_coordinator: 220
I [../src/deptran/client_worker.cc:330] 2022-05-19 22:17:18.425 | wait for finish... n_ceased_cleints: 0,  n_issued: 1525274, n_done: 1525054, n_created_coordinator: 220
I [../src/deptran/client_worker.cc:330] 2022-05-19 22:17:23.425 | wait for finish... n_ceased_cleints: 0,  n_issued: 1589537, n_done: 1589317, n_created_coordinator: 220
I [../src/deptran/client_worker.cc:330] 2022-05-19 22:17:28.425 | wait for finish... n_ceased_cleints: 0,  n_issued: 1655012, n_done: 1654792, n_created_coordinator: 220
I [../src/deptran/client_worker.cc:330] 2022-05-19 22:17:33.425 | wait for finish... n_ceased_cleints: 0,  n_issued: 1719335, n_done: 1719115, n_created_coordinator: 220
I [../src/deptran/client_worker.cc:330] 2022-05-19 22:17:38.425 | wait for finish... n_ceased_cleints: 0,  n_issued: 1784107, n_done: 1783887, n_created_coordinator: 220
I [../src/rrr/rpc/server.cpp:157] 2022-05-19 22:17:42.094 | no bytes read
I [../src/deptran/client_worker.cc:330] 2022-05-19 22:17:43.426 | wait for finish... n_ceased_cleints: 0,  n_issued: 1846295, n_done: 1846075, n_created_coordinator: 220
I [../src/deptran/client_worker.cc:330] 2022-05-19 22:17:48.426 | wait for finish... n_ceased_cleints: 0,  n_issued: 1909962, n_done: 1909742, n_created_coordinator: 220
I [../src/deptran/client_worker.cc:330] 2022-05-19 22:17:53.426 | wait for finish... n_ceased_cleints: 0,  n_issued: 1974674, n_done: 1974454, n_created_coordinator: 220
I [../src/deptran/client_worker.cc:330] 2022-05-19 22:17:58.426 | wait for finish... n_ceased_cleints: 0,  n_issued: 2022808, n_done: 2022588, n_created_coordinator: 220
I [../src/deptran/client_worker.cc:330] 2022-05-19 22:18:03.426 | wait for finish... n_ceased_cleints: 0,  n_issued: 2086743, n_done: 2086523, n_created_coordinator: 220
I [../src/deptran/client_worker.cc:330] 2022-05-19 22:18:08.426 | wait for finish... n_ceased_cleints: 0,  n_issued: 2144636, n_done: 2144416, n_created_coordinator: 220
I [../src/deptran/client_worker.cc:330] 2022-05-19 22:18:13.426 | wait for finish... n_ceased_cleints: 0,  n_issued: 2203537, n_done: 2203317, n_created_coordinator: 220
I [../src/deptran/s_main.cc:140] 2022-05-19 22:18:16.699 | wait_for_clients: wait for client threads to exit.
I [../src/deptran/client_worker.cc:330] 2022-05-19 22:18:18.426 | wait for finish... n_ceased_cleints: 0,  n_issued: 2248783, n_done: 2248563, n_created_coordinator: 220
I [../src/deptran/client_worker.cc:317] 2022-05-19 22:18:19.426 | wait for all outstanding requests to finish.
I [../src/deptran/client_worker.cc:343] 2022-05-19 22:18:23.426 | Finish:
Total: 2256958, Commit: 2256958, Attempts: 0, Running for 180, Throughput: 12538.66

I [../src/deptran/client_worker.cc:348] 2022-05-19 22:18:23.426 | Work: wait_for_shutdown at client 5
