I [../src/deptran/s_main.cc:136] 2022-05-25 23:59:57.504 | PWD : 
I [../src/deptran/s_main.cc:284] 2022-05-25 23:59:57.504 | starting process 11362
I [../src/deptran/s_main.cc:279] 2022-05-25 23:59:57.504 | ulimit -n is 1024
I [../src/deptran/config.cc:285] 2022-05-25 23:59:57.504 | LoadYML: /home/xuhao/code/depfast/tmp/janus-final-testnamezpb9c4u9.yml
I [../src/deptran/config.cc:403] 2022-05-25 23:59:57.504 | BuildSiteProcMap
I [../src/deptran/config.cc:655] 2022-05-25 23:59:57.504 | group size: 1
I [../src/deptran/config.cc:681] 2022-05-25 23:59:57.504 | client forwarding: 0
I [../src/deptran/config.cc:320] 2022-05-25 23:59:57.504 | # of concurrent requests: 40
I [../src/deptran/s_main.cc:290] 2022-05-25 23:59:57.504 | Read config finish
I [../src/deptran/s_main.cc:30] 2022-05-25 23:59:57.504 | client_setup_heartbeat
I [../src/deptran/s_main.cc:46] 2022-05-25 23:59:57.505 | Start control server on port 5555
I [../src/rrr/rpc/server.cpp:575] 2022-05-25 23:59:57.505 | bind address is: 0.0.0.0:5555
I [../src/rrr/rpc/server.cpp:570] 2022-05-25 23:59:57.505 | rrr::Server: started on 0.0.0.0:5555
I [../src/deptran/s_main.cc:314] 2022-05-25 23:59:57.505 | no servers on this process
I [../src/deptran/s_main.cc:54] 2022-05-25 23:59:57.505 | client enabled, number of sites: 1
I [../src/deptran/communicator.cc:25] 2022-05-25 23:59:57.506 | size of partitions: 1
I [../src/rrr/reactor/reactor.cc:389] 2022-05-25 23:59:57.507 | starting poll thread
I [../src/rrr/reactor/reactor.cc:389] 2022-05-25 23:59:57.507 | starting poll thread
I [../src/deptran/communicator.cc:191] 2022-05-25 23:59:58.508 | connect to site: 10.0.0.13:10000 success!
I [../src/deptran/communicator.cc:191] 2022-05-25 23:59:59.510 | connect to site: 10.0.0.14:10001 success!
I [../src/deptran/communicator.cc:191] 2022-05-26 00:00:00.512 | connect to site: 10.0.0.15:10002 success!
I [../src/deptran/communicator.cc:74] 2022-05-26 00:00:00.513 | Done waiting to connect to client leaders.
I [../src/deptran/client_worker.cc:330] 2022-05-26 00:00:01.272 | wait for finish... n_ceased_cleints: 0,  n_issued: 0, n_done: 0, n_created_coordinator: 0
I [../src/deptran/client_worker.cc:314] 2022-05-26 00:00:01.273 | wait for all virtual clients to stop issuing new requests.
I [../src/deptran/client_worker.cc:330] 2022-05-26 00:00:06.272 | wait for finish... n_ceased_cleints: 0,  n_issued: 146364, n_done: 146324, n_created_coordinator: 40
I [../src/deptran/client_worker.cc:330] 2022-05-26 00:00:11.272 | wait for finish... n_ceased_cleints: 0,  n_issued: 299269, n_done: 299229, n_created_coordinator: 40
I [../src/deptran/client_worker.cc:330] 2022-05-26 00:00:16.272 | wait for finish... n_ceased_cleints: 0,  n_issued: 450344, n_done: 450304, n_created_coordinator: 40
I [../src/deptran/client_worker.cc:330] 2022-05-26 00:00:21.272 | wait for finish... n_ceased_cleints: 0,  n_issued: 603156, n_done: 603116, n_created_coordinator: 40
I [../src/deptran/client_worker.cc:330] 2022-05-26 00:00:26.272 | wait for finish... n_ceased_cleints: 0,  n_issued: 756834, n_done: 756794, n_created_coordinator: 40
I [../src/deptran/client_worker.cc:330] 2022-05-26 00:00:31.272 | wait for finish... n_ceased_cleints: 0,  n_issued: 908646, n_done: 908606, n_created_coordinator: 40
I [../src/deptran/client_worker.cc:330] 2022-05-26 00:00:36.272 | wait for finish... n_ceased_cleints: 0,  n_issued: 1057872, n_done: 1057832, n_created_coordinator: 40
I [../src/deptran/client_worker.cc:330] 2022-05-26 00:00:41.273 | wait for finish... n_ceased_cleints: 0,  n_issued: 1206875, n_done: 1206835, n_created_coordinator: 40
I [../src/deptran/client_worker.cc:330] 2022-05-26 00:00:46.273 | wait for finish... n_ceased_cleints: 0,  n_issued: 1356449, n_done: 1356409, n_created_coordinator: 40
I [../src/deptran/client_worker.cc:330] 2022-05-26 00:00:51.273 | wait for finish... n_ceased_cleints: 0,  n_issued: 1505101, n_done: 1505061, n_created_coordinator: 40
I [../src/deptran/client_worker.cc:330] 2022-05-26 00:00:56.273 | wait for finish... n_ceased_cleints: 0,  n_issued: 1655561, n_done: 1655521, n_created_coordinator: 40
I [../src/deptran/client_worker.cc:330] 2022-05-26 00:01:01.273 | wait for finish... n_ceased_cleints: 0,  n_issued: 1807260, n_done: 1807220, n_created_coordinator: 40
I [../src/deptran/client_worker.cc:330] 2022-05-26 00:01:06.273 | wait for finish... n_ceased_cleints: 0,  n_issued: 1957959, n_done: 1957919, n_created_coordinator: 40
I [../src/deptran/client_worker.cc:330] 2022-05-26 00:01:11.273 | wait for finish... n_ceased_cleints: 0,  n_issued: 2107549, n_done: 2107509, n_created_coordinator: 40
I [../src/deptran/client_worker.cc:330] 2022-05-26 00:01:16.273 | wait for finish... n_ceased_cleints: 0,  n_issued: 2250111, n_done: 2250071, n_created_coordinator: 40
I [../src/deptran/client_worker.cc:330] 2022-05-26 00:01:21.273 | wait for finish... n_ceased_cleints: 0,  n_issued: 2394197, n_done: 2394157, n_created_coordinator: 40
I [../src/deptran/client_worker.cc:330] 2022-05-26 00:01:26.274 | wait for finish... n_ceased_cleints: 0,  n_issued: 2536944, n_done: 2536904, n_created_coordinator: 40
I [../src/deptran/client_worker.cc:330] 2022-05-26 00:01:31.274 | wait for finish... n_ceased_cleints: 0,  n_issued: 2680023, n_done: 2679983, n_created_coordinator: 40
I [../src/deptran/client_worker.cc:330] 2022-05-26 00:01:36.274 | wait for finish... n_ceased_cleints: 0,  n_issued: 2822828, n_done: 2822788, n_created_coordinator: 40
I [../src/deptran/client_worker.cc:330] 2022-05-26 00:01:41.274 | wait for finish... n_ceased_cleints: 0,  n_issued: 2964855, n_done: 2964815, n_created_coordinator: 40
I [../src/deptran/client_worker.cc:330] 2022-05-26 00:01:46.274 | wait for finish... n_ceased_cleints: 0,  n_issued: 3108281, n_done: 3108241, n_created_coordinator: 40
I [../src/deptran/client_worker.cc:330] 2022-05-26 00:01:51.274 | wait for finish... n_ceased_cleints: 0,  n_issued: 3249288, n_done: 3249248, n_created_coordinator: 40
I [../src/deptran/client_worker.cc:330] 2022-05-26 00:01:56.274 | wait for finish... n_ceased_cleints: 0,  n_issued: 3392102, n_done: 3392062, n_created_coordinator: 40
I [../src/deptran/client_worker.cc:330] 2022-05-26 00:02:01.274 | wait for finish... n_ceased_cleints: 0,  n_issued: 3535836, n_done: 3535796, n_created_coordinator: 40
I [../src/deptran/client_worker.cc:330] 2022-05-26 00:02:06.274 | wait for finish... n_ceased_cleints: 0,  n_issued: 3680317, n_done: 3680277, n_created_coordinator: 40
I [../src/deptran/client_worker.cc:330] 2022-05-26 00:02:11.275 | wait for finish... n_ceased_cleints: 0,  n_issued: 3824457, n_done: 3824417, n_created_coordinator: 40
I [../src/deptran/client_worker.cc:330] 2022-05-26 00:02:16.275 | wait for finish... n_ceased_cleints: 0,  n_issued: 3964272, n_done: 3964232, n_created_coordinator: 40
I [../src/deptran/client_worker.cc:330] 2022-05-26 00:02:21.275 | wait for finish... n_ceased_cleints: 0,  n_issued: 4107528, n_done: 4107488, n_created_coordinator: 40
I [../src/deptran/client_worker.cc:330] 2022-05-26 00:02:26.275 | wait for finish... n_ceased_cleints: 0,  n_issued: 4250248, n_done: 4250208, n_created_coordinator: 40
I [../src/deptran/client_worker.cc:330] 2022-05-26 00:02:31.275 | wait for finish... n_ceased_cleints: 0,  n_issued: 4391711, n_done: 4391671, n_created_coordinator: 40
I [../src/deptran/client_worker.cc:330] 2022-05-26 00:02:36.275 | wait for finish... n_ceased_cleints: 0,  n_issued: 4532536, n_done: 4532496, n_created_coordinator: 40
I [../src/deptran/client_worker.cc:330] 2022-05-26 00:02:41.275 | wait for finish... n_ceased_cleints: 0,  n_issued: 4672423, n_done: 4672383, n_created_coordinator: 40
I [../src/deptran/client_worker.cc:330] 2022-05-26 00:02:46.275 | wait for finish... n_ceased_cleints: 0,  n_issued: 4812531, n_done: 4812491, n_created_coordinator: 40
I [../src/deptran/client_worker.cc:330] 2022-05-26 00:02:51.275 | wait for finish... n_ceased_cleints: 0,  n_issued: 4950345, n_done: 4950305, n_created_coordinator: 40
I [../src/deptran/client_worker.cc:330] 2022-05-26 00:02:56.276 | wait for finish... n_ceased_cleints: 0,  n_issued: 5087798, n_done: 5087758, n_created_coordinator: 40
I [../src/deptran/s_main.cc:140] 2022-05-26 00:03:00.512 | wait_for_clients: wait for client threads to exit.
I [../src/deptran/client_worker.cc:330] 2022-05-26 00:03:01.276 | wait for finish... n_ceased_cleints: 0,  n_issued: 5227865, n_done: 5227825, n_created_coordinator: 40
I [../src/deptran/client_worker.cc:317] 2022-05-26 00:03:02.271 | wait for all outstanding requests to finish.
I [../src/deptran/client_worker.cc:343] 2022-05-26 00:03:06.276 | Finish:
Total: 5246654, Commit: 5246654, Attempts: 0, Running for 180, Throughput: 29148.08

I [../src/deptran/client_worker.cc:348] 2022-05-26 00:03:06.276 | Work: wait_for_shutdown at client 3
