I [../src/deptran/s_main.cc:136] 2022-05-21 00:28:23.340 | PWD : 
I [../src/deptran/s_main.cc:284] 2022-05-21 00:28:23.340 | starting process 20267
I [../src/deptran/s_main.cc:279] 2022-05-21 00:28:23.340 | ulimit -n is 1024
I [../src/deptran/config.cc:285] 2022-05-21 00:28:23.340 | LoadYML: /home/xuhao/code/depfast/tmp/janus-final-testnamedoipw0pi.yml
I [../src/deptran/config.cc:403] 2022-05-21 00:28:23.341 | BuildSiteProcMap
I [../src/deptran/config.cc:655] 2022-05-21 00:28:23.341 | group size: 1
I [../src/deptran/config.cc:655] 2022-05-21 00:28:23.341 | group size: 1
I [../src/deptran/config.cc:655] 2022-05-21 00:28:23.341 | group size: 1
I [../src/deptran/config.cc:681] 2022-05-21 00:28:23.341 | client forwarding: 0
I [../src/deptran/config.cc:320] 2022-05-21 00:28:23.341 | # of concurrent requests: 20
I [../src/deptran/s_main.cc:290] 2022-05-21 00:28:23.341 | Read config finish
I [../src/deptran/s_main.cc:30] 2022-05-21 00:28:23.341 | client_setup_heartbeat
I [../src/deptran/s_main.cc:46] 2022-05-21 00:28:23.342 | Start control server on port 5555
I [../src/rrr/rpc/server.cpp:575] 2022-05-21 00:28:23.342 | bind address is: 0.0.0.0:5555
I [../src/rrr/rpc/server.cpp:570] 2022-05-21 00:28:23.342 | rrr::Server: started on 0.0.0.0:5555
I [../src/deptran/s_main.cc:314] 2022-05-21 00:28:23.342 | no servers on this process
I [../src/deptran/s_main.cc:54] 2022-05-21 00:28:23.342 | client enabled, number of sites: 1
I [../src/deptran/communicator.cc:25] 2022-05-21 00:28:23.348 | size of partitions: 1
I [../src/rrr/reactor/reactor.cc:389] 2022-05-21 00:28:23.350 | starting poll thread
I [../src/rrr/reactor/reactor.cc:389] 2022-05-21 00:28:23.351 | starting poll thread
I [../src/deptran/communicator.cc:191] 2022-05-21 00:28:24.351 | connect to site: 10.0.0.13:10000 success!
I [../src/deptran/communicator.cc:191] 2022-05-21 00:28:24.352 | connect to site: 10.0.0.14:10001 success!
I [../src/deptran/communicator.cc:191] 2022-05-21 00:28:24.352 | connect to site: 10.0.0.15:10002 success!
I [../src/deptran/communicator.cc:191] 2022-05-21 00:28:24.353 | connect to site: 10.0.0.55:10003 success!
I [../src/deptran/communicator.cc:191] 2022-05-21 00:28:24.355 | connect to site: 10.0.0.58:10004 success!
I [../src/deptran/communicator.cc:74] 2022-05-21 00:28:24.356 | Done waiting to connect to client leaders.
I [../src/deptran/client_worker.cc:330] 2022-05-21 00:28:26.014 | wait for finish... n_ceased_cleints: 0,  n_issued: 0, n_done: 0, n_created_coordinator: 0
I [../src/deptran/client_worker.cc:314] 2022-05-21 00:28:26.016 | wait for all virtual clients to stop issuing new requests.
I [../src/deptran/client_worker.cc:330] 2022-05-21 00:28:31.014 | wait for finish... n_ceased_cleints: 0,  n_issued: 12511, n_done: 12491, n_created_coordinator: 20
I [../src/deptran/client_worker.cc:330] 2022-05-21 00:28:36.014 | wait for finish... n_ceased_cleints: 0,  n_issued: 26290, n_done: 26270, n_created_coordinator: 20
I [../src/deptran/client_worker.cc:330] 2022-05-21 00:28:41.015 | wait for finish... n_ceased_cleints: 0,  n_issued: 39959, n_done: 39939, n_created_coordinator: 20
I [../src/deptran/client_worker.cc:330] 2022-05-21 00:28:46.015 | wait for finish... n_ceased_cleints: 0,  n_issued: 53674, n_done: 53654, n_created_coordinator: 20
I [../src/deptran/client_worker.cc:330] 2022-05-21 00:28:51.015 | wait for finish... n_ceased_cleints: 0,  n_issued: 67352, n_done: 67332, n_created_coordinator: 20
I [../src/deptran/client_worker.cc:330] 2022-05-21 00:28:56.015 | wait for finish... n_ceased_cleints: 0,  n_issued: 81028, n_done: 81008, n_created_coordinator: 20
I [../src/deptran/client_worker.cc:330] 2022-05-21 00:29:01.015 | wait for finish... n_ceased_cleints: 0,  n_issued: 94624, n_done: 94604, n_created_coordinator: 20
I [../src/deptran/client_worker.cc:330] 2022-05-21 00:29:06.015 | wait for finish... n_ceased_cleints: 0,  n_issued: 108268, n_done: 108248, n_created_coordinator: 20
I [../src/deptran/client_worker.cc:330] 2022-05-21 00:29:11.015 | wait for finish... n_ceased_cleints: 0,  n_issued: 121912, n_done: 121892, n_created_coordinator: 20
I [../src/deptran/client_worker.cc:330] 2022-05-21 00:29:16.015 | wait for finish... n_ceased_cleints: 0,  n_issued: 135622, n_done: 135602, n_created_coordinator: 20
I [../src/deptran/client_worker.cc:330] 2022-05-21 00:29:21.015 | wait for finish... n_ceased_cleints: 0,  n_issued: 149413, n_done: 149393, n_created_coordinator: 20
I [../src/deptran/s_main.cc:140] 2022-05-21 00:29:24.355 | wait_for_clients: wait for client threads to exit.
I [../src/deptran/client_worker.cc:330] 2022-05-21 00:29:26.016 | wait for finish... n_ceased_cleints: 0,  n_issued: 163098, n_done: 163078, n_created_coordinator: 20
I [../src/deptran/client_worker.cc:317] 2022-05-21 00:29:26.997 | wait for all outstanding requests to finish.
I [../src/deptran/client_worker.cc:343] 2022-05-21 00:29:31.016 | Finish:
Total: 164504, Commit: 164504, Attempts: 0, Running for 60, Throughput: 2741.73

I [../src/deptran/client_worker.cc:348] 2022-05-21 00:29:31.016 | Work: wait_for_shutdown at client 5
