I [../src/deptran/s_main.cc:136] 2022-05-27 13:54:08.316 | PWD : 
I [../src/deptran/s_main.cc:284] 2022-05-27 13:54:08.317 | starting process 22506
I [../src/deptran/s_main.cc:279] 2022-05-27 13:54:08.317 | ulimit -n is 1024
I [../src/deptran/config.cc:285] 2022-05-27 13:54:08.317 | LoadYML: /home/xuhao/code/depfast/tmp/janus-final-testnamercierwdr.yml
I [../src/deptran/config.cc:403] 2022-05-27 13:54:08.317 | BuildSiteProcMap
I [../src/deptran/config.cc:655] 2022-05-27 13:54:08.317 | group size: 1
I [../src/deptran/config.cc:655] 2022-05-27 13:54:08.317 | group size: 1
I [../src/deptran/config.cc:655] 2022-05-27 13:54:08.317 | group size: 1
I [../src/deptran/config.cc:681] 2022-05-27 13:54:08.317 | client forwarding: 0
I [../src/deptran/config.cc:320] 2022-05-27 13:54:08.317 | # of concurrent requests: 100
I [../src/deptran/s_main.cc:290] 2022-05-27 13:54:08.318 | Read config finish
I [../src/deptran/s_main.cc:30] 2022-05-27 13:54:08.318 | client_setup_heartbeat
I [../src/deptran/s_main.cc:46] 2022-05-27 13:54:08.318 | Start control server on port 5555
I [../src/rrr/rpc/server.cpp:575] 2022-05-27 13:54:08.318 | bind address is: 0.0.0.0:5555
I [../src/rrr/rpc/server.cpp:570] 2022-05-27 13:54:08.318 | rrr::Server: started on 0.0.0.0:5555
I [../src/deptran/s_main.cc:314] 2022-05-27 13:54:08.318 | no servers on this process
I [../src/deptran/s_main.cc:54] 2022-05-27 13:54:08.318 | client enabled, number of sites: 1
I [../src/rrr/reactor/reactor.cc:389] 2022-05-27 13:54:08.319 | starting poll thread
I [../src/deptran/communicator.cc:25] 2022-05-27 13:54:08.319 | size of partitions: 1
I [../src/rrr/reactor/reactor.cc:389] 2022-05-27 13:54:08.321 | starting poll thread
I [../src/deptran/communicator.cc:191] 2022-05-27 13:54:09.321 | connect to site: 10.0.0.13:10000 success!
I [../src/deptran/communicator.cc:191] 2022-05-27 13:54:09.322 | connect to site: 10.0.0.14:10001 success!
I [../src/deptran/communicator.cc:191] 2022-05-27 13:54:09.323 | connect to site: 10.0.0.15:10002 success!
I [../src/deptran/communicator.cc:74] 2022-05-27 13:54:09.325 | Done waiting to connect to client leaders.
I [../src/deptran/client_worker.cc:330] 2022-05-27 13:54:10.907 | wait for finish... n_ceased_cleints: 0,  n_issued: 0, n_done: 0, n_created_coordinator: 0
I [../src/deptran/client_worker.cc:314] 2022-05-27 13:54:10.912 | wait for all virtual clients to stop issuing new requests.
I [../src/deptran/client_worker.cc:330] 2022-05-27 13:54:15.907 | wait for finish... n_ceased_cleints: 0,  n_issued: 30867, n_done: 30767, n_created_coordinator: 100
I [../src/deptran/client_worker.cc:330] 2022-05-27 13:54:20.907 | wait for finish... n_ceased_cleints: 0,  n_issued: 65221, n_done: 65121, n_created_coordinator: 100
I [../src/deptran/client_worker.cc:330] 2022-05-27 13:54:25.907 | wait for finish... n_ceased_cleints: 0,  n_issued: 99625, n_done: 99525, n_created_coordinator: 100
I [../src/deptran/client_worker.cc:330] 2022-05-27 13:54:30.907 | wait for finish... n_ceased_cleints: 0,  n_issued: 132738, n_done: 132638, n_created_coordinator: 100
I [../src/deptran/client_worker.cc:330] 2022-05-27 13:54:35.908 | wait for finish... n_ceased_cleints: 0,  n_issued: 165516, n_done: 165416, n_created_coordinator: 100
I [../src/deptran/client_worker.cc:330] 2022-05-27 13:54:40.908 | wait for finish... n_ceased_cleints: 0,  n_issued: 199144, n_done: 199044, n_created_coordinator: 100
I [../src/deptran/client_worker.cc:330] 2022-05-27 13:54:45.908 | wait for finish... n_ceased_cleints: 0,  n_issued: 232329, n_done: 232229, n_created_coordinator: 100
I [../src/deptran/client_worker.cc:330] 2022-05-27 13:54:50.908 | wait for finish... n_ceased_cleints: 0,  n_issued: 264979, n_done: 264879, n_created_coordinator: 100
I [../src/deptran/client_worker.cc:330] 2022-05-27 13:54:55.908 | wait for finish... n_ceased_cleints: 0,  n_issued: 296919, n_done: 296820, n_created_coordinator: 100
I [../src/deptran/client_worker.cc:330] 2022-05-27 13:55:00.908 | wait for finish... n_ceased_cleints: 0,  n_issued: 327726, n_done: 327626, n_created_coordinator: 100
I [../src/deptran/client_worker.cc:330] 2022-05-27 13:55:05.908 | wait for finish... n_ceased_cleints: 0,  n_issued: 360683, n_done: 360583, n_created_coordinator: 100
I [../src/deptran/s_main.cc:140] 2022-05-27 13:55:09.324 | wait_for_clients: wait for client threads to exit.
I [../src/deptran/client_worker.cc:330] 2022-05-27 13:55:10.909 | wait for finish... n_ceased_cleints: 0,  n_issued: 393716, n_done: 393616, n_created_coordinator: 100
I [../src/deptran/client_worker.cc:317] 2022-05-27 13:55:11.882 | wait for all outstanding requests to finish.
I [../src/deptran/client_worker.cc:343] 2022-05-27 13:55:15.909 | Finish:
Total: 397327, Commit: 397327, Attempts: 0, Running for 60, Throughput: 6622.12

I [../src/deptran/client_worker.cc:348] 2022-05-27 13:55:15.909 | Work: wait_for_shutdown at client 3
