I [../src/deptran/s_main.cc:136] 2022-05-20 15:02:09.849 | PWD : 
I [../src/deptran/s_main.cc:284] 2022-05-20 15:02:09.849 | starting process 2480
I [../src/deptran/s_main.cc:279] 2022-05-20 15:02:09.849 | ulimit -n is 1024
I [../src/deptran/config.cc:285] 2022-05-20 15:02:09.849 | LoadYML: /home/xuhao/code/depfast/tmp/janus-final-testnamevoittvut.yml
I [../src/deptran/config.cc:403] 2022-05-20 15:02:09.850 | BuildSiteProcMap
I [../src/deptran/config.cc:655] 2022-05-20 15:02:09.850 | group size: 1
I [../src/deptran/config.cc:681] 2022-05-20 15:02:09.850 | client forwarding: 0
I [../src/deptran/config.cc:320] 2022-05-20 15:02:09.850 | # of concurrent requests: 40
I [../src/deptran/s_main.cc:290] 2022-05-20 15:02:09.850 | Read config finish
I [../src/deptran/s_main.cc:30] 2022-05-20 15:02:09.850 | client_setup_heartbeat
I [../src/deptran/s_main.cc:46] 2022-05-20 15:02:09.850 | Start control server on port 5555
I [../src/rrr/rpc/server.cpp:575] 2022-05-20 15:02:09.850 | bind address is: 0.0.0.0:5555
I [../src/rrr/rpc/server.cpp:570] 2022-05-20 15:02:09.850 | rrr::Server: started on 0.0.0.0:5555
I [../src/deptran/s_main.cc:314] 2022-05-20 15:02:09.850 | no servers on this process
I [../src/deptran/s_main.cc:54] 2022-05-20 15:02:09.850 | client enabled, number of sites: 1
I [../src/rrr/reactor/reactor.cc:389] 2022-05-20 15:02:09.851 | starting poll thread
I [../src/deptran/communicator.cc:25] 2022-05-20 15:02:09.851 | size of partitions: 1
I [../src/rrr/reactor/reactor.cc:389] 2022-05-20 15:02:09.853 | starting poll thread
I [../src/deptran/communicator.cc:191] 2022-05-20 15:02:10.854 | connect to site: 10.0.0.13:10000 success!
I [../src/deptran/communicator.cc:191] 2022-05-20 15:02:11.856 | connect to site: 10.0.0.14:10001 success!
I [../src/deptran/communicator.cc:191] 2022-05-20 15:02:11.857 | connect to site: 10.0.0.15:10002 success!
I [../src/deptran/communicator.cc:74] 2022-05-20 15:02:11.858 | Done waiting to connect to client leaders.
I [../src/deptran/client_worker.cc:330] 2022-05-20 15:02:12.407 | wait for finish... n_ceased_cleints: 0,  n_issued: 0, n_done: 0, n_created_coordinator: 0
I [../src/deptran/client_worker.cc:314] 2022-05-20 15:02:12.409 | wait for all virtual clients to stop issuing new requests.
I [../src/deptran/client_worker.cc:330] 2022-05-20 15:02:17.407 | wait for finish... n_ceased_cleints: 0,  n_issued: 26652, n_done: 26612, n_created_coordinator: 40
I [../src/deptran/client_worker.cc:330] 2022-05-20 15:02:22.407 | wait for finish... n_ceased_cleints: 0,  n_issued: 55981, n_done: 55941, n_created_coordinator: 40
I [../src/deptran/client_worker.cc:330] 2022-05-20 15:02:27.407 | wait for finish... n_ceased_cleints: 0,  n_issued: 85160, n_done: 85120, n_created_coordinator: 40
I [../src/deptran/client_worker.cc:330] 2022-05-20 15:02:32.407 | wait for finish... n_ceased_cleints: 0,  n_issued: 114068, n_done: 114028, n_created_coordinator: 40
I [../src/deptran/client_worker.cc:330] 2022-05-20 15:02:37.407 | wait for finish... n_ceased_cleints: 0,  n_issued: 142821, n_done: 142781, n_created_coordinator: 40
I [../src/deptran/client_worker.cc:330] 2022-05-20 15:02:42.407 | wait for finish... n_ceased_cleints: 0,  n_issued: 172079, n_done: 172039, n_created_coordinator: 40
I [../src/deptran/client_worker.cc:330] 2022-05-20 15:02:47.408 | wait for finish... n_ceased_cleints: 0,  n_issued: 201501, n_done: 201461, n_created_coordinator: 40
I [../src/deptran/client_worker.cc:330] 2022-05-20 15:02:52.408 | wait for finish... n_ceased_cleints: 0,  n_issued: 230241, n_done: 230201, n_created_coordinator: 40
I [../src/deptran/client_worker.cc:330] 2022-05-20 15:02:57.408 | wait for finish... n_ceased_cleints: 0,  n_issued: 259005, n_done: 258965, n_created_coordinator: 40
I [../src/deptran/client_worker.cc:330] 2022-05-20 15:03:02.408 | wait for finish... n_ceased_cleints: 0,  n_issued: 287978, n_done: 287938, n_created_coordinator: 40
I [../src/deptran/client_worker.cc:330] 2022-05-20 15:03:07.408 | wait for finish... n_ceased_cleints: 0,  n_issued: 317165, n_done: 317125, n_created_coordinator: 40
I [../src/deptran/s_main.cc:140] 2022-05-20 15:03:11.857 | wait_for_clients: wait for client threads to exit.
I [../src/deptran/client_worker.cc:330] 2022-05-20 15:03:12.408 | wait for finish... n_ceased_cleints: 0,  n_issued: 346674, n_done: 346634, n_created_coordinator: 40
I [../src/deptran/client_worker.cc:317] 2022-05-20 15:03:13.407 | wait for all outstanding requests to finish.
I [../src/deptran/client_worker.cc:343] 2022-05-20 15:03:17.408 | Finish:
Total: 349940, Commit: 349940, Attempts: 0, Running for 60, Throughput: 5832.33

I [../src/deptran/client_worker.cc:348] 2022-05-20 15:03:17.408 | Work: wait_for_shutdown at client 3
