I [../src/deptran/s_main.cc:136] 2022-05-19 22:45:56.268 | PWD : 
I [../src/deptran/s_main.cc:284] 2022-05-19 22:45:56.268 | starting process 6289
I [../src/deptran/s_main.cc:279] 2022-05-19 22:45:56.268 | ulimit -n is 1024
I [../src/deptran/config.cc:285] 2022-05-19 22:45:56.268 | LoadYML: /home/xuhao/code/depfast/tmp/janus-final-testname_7n1tpk4.yml
I [../src/deptran/config.cc:403] 2022-05-19 22:45:56.269 | BuildSiteProcMap
I [../src/deptran/config.cc:655] 2022-05-19 22:45:56.269 | group size: 1
I [../src/deptran/config.cc:681] 2022-05-19 22:45:56.269 | client forwarding: 0
I [../src/deptran/config.cc:320] 2022-05-19 22:45:56.269 | # of concurrent requests: 8
I [../src/deptran/s_main.cc:290] 2022-05-19 22:45:56.269 | Read config finish
I [../src/deptran/s_main.cc:30] 2022-05-19 22:45:56.269 | client_setup_heartbeat
I [../src/deptran/s_main.cc:46] 2022-05-19 22:45:56.269 | Start control server on port 5555
I [../src/rrr/rpc/server.cpp:575] 2022-05-19 22:45:56.269 | bind address is: 0.0.0.0:5555
I [../src/rrr/rpc/server.cpp:570] 2022-05-19 22:45:56.269 | rrr::Server: started on 0.0.0.0:5555
I [../src/rrr/reactor/reactor.cc:389] 2022-05-19 22:45:56.269 | starting poll thread
I [../src/deptran/s_main.cc:314] 2022-05-19 22:45:56.269 | no servers on this process
I [../src/deptran/s_main.cc:54] 2022-05-19 22:45:56.269 | client enabled, number of sites: 1
I [../src/deptran/communicator.cc:25] 2022-05-19 22:45:56.269 | size of partitions: 1
I [../src/rrr/reactor/reactor.cc:389] 2022-05-19 22:45:56.269 | starting poll thread
I [../src/deptran/communicator.cc:191] 2022-05-19 22:45:58.273 | connect to site: 10.0.0.13:10000 success!
I [../src/deptran/communicator.cc:191] 2022-05-19 22:45:58.274 | connect to site: 10.0.0.14:10001 success!
I [../src/deptran/communicator.cc:191] 2022-05-19 22:45:58.275 | connect to site: 10.0.0.15:10002 success!
I [../src/deptran/communicator.cc:74] 2022-05-19 22:45:58.276 | Done waiting to connect to client leaders.
I [../src/deptran/client_worker.cc:330] 2022-05-19 22:45:59.848 | wait for finish... n_ceased_cleints: 0,  n_issued: 0, n_done: 0, n_created_coordinator: 0
I [../src/deptran/client_worker.cc:314] 2022-05-19 22:45:59.849 | wait for all virtual clients to stop issuing new requests.
I [../src/deptran/client_worker.cc:330] 2022-05-19 22:46:04.848 | wait for finish... n_ceased_cleints: 0,  n_issued: 48507, n_done: 48499, n_created_coordinator: 8
I [../src/deptran/client_worker.cc:330] 2022-05-19 22:46:09.848 | wait for finish... n_ceased_cleints: 0,  n_issued: 102237, n_done: 102229, n_created_coordinator: 8
I [../src/deptran/client_worker.cc:330] 2022-05-19 22:46:14.848 | wait for finish... n_ceased_cleints: 0,  n_issued: 155436, n_done: 155428, n_created_coordinator: 8
I [../src/deptran/client_worker.cc:330] 2022-05-19 22:46:19.848 | wait for finish... n_ceased_cleints: 0,  n_issued: 208243, n_done: 208235, n_created_coordinator: 8
I [../src/deptran/client_worker.cc:330] 2022-05-19 22:46:24.848 | wait for finish... n_ceased_cleints: 0,  n_issued: 260060, n_done: 260052, n_created_coordinator: 8
I [../src/deptran/client_worker.cc:330] 2022-05-19 22:46:29.848 | wait for finish... n_ceased_cleints: 0,  n_issued: 311940, n_done: 311932, n_created_coordinator: 8
I [../src/deptran/client_worker.cc:330] 2022-05-19 22:46:34.848 | wait for finish... n_ceased_cleints: 0,  n_issued: 364248, n_done: 364240, n_created_coordinator: 8
I [../src/deptran/client_worker.cc:330] 2022-05-19 22:46:39.849 | wait for finish... n_ceased_cleints: 0,  n_issued: 415409, n_done: 415401, n_created_coordinator: 8
I [../src/deptran/client_worker.cc:330] 2022-05-19 22:46:44.849 | wait for finish... n_ceased_cleints: 0,  n_issued: 467716, n_done: 467708, n_created_coordinator: 8
I [../src/deptran/client_worker.cc:330] 2022-05-19 22:46:49.849 | wait for finish... n_ceased_cleints: 0,  n_issued: 519586, n_done: 519578, n_created_coordinator: 8
I [../src/deptran/client_worker.cc:330] 2022-05-19 22:46:54.849 | wait for finish... n_ceased_cleints: 0,  n_issued: 574225, n_done: 574217, n_created_coordinator: 8
I [../src/deptran/s_main.cc:140] 2022-05-19 22:46:58.276 | wait_for_clients: wait for client threads to exit.
I [../src/deptran/client_worker.cc:330] 2022-05-19 22:46:59.849 | wait for finish... n_ceased_cleints: 0,  n_issued: 630122, n_done: 630114, n_created_coordinator: 8
I [../src/deptran/client_worker.cc:317] 2022-05-19 22:47:00.771 | wait for all outstanding requests to finish.
I [../src/deptran/client_worker.cc:343] 2022-05-19 22:47:04.849 | Finish:
Total: 638446, Commit: 638446, Attempts: 0, Running for 60, Throughput: 10640.77

I [../src/deptran/client_worker.cc:348] 2022-05-19 22:47:04.849 | Work: wait_for_shutdown at client 3
