I [../src/deptran/s_main.cc:136] 2022-05-27 05:39:50.757 | PWD : 
I [../src/deptran/s_main.cc:284] 2022-05-27 05:39:50.757 | starting process 15514
I [../src/deptran/s_main.cc:279] 2022-05-27 05:39:50.757 | ulimit -n is 1024
I [../src/deptran/config.cc:285] 2022-05-27 05:39:50.757 | LoadYML: /home/xuhao/code/depfast/tmp/janus-final-testname655t15og.yml
I [../src/deptran/config.cc:403] 2022-05-27 05:39:50.758 | BuildSiteProcMap
I [../src/deptran/config.cc:655] 2022-05-27 05:39:50.758 | group size: 1
I [../src/deptran/config.cc:681] 2022-05-27 05:39:50.758 | client forwarding: 0
I [../src/deptran/config.cc:320] 2022-05-27 05:39:50.758 | # of concurrent requests: 60
I [../src/deptran/s_main.cc:290] 2022-05-27 05:39:50.758 | Read config finish
I [../src/deptran/s_main.cc:30] 2022-05-27 05:39:50.758 | client_setup_heartbeat
I [../src/deptran/s_main.cc:46] 2022-05-27 05:39:50.758 | Start control server on port 5555
I [../src/rrr/rpc/server.cpp:575] 2022-05-27 05:39:50.758 | bind address is: 0.0.0.0:5555
I [../src/rrr/rpc/server.cpp:570] 2022-05-27 05:39:50.758 | rrr::Server: started on 0.0.0.0:5555
I [../src/deptran/s_main.cc:314] 2022-05-27 05:39:50.759 | no servers on this process
I [../src/deptran/s_main.cc:54] 2022-05-27 05:39:50.759 | client enabled, number of sites: 1
I [../src/rrr/reactor/reactor.cc:389] 2022-05-27 05:39:50.759 | starting poll thread
I [../src/deptran/communicator.cc:25] 2022-05-27 05:39:50.760 | size of partitions: 1
I [../src/rrr/reactor/reactor.cc:389] 2022-05-27 05:39:50.761 | starting poll thread
I [../src/deptran/communicator.cc:191] 2022-05-27 05:39:51.762 | connect to site: 10.0.0.13:10000 success!
I [../src/deptran/communicator.cc:191] 2022-05-27 05:39:52.765 | connect to site: 10.0.0.14:10001 success!
I [../src/deptran/communicator.cc:191] 2022-05-27 05:39:52.765 | connect to site: 10.0.0.15:10002 success!
I [../src/deptran/communicator.cc:74] 2022-05-27 05:39:52.767 | Done waiting to connect to client leaders.
I [../src/deptran/client_worker.cc:330] 2022-05-27 05:39:53.324 | wait for finish... n_ceased_cleints: 0,  n_issued: 0, n_done: 0, n_created_coordinator: 0
I [../src/deptran/client_worker.cc:314] 2022-05-27 05:39:53.327 | wait for all virtual clients to stop issuing new requests.
I [../src/deptran/client_worker.cc:330] 2022-05-27 05:39:58.325 | wait for finish... n_ceased_cleints: 0,  n_issued: 21948, n_done: 21888, n_created_coordinator: 60
I [../src/deptran/client_worker.cc:330] 2022-05-27 05:40:03.325 | wait for finish... n_ceased_cleints: 0,  n_issued: 45228, n_done: 45168, n_created_coordinator: 60
I [../src/deptran/client_worker.cc:330] 2022-05-27 05:40:08.325 | wait for finish... n_ceased_cleints: 0,  n_issued: 68206, n_done: 68146, n_created_coordinator: 60
I [../src/deptran/client_worker.cc:330] 2022-05-27 05:40:13.325 | wait for finish... n_ceased_cleints: 0,  n_issued: 91742, n_done: 91682, n_created_coordinator: 60
I [../src/deptran/client_worker.cc:330] 2022-05-27 05:40:18.325 | wait for finish... n_ceased_cleints: 0,  n_issued: 114809, n_done: 114749, n_created_coordinator: 60
I [../src/deptran/client_worker.cc:330] 2022-05-27 05:40:23.325 | wait for finish... n_ceased_cleints: 0,  n_issued: 137515, n_done: 137455, n_created_coordinator: 60
I [../src/deptran/client_worker.cc:330] 2022-05-27 05:40:28.325 | wait for finish... n_ceased_cleints: 0,  n_issued: 160655, n_done: 160595, n_created_coordinator: 60
I [../src/deptran/client_worker.cc:330] 2022-05-27 05:40:33.325 | wait for finish... n_ceased_cleints: 0,  n_issued: 183816, n_done: 183756, n_created_coordinator: 60
I [../src/deptran/client_worker.cc:330] 2022-05-27 05:40:38.326 | wait for finish... n_ceased_cleints: 0,  n_issued: 206718, n_done: 206658, n_created_coordinator: 60
I [../src/deptran/client_worker.cc:330] 2022-05-27 05:40:43.326 | wait for finish... n_ceased_cleints: 0,  n_issued: 229439, n_done: 229379, n_created_coordinator: 60
I [../src/deptran/client_worker.cc:330] 2022-05-27 05:40:48.326 | wait for finish... n_ceased_cleints: 0,  n_issued: 252230, n_done: 252170, n_created_coordinator: 60
I [../src/deptran/s_main.cc:140] 2022-05-27 05:40:52.766 | wait_for_clients: wait for client threads to exit.
I [../src/deptran/client_worker.cc:330] 2022-05-27 05:40:53.326 | wait for finish... n_ceased_cleints: 0,  n_issued: 275741, n_done: 275681, n_created_coordinator: 60
I [../src/deptran/client_worker.cc:317] 2022-05-27 05:40:54.312 | wait for all outstanding requests to finish.
I [../src/deptran/client_worker.cc:343] 2022-05-27 05:40:58.326 | Finish:
Total: 277754, Commit: 277754, Attempts: 0, Running for 60, Throughput: 4629.23

I [../src/deptran/client_worker.cc:348] 2022-05-27 05:40:58.326 | Work: wait_for_shutdown at client 3
