I [../src/deptran/s_main.cc:136] 2022-05-19 20:31:35.171 | PWD : 
I [../src/deptran/s_main.cc:284] 2022-05-19 20:31:35.171 | starting process 18729
I [../src/deptran/s_main.cc:279] 2022-05-19 20:31:35.171 | ulimit -n is 1024
I [../src/deptran/config.cc:285] 2022-05-19 20:31:35.172 | LoadYML: /home/xuhao/code/depfast/tmp/janus-final-testname5u825ges.yml
I [../src/deptran/config.cc:403] 2022-05-19 20:31:35.172 | BuildSiteProcMap
I [../src/deptran/config.cc:655] 2022-05-19 20:31:35.172 | group size: 1
I [../src/deptran/config.cc:681] 2022-05-19 20:31:35.172 | client forwarding: 0
I [../src/deptran/config.cc:320] 2022-05-19 20:31:35.172 | # of concurrent requests: 220
I [../src/deptran/s_main.cc:290] 2022-05-19 20:31:35.172 | Read config finish
I [../src/deptran/s_main.cc:30] 2022-05-19 20:31:35.172 | client_setup_heartbeat
I [../src/deptran/s_main.cc:46] 2022-05-19 20:31:35.172 | Start control server on port 5555
I [../src/rrr/rpc/server.cpp:575] 2022-05-19 20:31:35.172 | bind address is: 0.0.0.0:5555
I [../src/rrr/reactor/reactor.cc:389] 2022-05-19 20:31:35.172 | starting poll thread
I [../src/rrr/rpc/server.cpp:570] 2022-05-19 20:31:35.172 | rrr::Server: started on 0.0.0.0:5555
I [../src/deptran/s_main.cc:314] 2022-05-19 20:31:35.172 | no servers on this process
I [../src/deptran/s_main.cc:54] 2022-05-19 20:31:35.172 | client enabled, number of sites: 1
I [../src/rrr/reactor/reactor.cc:389] 2022-05-19 20:31:35.172 | starting poll thread
I [../src/deptran/communicator.cc:25] 2022-05-19 20:31:35.172 | size of partitions: 1
I [../src/deptran/communicator.cc:191] 2022-05-19 20:31:37.176 | connect to site: 10.0.0.13:10000 success!
I [../src/deptran/communicator.cc:191] 2022-05-19 20:31:37.177 | connect to site: 10.0.0.14:10001 success!
I [../src/deptran/communicator.cc:191] 2022-05-19 20:31:37.178 | connect to site: 10.0.0.15:10002 success!
I [../src/deptran/communicator.cc:191] 2022-05-19 20:31:37.179 | connect to site: 10.0.0.55:10003 success!
I [../src/deptran/communicator.cc:191] 2022-05-19 20:31:37.180 | connect to site: 10.0.0.58:10004 success!
I [../src/deptran/communicator.cc:74] 2022-05-19 20:31:37.180 | Done waiting to connect to client leaders.
I [../src/deptran/client_worker.cc:330] 2022-05-19 20:31:38.989 | wait for finish... n_ceased_cleints: 0,  n_issued: 0, n_done: 0, n_created_coordinator: 0
I [../src/deptran/client_worker.cc:314] 2022-05-19 20:31:38.991 | wait for all virtual clients to stop issuing new requests.
I [../src/deptran/client_worker.cc:330] 2022-05-19 20:31:43.989 | wait for finish... n_ceased_cleints: 0,  n_issued: 64501, n_done: 64281, n_created_coordinator: 220
I [../src/deptran/client_worker.cc:330] 2022-05-19 20:31:48.989 | wait for finish... n_ceased_cleints: 0,  n_issued: 130590, n_done: 130370, n_created_coordinator: 220
I [../src/deptran/client_worker.cc:330] 2022-05-19 20:31:53.989 | wait for finish... n_ceased_cleints: 0,  n_issued: 195043, n_done: 194823, n_created_coordinator: 220
I [../src/deptran/client_worker.cc:330] 2022-05-19 20:31:58.989 | wait for finish... n_ceased_cleints: 0,  n_issued: 259351, n_done: 259131, n_created_coordinator: 220
I [../src/deptran/client_worker.cc:330] 2022-05-19 20:32:03.989 | wait for finish... n_ceased_cleints: 0,  n_issued: 322128, n_done: 321908, n_created_coordinator: 220
I [../src/deptran/client_worker.cc:330] 2022-05-19 20:32:08.989 | wait for finish... n_ceased_cleints: 0,  n_issued: 385078, n_done: 384858, n_created_coordinator: 220
I [../src/deptran/client_worker.cc:330] 2022-05-19 20:32:13.990 | wait for finish... n_ceased_cleints: 0,  n_issued: 449950, n_done: 449730, n_created_coordinator: 220
I [../src/deptran/client_worker.cc:330] 2022-05-19 20:32:18.990 | wait for finish... n_ceased_cleints: 0,  n_issued: 512755, n_done: 512535, n_created_coordinator: 220
I [../src/deptran/client_worker.cc:330] 2022-05-19 20:32:23.990 | wait for finish... n_ceased_cleints: 0,  n_issued: 572477, n_done: 572257, n_created_coordinator: 220
I [../src/deptran/client_worker.cc:330] 2022-05-19 20:32:28.990 | wait for finish... n_ceased_cleints: 0,  n_issued: 633736, n_done: 633516, n_created_coordinator: 220
I [../src/deptran/client_worker.cc:330] 2022-05-19 20:32:33.990 | wait for finish... n_ceased_cleints: 0,  n_issued: 698638, n_done: 698418, n_created_coordinator: 220
I [../src/deptran/client_worker.cc:330] 2022-05-19 20:32:38.990 | wait for finish... n_ceased_cleints: 0,  n_issued: 763046, n_done: 762826, n_created_coordinator: 220
I [../src/deptran/client_worker.cc:330] 2022-05-19 20:32:43.990 | wait for finish... n_ceased_cleints: 0,  n_issued: 828111, n_done: 827891, n_created_coordinator: 220
I [../src/deptran/client_worker.cc:330] 2022-05-19 20:32:48.990 | wait for finish... n_ceased_cleints: 0,  n_issued: 891500, n_done: 891280, n_created_coordinator: 220
I [../src/deptran/client_worker.cc:330] 2022-05-19 20:32:53.990 | wait for finish... n_ceased_cleints: 0,  n_issued: 956123, n_done: 955903, n_created_coordinator: 220
I [../src/deptran/client_worker.cc:330] 2022-05-19 20:32:58.991 | wait for finish... n_ceased_cleints: 0,  n_issued: 1013652, n_done: 1013432, n_created_coordinator: 220
I [../src/deptran/client_worker.cc:330] 2022-05-19 20:33:03.991 | wait for finish... n_ceased_cleints: 0,  n_issued: 1077588, n_done: 1077368, n_created_coordinator: 220
I [../src/deptran/client_worker.cc:330] 2022-05-19 20:33:08.991 | wait for finish... n_ceased_cleints: 0,  n_issued: 1142411, n_done: 1142191, n_created_coordinator: 220
I [../src/deptran/client_worker.cc:330] 2022-05-19 20:33:13.991 | wait for finish... n_ceased_cleints: 0,  n_issued: 1204173, n_done: 1203953, n_created_coordinator: 220
I [../src/deptran/client_worker.cc:330] 2022-05-19 20:33:18.991 | wait for finish... n_ceased_cleints: 0,  n_issued: 1269297, n_done: 1269077, n_created_coordinator: 220
I [../src/deptran/client_worker.cc:330] 2022-05-19 20:33:23.991 | wait for finish... n_ceased_cleints: 0,  n_issued: 1333614, n_done: 1333394, n_created_coordinator: 220
I [../src/deptran/client_worker.cc:330] 2022-05-19 20:33:28.991 | wait for finish... n_ceased_cleints: 0,  n_issued: 1398204, n_done: 1397984, n_created_coordinator: 220
I [../src/deptran/client_worker.cc:330] 2022-05-19 20:33:33.991 | wait for finish... n_ceased_cleints: 0,  n_issued: 1460373, n_done: 1460153, n_created_coordinator: 220
I [../src/deptran/client_worker.cc:330] 2022-05-19 20:33:38.991 | wait for finish... n_ceased_cleints: 0,  n_issued: 1524080, n_done: 1523860, n_created_coordinator: 220
I [../src/deptran/client_worker.cc:330] 2022-05-19 20:33:43.992 | wait for finish... n_ceased_cleints: 0,  n_issued: 1588212, n_done: 1587992, n_created_coordinator: 220
I [../src/deptran/client_worker.cc:330] 2022-05-19 20:33:48.992 | wait for finish... n_ceased_cleints: 0,  n_issued: 1651970, n_done: 1651750, n_created_coordinator: 220
I [../src/deptran/client_worker.cc:330] 2022-05-19 20:33:53.992 | wait for finish... n_ceased_cleints: 0,  n_issued: 1716867, n_done: 1716647, n_created_coordinator: 220
I [../src/deptran/client_worker.cc:330] 2022-05-19 20:33:58.992 | wait for finish... n_ceased_cleints: 0,  n_issued: 1781833, n_done: 1781613, n_created_coordinator: 220
I [../src/deptran/client_worker.cc:330] 2022-05-19 20:34:03.993 | wait for finish... n_ceased_cleints: 0,  n_issued: 1844797, n_done: 1844577, n_created_coordinator: 220
I [../src/deptran/client_worker.cc:330] 2022-05-19 20:34:08.993 | wait for finish... n_ceased_cleints: 0,  n_issued: 1907469, n_done: 1907249, n_created_coordinator: 220
I [../src/deptran/client_worker.cc:330] 2022-05-19 20:34:13.993 | wait for finish... n_ceased_cleints: 0,  n_issued: 1957334, n_done: 1957114, n_created_coordinator: 220
I [../src/deptran/client_worker.cc:330] 2022-05-19 20:34:18.993 | wait for finish... n_ceased_cleints: 0,  n_issued: 2021491, n_done: 2021271, n_created_coordinator: 220
I [../src/deptran/client_worker.cc:330] 2022-05-19 20:34:23.993 | wait for finish... n_ceased_cleints: 0,  n_issued: 2084073, n_done: 2083853, n_created_coordinator: 220
I [../src/deptran/client_worker.cc:330] 2022-05-19 20:34:28.993 | wait for finish... n_ceased_cleints: 0,  n_issued: 2148128, n_done: 2147908, n_created_coordinator: 220
I [../src/deptran/client_worker.cc:330] 2022-05-19 20:34:33.993 | wait for finish... n_ceased_cleints: 0,  n_issued: 2212116, n_done: 2211896, n_created_coordinator: 220
I [../src/deptran/s_main.cc:140] 2022-05-19 20:34:37.180 | wait_for_clients: wait for client threads to exit.
I [../src/deptran/client_worker.cc:330] 2022-05-19 20:34:38.993 | wait for finish... n_ceased_cleints: 0,  n_issued: 2276474, n_done: 2276254, n_created_coordinator: 220
I [../src/deptran/client_worker.cc:317] 2022-05-19 20:34:39.980 | wait for all outstanding requests to finish.
I [../src/deptran/client_worker.cc:343] 2022-05-19 20:34:43.993 | Finish:
Total: 2284202, Commit: 2284202, Attempts: 0, Running for 180, Throughput: 12690.01

I [../src/deptran/client_worker.cc:348] 2022-05-19 20:34:43.993 | Work: wait_for_shutdown at client 5
