I [../src/deptran/s_main.cc:136] 2022-05-27 14:47:11.500 | PWD : 
I [../src/deptran/s_main.cc:284] 2022-05-27 14:47:11.500 | starting process 3131
I [../src/deptran/s_main.cc:279] 2022-05-27 14:47:11.500 | ulimit -n is 1024
I [../src/deptran/config.cc:285] 2022-05-27 14:47:11.500 | LoadYML: /home/xuhao/code/depfast/tmp/janus-final-testnamepdyxonrt.yml
I [../src/deptran/config.cc:403] 2022-05-27 14:47:11.501 | BuildSiteProcMap
I [../src/deptran/config.cc:655] 2022-05-27 14:47:11.501 | group size: 1
I [../src/deptran/config.cc:655] 2022-05-27 14:47:11.501 | group size: 1
I [../src/deptran/config.cc:655] 2022-05-27 14:47:11.501 | group size: 1
I [../src/deptran/config.cc:681] 2022-05-27 14:47:11.501 | client forwarding: 0
I [../src/deptran/config.cc:320] 2022-05-27 14:47:11.501 | # of concurrent requests: 200
I [../src/deptran/s_main.cc:290] 2022-05-27 14:47:11.501 | Read config finish
I [../src/deptran/s_main.cc:30] 2022-05-27 14:47:11.501 | client_setup_heartbeat
I [../src/deptran/s_main.cc:46] 2022-05-27 14:47:11.502 | Start control server on port 5555
I [../src/rrr/rpc/server.cpp:575] 2022-05-27 14:47:11.502 | bind address is: 0.0.0.0:5555
I [../src/rrr/rpc/server.cpp:570] 2022-05-27 14:47:11.502 | rrr::Server: started on 0.0.0.0:5555
I [../src/deptran/s_main.cc:314] 2022-05-27 14:47:11.502 | no servers on this process
I [../src/deptran/s_main.cc:54] 2022-05-27 14:47:11.502 | client enabled, number of sites: 1
I [../src/deptran/communicator.cc:25] 2022-05-27 14:47:11.504 | size of partitions: 1
I [../src/rrr/reactor/reactor.cc:389] 2022-05-27 14:47:11.504 | starting poll thread
I [../src/rrr/reactor/reactor.cc:389] 2022-05-27 14:47:11.505 | starting poll thread
I [../src/deptran/communicator.cc:191] 2022-05-27 14:47:12.506 | connect to site: 10.0.0.13:10000 success!
I [../src/deptran/communicator.cc:191] 2022-05-27 14:47:12.508 | connect to site: 10.0.0.14:10001 success!
I [../src/deptran/communicator.cc:191] 2022-05-27 14:47:12.509 | connect to site: 10.0.0.15:10002 success!
I [../src/deptran/communicator.cc:74] 2022-05-27 14:47:12.510 | Done waiting to connect to client leaders.
I [../src/deptran/client_worker.cc:330] 2022-05-27 14:47:14.074 | wait for finish... n_ceased_cleints: 0,  n_issued: 0, n_done: 0, n_created_coordinator: 0
I [../src/deptran/client_worker.cc:314] 2022-05-27 14:47:14.083 | wait for all virtual clients to stop issuing new requests.
I [../src/deptran/client_worker.cc:330] 2022-05-27 14:47:19.074 | wait for finish... n_ceased_cleints: 0,  n_issued: 48898, n_done: 48698, n_created_coordinator: 200
I [../src/deptran/client_worker.cc:330] 2022-05-27 14:47:24.075 | wait for finish... n_ceased_cleints: 0,  n_issued: 97385, n_done: 97185, n_created_coordinator: 200
I [../src/deptran/client_worker.cc:330] 2022-05-27 14:47:29.075 | wait for finish... n_ceased_cleints: 0,  n_issued: 145706, n_done: 145506, n_created_coordinator: 200
I [../src/deptran/client_worker.cc:330] 2022-05-27 14:47:34.075 | wait for finish... n_ceased_cleints: 0,  n_issued: 193907, n_done: 193707, n_created_coordinator: 200
I [../src/deptran/client_worker.cc:330] 2022-05-27 14:47:39.075 | wait for finish... n_ceased_cleints: 0,  n_issued: 242085, n_done: 241885, n_created_coordinator: 200
I [../src/deptran/client_worker.cc:330] 2022-05-27 14:47:44.075 | wait for finish... n_ceased_cleints: 0,  n_issued: 290964, n_done: 290764, n_created_coordinator: 200
I [../src/deptran/client_worker.cc:330] 2022-05-27 14:47:49.075 | wait for finish... n_ceased_cleints: 0,  n_issued: 339674, n_done: 339474, n_created_coordinator: 200
I [../src/deptran/client_worker.cc:330] 2022-05-27 14:47:54.075 | wait for finish... n_ceased_cleints: 0,  n_issued: 389023, n_done: 388823, n_created_coordinator: 200
I [../src/deptran/client_worker.cc:330] 2022-05-27 14:47:59.076 | wait for finish... n_ceased_cleints: 0,  n_issued: 437426, n_done: 437226, n_created_coordinator: 200
I [../src/deptran/client_worker.cc:330] 2022-05-27 14:48:04.076 | wait for finish... n_ceased_cleints: 0,  n_issued: 484439, n_done: 484239, n_created_coordinator: 200
I [../src/deptran/client_worker.cc:330] 2022-05-27 14:48:09.076 | wait for finish... n_ceased_cleints: 0,  n_issued: 531573, n_done: 531373, n_created_coordinator: 200
I [../src/deptran/client_worker.cc:330] 2022-05-27 14:48:14.076 | wait for finish... n_ceased_cleints: 0,  n_issued: 579440, n_done: 579240, n_created_coordinator: 200
I [../src/deptran/client_worker.cc:330] 2022-05-27 14:48:19.076 | wait for finish... n_ceased_cleints: 0,  n_issued: 627167, n_done: 626967, n_created_coordinator: 200
I [../src/deptran/client_worker.cc:330] 2022-05-27 14:48:24.076 | wait for finish... n_ceased_cleints: 0,  n_issued: 674751, n_done: 674551, n_created_coordinator: 200
I [../src/deptran/client_worker.cc:330] 2022-05-27 14:48:29.076 | wait for finish... n_ceased_cleints: 0,  n_issued: 722160, n_done: 721960, n_created_coordinator: 200
I [../src/deptran/client_worker.cc:330] 2022-05-27 14:48:34.076 | wait for finish... n_ceased_cleints: 0,  n_issued: 768265, n_done: 768065, n_created_coordinator: 200
I [../src/deptran/client_worker.cc:330] 2022-05-27 14:48:39.076 | wait for finish... n_ceased_cleints: 0,  n_issued: 815108, n_done: 814908, n_created_coordinator: 200
I [../src/deptran/client_worker.cc:330] 2022-05-27 14:48:44.077 | wait for finish... n_ceased_cleints: 0,  n_issued: 864146, n_done: 863946, n_created_coordinator: 200
I [../src/deptran/client_worker.cc:330] 2022-05-27 14:48:49.077 | wait for finish... n_ceased_cleints: 0,  n_issued: 912328, n_done: 912128, n_created_coordinator: 200
I [../src/deptran/client_worker.cc:330] 2022-05-27 14:48:54.077 | wait for finish... n_ceased_cleints: 0,  n_issued: 960278, n_done: 960078, n_created_coordinator: 200
I [../src/deptran/client_worker.cc:330] 2022-05-27 14:48:59.077 | wait for finish... n_ceased_cleints: 0,  n_issued: 1007545, n_done: 1007345, n_created_coordinator: 200
I [../src/deptran/client_worker.cc:330] 2022-05-27 14:49:04.077 | wait for finish... n_ceased_cleints: 0,  n_issued: 1056371, n_done: 1056171, n_created_coordinator: 200
I [../src/deptran/client_worker.cc:330] 2022-05-27 14:49:09.077 | wait for finish... n_ceased_cleints: 0,  n_issued: 1103672, n_done: 1103472, n_created_coordinator: 200
I [../src/deptran/client_worker.cc:330] 2022-05-27 14:49:14.077 | wait for finish... n_ceased_cleints: 0,  n_issued: 1151549, n_done: 1151349, n_created_coordinator: 200
I [../src/deptran/client_worker.cc:330] 2022-05-27 14:49:19.077 | wait for finish... n_ceased_cleints: 0,  n_issued: 1198930, n_done: 1198730, n_created_coordinator: 200
I [../src/deptran/client_worker.cc:330] 2022-05-27 14:49:24.078 | wait for finish... n_ceased_cleints: 0,  n_issued: 1246966, n_done: 1246766, n_created_coordinator: 200
I [../src/deptran/client_worker.cc:330] 2022-05-27 14:49:29.078 | wait for finish... n_ceased_cleints: 0,  n_issued: 1294771, n_done: 1294571, n_created_coordinator: 200
I [../src/deptran/client_worker.cc:330] 2022-05-27 14:49:34.078 | wait for finish... n_ceased_cleints: 0,  n_issued: 1341665, n_done: 1341465, n_created_coordinator: 200
I [../src/deptran/client_worker.cc:330] 2022-05-27 14:49:39.078 | wait for finish... n_ceased_cleints: 0,  n_issued: 1381232, n_done: 1381032, n_created_coordinator: 200
I [../src/deptran/client_worker.cc:330] 2022-05-27 14:49:44.078 | wait for finish... n_ceased_cleints: 0,  n_issued: 1423202, n_done: 1423002, n_created_coordinator: 200
I [../src/deptran/client_worker.cc:330] 2022-05-27 14:49:49.078 | wait for finish... n_ceased_cleints: 0,  n_issued: 1468745, n_done: 1468545, n_created_coordinator: 200
I [../src/deptran/client_worker.cc:330] 2022-05-27 14:49:54.078 | wait for finish... n_ceased_cleints: 0,  n_issued: 1516969, n_done: 1516769, n_created_coordinator: 200
I [../src/deptran/client_worker.cc:330] 2022-05-27 14:49:59.078 | wait for finish... n_ceased_cleints: 0,  n_issued: 1566248, n_done: 1566048, n_created_coordinator: 200
I [../src/deptran/client_worker.cc:330] 2022-05-27 14:50:04.079 | wait for finish... n_ceased_cleints: 0,  n_issued: 1614970, n_done: 1614770, n_created_coordinator: 200
I [../src/deptran/client_worker.cc:330] 2022-05-27 14:50:09.079 | wait for finish... n_ceased_cleints: 0,  n_issued: 1663878, n_done: 1663678, n_created_coordinator: 200
I [../src/deptran/s_main.cc:140] 2022-05-27 14:50:12.509 | wait_for_clients: wait for client threads to exit.
I [../src/deptran/client_worker.cc:330] 2022-05-27 14:50:14.079 | wait for finish... n_ceased_cleints: 0,  n_issued: 1712814, n_done: 1712614, n_created_coordinator: 200
I [../src/deptran/client_worker.cc:317] 2022-05-27 14:50:15.083 | wait for all outstanding requests to finish.
I [../src/deptran/client_worker.cc:343] 2022-05-27 14:50:19.079 | Finish:
Total: 1718537, Commit: 1718537, Attempts: 0, Running for 180, Throughput: 9547.43

I [../src/deptran/client_worker.cc:348] 2022-05-27 14:50:19.079 | Work: wait_for_shutdown at client 3
