I [../src/deptran/s_main.cc:136] 2022-05-19 18:18:36.359 | PWD : 
I [../src/deptran/s_main.cc:284] 2022-05-19 18:18:36.359 | starting process 26409
I [../src/deptran/s_main.cc:279] 2022-05-19 18:18:36.359 | ulimit -n is 1024
I [../src/deptran/config.cc:285] 2022-05-19 18:18:36.359 | LoadYML: /home/xuhao/code/depfast/tmp/janus-final-testnameih6icnim.yml
I [../src/deptran/config.cc:403] 2022-05-19 18:18:36.360 | BuildSiteProcMap
I [../src/deptran/config.cc:655] 2022-05-19 18:18:36.360 | group size: 1
I [../src/deptran/config.cc:681] 2022-05-19 18:18:36.360 | client forwarding: 0
I [../src/deptran/config.cc:320] 2022-05-19 18:18:36.360 | # of concurrent requests: 20
I [../src/deptran/s_main.cc:290] 2022-05-19 18:18:36.360 | Read config finish
I [../src/deptran/s_main.cc:30] 2022-05-19 18:18:36.360 | client_setup_heartbeat
I [../src/deptran/s_main.cc:46] 2022-05-19 18:18:36.360 | Start control server on port 5555
I [../src/rrr/rpc/server.cpp:575] 2022-05-19 18:18:36.360 | bind address is: 0.0.0.0:5555
I [../src/rrr/reactor/reactor.cc:389] 2022-05-19 18:18:36.360 | starting poll thread
I [../src/rrr/rpc/server.cpp:570] 2022-05-19 18:18:36.360 | rrr::Server: started on 0.0.0.0:5555
I [../src/deptran/s_main.cc:314] 2022-05-19 18:18:36.360 | no servers on this process
I [../src/deptran/s_main.cc:54] 2022-05-19 18:18:36.360 | client enabled, number of sites: 1
I [../src/rrr/reactor/reactor.cc:389] 2022-05-19 18:18:36.360 | starting poll thread
I [../src/deptran/communicator.cc:25] 2022-05-19 18:18:36.360 | size of partitions: 1
I [../src/deptran/communicator.cc:191] 2022-05-19 18:18:38.365 | connect to site: 10.0.0.13:10000 success!
I [../src/deptran/communicator.cc:191] 2022-05-19 18:18:38.366 | connect to site: 10.0.0.14:10001 success!
I [../src/deptran/communicator.cc:191] 2022-05-19 18:18:38.367 | connect to site: 10.0.0.15:10002 success!
I [../src/deptran/communicator.cc:74] 2022-05-19 18:18:38.367 | Done waiting to connect to client leaders.
I [../src/deptran/client_worker.cc:330] 2022-05-19 18:18:39.959 | wait for finish... n_ceased_cleints: 0,  n_issued: 0, n_done: 0, n_created_coordinator: 0
I [../src/deptran/client_worker.cc:314] 2022-05-19 18:18:39.960 | wait for all virtual clients to stop issuing new requests.
I [../src/deptran/client_worker.cc:330] 2022-05-19 18:18:44.959 | wait for finish... n_ceased_cleints: 0,  n_issued: 11673, n_done: 11653, n_created_coordinator: 20
I [../src/deptran/client_worker.cc:330] 2022-05-19 18:18:49.960 | wait for finish... n_ceased_cleints: 0,  n_issued: 21855, n_done: 21835, n_created_coordinator: 20
I [../src/deptran/client_worker.cc:330] 2022-05-19 18:18:54.960 | wait for finish... n_ceased_cleints: 0,  n_issued: 32398, n_done: 32378, n_created_coordinator: 20
I [../src/deptran/client_worker.cc:330] 2022-05-19 18:18:59.960 | wait for finish... n_ceased_cleints: 0,  n_issued: 38438, n_done: 38418, n_created_coordinator: 20
I [../src/deptran/client_worker.cc:330] 2022-05-19 18:19:04.960 | wait for finish... n_ceased_cleints: 0,  n_issued: 50478, n_done: 50458, n_created_coordinator: 20
I [../src/deptran/client_worker.cc:330] 2022-05-19 18:19:09.960 | wait for finish... n_ceased_cleints: 0,  n_issued: 65644, n_done: 65624, n_created_coordinator: 20
I [../src/deptran/client_worker.cc:330] 2022-05-19 18:19:14.960 | wait for finish... n_ceased_cleints: 0,  n_issued: 80991, n_done: 80971, n_created_coordinator: 20
I [../src/deptran/client_worker.cc:330] 2022-05-19 18:19:19.960 | wait for finish... n_ceased_cleints: 0,  n_issued: 96484, n_done: 96464, n_created_coordinator: 20
I [../src/deptran/client_worker.cc:330] 2022-05-19 18:19:24.960 | wait for finish... n_ceased_cleints: 0,  n_issued: 112200, n_done: 112180, n_created_coordinator: 20
I [../src/deptran/client_worker.cc:330] 2022-05-19 18:19:29.960 | wait for finish... n_ceased_cleints: 0,  n_issued: 127540, n_done: 127520, n_created_coordinator: 20
I [../src/deptran/client_worker.cc:330] 2022-05-19 18:19:34.960 | wait for finish... n_ceased_cleints: 0,  n_issued: 143240, n_done: 143220, n_created_coordinator: 20
I [../src/deptran/s_main.cc:140] 2022-05-19 18:19:38.367 | wait_for_clients: wait for client threads to exit.
I [../src/deptran/client_worker.cc:330] 2022-05-19 18:19:39.961 | wait for finish... n_ceased_cleints: 0,  n_issued: 158791, n_done: 158771, n_created_coordinator: 20
I [../src/deptran/client_worker.cc:317] 2022-05-19 18:19:40.968 | wait for all outstanding requests to finish.
I [../src/deptran/client_worker.cc:343] 2022-05-19 18:19:44.961 | Finish:
Total: 160599, Commit: 160599, Attempts: 0, Running for 60, Throughput: 2676.65

I [../src/deptran/client_worker.cc:348] 2022-05-19 18:19:44.961 | Work: wait_for_shutdown at client 3
