I [../src/deptran/s_main.cc:136] 2022-05-19 19:40:24.379 | PWD : 
I [../src/deptran/s_main.cc:284] 2022-05-19 19:40:24.379 | starting process 10703
I [../src/deptran/s_main.cc:279] 2022-05-19 19:40:24.379 | ulimit -n is 1024
I [../src/deptran/config.cc:285] 2022-05-19 19:40:24.379 | LoadYML: /home/xuhao/code/depfast/tmp/janus-final-testname05rpflb4.yml
I [../src/deptran/config.cc:403] 2022-05-19 19:40:24.379 | BuildSiteProcMap
I [../src/deptran/config.cc:655] 2022-05-19 19:40:24.380 | group size: 1
I [../src/deptran/config.cc:681] 2022-05-19 19:40:24.380 | client forwarding: 0
I [../src/deptran/config.cc:320] 2022-05-19 19:40:24.380 | # of concurrent requests: 40
I [../src/deptran/s_main.cc:290] 2022-05-19 19:40:24.380 | Read config finish
I [../src/deptran/s_main.cc:30] 2022-05-19 19:40:24.380 | client_setup_heartbeat
I [../src/deptran/s_main.cc:46] 2022-05-19 19:40:24.380 | Start control server on port 5555
I [../src/rrr/rpc/server.cpp:575] 2022-05-19 19:40:24.380 | bind address is: 0.0.0.0:5555
I [../src/rrr/reactor/reactor.cc:389] 2022-05-19 19:40:24.380 | starting poll thread
I [../src/rrr/rpc/server.cpp:570] 2022-05-19 19:40:24.380 | rrr::Server: started on 0.0.0.0:5555
I [../src/deptran/s_main.cc:314] 2022-05-19 19:40:24.380 | no servers on this process
I [../src/deptran/s_main.cc:54] 2022-05-19 19:40:24.380 | client enabled, number of sites: 1
I [../src/deptran/communicator.cc:25] 2022-05-19 19:40:24.380 | size of partitions: 1
I [../src/rrr/reactor/reactor.cc:389] 2022-05-19 19:40:24.380 | starting poll thread
I [../src/deptran/communicator.cc:191] 2022-05-19 19:40:26.386 | connect to site: 10.0.0.13:10000 success!
I [../src/deptran/communicator.cc:191] 2022-05-19 19:40:26.387 | connect to site: 10.0.0.14:10001 success!
I [../src/deptran/communicator.cc:191] 2022-05-19 19:40:26.388 | connect to site: 10.0.0.15:10002 success!
I [../src/deptran/communicator.cc:191] 2022-05-19 19:40:26.389 | connect to site: 10.0.0.55:10003 success!
I [../src/deptran/communicator.cc:191] 2022-05-19 19:40:26.390 | connect to site: 10.0.0.58:10004 success!
I [../src/deptran/communicator.cc:74] 2022-05-19 19:40:26.390 | Done waiting to connect to client leaders.
I [../src/deptran/client_worker.cc:330] 2022-05-19 19:40:28.202 | wait for finish... n_ceased_cleints: 0,  n_issued: 0, n_done: 0, n_created_coordinator: 0
I [../src/deptran/client_worker.cc:314] 2022-05-19 19:40:28.203 | wait for all virtual clients to stop issuing new requests.
I [../src/deptran/client_worker.cc:330] 2022-05-19 19:40:33.202 | wait for finish... n_ceased_cleints: 0,  n_issued: 24160, n_done: 24120, n_created_coordinator: 40
I [../src/deptran/client_worker.cc:330] 2022-05-19 19:40:38.202 | wait for finish... n_ceased_cleints: 0,  n_issued: 48817, n_done: 48777, n_created_coordinator: 40
I [../src/deptran/client_worker.cc:330] 2022-05-19 19:40:43.202 | wait for finish... n_ceased_cleints: 0,  n_issued: 74833, n_done: 74793, n_created_coordinator: 40
I [../src/deptran/client_worker.cc:330] 2022-05-19 19:40:48.202 | wait for finish... n_ceased_cleints: 0,  n_issued: 101083, n_done: 101043, n_created_coordinator: 40
I [../src/deptran/client_worker.cc:330] 2022-05-19 19:40:53.203 | wait for finish... n_ceased_cleints: 0,  n_issued: 127194, n_done: 127154, n_created_coordinator: 40
I [../src/deptran/client_worker.cc:330] 2022-05-19 19:40:58.203 | wait for finish... n_ceased_cleints: 0,  n_issued: 152984, n_done: 152944, n_created_coordinator: 40
I [../src/deptran/client_worker.cc:330] 2022-05-19 19:41:03.203 | wait for finish... n_ceased_cleints: 0,  n_issued: 178344, n_done: 178304, n_created_coordinator: 40
I [../src/deptran/client_worker.cc:330] 2022-05-19 19:41:08.203 | wait for finish... n_ceased_cleints: 0,  n_issued: 204048, n_done: 204008, n_created_coordinator: 40
I [../src/deptran/client_worker.cc:330] 2022-05-19 19:41:13.203 | wait for finish... n_ceased_cleints: 0,  n_issued: 229691, n_done: 229651, n_created_coordinator: 40
I [../src/deptran/client_worker.cc:330] 2022-05-19 19:41:18.203 | wait for finish... n_ceased_cleints: 0,  n_issued: 255897, n_done: 255857, n_created_coordinator: 40
I [../src/deptran/client_worker.cc:330] 2022-05-19 19:41:23.203 | wait for finish... n_ceased_cleints: 0,  n_issued: 282261, n_done: 282221, n_created_coordinator: 40
I [../src/deptran/s_main.cc:140] 2022-05-19 19:41:26.390 | wait_for_clients: wait for client threads to exit.
I [../src/deptran/client_worker.cc:330] 2022-05-19 19:41:28.203 | wait for finish... n_ceased_cleints: 0,  n_issued: 309008, n_done: 308968, n_created_coordinator: 40
I [../src/deptran/client_worker.cc:317] 2022-05-19 19:41:29.190 | wait for all outstanding requests to finish.
I [../src/deptran/client_worker.cc:343] 2022-05-19 19:41:33.203 | Finish:
Total: 311689, Commit: 311689, Attempts: 0, Running for 60, Throughput: 5194.82

I [../src/deptran/client_worker.cc:348] 2022-05-19 19:41:33.203 | Work: wait_for_shutdown at client 5
