I [../src/deptran/s_main.cc:136] 2022-05-20 08:02:14.573 | PWD : 
I [../src/deptran/s_main.cc:284] 2022-05-20 08:02:14.574 | starting process 14305
I [../src/deptran/s_main.cc:279] 2022-05-20 08:02:14.574 | ulimit -n is 1024
I [../src/deptran/config.cc:285] 2022-05-20 08:02:14.574 | LoadYML: /home/xuhao/code/depfast/tmp/janus-final-testnamee1hg5w5k.yml
I [../src/deptran/config.cc:403] 2022-05-20 08:02:14.574 | BuildSiteProcMap
I [../src/deptran/config.cc:655] 2022-05-20 08:02:14.574 | group size: 1
I [../src/deptran/config.cc:681] 2022-05-20 08:02:14.574 | client forwarding: 0
I [../src/deptran/config.cc:320] 2022-05-20 08:02:14.574 | # of concurrent requests: 40
I [../src/deptran/s_main.cc:290] 2022-05-20 08:02:14.574 | Read config finish
I [../src/deptran/s_main.cc:30] 2022-05-20 08:02:14.574 | client_setup_heartbeat
I [../src/deptran/s_main.cc:46] 2022-05-20 08:02:14.575 | Start control server on port 5555
I [../src/rrr/rpc/server.cpp:575] 2022-05-20 08:02:14.575 | bind address is: 0.0.0.0:5555
I [../src/rrr/rpc/server.cpp:570] 2022-05-20 08:02:14.575 | rrr::Server: started on 0.0.0.0:5555
I [../src/deptran/s_main.cc:314] 2022-05-20 08:02:14.575 | no servers on this process
I [../src/deptran/s_main.cc:54] 2022-05-20 08:02:14.575 | client enabled, number of sites: 1
I [../src/deptran/communicator.cc:25] 2022-05-20 08:02:14.575 | size of partitions: 1
I [../src/rrr/reactor/reactor.cc:389] 2022-05-20 08:02:14.576 | starting poll thread
I [../src/rrr/reactor/reactor.cc:389] 2022-05-20 08:02:14.578 | starting poll thread
I [../src/deptran/communicator.cc:191] 2022-05-20 08:02:16.579 | connect to site: 10.0.0.13:10000 success!
I [../src/deptran/communicator.cc:191] 2022-05-20 08:02:16.580 | connect to site: 10.0.0.14:10001 success!
I [../src/deptran/communicator.cc:191] 2022-05-20 08:02:16.580 | connect to site: 10.0.0.15:10002 success!
I [../src/deptran/communicator.cc:74] 2022-05-20 08:02:16.582 | Done waiting to connect to client leaders.
I [../src/deptran/client_worker.cc:330] 2022-05-20 08:02:17.146 | wait for finish... n_ceased_cleints: 0,  n_issued: 0, n_done: 0, n_created_coordinator: 0
I [../src/deptran/client_worker.cc:314] 2022-05-20 08:02:17.148 | wait for all virtual clients to stop issuing new requests.
I [../src/deptran/client_worker.cc:330] 2022-05-20 08:02:22.146 | wait for finish... n_ceased_cleints: 0,  n_issued: 26043, n_done: 26003, n_created_coordinator: 40
I [../src/deptran/client_worker.cc:330] 2022-05-20 08:02:27.147 | wait for finish... n_ceased_cleints: 0,  n_issued: 54058, n_done: 54018, n_created_coordinator: 40
I [../src/deptran/client_worker.cc:330] 2022-05-20 08:02:32.147 | wait for finish... n_ceased_cleints: 0,  n_issued: 82233, n_done: 82193, n_created_coordinator: 40
I [../src/deptran/client_worker.cc:330] 2022-05-20 08:02:37.147 | wait for finish... n_ceased_cleints: 0,  n_issued: 110372, n_done: 110332, n_created_coordinator: 40
I [../src/deptran/client_worker.cc:330] 2022-05-20 08:02:42.147 | wait for finish... n_ceased_cleints: 0,  n_issued: 138805, n_done: 138765, n_created_coordinator: 40
I [../src/deptran/client_worker.cc:330] 2022-05-20 08:02:47.147 | wait for finish... n_ceased_cleints: 0,  n_issued: 166977, n_done: 166937, n_created_coordinator: 40
I [../src/deptran/client_worker.cc:330] 2022-05-20 08:02:52.147 | wait for finish... n_ceased_cleints: 0,  n_issued: 195218, n_done: 195178, n_created_coordinator: 40
I [../src/deptran/client_worker.cc:330] 2022-05-20 08:02:57.147 | wait for finish... n_ceased_cleints: 0,  n_issued: 222981, n_done: 222941, n_created_coordinator: 40
I [../src/deptran/client_worker.cc:330] 2022-05-20 08:03:02.147 | wait for finish... n_ceased_cleints: 0,  n_issued: 250996, n_done: 250956, n_created_coordinator: 40
I [../src/deptran/client_worker.cc:330] 2022-05-20 08:03:07.148 | wait for finish... n_ceased_cleints: 0,  n_issued: 279370, n_done: 279330, n_created_coordinator: 40
I [../src/deptran/client_worker.cc:330] 2022-05-20 08:03:12.148 | wait for finish... n_ceased_cleints: 0,  n_issued: 307664, n_done: 307624, n_created_coordinator: 40
I [../src/deptran/s_main.cc:140] 2022-05-20 08:03:16.581 | wait_for_clients: wait for client threads to exit.
I [../src/deptran/client_worker.cc:330] 2022-05-20 08:03:17.148 | wait for finish... n_ceased_cleints: 0,  n_issued: 335884, n_done: 335844, n_created_coordinator: 40
I [../src/deptran/client_worker.cc:317] 2022-05-20 08:03:18.060 | wait for all outstanding requests to finish.
I [../src/deptran/client_worker.cc:343] 2022-05-20 08:03:22.148 | Finish:
Total: 338650, Commit: 338650, Attempts: 0, Running for 60, Throughput: 5644.17

I [../src/deptran/client_worker.cc:348] 2022-05-20 08:03:22.148 | Work: wait_for_shutdown at client 3
