I [../src/deptran/s_main.cc:136] 2022-05-21 00:23:22.929 | PWD : 
I [../src/deptran/s_main.cc:284] 2022-05-21 00:23:22.929 | starting process 19170
I [../src/deptran/s_main.cc:279] 2022-05-21 00:23:22.929 | ulimit -n is 1024
I [../src/deptran/config.cc:285] 2022-05-21 00:23:22.929 | LoadYML: /home/xuhao/code/depfast/tmp/janus-final-testnamemc_qyx4y.yml
I [../src/deptran/config.cc:403] 2022-05-21 00:23:22.930 | BuildSiteProcMap
I [../src/deptran/config.cc:655] 2022-05-21 00:23:22.930 | group size: 1
I [../src/deptran/config.cc:655] 2022-05-21 00:23:22.930 | group size: 1
I [../src/deptran/config.cc:655] 2022-05-21 00:23:22.930 | group size: 1
I [../src/deptran/config.cc:681] 2022-05-21 00:23:22.930 | client forwarding: 0
I [../src/deptran/config.cc:320] 2022-05-21 00:23:22.930 | # of concurrent requests: 20
I [../src/deptran/s_main.cc:290] 2022-05-21 00:23:22.930 | Read config finish
I [../src/deptran/s_main.cc:30] 2022-05-21 00:23:22.930 | client_setup_heartbeat
I [../src/deptran/s_main.cc:46] 2022-05-21 00:23:22.930 | Start control server on port 5555
I [../src/rrr/rpc/server.cpp:575] 2022-05-21 00:23:22.930 | bind address is: 0.0.0.0:5555
I [../src/rrr/rpc/server.cpp:570] 2022-05-21 00:23:22.931 | rrr::Server: started on 0.0.0.0:5555
I [../src/deptran/s_main.cc:314] 2022-05-21 00:23:22.931 | no servers on this process
I [../src/deptran/s_main.cc:54] 2022-05-21 00:23:22.931 | client enabled, number of sites: 1
I [../src/rrr/reactor/reactor.cc:389] 2022-05-21 00:23:22.932 | starting poll thread
I [../src/deptran/communicator.cc:25] 2022-05-21 00:23:22.932 | size of partitions: 1
I [../src/rrr/reactor/reactor.cc:389] 2022-05-21 00:23:22.933 | starting poll thread
I [../src/deptran/communicator.cc:191] 2022-05-21 00:23:23.935 | connect to site: 10.0.0.13:10000 success!
I [../src/deptran/communicator.cc:191] 2022-05-21 00:23:23.936 | connect to site: 10.0.0.14:10001 success!
I [../src/deptran/communicator.cc:191] 2022-05-21 00:23:23.937 | connect to site: 10.0.0.15:10002 success!
I [../src/deptran/communicator.cc:74] 2022-05-21 00:23:23.938 | Done waiting to connect to client leaders.
I [../src/deptran/client_worker.cc:330] 2022-05-21 00:23:25.531 | wait for finish... n_ceased_cleints: 0,  n_issued: 0, n_done: 0, n_created_coordinator: 0
I [../src/deptran/client_worker.cc:314] 2022-05-21 00:23:25.532 | wait for all virtual clients to stop issuing new requests.
I [../src/deptran/client_worker.cc:330] 2022-05-21 00:23:30.531 | wait for finish... n_ceased_cleints: 0,  n_issued: 9908, n_done: 9888, n_created_coordinator: 20
I [../src/deptran/client_worker.cc:330] 2022-05-21 00:23:35.531 | wait for finish... n_ceased_cleints: 0,  n_issued: 18915, n_done: 18895, n_created_coordinator: 20
I [../src/deptran/client_worker.cc:330] 2022-05-21 00:23:40.531 | wait for finish... n_ceased_cleints: 0,  n_issued: 26052, n_done: 26032, n_created_coordinator: 20
I [../src/deptran/client_worker.cc:330] 2022-05-21 00:23:45.531 | wait for finish... n_ceased_cleints: 0,  n_issued: 33715, n_done: 33695, n_created_coordinator: 20
I [../src/deptran/client_worker.cc:330] 2022-05-21 00:23:50.531 | wait for finish... n_ceased_cleints: 0,  n_issued: 48712, n_done: 48692, n_created_coordinator: 20
I [../src/deptran/client_worker.cc:330] 2022-05-21 00:23:55.532 | wait for finish... n_ceased_cleints: 0,  n_issued: 63524, n_done: 63504, n_created_coordinator: 20
I [../src/deptran/client_worker.cc:330] 2022-05-21 00:24:00.532 | wait for finish... n_ceased_cleints: 0,  n_issued: 78529, n_done: 78509, n_created_coordinator: 20
I [../src/deptran/client_worker.cc:330] 2022-05-21 00:24:05.532 | wait for finish... n_ceased_cleints: 0,  n_issued: 93316, n_done: 93296, n_created_coordinator: 20
I [../src/deptran/client_worker.cc:330] 2022-05-21 00:24:10.532 | wait for finish... n_ceased_cleints: 0,  n_issued: 108081, n_done: 108061, n_created_coordinator: 20
I [../src/deptran/client_worker.cc:330] 2022-05-21 00:24:15.532 | wait for finish... n_ceased_cleints: 0,  n_issued: 122892, n_done: 122872, n_created_coordinator: 20
I [../src/deptran/client_worker.cc:330] 2022-05-21 00:24:20.532 | wait for finish... n_ceased_cleints: 0,  n_issued: 137683, n_done: 137663, n_created_coordinator: 20
I [../src/deptran/s_main.cc:140] 2022-05-21 00:24:23.937 | wait_for_clients: wait for client threads to exit.
I [../src/deptran/client_worker.cc:330] 2022-05-21 00:24:25.532 | wait for finish... n_ceased_cleints: 0,  n_issued: 152798, n_done: 152778, n_created_coordinator: 20
I [../src/deptran/client_worker.cc:317] 2022-05-21 00:24:26.471 | wait for all outstanding requests to finish.
I [../src/deptran/client_worker.cc:343] 2022-05-21 00:24:30.532 | Finish:
Total: 154571, Commit: 154571, Attempts: 0, Running for 60, Throughput: 2576.18

I [../src/deptran/client_worker.cc:348] 2022-05-21 00:24:30.532 | Work: wait_for_shutdown at client 3
I [../src/rrr/rpc/server.cpp:157] 2022-05-21 00:24:31.068 | no bytes read
