I [../src/deptran/s_main.cc:136] 2022-05-27 05:36:04.744 | PWD : 
I [../src/deptran/s_main.cc:284] 2022-05-27 05:36:04.744 | starting process 14567
I [../src/deptran/s_main.cc:279] 2022-05-27 05:36:04.744 | ulimit -n is 1024
I [../src/deptran/config.cc:285] 2022-05-27 05:36:04.744 | LoadYML: /home/xuhao/code/depfast/tmp/janus-final-testnameei4mj6x5.yml
I [../src/deptran/config.cc:403] 2022-05-27 05:36:04.745 | BuildSiteProcMap
I [../src/deptran/config.cc:655] 2022-05-27 05:36:04.745 | group size: 1
I [../src/deptran/config.cc:681] 2022-05-27 05:36:04.745 | client forwarding: 0
I [../src/deptran/config.cc:320] 2022-05-27 05:36:04.745 | # of concurrent requests: 20
I [../src/deptran/s_main.cc:290] 2022-05-27 05:36:04.745 | Read config finish
I [../src/deptran/s_main.cc:30] 2022-05-27 05:36:04.745 | client_setup_heartbeat
I [../src/deptran/s_main.cc:46] 2022-05-27 05:36:04.746 | Start control server on port 5555
I [../src/rrr/rpc/server.cpp:575] 2022-05-27 05:36:04.746 | bind address is: 0.0.0.0:5555
I [../src/rrr/rpc/server.cpp:570] 2022-05-27 05:36:04.746 | rrr::Server: started on 0.0.0.0:5555
I [../src/deptran/s_main.cc:314] 2022-05-27 05:36:04.746 | no servers on this process
I [../src/deptran/s_main.cc:54] 2022-05-27 05:36:04.746 | client enabled, number of sites: 1
I [../src/rrr/reactor/reactor.cc:389] 2022-05-27 05:36:04.747 | starting poll thread
I [../src/deptran/communicator.cc:25] 2022-05-27 05:36:04.747 | size of partitions: 1
I [../src/rrr/reactor/reactor.cc:389] 2022-05-27 05:36:04.748 | starting poll thread
I [../src/deptran/communicator.cc:191] 2022-05-27 05:36:05.749 | connect to site: 10.0.0.13:10000 success!
I [../src/deptran/communicator.cc:191] 2022-05-27 05:36:06.751 | connect to site: 10.0.0.14:10001 success!
I [../src/deptran/communicator.cc:191] 2022-05-27 05:36:06.752 | connect to site: 10.0.0.15:10002 success!
I [../src/deptran/communicator.cc:74] 2022-05-27 05:36:06.754 | Done waiting to connect to client leaders.
I [../src/deptran/client_worker.cc:330] 2022-05-27 05:36:07.322 | wait for finish... n_ceased_cleints: 0,  n_issued: 0, n_done: 0, n_created_coordinator: 0
I [../src/deptran/client_worker.cc:314] 2022-05-27 05:36:07.323 | wait for all virtual clients to stop issuing new requests.
I [../src/deptran/client_worker.cc:330] 2022-05-27 05:36:12.322 | wait for finish... n_ceased_cleints: 0,  n_issued: 7134, n_done: 7114, n_created_coordinator: 20
I [../src/deptran/client_worker.cc:330] 2022-05-27 05:36:17.322 | wait for finish... n_ceased_cleints: 0,  n_issued: 14103, n_done: 14083, n_created_coordinator: 20
I [../src/deptran/client_worker.cc:330] 2022-05-27 05:36:22.322 | wait for finish... n_ceased_cleints: 0,  n_issued: 23039, n_done: 23019, n_created_coordinator: 20
I [../src/deptran/client_worker.cc:330] 2022-05-27 05:36:27.322 | wait for finish... n_ceased_cleints: 0,  n_issued: 31459, n_done: 31439, n_created_coordinator: 20
I [../src/deptran/client_worker.cc:330] 2022-05-27 05:36:32.322 | wait for finish... n_ceased_cleints: 0,  n_issued: 40265, n_done: 40245, n_created_coordinator: 20
I [../src/deptran/client_worker.cc:330] 2022-05-27 05:36:37.323 | wait for finish... n_ceased_cleints: 0,  n_issued: 49006, n_done: 48986, n_created_coordinator: 20
I [../src/deptran/client_worker.cc:330] 2022-05-27 05:36:42.323 | wait for finish... n_ceased_cleints: 0,  n_issued: 57215, n_done: 57195, n_created_coordinator: 20
I [../src/deptran/client_worker.cc:330] 2022-05-27 05:36:47.323 | wait for finish... n_ceased_cleints: 0,  n_issued: 66063, n_done: 66043, n_created_coordinator: 20
I [../src/deptran/client_worker.cc:330] 2022-05-27 05:36:52.323 | wait for finish... n_ceased_cleints: 0,  n_issued: 74491, n_done: 74471, n_created_coordinator: 20
I [../src/deptran/client_worker.cc:330] 2022-05-27 05:36:57.323 | wait for finish... n_ceased_cleints: 0,  n_issued: 83179, n_done: 83159, n_created_coordinator: 20
I [../src/deptran/client_worker.cc:330] 2022-05-27 05:37:02.323 | wait for finish... n_ceased_cleints: 0,  n_issued: 91950, n_done: 91930, n_created_coordinator: 20
I [../src/deptran/s_main.cc:140] 2022-05-27 05:37:06.753 | wait_for_clients: wait for client threads to exit.
I [../src/deptran/client_worker.cc:330] 2022-05-27 05:37:07.323 | wait for finish... n_ceased_cleints: 0,  n_issued: 100720, n_done: 100700, n_created_coordinator: 20
I [../src/deptran/client_worker.cc:317] 2022-05-27 05:37:08.240 | wait for all outstanding requests to finish.
I [../src/deptran/client_worker.cc:343] 2022-05-27 05:37:12.323 | Finish:
Total: 101688, Commit: 101688, Attempts: 0, Running for 60, Throughput: 1694.80

I [../src/deptran/client_worker.cc:348] 2022-05-27 05:37:12.323 | Work: wait_for_shutdown at client 3
