I [../src/deptran/s_main.cc:136] 2022-05-20 15:37:10.448 | PWD : 
I [../src/deptran/s_main.cc:284] 2022-05-20 15:37:10.448 | starting process 15172
I [../src/deptran/s_main.cc:279] 2022-05-20 15:37:10.448 | ulimit -n is 1024
I [../src/deptran/config.cc:285] 2022-05-20 15:37:10.448 | LoadYML: /home/xuhao/code/depfast/tmp/janus-final-testnamevnx_51wr.yml
I [../src/deptran/config.cc:403] 2022-05-20 15:37:10.448 | BuildSiteProcMap
I [../src/deptran/config.cc:655] 2022-05-20 15:37:10.448 | group size: 1
I [../src/deptran/config.cc:681] 2022-05-20 15:37:10.448 | client forwarding: 0
I [../src/deptran/config.cc:320] 2022-05-20 15:37:10.448 | # of concurrent requests: 80
I [../src/deptran/s_main.cc:290] 2022-05-20 15:37:10.448 | Read config finish
I [../src/deptran/s_main.cc:30] 2022-05-20 15:37:10.448 | client_setup_heartbeat
I [../src/deptran/s_main.cc:46] 2022-05-20 15:37:10.449 | Start control server on port 5555
I [../src/rrr/rpc/server.cpp:575] 2022-05-20 15:37:10.449 | bind address is: 0.0.0.0:5555
I [../src/rrr/rpc/server.cpp:570] 2022-05-20 15:37:10.449 | rrr::Server: started on 0.0.0.0:5555
I [../src/deptran/s_main.cc:314] 2022-05-20 15:37:10.449 | no servers on this process
I [../src/deptran/s_main.cc:54] 2022-05-20 15:37:10.449 | client enabled, number of sites: 1
I [../src/deptran/communicator.cc:25] 2022-05-20 15:37:10.450 | size of partitions: 1
I [../src/rrr/reactor/reactor.cc:389] 2022-05-20 15:37:10.450 | starting poll thread
I [../src/rrr/reactor/reactor.cc:389] 2022-05-20 15:37:10.452 | starting poll thread
I [../src/deptran/communicator.cc:191] 2022-05-20 15:37:11.453 | connect to site: 10.0.0.13:10000 success!
I [../src/deptran/communicator.cc:191] 2022-05-20 15:37:12.455 | connect to site: 10.0.0.14:10001 success!
I [../src/deptran/communicator.cc:191] 2022-05-20 15:37:12.456 | connect to site: 10.0.0.15:10002 success!
I [../src/deptran/communicator.cc:191] 2022-05-20 15:37:12.457 | connect to site: 10.0.0.55:10003 success!
I [../src/deptran/communicator.cc:191] 2022-05-20 15:37:12.458 | connect to site: 10.0.0.58:10004 success!
I [../src/deptran/communicator.cc:74] 2022-05-20 15:37:12.459 | Done waiting to connect to client leaders.
I [../src/deptran/client_worker.cc:330] 2022-05-20 15:37:14.186 | wait for finish... n_ceased_cleints: 0,  n_issued: 0, n_done: 0, n_created_coordinator: 0
I [../src/deptran/client_worker.cc:314] 2022-05-20 15:37:14.189 | wait for all virtual clients to stop issuing new requests.
I [../src/deptran/client_worker.cc:330] 2022-05-20 15:37:19.186 | wait for finish... n_ceased_cleints: 0,  n_issued: 39330, n_done: 39250, n_created_coordinator: 80
I [../src/deptran/client_worker.cc:330] 2022-05-20 15:37:24.187 | wait for finish... n_ceased_cleints: 0,  n_issued: 82049, n_done: 81969, n_created_coordinator: 80
I [../src/deptran/client_worker.cc:330] 2022-05-20 15:37:29.187 | wait for finish... n_ceased_cleints: 0,  n_issued: 124273, n_done: 124193, n_created_coordinator: 80
I [../src/deptran/client_worker.cc:330] 2022-05-20 15:37:34.187 | wait for finish... n_ceased_cleints: 0,  n_issued: 166755, n_done: 166675, n_created_coordinator: 80
I [../src/deptran/client_worker.cc:330] 2022-05-20 15:37:39.187 | wait for finish... n_ceased_cleints: 0,  n_issued: 208835, n_done: 208755, n_created_coordinator: 80
I [../src/deptran/client_worker.cc:330] 2022-05-20 15:37:44.187 | wait for finish... n_ceased_cleints: 0,  n_issued: 251019, n_done: 250939, n_created_coordinator: 80
I [../src/deptran/client_worker.cc:330] 2022-05-20 15:37:49.187 | wait for finish... n_ceased_cleints: 0,  n_issued: 293185, n_done: 293105, n_created_coordinator: 80
I [../src/deptran/client_worker.cc:330] 2022-05-20 15:37:54.187 | wait for finish... n_ceased_cleints: 0,  n_issued: 336010, n_done: 335930, n_created_coordinator: 80
I [../src/deptran/client_worker.cc:330] 2022-05-20 15:37:59.187 | wait for finish... n_ceased_cleints: 0,  n_issued: 378436, n_done: 378356, n_created_coordinator: 80
I [../src/deptran/client_worker.cc:330] 2022-05-20 15:38:04.187 | wait for finish... n_ceased_cleints: 0,  n_issued: 419558, n_done: 419478, n_created_coordinator: 80
I [../src/deptran/client_worker.cc:330] 2022-05-20 15:38:09.188 | wait for finish... n_ceased_cleints: 0,  n_issued: 461439, n_done: 461359, n_created_coordinator: 80
I [../src/deptran/s_main.cc:140] 2022-05-20 15:38:12.458 | wait_for_clients: wait for client threads to exit.
I [../src/deptran/client_worker.cc:330] 2022-05-20 15:38:14.188 | wait for finish... n_ceased_cleints: 0,  n_issued: 503277, n_done: 503197, n_created_coordinator: 80
I [../src/deptran/client_worker.cc:317] 2022-05-20 15:38:15.176 | wait for all outstanding requests to finish.
I [../src/deptran/client_worker.cc:343] 2022-05-20 15:38:19.188 | Finish:
Total: 508248, Commit: 508248, Attempts: 0, Running for 60, Throughput: 8470.80

I [../src/deptran/client_worker.cc:348] 2022-05-20 15:38:19.188 | Work: wait_for_shutdown at client 5
