I [../src/deptran/s_main.cc:136] 2022-05-20 07:09:33.353 | PWD : 
I [../src/deptran/s_main.cc:284] 2022-05-20 07:09:33.353 | starting process 25740
I [../src/deptran/s_main.cc:279] 2022-05-20 07:09:33.353 | ulimit -n is 1024
I [../src/deptran/config.cc:285] 2022-05-20 07:09:33.353 | LoadYML: /home/xuhao/code/depfast/tmp/janus-final-testname1uh_4lq5.yml
I [../src/deptran/config.cc:403] 2022-05-20 07:09:33.353 | BuildSiteProcMap
I [../src/deptran/config.cc:655] 2022-05-20 07:09:33.353 | group size: 1
I [../src/deptran/config.cc:681] 2022-05-20 07:09:33.353 | client forwarding: 0
I [../src/deptran/config.cc:320] 2022-05-20 07:09:33.353 | # of concurrent requests: 20
I [../src/deptran/s_main.cc:290] 2022-05-20 07:09:33.353 | Read config finish
I [../src/deptran/s_main.cc:30] 2022-05-20 07:09:33.353 | client_setup_heartbeat
I [../src/deptran/s_main.cc:46] 2022-05-20 07:09:33.354 | Start control server on port 5555
I [../src/rrr/rpc/server.cpp:575] 2022-05-20 07:09:33.354 | bind address is: 0.0.0.0:5555
I [../src/rrr/rpc/server.cpp:570] 2022-05-20 07:09:33.354 | rrr::Server: started on 0.0.0.0:5555
I [../src/deptran/s_main.cc:314] 2022-05-20 07:09:33.354 | no servers on this process
I [../src/deptran/s_main.cc:54] 2022-05-20 07:09:33.354 | client enabled, number of sites: 1
I [../src/deptran/communicator.cc:25] 2022-05-20 07:09:33.354 | size of partitions: 1
I [../src/rrr/reactor/reactor.cc:389] 2022-05-20 07:09:33.355 | starting poll thread
I [../src/rrr/reactor/reactor.cc:389] 2022-05-20 07:09:33.356 | starting poll thread
I [../src/deptran/communicator.cc:191] 2022-05-20 07:09:35.357 | connect to site: 10.0.0.13:10000 success!
I [../src/deptran/communicator.cc:191] 2022-05-20 07:09:35.358 | connect to site: 10.0.0.14:10001 success!
I [../src/deptran/communicator.cc:191] 2022-05-20 07:09:35.360 | connect to site: 10.0.0.15:10002 success!
I [../src/deptran/communicator.cc:74] 2022-05-20 07:09:35.361 | Done waiting to connect to client leaders.
I [../src/deptran/client_worker.cc:330] 2022-05-20 07:09:35.927 | wait for finish... n_ceased_cleints: 0,  n_issued: 0, n_done: 0, n_created_coordinator: 0
I [../src/deptran/client_worker.cc:314] 2022-05-20 07:09:35.928 | wait for all virtual clients to stop issuing new requests.
I [../src/deptran/client_worker.cc:330] 2022-05-20 07:09:40.927 | wait for finish... n_ceased_cleints: 0,  n_issued: 10496, n_done: 10476, n_created_coordinator: 20
I [../src/deptran/client_worker.cc:330] 2022-05-20 07:09:45.927 | wait for finish... n_ceased_cleints: 0,  n_issued: 19071, n_done: 19051, n_created_coordinator: 20
I [../src/deptran/client_worker.cc:330] 2022-05-20 07:09:50.927 | wait for finish... n_ceased_cleints: 0,  n_issued: 33248, n_done: 33228, n_created_coordinator: 20
I [../src/deptran/client_worker.cc:330] 2022-05-20 07:09:55.927 | wait for finish... n_ceased_cleints: 0,  n_issued: 39667, n_done: 39647, n_created_coordinator: 20
I [../src/deptran/client_worker.cc:330] 2022-05-20 07:10:00.927 | wait for finish... n_ceased_cleints: 0,  n_issued: 53809, n_done: 53789, n_created_coordinator: 20
I [../src/deptran/client_worker.cc:330] 2022-05-20 07:10:05.927 | wait for finish... n_ceased_cleints: 0,  n_issued: 68824, n_done: 68804, n_created_coordinator: 20
I [../src/deptran/client_worker.cc:330] 2022-05-20 07:10:10.928 | wait for finish... n_ceased_cleints: 0,  n_issued: 84033, n_done: 84013, n_created_coordinator: 20
I [../src/deptran/client_worker.cc:330] 2022-05-20 07:10:15.928 | wait for finish... n_ceased_cleints: 0,  n_issued: 100085, n_done: 100065, n_created_coordinator: 20
I [../src/deptran/client_worker.cc:330] 2022-05-20 07:10:20.928 | wait for finish... n_ceased_cleints: 0,  n_issued: 116255, n_done: 116235, n_created_coordinator: 20
I [../src/deptran/client_worker.cc:330] 2022-05-20 07:10:25.928 | wait for finish... n_ceased_cleints: 0,  n_issued: 132230, n_done: 132210, n_created_coordinator: 20
I [../src/deptran/client_worker.cc:330] 2022-05-20 07:10:30.928 | wait for finish... n_ceased_cleints: 0,  n_issued: 148020, n_done: 148000, n_created_coordinator: 20
I [../src/deptran/s_main.cc:140] 2022-05-20 07:10:35.360 | wait_for_clients: wait for client threads to exit.
I [../src/deptran/client_worker.cc:330] 2022-05-20 07:10:35.928 | wait for finish... n_ceased_cleints: 0,  n_issued: 164051, n_done: 164031, n_created_coordinator: 20
I [../src/deptran/client_worker.cc:317] 2022-05-20 07:10:36.922 | wait for all outstanding requests to finish.
I [../src/deptran/client_worker.cc:343] 2022-05-20 07:10:40.928 | Finish:
Total: 165785, Commit: 165785, Attempts: 0, Running for 60, Throughput: 2763.08

I [../src/deptran/client_worker.cc:348] 2022-05-20 07:10:40.928 | Work: wait_for_shutdown at client 3
