I [../src/deptran/s_main.cc:136] 2022-05-19 22:42:36.215 | PWD : 
I [../src/deptran/s_main.cc:284] 2022-05-19 22:42:36.215 | starting process 5617
I [../src/deptran/s_main.cc:279] 2022-05-19 22:42:36.215 | ulimit -n is 1024
I [../src/deptran/config.cc:285] 2022-05-19 22:42:36.215 | LoadYML: /home/xuhao/code/depfast/tmp/janus-final-testnamexsrhigd5.yml
I [../src/deptran/config.cc:403] 2022-05-19 22:42:36.216 | BuildSiteProcMap
I [../src/deptran/config.cc:655] 2022-05-19 22:42:36.216 | group size: 1
I [../src/deptran/config.cc:681] 2022-05-19 22:42:36.216 | client forwarding: 0
I [../src/deptran/config.cc:320] 2022-05-19 22:42:36.216 | # of concurrent requests: 4
I [../src/deptran/s_main.cc:290] 2022-05-19 22:42:36.216 | Read config finish
I [../src/deptran/s_main.cc:30] 2022-05-19 22:42:36.216 | client_setup_heartbeat
I [../src/deptran/s_main.cc:46] 2022-05-19 22:42:36.216 | Start control server on port 5555
I [../src/rrr/rpc/server.cpp:575] 2022-05-19 22:42:36.216 | bind address is: 0.0.0.0:5555
I [../src/rrr/reactor/reactor.cc:389] 2022-05-19 22:42:36.216 | starting poll thread
I [../src/rrr/rpc/server.cpp:570] 2022-05-19 22:42:36.216 | rrr::Server: started on 0.0.0.0:5555
I [../src/deptran/s_main.cc:314] 2022-05-19 22:42:36.216 | no servers on this process
I [../src/deptran/s_main.cc:54] 2022-05-19 22:42:36.216 | client enabled, number of sites: 1
I [../src/rrr/reactor/reactor.cc:389] 2022-05-19 22:42:36.216 | starting poll thread
I [../src/deptran/communicator.cc:25] 2022-05-19 22:42:36.216 | size of partitions: 1
I [../src/deptran/communicator.cc:191] 2022-05-19 22:42:38.220 | connect to site: 10.0.0.13:10000 success!
I [../src/deptran/communicator.cc:191] 2022-05-19 22:42:38.221 | connect to site: 10.0.0.14:10001 success!
I [../src/deptran/communicator.cc:191] 2022-05-19 22:42:38.222 | connect to site: 10.0.0.15:10002 success!
I [../src/deptran/communicator.cc:74] 2022-05-19 22:42:38.222 | Done waiting to connect to client leaders.
I [../src/deptran/client_worker.cc:330] 2022-05-19 22:42:39.799 | wait for finish... n_ceased_cleints: 0,  n_issued: 0, n_done: 0, n_created_coordinator: 0
I [../src/deptran/client_worker.cc:314] 2022-05-19 22:42:39.799 | wait for all virtual clients to stop issuing new requests.
I [../src/deptran/client_worker.cc:330] 2022-05-19 22:42:44.799 | wait for finish... n_ceased_cleints: 0,  n_issued: 34775, n_done: 34771, n_created_coordinator: 4
I [../src/deptran/client_worker.cc:330] 2022-05-19 22:42:49.799 | wait for finish... n_ceased_cleints: 0,  n_issued: 72906, n_done: 72902, n_created_coordinator: 4
I [../src/deptran/client_worker.cc:330] 2022-05-19 22:42:54.799 | wait for finish... n_ceased_cleints: 0,  n_issued: 111452, n_done: 111448, n_created_coordinator: 4
I [../src/deptran/client_worker.cc:330] 2022-05-19 22:42:59.799 | wait for finish... n_ceased_cleints: 0,  n_issued: 149070, n_done: 149066, n_created_coordinator: 4
I [../src/deptran/client_worker.cc:330] 2022-05-19 22:43:04.799 | wait for finish... n_ceased_cleints: 0,  n_issued: 187257, n_done: 187253, n_created_coordinator: 4
I [../src/deptran/client_worker.cc:330] 2022-05-19 22:43:09.799 | wait for finish... n_ceased_cleints: 0,  n_issued: 225675, n_done: 225671, n_created_coordinator: 4
I [../src/deptran/client_worker.cc:330] 2022-05-19 22:43:14.799 | wait for finish... n_ceased_cleints: 0,  n_issued: 263463, n_done: 263459, n_created_coordinator: 4
I [../src/deptran/client_worker.cc:330] 2022-05-19 22:43:19.800 | wait for finish... n_ceased_cleints: 0,  n_issued: 300733, n_done: 300729, n_created_coordinator: 4
I [../src/deptran/client_worker.cc:330] 2022-05-19 22:43:24.800 | wait for finish... n_ceased_cleints: 0,  n_issued: 338086, n_done: 338082, n_created_coordinator: 4
I [../src/deptran/client_worker.cc:330] 2022-05-19 22:43:29.800 | wait for finish... n_ceased_cleints: 0,  n_issued: 375092, n_done: 375088, n_created_coordinator: 4
I [../src/deptran/client_worker.cc:330] 2022-05-19 22:43:34.800 | wait for finish... n_ceased_cleints: 0,  n_issued: 412781, n_done: 412777, n_created_coordinator: 4
I [../src/deptran/s_main.cc:140] 2022-05-19 22:43:38.222 | wait_for_clients: wait for client threads to exit.
I [../src/deptran/client_worker.cc:330] 2022-05-19 22:43:39.800 | wait for finish... n_ceased_cleints: 0,  n_issued: 450353, n_done: 450349, n_created_coordinator: 4
I [../src/deptran/client_worker.cc:317] 2022-05-19 22:43:40.663 | wait for all outstanding requests to finish.
I [../src/deptran/client_worker.cc:343] 2022-05-19 22:43:44.800 | Finish:
Total: 455488, Commit: 455488, Attempts: 0, Running for 60, Throughput: 7591.47

I [../src/deptran/client_worker.cc:348] 2022-05-19 22:43:44.800 | Work: wait_for_shutdown at client 3
