I [../src/deptran/s_main.cc:136] 2022-05-20 10:56:28.584 | PWD : 
I [../src/deptran/s_main.cc:284] 2022-05-20 10:56:28.584 | starting process 9773
I [../src/deptran/s_main.cc:279] 2022-05-20 10:56:28.584 | ulimit -n is 1024
I [../src/deptran/config.cc:285] 2022-05-20 10:56:28.584 | LoadYML: /home/xuhao/code/depfast/tmp/janus-final-testnamey50umdiv.yml
I [../src/deptran/config.cc:403] 2022-05-20 10:56:28.585 | BuildSiteProcMap
I [../src/deptran/config.cc:655] 2022-05-20 10:56:28.585 | group size: 1
I [../src/deptran/config.cc:681] 2022-05-20 10:56:28.585 | client forwarding: 0
I [../src/deptran/config.cc:320] 2022-05-20 10:56:28.585 | # of concurrent requests: 220
I [../src/deptran/s_main.cc:290] 2022-05-20 10:56:28.585 | Read config finish
I [../src/deptran/s_main.cc:30] 2022-05-20 10:56:28.585 | client_setup_heartbeat
I [../src/deptran/s_main.cc:46] 2022-05-20 10:56:28.586 | Start control server on port 5555
I [../src/rrr/rpc/server.cpp:575] 2022-05-20 10:56:28.586 | bind address is: 0.0.0.0:5555
I [../src/rrr/rpc/server.cpp:570] 2022-05-20 10:56:28.586 | rrr::Server: started on 0.0.0.0:5555
I [../src/deptran/s_main.cc:314] 2022-05-20 10:56:28.586 | no servers on this process
I [../src/deptran/s_main.cc:54] 2022-05-20 10:56:28.586 | client enabled, number of sites: 1
I [../src/deptran/communicator.cc:25] 2022-05-20 10:56:28.586 | size of partitions: 1
I [../src/rrr/reactor/reactor.cc:389] 2022-05-20 10:56:28.587 | starting poll thread
I [../src/rrr/reactor/reactor.cc:389] 2022-05-20 10:56:28.588 | starting poll thread
I [../src/deptran/communicator.cc:191] 2022-05-20 10:56:30.589 | connect to site: 10.0.0.13:10000 success!
I [../src/deptran/communicator.cc:191] 2022-05-20 10:56:30.590 | connect to site: 10.0.0.14:10001 success!
I [../src/deptran/communicator.cc:191] 2022-05-20 10:56:31.593 | connect to site: 10.0.0.15:10002 success!
I [../src/deptran/communicator.cc:74] 2022-05-20 10:56:31.594 | Done waiting to connect to client leaders.
I [../src/deptran/client_worker.cc:330] 2022-05-20 10:56:32.242 | wait for finish... n_ceased_cleints: 0,  n_issued: 0, n_done: 0, n_created_coordinator: 0
I [../src/deptran/client_worker.cc:314] 2022-05-20 10:56:32.244 | wait for all virtual clients to stop issuing new requests.
I [../src/deptran/client_worker.cc:330] 2022-05-20 10:56:37.242 | wait for finish... n_ceased_cleints: 0,  n_issued: 74080, n_done: 73860, n_created_coordinator: 220
I [../src/deptran/client_worker.cc:330] 2022-05-20 10:56:42.242 | wait for finish... n_ceased_cleints: 0,  n_issued: 153264, n_done: 153044, n_created_coordinator: 220
I [../src/deptran/client_worker.cc:330] 2022-05-20 10:56:47.242 | wait for finish... n_ceased_cleints: 0,  n_issued: 231267, n_done: 231047, n_created_coordinator: 220
I [../src/deptran/client_worker.cc:330] 2022-05-20 10:56:52.242 | wait for finish... n_ceased_cleints: 0,  n_issued: 308027, n_done: 307807, n_created_coordinator: 220
I [../src/deptran/client_worker.cc:330] 2022-05-20 10:56:57.242 | wait for finish... n_ceased_cleints: 0,  n_issued: 386033, n_done: 385813, n_created_coordinator: 220
I [../src/deptran/client_worker.cc:330] 2022-05-20 10:57:02.243 | wait for finish... n_ceased_cleints: 0,  n_issued: 462563, n_done: 462343, n_created_coordinator: 220
I [../src/deptran/client_worker.cc:330] 2022-05-20 10:57:07.243 | wait for finish... n_ceased_cleints: 0,  n_issued: 540565, n_done: 540345, n_created_coordinator: 220
I [../src/deptran/client_worker.cc:330] 2022-05-20 10:57:12.243 | wait for finish... n_ceased_cleints: 0,  n_issued: 618196, n_done: 617976, n_created_coordinator: 220
I [../src/deptran/client_worker.cc:330] 2022-05-20 10:57:17.243 | wait for finish... n_ceased_cleints: 0,  n_issued: 693707, n_done: 693487, n_created_coordinator: 220
I [../src/deptran/client_worker.cc:330] 2022-05-20 10:57:22.243 | wait for finish... n_ceased_cleints: 0,  n_issued: 771679, n_done: 771459, n_created_coordinator: 220
I [../src/deptran/client_worker.cc:330] 2022-05-20 10:57:27.243 | wait for finish... n_ceased_cleints: 0,  n_issued: 848562, n_done: 848342, n_created_coordinator: 220
I [../src/deptran/client_worker.cc:330] 2022-05-20 10:57:32.243 | wait for finish... n_ceased_cleints: 0,  n_issued: 924583, n_done: 924363, n_created_coordinator: 220
I [../src/deptran/client_worker.cc:330] 2022-05-20 10:57:37.243 | wait for finish... n_ceased_cleints: 0,  n_issued: 1001009, n_done: 1000789, n_created_coordinator: 220
I [../src/deptran/client_worker.cc:330] 2022-05-20 10:57:42.243 | wait for finish... n_ceased_cleints: 0,  n_issued: 1076046, n_done: 1075826, n_created_coordinator: 220
I [../src/deptran/client_worker.cc:330] 2022-05-20 10:57:47.244 | wait for finish... n_ceased_cleints: 0,  n_issued: 1152884, n_done: 1152664, n_created_coordinator: 220
I [../src/deptran/client_worker.cc:330] 2022-05-20 10:57:52.244 | wait for finish... n_ceased_cleints: 0,  n_issued: 1228966, n_done: 1228746, n_created_coordinator: 220
I [../src/deptran/client_worker.cc:330] 2022-05-20 10:57:57.244 | wait for finish... n_ceased_cleints: 0,  n_issued: 1306182, n_done: 1305962, n_created_coordinator: 220
I [../src/deptran/client_worker.cc:330] 2022-05-20 10:58:02.244 | wait for finish... n_ceased_cleints: 0,  n_issued: 1383234, n_done: 1383014, n_created_coordinator: 220
I [../src/deptran/client_worker.cc:330] 2022-05-20 10:58:07.244 | wait for finish... n_ceased_cleints: 0,  n_issued: 1460376, n_done: 1460156, n_created_coordinator: 220
I [../src/deptran/client_worker.cc:330] 2022-05-20 10:58:12.244 | wait for finish... n_ceased_cleints: 0,  n_issued: 1535247, n_done: 1535027, n_created_coordinator: 220
I [../src/deptran/client_worker.cc:330] 2022-05-20 10:58:17.244 | wait for finish... n_ceased_cleints: 0,  n_issued: 1611670, n_done: 1611450, n_created_coordinator: 220
I [../src/deptran/client_worker.cc:330] 2022-05-20 10:58:22.244 | wait for finish... n_ceased_cleints: 0,  n_issued: 1689420, n_done: 1689200, n_created_coordinator: 220
I [../src/deptran/client_worker.cc:330] 2022-05-20 10:58:27.244 | wait for finish... n_ceased_cleints: 0,  n_issued: 1767097, n_done: 1766877, n_created_coordinator: 220
I [../src/deptran/client_worker.cc:330] 2022-05-20 10:58:32.245 | wait for finish... n_ceased_cleints: 0,  n_issued: 1842665, n_done: 1842445, n_created_coordinator: 220
I [../src/deptran/client_worker.cc:330] 2022-05-20 10:58:37.245 | wait for finish... n_ceased_cleints: 0,  n_issued: 1917138, n_done: 1916918, n_created_coordinator: 220
I [../src/deptran/client_worker.cc:330] 2022-05-20 10:58:42.245 | wait for finish... n_ceased_cleints: 0,  n_issued: 1994755, n_done: 1994535, n_created_coordinator: 220
I [../src/deptran/client_worker.cc:330] 2022-05-20 10:58:47.245 | wait for finish... n_ceased_cleints: 0,  n_issued: 2071752, n_done: 2071532, n_created_coordinator: 220
I [../src/deptran/client_worker.cc:330] 2022-05-20 10:58:52.245 | wait for finish... n_ceased_cleints: 0,  n_issued: 2151016, n_done: 2150796, n_created_coordinator: 220
I [../src/deptran/client_worker.cc:330] 2022-05-20 10:58:57.245 | wait for finish... n_ceased_cleints: 0,  n_issued: 2226929, n_done: 2226709, n_created_coordinator: 220
I [../src/deptran/client_worker.cc:330] 2022-05-20 10:59:02.245 | wait for finish... n_ceased_cleints: 0,  n_issued: 2305225, n_done: 2305005, n_created_coordinator: 220
I [../src/deptran/client_worker.cc:330] 2022-05-20 10:59:07.245 | wait for finish... n_ceased_cleints: 0,  n_issued: 2382392, n_done: 2382172, n_created_coordinator: 220
I [../src/deptran/client_worker.cc:330] 2022-05-20 10:59:12.245 | wait for finish... n_ceased_cleints: 0,  n_issued: 2458082, n_done: 2457862, n_created_coordinator: 220
I [../src/deptran/client_worker.cc:330] 2022-05-20 10:59:17.246 | wait for finish... n_ceased_cleints: 0,  n_issued: 2535211, n_done: 2534991, n_created_coordinator: 220
I [../src/deptran/client_worker.cc:330] 2022-05-20 10:59:22.246 | wait for finish... n_ceased_cleints: 0,  n_issued: 2612940, n_done: 2612720, n_created_coordinator: 220
I [../src/deptran/client_worker.cc:330] 2022-05-20 10:59:27.246 | wait for finish... n_ceased_cleints: 0,  n_issued: 2690472, n_done: 2690252, n_created_coordinator: 220
I [../src/deptran/s_main.cc:140] 2022-05-20 10:59:31.594 | wait_for_clients: wait for client threads to exit.
I [../src/deptran/client_worker.cc:330] 2022-05-20 10:59:32.246 | wait for finish... n_ceased_cleints: 0,  n_issued: 2767738, n_done: 2767518, n_created_coordinator: 220
I [../src/deptran/client_worker.cc:317] 2022-05-20 10:59:33.228 | wait for all outstanding requests to finish.
I [../src/deptran/client_worker.cc:343] 2022-05-20 10:59:37.246 | Finish:
Total: 2777407, Commit: 2777407, Attempts: 0, Running for 180, Throughput: 15430.04

I [../src/deptran/client_worker.cc:348] 2022-05-20 10:59:37.246 | Work: wait_for_shutdown at client 3
