I [../src/deptran/s_main.cc:136] 2022-05-19 17:48:11.971 | PWD : 
I [../src/deptran/s_main.cc:284] 2022-05-19 17:48:11.971 | starting process 24924
I [../src/deptran/s_main.cc:279] 2022-05-19 17:48:11.971 | ulimit -n is 1024
I [../src/deptran/config.cc:285] 2022-05-19 17:48:11.971 | LoadYML: /home/xuhao/code/depfast/tmp/janus-final-testname65qc5e_i.yml
I [../src/deptran/config.cc:403] 2022-05-19 17:48:11.972 | BuildSiteProcMap
I [../src/deptran/config.cc:655] 2022-05-19 17:48:11.972 | group size: 1
I [../src/deptran/config.cc:681] 2022-05-19 17:48:11.972 | client forwarding: 0
I [../src/deptran/config.cc:320] 2022-05-19 17:48:11.972 | # of concurrent requests: 220
I [../src/deptran/s_main.cc:290] 2022-05-19 17:48:11.972 | Read config finish
I [../src/deptran/s_main.cc:30] 2022-05-19 17:48:11.972 | client_setup_heartbeat
I [../src/deptran/s_main.cc:46] 2022-05-19 17:48:11.972 | Start control server on port 5555
I [../src/rrr/reactor/reactor.cc:389] 2022-05-19 17:48:11.972 | starting poll thread
I [../src/rrr/rpc/server.cpp:575] 2022-05-19 17:48:11.972 | bind address is: 0.0.0.0:5555
I [../src/rrr/rpc/server.cpp:570] 2022-05-19 17:48:11.972 | rrr::Server: started on 0.0.0.0:5555
I [../src/deptran/s_main.cc:314] 2022-05-19 17:48:11.972 | no servers on this process
I [../src/deptran/s_main.cc:54] 2022-05-19 17:48:11.972 | client enabled, number of sites: 1
I [../src/rrr/reactor/reactor.cc:389] 2022-05-19 17:48:11.972 | starting poll thread
I [../src/deptran/communicator.cc:25] 2022-05-19 17:48:11.972 | size of partitions: 1
I [../src/deptran/communicator.cc:191] 2022-05-19 17:48:13.975 | connect to site: 10.0.0.13:10000 success!
I [../src/deptran/communicator.cc:191] 2022-05-19 17:48:13.976 | connect to site: 10.0.0.14:10001 success!
I [../src/deptran/communicator.cc:191] 2022-05-19 17:48:13.977 | connect to site: 10.0.0.15:10002 success!
I [../src/deptran/communicator.cc:191] 2022-05-19 17:48:13.979 | connect to site: 10.0.0.55:10003 success!
I [../src/deptran/communicator.cc:191] 2022-05-19 17:48:13.979 | connect to site: 10.0.0.58:10004 success!
I [../src/deptran/communicator.cc:74] 2022-05-19 17:48:13.980 | Done waiting to connect to client leaders.
I [../src/deptran/client_worker.cc:330] 2022-05-19 17:48:15.803 | wait for finish... n_ceased_cleints: 0,  n_issued: 0, n_done: 0, n_created_coordinator: 0
I [../src/deptran/client_worker.cc:314] 2022-05-19 17:48:15.805 | wait for all virtual clients to stop issuing new requests.
I [../src/deptran/client_worker.cc:330] 2022-05-19 17:48:20.803 | wait for finish... n_ceased_cleints: 0,  n_issued: 63214, n_done: 62994, n_created_coordinator: 220
I [../src/deptran/client_worker.cc:330] 2022-05-19 17:48:25.803 | wait for finish... n_ceased_cleints: 0,  n_issued: 128301, n_done: 128081, n_created_coordinator: 220
I [../src/deptran/client_worker.cc:330] 2022-05-19 17:48:30.803 | wait for finish... n_ceased_cleints: 0,  n_issued: 190330, n_done: 190110, n_created_coordinator: 220
I [../src/deptran/client_worker.cc:330] 2022-05-19 17:48:35.803 | wait for finish... n_ceased_cleints: 0,  n_issued: 252976, n_done: 252756, n_created_coordinator: 220
I [../src/deptran/client_worker.cc:330] 2022-05-19 17:48:40.803 | wait for finish... n_ceased_cleints: 0,  n_issued: 315761, n_done: 315541, n_created_coordinator: 220
I [../src/deptran/client_worker.cc:330] 2022-05-19 17:48:45.803 | wait for finish... n_ceased_cleints: 0,  n_issued: 381692, n_done: 381472, n_created_coordinator: 220
I [../src/deptran/client_worker.cc:330] 2022-05-19 17:48:50.804 | wait for finish... n_ceased_cleints: 0,  n_issued: 447837, n_done: 447617, n_created_coordinator: 220
I [../src/deptran/client_worker.cc:330] 2022-05-19 17:48:55.804 | wait for finish... n_ceased_cleints: 0,  n_issued: 515090, n_done: 514870, n_created_coordinator: 220
I [../src/deptran/client_worker.cc:330] 2022-05-19 17:49:00.804 | wait for finish... n_ceased_cleints: 0,  n_issued: 583703, n_done: 583483, n_created_coordinator: 220
I [../src/deptran/client_worker.cc:330] 2022-05-19 17:49:05.804 | wait for finish... n_ceased_cleints: 0,  n_issued: 651004, n_done: 650784, n_created_coordinator: 220
I [../src/deptran/client_worker.cc:330] 2022-05-19 17:49:10.804 | wait for finish... n_ceased_cleints: 0,  n_issued: 717337, n_done: 717117, n_created_coordinator: 220
I [../src/deptran/client_worker.cc:330] 2022-05-19 17:49:15.804 | wait for finish... n_ceased_cleints: 0,  n_issued: 783808, n_done: 783588, n_created_coordinator: 220
I [../src/deptran/client_worker.cc:330] 2022-05-19 17:49:20.804 | wait for finish... n_ceased_cleints: 0,  n_issued: 850949, n_done: 850729, n_created_coordinator: 220
I [../src/deptran/client_worker.cc:330] 2022-05-19 17:49:25.804 | wait for finish... n_ceased_cleints: 0,  n_issued: 917080, n_done: 916860, n_created_coordinator: 220
I [../src/deptran/client_worker.cc:330] 2022-05-19 17:49:30.804 | wait for finish... n_ceased_cleints: 0,  n_issued: 984900, n_done: 984680, n_created_coordinator: 220
I [../src/deptran/client_worker.cc:330] 2022-05-19 17:49:35.804 | wait for finish... n_ceased_cleints: 0,  n_issued: 1051971, n_done: 1051751, n_created_coordinator: 220
I [../src/deptran/client_worker.cc:330] 2022-05-19 17:49:40.805 | wait for finish... n_ceased_cleints: 0,  n_issued: 1118709, n_done: 1118489, n_created_coordinator: 220
I [../src/deptran/client_worker.cc:330] 2022-05-19 17:49:45.805 | wait for finish... n_ceased_cleints: 0,  n_issued: 1185886, n_done: 1185666, n_created_coordinator: 220
I [../src/deptran/client_worker.cc:330] 2022-05-19 17:49:50.805 | wait for finish... n_ceased_cleints: 0,  n_issued: 1253682, n_done: 1253462, n_created_coordinator: 220
I [../src/deptran/client_worker.cc:330] 2022-05-19 17:49:55.805 | wait for finish... n_ceased_cleints: 0,  n_issued: 1321727, n_done: 1321507, n_created_coordinator: 220
I [../src/deptran/client_worker.cc:330] 2022-05-19 17:50:00.805 | wait for finish... n_ceased_cleints: 0,  n_issued: 1389466, n_done: 1389246, n_created_coordinator: 220
I [../src/deptran/client_worker.cc:330] 2022-05-19 17:50:05.805 | wait for finish... n_ceased_cleints: 0,  n_issued: 1455295, n_done: 1455075, n_created_coordinator: 220
I [../src/deptran/client_worker.cc:330] 2022-05-19 17:50:10.805 | wait for finish... n_ceased_cleints: 0,  n_issued: 1520037, n_done: 1519817, n_created_coordinator: 220
I [../src/deptran/client_worker.cc:330] 2022-05-19 17:50:15.805 | wait for finish... n_ceased_cleints: 0,  n_issued: 1587215, n_done: 1586995, n_created_coordinator: 220
I [../src/deptran/client_worker.cc:330] 2022-05-19 17:50:20.805 | wait for finish... n_ceased_cleints: 0,  n_issued: 1654835, n_done: 1654615, n_created_coordinator: 220
I [../src/deptran/client_worker.cc:330] 2022-05-19 17:50:25.805 | wait for finish... n_ceased_cleints: 0,  n_issued: 1721967, n_done: 1721747, n_created_coordinator: 220
I [../src/deptran/client_worker.cc:330] 2022-05-19 17:50:30.806 | wait for finish... n_ceased_cleints: 0,  n_issued: 1789552, n_done: 1789332, n_created_coordinator: 220
I [../src/deptran/client_worker.cc:330] 2022-05-19 17:50:35.806 | wait for finish... n_ceased_cleints: 0,  n_issued: 1855907, n_done: 1855687, n_created_coordinator: 220
I [../src/deptran/client_worker.cc:330] 2022-05-19 17:50:40.806 | wait for finish... n_ceased_cleints: 0,  n_issued: 1923304, n_done: 1923084, n_created_coordinator: 220
I [../src/deptran/client_worker.cc:330] 2022-05-19 17:50:45.806 | wait for finish... n_ceased_cleints: 0,  n_issued: 1990827, n_done: 1990607, n_created_coordinator: 220
I [../src/deptran/client_worker.cc:330] 2022-05-19 17:50:50.806 | wait for finish... n_ceased_cleints: 0,  n_issued: 2057733, n_done: 2057513, n_created_coordinator: 220
I [../src/deptran/client_worker.cc:330] 2022-05-19 17:50:55.806 | wait for finish... n_ceased_cleints: 0,  n_issued: 2125350, n_done: 2125130, n_created_coordinator: 220
I [../src/deptran/client_worker.cc:330] 2022-05-19 17:51:00.806 | wait for finish... n_ceased_cleints: 0,  n_issued: 2193295, n_done: 2193075, n_created_coordinator: 220
I [../src/deptran/client_worker.cc:330] 2022-05-19 17:51:05.806 | wait for finish... n_ceased_cleints: 0,  n_issued: 2260099, n_done: 2259879, n_created_coordinator: 220
I [../src/deptran/client_worker.cc:330] 2022-05-19 17:51:10.806 | wait for finish... n_ceased_cleints: 0,  n_issued: 2330584, n_done: 2330364, n_created_coordinator: 220
I [../src/deptran/s_main.cc:140] 2022-05-19 17:51:13.980 | wait_for_clients: wait for client threads to exit.
I [../src/deptran/client_worker.cc:330] 2022-05-19 17:51:15.806 | wait for finish... n_ceased_cleints: 0,  n_issued: 2398055, n_done: 2397835, n_created_coordinator: 220
I [../src/deptran/client_worker.cc:317] 2022-05-19 17:51:16.792 | wait for all outstanding requests to finish.
I [../src/deptran/client_worker.cc:343] 2022-05-19 17:51:20.807 | Finish:
Total: 2406615, Commit: 2406615, Attempts: 0, Running for 180, Throughput: 13370.08

I [../src/deptran/client_worker.cc:348] 2022-05-19 17:51:20.807 | Work: wait_for_shutdown at client 5
