I [../src/deptran/s_main.cc:136] 2022-05-27 06:15:38.744 | PWD : 
I [../src/deptran/s_main.cc:284] 2022-05-27 06:15:38.744 | starting process 24897
I [../src/deptran/s_main.cc:279] 2022-05-27 06:15:38.744 | ulimit -n is 1024
I [../src/deptran/config.cc:285] 2022-05-27 06:15:38.744 | LoadYML: /home/xuhao/code/depfast/tmp/janus-final-testname2kp9c51q.yml
I [../src/deptran/config.cc:403] 2022-05-27 06:15:38.744 | BuildSiteProcMap
I [../src/deptran/config.cc:655] 2022-05-27 06:15:38.745 | group size: 1
I [../src/deptran/config.cc:681] 2022-05-27 06:15:38.745 | client forwarding: 0
I [../src/deptran/config.cc:320] 2022-05-27 06:15:38.745 | # of concurrent requests: 60
I [../src/deptran/s_main.cc:290] 2022-05-27 06:15:38.745 | Read config finish
I [../src/deptran/s_main.cc:30] 2022-05-27 06:15:38.745 | client_setup_heartbeat
I [../src/deptran/s_main.cc:46] 2022-05-27 06:15:38.745 | Start control server on port 5555
I [../src/rrr/rpc/server.cpp:575] 2022-05-27 06:15:38.745 | bind address is: 0.0.0.0:5555
I [../src/rrr/rpc/server.cpp:570] 2022-05-27 06:15:38.745 | rrr::Server: started on 0.0.0.0:5555
I [../src/deptran/s_main.cc:314] 2022-05-27 06:15:38.745 | no servers on this process
I [../src/deptran/s_main.cc:54] 2022-05-27 06:15:38.745 | client enabled, number of sites: 1
I [../src/rrr/reactor/reactor.cc:389] 2022-05-27 06:15:38.746 | starting poll thread
I [../src/deptran/communicator.cc:25] 2022-05-27 06:15:38.746 | size of partitions: 1
I [../src/rrr/reactor/reactor.cc:389] 2022-05-27 06:15:38.748 | starting poll thread
I [../src/deptran/communicator.cc:191] 2022-05-27 06:15:39.748 | connect to site: 10.0.0.13:10000 success!
I [../src/deptran/communicator.cc:191] 2022-05-27 06:15:40.750 | connect to site: 10.0.0.14:10001 success!
I [../src/deptran/communicator.cc:191] 2022-05-27 06:15:40.751 | connect to site: 10.0.0.15:10002 success!
I [../src/deptran/communicator.cc:191] 2022-05-27 06:15:40.752 | connect to site: 10.0.0.55:10003 success!
I [../src/deptran/communicator.cc:191] 2022-05-27 06:15:40.753 | connect to site: 10.0.0.58:10004 success!
I [../src/deptran/communicator.cc:74] 2022-05-27 06:15:40.755 | Done waiting to connect to client leaders.
I [../src/deptran/client_worker.cc:330] 2022-05-27 06:15:41.565 | wait for finish... n_ceased_cleints: 0,  n_issued: 0, n_done: 0, n_created_coordinator: 0
I [../src/deptran/client_worker.cc:314] 2022-05-27 06:15:41.568 | wait for all virtual clients to stop issuing new requests.
I [../src/deptran/client_worker.cc:330] 2022-05-27 06:15:46.565 | wait for finish... n_ceased_cleints: 0,  n_issued: 21219, n_done: 21159, n_created_coordinator: 60
I [../src/deptran/client_worker.cc:330] 2022-05-27 06:15:51.565 | wait for finish... n_ceased_cleints: 0,  n_issued: 43361, n_done: 43301, n_created_coordinator: 60
I [../src/deptran/client_worker.cc:330] 2022-05-27 06:15:56.566 | wait for finish... n_ceased_cleints: 0,  n_issued: 65140, n_done: 65080, n_created_coordinator: 60
I [../src/deptran/client_worker.cc:330] 2022-05-27 06:16:01.566 | wait for finish... n_ceased_cleints: 0,  n_issued: 87814, n_done: 87754, n_created_coordinator: 60
I [../src/deptran/client_worker.cc:330] 2022-05-27 06:16:06.566 | wait for finish... n_ceased_cleints: 0,  n_issued: 109484, n_done: 109424, n_created_coordinator: 60
I [../src/deptran/client_worker.cc:330] 2022-05-27 06:16:11.566 | wait for finish... n_ceased_cleints: 0,  n_issued: 131195, n_done: 131135, n_created_coordinator: 60
I [../src/deptran/client_worker.cc:330] 2022-05-27 06:16:16.566 | wait for finish... n_ceased_cleints: 0,  n_issued: 152282, n_done: 152222, n_created_coordinator: 60
I [../src/deptran/client_worker.cc:330] 2022-05-27 06:16:21.566 | wait for finish... n_ceased_cleints: 0,  n_issued: 174430, n_done: 174370, n_created_coordinator: 60
I [../src/deptran/client_worker.cc:330] 2022-05-27 06:16:26.566 | wait for finish... n_ceased_cleints: 0,  n_issued: 196634, n_done: 196574, n_created_coordinator: 60
I [../src/deptran/client_worker.cc:330] 2022-05-27 06:16:31.566 | wait for finish... n_ceased_cleints: 0,  n_issued: 218976, n_done: 218916, n_created_coordinator: 60
I [../src/deptran/client_worker.cc:330] 2022-05-27 06:16:36.567 | wait for finish... n_ceased_cleints: 0,  n_issued: 241411, n_done: 241351, n_created_coordinator: 60
I [../src/deptran/s_main.cc:140] 2022-05-27 06:16:40.754 | wait_for_clients: wait for client threads to exit.
I [../src/deptran/client_worker.cc:330] 2022-05-27 06:16:41.567 | wait for finish... n_ceased_cleints: 0,  n_issued: 264351, n_done: 264291, n_created_coordinator: 60
I [../src/deptran/client_worker.cc:317] 2022-05-27 06:16:42.489 | wait for all outstanding requests to finish.
I [../src/deptran/client_worker.cc:343] 2022-05-27 06:16:46.567 | Finish:
Total: 266830, Commit: 266830, Attempts: 0, Running for 60, Throughput: 4447.17

I [../src/deptran/client_worker.cc:348] 2022-05-27 06:16:46.567 | Work: wait_for_shutdown at client 5
