I [../src/deptran/s_main.cc:136] 2022-05-21 01:55:44.749 | PWD : 
I [../src/deptran/s_main.cc:284] 2022-05-21 01:55:44.749 | starting process 2342
I [../src/deptran/s_main.cc:279] 2022-05-21 01:55:44.750 | ulimit -n is 1024
I [../src/deptran/config.cc:285] 2022-05-21 01:55:44.750 | LoadYML: /home/xuhao/code/depfast/tmp/janus-final-testnamegr0mmd_6.yml
I [../src/deptran/config.cc:403] 2022-05-21 01:55:44.750 | BuildSiteProcMap
I [../src/deptran/config.cc:655] 2022-05-21 01:55:44.750 | group size: 1
I [../src/deptran/config.cc:655] 2022-05-21 01:55:44.750 | group size: 1
I [../src/deptran/config.cc:655] 2022-05-21 01:55:44.750 | group size: 1
I [../src/deptran/config.cc:681] 2022-05-21 01:55:44.750 | client forwarding: 0
I [../src/deptran/config.cc:320] 2022-05-21 01:55:44.750 | # of concurrent requests: 12
I [../src/deptran/s_main.cc:290] 2022-05-21 01:55:44.750 | Read config finish
I [../src/deptran/s_main.cc:30] 2022-05-21 01:55:44.750 | client_setup_heartbeat
I [../src/deptran/s_main.cc:46] 2022-05-21 01:55:44.751 | Start control server on port 5555
I [../src/rrr/rpc/server.cpp:575] 2022-05-21 01:55:44.751 | bind address is: 0.0.0.0:5555
I [../src/rrr/rpc/server.cpp:570] 2022-05-21 01:55:44.751 | rrr::Server: started on 0.0.0.0:5555
I [../src/deptran/s_main.cc:314] 2022-05-21 01:55:44.751 | no servers on this process
I [../src/deptran/s_main.cc:54] 2022-05-21 01:55:44.751 | client enabled, number of sites: 1
I [../src/deptran/communicator.cc:25] 2022-05-21 01:55:44.752 | size of partitions: 1
I [../src/rrr/reactor/reactor.cc:389] 2022-05-21 01:55:44.752 | starting poll thread
I [../src/rrr/reactor/reactor.cc:389] 2022-05-21 01:55:44.753 | starting poll thread
I [../src/deptran/communicator.cc:191] 2022-05-21 01:55:45.754 | connect to site: 10.0.0.13:10000 success!
I [../src/deptran/communicator.cc:191] 2022-05-21 01:55:45.755 | connect to site: 10.0.0.14:10001 success!
I [../src/deptran/communicator.cc:191] 2022-05-21 01:55:45.757 | connect to site: 10.0.0.15:10002 success!
I [../src/deptran/communicator.cc:74] 2022-05-21 01:55:45.758 | Done waiting to connect to client leaders.
I [../src/deptran/client_worker.cc:330] 2022-05-21 01:55:47.310 | wait for finish... n_ceased_cleints: 0,  n_issued: 0, n_done: 0, n_created_coordinator: 0
I [../src/deptran/client_worker.cc:314] 2022-05-21 01:55:47.311 | wait for all virtual clients to stop issuing new requests.
I [../src/deptran/client_worker.cc:330] 2022-05-21 01:55:52.310 | wait for finish... n_ceased_cleints: 0,  n_issued: 46506, n_done: 46494, n_created_coordinator: 12
I [../src/deptran/client_worker.cc:330] 2022-05-21 01:55:57.310 | wait for finish... n_ceased_cleints: 0,  n_issued: 93830, n_done: 93818, n_created_coordinator: 12
I [../src/deptran/client_worker.cc:330] 2022-05-21 01:56:02.310 | wait for finish... n_ceased_cleints: 0,  n_issued: 141729, n_done: 141717, n_created_coordinator: 12
I [../src/deptran/client_worker.cc:330] 2022-05-21 01:56:07.310 | wait for finish... n_ceased_cleints: 0,  n_issued: 188779, n_done: 188767, n_created_coordinator: 12
I [../src/deptran/client_worker.cc:330] 2022-05-21 01:56:12.310 | wait for finish... n_ceased_cleints: 0,  n_issued: 237027, n_done: 237015, n_created_coordinator: 12
I [../src/deptran/client_worker.cc:330] 2022-05-21 01:56:17.310 | wait for finish... n_ceased_cleints: 0,  n_issued: 283717, n_done: 283705, n_created_coordinator: 12
I [../src/deptran/client_worker.cc:330] 2022-05-21 01:56:22.311 | wait for finish... n_ceased_cleints: 0,  n_issued: 327424, n_done: 327412, n_created_coordinator: 12
I [../src/deptran/client_worker.cc:330] 2022-05-21 01:56:27.311 | wait for finish... n_ceased_cleints: 0,  n_issued: 373311, n_done: 373299, n_created_coordinator: 12
I [../src/deptran/client_worker.cc:330] 2022-05-21 01:56:32.311 | wait for finish... n_ceased_cleints: 0,  n_issued: 419851, n_done: 419839, n_created_coordinator: 12
I [../src/deptran/client_worker.cc:330] 2022-05-21 01:56:37.311 | wait for finish... n_ceased_cleints: 0,  n_issued: 467954, n_done: 467942, n_created_coordinator: 12
I [../src/deptran/client_worker.cc:330] 2022-05-21 01:56:42.311 | wait for finish... n_ceased_cleints: 0,  n_issued: 515308, n_done: 515296, n_created_coordinator: 12
I [../src/deptran/s_main.cc:140] 2022-05-21 01:56:45.757 | wait_for_clients: wait for client threads to exit.
I [../src/deptran/client_worker.cc:330] 2022-05-21 01:56:47.311 | wait for finish... n_ceased_cleints: 0,  n_issued: 562152, n_done: 562140, n_created_coordinator: 12
I [../src/deptran/client_worker.cc:317] 2022-05-21 01:56:48.059 | wait for all outstanding requests to finish.
I [../src/deptran/client_worker.cc:343] 2022-05-21 01:56:52.311 | Finish:
Total: 567399, Commit: 567399, Attempts: 0, Running for 60, Throughput: 9456.65

I [../src/deptran/client_worker.cc:348] 2022-05-21 01:56:52.311 | Work: wait_for_shutdown at client 3
