I [../src/deptran/s_main.cc:136] 2022-05-27 06:23:11.127 | PWD : 
I [../src/deptran/s_main.cc:284] 2022-05-27 06:23:11.127 | starting process 26858
I [../src/deptran/s_main.cc:279] 2022-05-27 06:23:11.127 | ulimit -n is 1024
I [../src/deptran/config.cc:285] 2022-05-27 06:23:11.127 | LoadYML: /home/xuhao/code/depfast/tmp/janus-final-testnamecx9b6vdv.yml
I [../src/deptran/config.cc:403] 2022-05-27 06:23:11.127 | BuildSiteProcMap
I [../src/deptran/config.cc:655] 2022-05-27 06:23:11.128 | group size: 1
I [../src/deptran/config.cc:681] 2022-05-27 06:23:11.128 | client forwarding: 0
I [../src/deptran/config.cc:320] 2022-05-27 06:23:11.128 | # of concurrent requests: 160
I [../src/deptran/s_main.cc:290] 2022-05-27 06:23:11.128 | Read config finish
I [../src/deptran/s_main.cc:30] 2022-05-27 06:23:11.128 | client_setup_heartbeat
I [../src/deptran/s_main.cc:46] 2022-05-27 06:23:11.128 | Start control server on port 5555
I [../src/rrr/rpc/server.cpp:575] 2022-05-27 06:23:11.128 | bind address is: 0.0.0.0:5555
I [../src/rrr/rpc/server.cpp:570] 2022-05-27 06:23:11.128 | rrr::Server: started on 0.0.0.0:5555
I [../src/deptran/s_main.cc:314] 2022-05-27 06:23:11.128 | no servers on this process
I [../src/deptran/s_main.cc:54] 2022-05-27 06:23:11.128 | client enabled, number of sites: 1
I [../src/deptran/communicator.cc:25] 2022-05-27 06:23:11.129 | size of partitions: 1
I [../src/rrr/reactor/reactor.cc:389] 2022-05-27 06:23:11.129 | starting poll thread
I [../src/rrr/reactor/reactor.cc:389] 2022-05-27 06:23:11.131 | starting poll thread
I [../src/deptran/communicator.cc:191] 2022-05-27 06:23:12.131 | connect to site: 10.0.0.13:10000 success!
I [../src/deptran/communicator.cc:191] 2022-05-27 06:23:13.134 | connect to site: 10.0.0.14:10001 success!
I [../src/deptran/communicator.cc:191] 2022-05-27 06:23:13.135 | connect to site: 10.0.0.15:10002 success!
I [../src/deptran/communicator.cc:191] 2022-05-27 06:23:13.136 | connect to site: 10.0.0.55:10003 success!
I [../src/deptran/communicator.cc:191] 2022-05-27 06:23:13.137 | connect to site: 10.0.0.58:10004 success!
I [../src/deptran/communicator.cc:74] 2022-05-27 06:23:13.138 | Done waiting to connect to client leaders.
I [../src/deptran/client_worker.cc:330] 2022-05-27 06:23:13.936 | wait for finish... n_ceased_cleints: 0,  n_issued: 0, n_done: 0, n_created_coordinator: 0
I [../src/deptran/client_worker.cc:314] 2022-05-27 06:23:13.943 | wait for all virtual clients to stop issuing new requests.
I [../src/deptran/client_worker.cc:330] 2022-05-27 06:23:18.936 | wait for finish... n_ceased_cleints: 0,  n_issued: 46004, n_done: 45844, n_created_coordinator: 160
I [../src/deptran/client_worker.cc:330] 2022-05-27 06:23:23.936 | wait for finish... n_ceased_cleints: 0,  n_issued: 96474, n_done: 96314, n_created_coordinator: 160
I [../src/deptran/client_worker.cc:330] 2022-05-27 06:23:28.937 | wait for finish... n_ceased_cleints: 0,  n_issued: 146888, n_done: 146728, n_created_coordinator: 160
I [../src/deptran/client_worker.cc:330] 2022-05-27 06:23:33.937 | wait for finish... n_ceased_cleints: 0,  n_issued: 197501, n_done: 197341, n_created_coordinator: 160
I [../src/deptran/client_worker.cc:330] 2022-05-27 06:23:38.937 | wait for finish... n_ceased_cleints: 0,  n_issued: 249269, n_done: 249109, n_created_coordinator: 160
I [../src/deptran/client_worker.cc:330] 2022-05-27 06:23:43.937 | wait for finish... n_ceased_cleints: 0,  n_issued: 301339, n_done: 301179, n_created_coordinator: 160
I [../src/deptran/client_worker.cc:330] 2022-05-27 06:23:48.937 | wait for finish... n_ceased_cleints: 0,  n_issued: 352572, n_done: 352412, n_created_coordinator: 160
I [../src/deptran/client_worker.cc:330] 2022-05-27 06:23:53.937 | wait for finish... n_ceased_cleints: 0,  n_issued: 403506, n_done: 403346, n_created_coordinator: 160
I [../src/deptran/client_worker.cc:330] 2022-05-27 06:23:58.937 | wait for finish... n_ceased_cleints: 0,  n_issued: 455853, n_done: 455693, n_created_coordinator: 160
I [../src/deptran/client_worker.cc:330] 2022-05-27 06:24:03.937 | wait for finish... n_ceased_cleints: 0,  n_issued: 508347, n_done: 508187, n_created_coordinator: 160
I [../src/deptran/client_worker.cc:330] 2022-05-27 06:24:08.938 | wait for finish... n_ceased_cleints: 0,  n_issued: 559675, n_done: 559515, n_created_coordinator: 160
I [../src/deptran/s_main.cc:140] 2022-05-27 06:24:13.138 | wait_for_clients: wait for client threads to exit.
I [../src/deptran/client_worker.cc:330] 2022-05-27 06:24:13.938 | wait for finish... n_ceased_cleints: 0,  n_issued: 610436, n_done: 610276, n_created_coordinator: 160
I [../src/deptran/client_worker.cc:317] 2022-05-27 06:24:14.943 | wait for all outstanding requests to finish.
I [../src/deptran/client_worker.cc:343] 2022-05-27 06:24:18.938 | Finish:
Total: 615954, Commit: 615954, Attempts: 0, Running for 60, Throughput: 10265.90

I [../src/deptran/client_worker.cc:348] 2022-05-27 06:24:18.938 | Work: wait_for_shutdown at client 5
