I [../src/deptran/s_main.cc:136] 2022-05-27 13:46:36.044 | PWD : 
I [../src/deptran/s_main.cc:284] 2022-05-27 13:46:36.044 | starting process 20618
I [../src/deptran/s_main.cc:279] 2022-05-27 13:46:36.044 | ulimit -n is 1024
I [../src/deptran/config.cc:285] 2022-05-27 13:46:36.044 | LoadYML: /home/xuhao/code/depfast/tmp/janus-final-testnamec7iebzyi.yml
I [../src/deptran/config.cc:403] 2022-05-27 13:46:36.044 | BuildSiteProcMap
I [../src/deptran/config.cc:655] 2022-05-27 13:46:36.045 | group size: 1
I [../src/deptran/config.cc:655] 2022-05-27 13:46:36.045 | group size: 1
I [../src/deptran/config.cc:655] 2022-05-27 13:46:36.045 | group size: 1
I [../src/deptran/config.cc:681] 2022-05-27 13:46:36.045 | client forwarding: 0
I [../src/deptran/config.cc:320] 2022-05-27 13:46:36.045 | # of concurrent requests: 20
I [../src/deptran/s_main.cc:290] 2022-05-27 13:46:36.045 | Read config finish
I [../src/deptran/s_main.cc:30] 2022-05-27 13:46:36.045 | client_setup_heartbeat
I [../src/deptran/s_main.cc:46] 2022-05-27 13:46:36.045 | Start control server on port 5555
I [../src/rrr/rpc/server.cpp:575] 2022-05-27 13:46:36.045 | bind address is: 0.0.0.0:5555
I [../src/rrr/rpc/server.cpp:570] 2022-05-27 13:46:36.045 | rrr::Server: started on 0.0.0.0:5555
I [../src/deptran/s_main.cc:314] 2022-05-27 13:46:36.045 | no servers on this process
I [../src/deptran/s_main.cc:54] 2022-05-27 13:46:36.045 | client enabled, number of sites: 1
I [../src/rrr/reactor/reactor.cc:389] 2022-05-27 13:46:36.047 | starting poll thread
I [../src/deptran/communicator.cc:25] 2022-05-27 13:46:36.047 | size of partitions: 1
I [../src/rrr/reactor/reactor.cc:389] 2022-05-27 13:46:36.048 | starting poll thread
I [../src/deptran/communicator.cc:191] 2022-05-27 13:46:37.049 | connect to site: 10.0.0.13:10000 success!
I [../src/deptran/communicator.cc:191] 2022-05-27 13:46:37.051 | connect to site: 10.0.0.14:10001 success!
I [../src/deptran/communicator.cc:191] 2022-05-27 13:46:37.052 | connect to site: 10.0.0.15:10002 success!
I [../src/deptran/communicator.cc:74] 2022-05-27 13:46:37.053 | Done waiting to connect to client leaders.
I [../src/deptran/client_worker.cc:330] 2022-05-27 13:46:38.628 | wait for finish... n_ceased_cleints: 0,  n_issued: 0, n_done: 0, n_created_coordinator: 0
I [../src/deptran/client_worker.cc:314] 2022-05-27 13:46:38.629 | wait for all virtual clients to stop issuing new requests.
I [../src/deptran/client_worker.cc:330] 2022-05-27 13:46:43.628 | wait for finish... n_ceased_cleints: 0,  n_issued: 6423, n_done: 6403, n_created_coordinator: 20
I [../src/deptran/client_worker.cc:330] 2022-05-27 13:46:48.629 | wait for finish... n_ceased_cleints: 0,  n_issued: 12609, n_done: 12589, n_created_coordinator: 20
I [../src/deptran/client_worker.cc:330] 2022-05-27 13:46:53.629 | wait for finish... n_ceased_cleints: 0,  n_issued: 20803, n_done: 20783, n_created_coordinator: 20
I [../src/deptran/client_worker.cc:330] 2022-05-27 13:46:58.629 | wait for finish... n_ceased_cleints: 0,  n_issued: 28846, n_done: 28826, n_created_coordinator: 20
I [../src/deptran/client_worker.cc:330] 2022-05-27 13:47:03.629 | wait for finish... n_ceased_cleints: 0,  n_issued: 37172, n_done: 37152, n_created_coordinator: 20
I [../src/deptran/client_worker.cc:330] 2022-05-27 13:47:08.629 | wait for finish... n_ceased_cleints: 0,  n_issued: 45078, n_done: 45058, n_created_coordinator: 20
I [../src/deptran/client_worker.cc:330] 2022-05-27 13:47:13.629 | wait for finish... n_ceased_cleints: 0,  n_issued: 53073, n_done: 53053, n_created_coordinator: 20
I [../src/deptran/client_worker.cc:330] 2022-05-27 13:47:18.629 | wait for finish... n_ceased_cleints: 0,  n_issued: 61071, n_done: 61051, n_created_coordinator: 20
I [../src/deptran/client_worker.cc:330] 2022-05-27 13:47:23.629 | wait for finish... n_ceased_cleints: 0,  n_issued: 68627, n_done: 68607, n_created_coordinator: 20
I [../src/deptran/client_worker.cc:330] 2022-05-27 13:47:28.630 | wait for finish... n_ceased_cleints: 0,  n_issued: 75849, n_done: 75829, n_created_coordinator: 20
I [../src/deptran/client_worker.cc:330] 2022-05-27 13:47:33.630 | wait for finish... n_ceased_cleints: 0,  n_issued: 83937, n_done: 83917, n_created_coordinator: 20
I [../src/deptran/s_main.cc:140] 2022-05-27 13:47:37.052 | wait_for_clients: wait for client threads to exit.
I [../src/deptran/client_worker.cc:330] 2022-05-27 13:47:38.630 | wait for finish... n_ceased_cleints: 0,  n_issued: 91881, n_done: 91861, n_created_coordinator: 20
I [../src/deptran/client_worker.cc:317] 2022-05-27 13:47:39.542 | wait for all outstanding requests to finish.
I [../src/deptran/client_worker.cc:343] 2022-05-27 13:47:43.630 | Finish:
Total: 92594, Commit: 92594, Attempts: 0, Running for 60, Throughput: 1543.23

I [../src/deptran/client_worker.cc:348] 2022-05-27 13:47:43.630 | Work: wait_for_shutdown at client 3
