I [../src/deptran/s_main.cc:136] 2022-05-19 19:15:23.967 | PWD : 
I [../src/deptran/s_main.cc:284] 2022-05-19 19:15:23.967 | starting process 5395
I [../src/deptran/s_main.cc:279] 2022-05-19 19:15:23.967 | ulimit -n is 1024
I [../src/deptran/config.cc:285] 2022-05-19 19:15:23.967 | LoadYML: /home/xuhao/code/depfast/tmp/janus-final-testnamerdzv2wgg.yml
I [../src/deptran/config.cc:403] 2022-05-19 19:15:23.967 | BuildSiteProcMap
I [../src/deptran/config.cc:655] 2022-05-19 19:15:23.968 | group size: 1
I [../src/deptran/config.cc:681] 2022-05-19 19:15:23.968 | client forwarding: 0
I [../src/deptran/config.cc:320] 2022-05-19 19:15:23.968 | # of concurrent requests: 40
I [../src/deptran/s_main.cc:290] 2022-05-19 19:15:23.968 | Read config finish
I [../src/deptran/s_main.cc:30] 2022-05-19 19:15:23.968 | client_setup_heartbeat
I [../src/deptran/s_main.cc:46] 2022-05-19 19:15:23.968 | Start control server on port 5555
I [../src/rrr/rpc/server.cpp:575] 2022-05-19 19:15:23.968 | bind address is: 0.0.0.0:5555
I [../src/rrr/reactor/reactor.cc:389] 2022-05-19 19:15:23.968 | starting poll thread
I [../src/rrr/rpc/server.cpp:570] 2022-05-19 19:15:23.968 | rrr::Server: started on 0.0.0.0:5555
I [../src/deptran/s_main.cc:314] 2022-05-19 19:15:23.968 | no servers on this process
I [../src/deptran/s_main.cc:54] 2022-05-19 19:15:23.968 | client enabled, number of sites: 1
I [../src/rrr/reactor/reactor.cc:389] 2022-05-19 19:15:23.968 | starting poll thread
I [../src/deptran/communicator.cc:25] 2022-05-19 19:15:23.968 | size of partitions: 1
I [../src/deptran/communicator.cc:191] 2022-05-19 19:15:25.971 | connect to site: 10.0.0.13:10000 success!
I [../src/deptran/communicator.cc:191] 2022-05-19 19:15:25.972 | connect to site: 10.0.0.14:10001 success!
I [../src/deptran/communicator.cc:191] 2022-05-19 19:15:25.973 | connect to site: 10.0.0.15:10002 success!
I [../src/deptran/communicator.cc:74] 2022-05-19 19:15:25.973 | Done waiting to connect to client leaders.
I [../src/deptran/client_worker.cc:330] 2022-05-19 19:15:27.564 | wait for finish... n_ceased_cleints: 0,  n_issued: 0, n_done: 0, n_created_coordinator: 0
I [../src/deptran/client_worker.cc:314] 2022-05-19 19:15:27.565 | wait for all virtual clients to stop issuing new requests.
I [../src/deptran/client_worker.cc:330] 2022-05-19 19:15:32.564 | wait for finish... n_ceased_cleints: 0,  n_issued: 25006, n_done: 24966, n_created_coordinator: 40
I [../src/deptran/client_worker.cc:330] 2022-05-19 19:15:37.564 | wait for finish... n_ceased_cleints: 0,  n_issued: 51936, n_done: 51896, n_created_coordinator: 40
I [../src/deptran/client_worker.cc:330] 2022-05-19 19:15:42.564 | wait for finish... n_ceased_cleints: 0,  n_issued: 78889, n_done: 78849, n_created_coordinator: 40
I [../src/deptran/client_worker.cc:330] 2022-05-19 19:15:47.564 | wait for finish... n_ceased_cleints: 0,  n_issued: 105335, n_done: 105295, n_created_coordinator: 40
I [../src/deptran/client_worker.cc:330] 2022-05-19 19:15:52.564 | wait for finish... n_ceased_cleints: 0,  n_issued: 131864, n_done: 131824, n_created_coordinator: 40
I [../src/deptran/client_worker.cc:330] 2022-05-19 19:15:57.565 | wait for finish... n_ceased_cleints: 0,  n_issued: 157584, n_done: 157544, n_created_coordinator: 40
I [../src/deptran/client_worker.cc:330] 2022-05-19 19:16:02.565 | wait for finish... n_ceased_cleints: 0,  n_issued: 183510, n_done: 183470, n_created_coordinator: 40
I [../src/deptran/client_worker.cc:330] 2022-05-19 19:16:07.565 | wait for finish... n_ceased_cleints: 0,  n_issued: 209709, n_done: 209669, n_created_coordinator: 40
I [../src/deptran/client_worker.cc:330] 2022-05-19 19:16:12.565 | wait for finish... n_ceased_cleints: 0,  n_issued: 236953, n_done: 236913, n_created_coordinator: 40
I [../src/deptran/client_worker.cc:330] 2022-05-19 19:16:17.565 | wait for finish... n_ceased_cleints: 0,  n_issued: 264276, n_done: 264236, n_created_coordinator: 40
I [../src/deptran/client_worker.cc:330] 2022-05-19 19:16:22.566 | wait for finish... n_ceased_cleints: 0,  n_issued: 291130, n_done: 291090, n_created_coordinator: 40
I [../src/deptran/s_main.cc:140] 2022-05-19 19:16:25.973 | wait_for_clients: wait for client threads to exit.
I [../src/deptran/client_worker.cc:330] 2022-05-19 19:16:27.566 | wait for finish... n_ceased_cleints: 0,  n_issued: 318301, n_done: 318261, n_created_coordinator: 40
I [../src/deptran/client_worker.cc:317] 2022-05-19 19:16:28.492 | wait for all outstanding requests to finish.
I [../src/deptran/client_worker.cc:343] 2022-05-19 19:16:32.566 | Finish:
Total: 320920, Commit: 320920, Attempts: 0, Running for 60, Throughput: 5348.67

I [../src/deptran/client_worker.cc:348] 2022-05-19 19:16:32.566 | Work: wait_for_shutdown at client 3
