I [../src/deptran/s_main.cc:136] 2022-05-20 07:41:14.124 | PWD : 
I [../src/deptran/s_main.cc:284] 2022-05-20 07:41:14.125 | starting process 5814
I [../src/deptran/s_main.cc:279] 2022-05-20 07:41:14.125 | ulimit -n is 1024
I [../src/deptran/config.cc:285] 2022-05-20 07:41:14.125 | LoadYML: /home/xuhao/code/depfast/tmp/janus-final-testnamej0fux5gz.yml
I [../src/deptran/config.cc:403] 2022-05-20 07:41:14.125 | BuildSiteProcMap
I [../src/deptran/config.cc:655] 2022-05-20 07:41:14.125 | group size: 1
I [../src/deptran/config.cc:681] 2022-05-20 07:41:14.125 | client forwarding: 0
I [../src/deptran/config.cc:320] 2022-05-20 07:41:14.125 | # of concurrent requests: 100
I [../src/deptran/s_main.cc:290] 2022-05-20 07:41:14.125 | Read config finish
I [../src/deptran/s_main.cc:30] 2022-05-20 07:41:14.125 | client_setup_heartbeat
I [../src/deptran/s_main.cc:46] 2022-05-20 07:41:14.126 | Start control server on port 5555
I [../src/rrr/rpc/server.cpp:575] 2022-05-20 07:41:14.126 | bind address is: 0.0.0.0:5555
I [../src/rrr/rpc/server.cpp:570] 2022-05-20 07:41:14.126 | rrr::Server: started on 0.0.0.0:5555
I [../src/deptran/s_main.cc:314] 2022-05-20 07:41:14.126 | no servers on this process
I [../src/deptran/s_main.cc:54] 2022-05-20 07:41:14.126 | client enabled, number of sites: 1
I [../src/deptran/communicator.cc:25] 2022-05-20 07:41:14.127 | size of partitions: 1
I [../src/rrr/reactor/reactor.cc:389] 2022-05-20 07:41:14.127 | starting poll thread
I [../src/rrr/reactor/reactor.cc:389] 2022-05-20 07:41:14.129 | starting poll thread
I [../src/deptran/communicator.cc:191] 2022-05-20 07:41:15.130 | connect to site: 10.0.0.13:10000 success!
I [../src/deptran/communicator.cc:191] 2022-05-20 07:41:16.132 | connect to site: 10.0.0.14:10001 success!
I [../src/deptran/communicator.cc:191] 2022-05-20 07:41:16.133 | connect to site: 10.0.0.15:10002 success!
I [../src/deptran/communicator.cc:191] 2022-05-20 07:41:16.134 | connect to site: 10.0.0.55:10003 success!
I [../src/deptran/communicator.cc:191] 2022-05-20 07:41:16.135 | connect to site: 10.0.0.58:10004 success!
I [../src/deptran/communicator.cc:74] 2022-05-20 07:41:16.136 | Done waiting to connect to client leaders.
I [../src/deptran/client_worker.cc:330] 2022-05-20 07:41:17.920 | wait for finish... n_ceased_cleints: 0,  n_issued: 0, n_done: 0, n_created_coordinator: 0
I [../src/deptran/client_worker.cc:314] 2022-05-20 07:41:17.924 | wait for all virtual clients to stop issuing new requests.
I [../src/deptran/client_worker.cc:330] 2022-05-20 07:41:22.920 | wait for finish... n_ceased_cleints: 0,  n_issued: 44082, n_done: 43982, n_created_coordinator: 100
I [../src/deptran/client_worker.cc:330] 2022-05-20 07:41:27.920 | wait for finish... n_ceased_cleints: 0,  n_issued: 90955, n_done: 90855, n_created_coordinator: 100
I [../src/deptran/client_worker.cc:330] 2022-05-20 07:41:32.920 | wait for finish... n_ceased_cleints: 0,  n_issued: 138535, n_done: 138435, n_created_coordinator: 100
I [../src/deptran/client_worker.cc:330] 2022-05-20 07:41:37.920 | wait for finish... n_ceased_cleints: 0,  n_issued: 185229, n_done: 185129, n_created_coordinator: 100
I [../src/deptran/client_worker.cc:330] 2022-05-20 07:41:42.920 | wait for finish... n_ceased_cleints: 0,  n_issued: 232495, n_done: 232395, n_created_coordinator: 100
I [../src/deptran/client_worker.cc:330] 2022-05-20 07:41:47.920 | wait for finish... n_ceased_cleints: 0,  n_issued: 279923, n_done: 279823, n_created_coordinator: 100
I [../src/deptran/client_worker.cc:330] 2022-05-20 07:41:52.921 | wait for finish... n_ceased_cleints: 0,  n_issued: 326649, n_done: 326549, n_created_coordinator: 100
I [../src/deptran/client_worker.cc:330] 2022-05-20 07:41:57.921 | wait for finish... n_ceased_cleints: 0,  n_issued: 373067, n_done: 372967, n_created_coordinator: 100
I [../src/deptran/client_worker.cc:330] 2022-05-20 07:42:02.921 | wait for finish... n_ceased_cleints: 0,  n_issued: 419605, n_done: 419505, n_created_coordinator: 100
I [../src/deptran/client_worker.cc:330] 2022-05-20 07:42:07.921 | wait for finish... n_ceased_cleints: 0,  n_issued: 466651, n_done: 466551, n_created_coordinator: 100
I [../src/deptran/client_worker.cc:330] 2022-05-20 07:42:12.921 | wait for finish... n_ceased_cleints: 0,  n_issued: 514158, n_done: 514058, n_created_coordinator: 100
I [../src/deptran/s_main.cc:140] 2022-05-20 07:42:16.135 | wait_for_clients: wait for client threads to exit.
I [../src/deptran/client_worker.cc:330] 2022-05-20 07:42:17.921 | wait for finish... n_ceased_cleints: 0,  n_issued: 561335, n_done: 561235, n_created_coordinator: 100
I [../src/deptran/client_worker.cc:317] 2022-05-20 07:42:18.919 | wait for all outstanding requests to finish.
I [../src/deptran/client_worker.cc:343] 2022-05-20 07:42:22.921 | Finish:
Total: 566549, Commit: 566549, Attempts: 0, Running for 60, Throughput: 9442.48

I [../src/deptran/client_worker.cc:348] 2022-05-20 07:42:22.921 | Work: wait_for_shutdown at client 5
