I [../src/deptran/s_main.cc:136] 2022-05-27 13:48:29.028 | PWD : 
I [../src/deptran/s_main.cc:284] 2022-05-27 13:48:29.028 | starting process 21072
I [../src/deptran/s_main.cc:279] 2022-05-27 13:48:29.028 | ulimit -n is 1024
I [../src/deptran/config.cc:285] 2022-05-27 13:48:29.028 | LoadYML: /home/xuhao/code/depfast/tmp/janus-final-testnamegp0e6w0x.yml
I [../src/deptran/config.cc:403] 2022-05-27 13:48:29.029 | BuildSiteProcMap
I [../src/deptran/config.cc:655] 2022-05-27 13:48:29.029 | group size: 1
I [../src/deptran/config.cc:655] 2022-05-27 13:48:29.029 | group size: 1
I [../src/deptran/config.cc:655] 2022-05-27 13:48:29.029 | group size: 1
I [../src/deptran/config.cc:681] 2022-05-27 13:48:29.029 | client forwarding: 0
I [../src/deptran/config.cc:320] 2022-05-27 13:48:29.029 | # of concurrent requests: 40
I [../src/deptran/s_main.cc:290] 2022-05-27 13:48:29.029 | Read config finish
I [../src/deptran/s_main.cc:30] 2022-05-27 13:48:29.029 | client_setup_heartbeat
I [../src/deptran/s_main.cc:46] 2022-05-27 13:48:29.029 | Start control server on port 5555
I [../src/rrr/rpc/server.cpp:575] 2022-05-27 13:48:29.029 | bind address is: 0.0.0.0:5555
I [../src/rrr/rpc/server.cpp:570] 2022-05-27 13:48:29.029 | rrr::Server: started on 0.0.0.0:5555
I [../src/deptran/s_main.cc:314] 2022-05-27 13:48:29.029 | no servers on this process
I [../src/deptran/s_main.cc:54] 2022-05-27 13:48:29.030 | client enabled, number of sites: 1
I [../src/deptran/communicator.cc:25] 2022-05-27 13:48:29.030 | size of partitions: 1
I [../src/rrr/reactor/reactor.cc:389] 2022-05-27 13:48:29.032 | starting poll thread
I [../src/rrr/reactor/reactor.cc:389] 2022-05-27 13:48:29.032 | starting poll thread
I [../src/deptran/communicator.cc:191] 2022-05-27 13:48:30.033 | connect to site: 10.0.0.13:10000 success!
I [../src/deptran/communicator.cc:191] 2022-05-27 13:48:30.034 | connect to site: 10.0.0.14:10001 success!
I [../src/deptran/communicator.cc:191] 2022-05-27 13:48:30.035 | connect to site: 10.0.0.15:10002 success!
I [../src/deptran/communicator.cc:74] 2022-05-27 13:48:30.037 | Done waiting to connect to client leaders.
I [../src/deptran/client_worker.cc:330] 2022-05-27 13:48:31.593 | wait for finish... n_ceased_cleints: 0,  n_issued: 0, n_done: 0, n_created_coordinator: 0
I [../src/deptran/client_worker.cc:314] 2022-05-27 13:48:31.594 | wait for all virtual clients to stop issuing new requests.
I [../src/deptran/client_worker.cc:330] 2022-05-27 13:48:36.593 | wait for finish... n_ceased_cleints: 0,  n_issued: 13789, n_done: 13749, n_created_coordinator: 40
I [../src/deptran/client_worker.cc:330] 2022-05-27 13:48:41.593 | wait for finish... n_ceased_cleints: 0,  n_issued: 28799, n_done: 28759, n_created_coordinator: 40
I [../src/deptran/client_worker.cc:330] 2022-05-27 13:48:46.593 | wait for finish... n_ceased_cleints: 0,  n_issued: 43888, n_done: 43848, n_created_coordinator: 40
I [../src/deptran/client_worker.cc:330] 2022-05-27 13:48:51.593 | wait for finish... n_ceased_cleints: 0,  n_issued: 58766, n_done: 58726, n_created_coordinator: 40
I [../src/deptran/client_worker.cc:330] 2022-05-27 13:48:56.593 | wait for finish... n_ceased_cleints: 0,  n_issued: 73753, n_done: 73713, n_created_coordinator: 40
I [../src/deptran/client_worker.cc:330] 2022-05-27 13:49:01.594 | wait for finish... n_ceased_cleints: 0,  n_issued: 88613, n_done: 88573, n_created_coordinator: 40
I [../src/deptran/client_worker.cc:330] 2022-05-27 13:49:06.594 | wait for finish... n_ceased_cleints: 0,  n_issued: 104113, n_done: 104073, n_created_coordinator: 40
I [../src/deptran/client_worker.cc:330] 2022-05-27 13:49:11.594 | wait for finish... n_ceased_cleints: 0,  n_issued: 118826, n_done: 118786, n_created_coordinator: 40
I [../src/deptran/client_worker.cc:330] 2022-05-27 13:49:16.594 | wait for finish... n_ceased_cleints: 0,  n_issued: 133208, n_done: 133168, n_created_coordinator: 40
I [../src/deptran/client_worker.cc:330] 2022-05-27 13:49:21.594 | wait for finish... n_ceased_cleints: 0,  n_issued: 147802, n_done: 147762, n_created_coordinator: 40
I [../src/deptran/client_worker.cc:330] 2022-05-27 13:49:26.594 | wait for finish... n_ceased_cleints: 0,  n_issued: 162323, n_done: 162283, n_created_coordinator: 40
I [../src/deptran/s_main.cc:140] 2022-05-27 13:49:30.036 | wait_for_clients: wait for client threads to exit.
I [../src/deptran/client_worker.cc:330] 2022-05-27 13:49:31.594 | wait for finish... n_ceased_cleints: 0,  n_issued: 177482, n_done: 177442, n_created_coordinator: 40
I [../src/deptran/client_worker.cc:317] 2022-05-27 13:49:32.596 | wait for all outstanding requests to finish.
I [../src/deptran/client_worker.cc:343] 2022-05-27 13:49:36.594 | Finish:
Total: 179043, Commit: 179043, Attempts: 0, Running for 60, Throughput: 2984.05

I [../src/deptran/client_worker.cc:348] 2022-05-27 13:49:36.595 | Work: wait_for_shutdown at client 3
