I [../src/deptran/s_main.cc:136] 2022-05-20 08:27:15.197 | PWD : 
I [../src/deptran/s_main.cc:284] 2022-05-20 08:27:15.198 | starting process 23899
I [../src/deptran/s_main.cc:279] 2022-05-20 08:27:15.198 | ulimit -n is 1024
I [../src/deptran/config.cc:285] 2022-05-20 08:27:15.198 | LoadYML: /home/xuhao/code/depfast/tmp/janus-final-testname7hshb3e_.yml
I [../src/deptran/config.cc:403] 2022-05-20 08:27:15.201 | BuildSiteProcMap
I [../src/deptran/config.cc:655] 2022-05-20 08:27:15.201 | group size: 1
I [../src/deptran/config.cc:681] 2022-05-20 08:27:15.201 | client forwarding: 0
I [../src/deptran/config.cc:320] 2022-05-20 08:27:15.201 | # of concurrent requests: 40
I [../src/deptran/s_main.cc:290] 2022-05-20 08:27:15.201 | Read config finish
I [../src/deptran/s_main.cc:30] 2022-05-20 08:27:15.201 | client_setup_heartbeat
I [../src/deptran/s_main.cc:46] 2022-05-20 08:27:15.202 | Start control server on port 5555
I [../src/rrr/rpc/server.cpp:575] 2022-05-20 08:27:15.202 | bind address is: 0.0.0.0:5555
I [../src/rrr/rpc/server.cpp:570] 2022-05-20 08:27:15.202 | rrr::Server: started on 0.0.0.0:5555
I [../src/deptran/s_main.cc:314] 2022-05-20 08:27:15.202 | no servers on this process
I [../src/deptran/s_main.cc:54] 2022-05-20 08:27:15.202 | client enabled, number of sites: 1
I [../src/rrr/reactor/reactor.cc:389] 2022-05-20 08:27:15.202 | starting poll thread
I [../src/deptran/communicator.cc:25] 2022-05-20 08:27:15.203 | size of partitions: 1
I [../src/rrr/reactor/reactor.cc:389] 2022-05-20 08:27:15.204 | starting poll thread
I [../src/deptran/communicator.cc:191] 2022-05-20 08:27:16.205 | connect to site: 10.0.0.13:10000 success!
I [../src/deptran/communicator.cc:191] 2022-05-20 08:27:17.207 | connect to site: 10.0.0.14:10001 success!
I [../src/deptran/communicator.cc:191] 2022-05-20 08:27:17.208 | connect to site: 10.0.0.15:10002 success!
I [../src/deptran/communicator.cc:191] 2022-05-20 08:27:17.209 | connect to site: 10.0.0.55:10003 success!
I [../src/deptran/communicator.cc:191] 2022-05-20 08:27:17.210 | connect to site: 10.0.0.58:10004 success!
I [../src/deptran/communicator.cc:74] 2022-05-20 08:27:17.211 | Done waiting to connect to client leaders.
I [../src/deptran/client_worker.cc:330] 2022-05-20 08:27:18.970 | wait for finish... n_ceased_cleints: 0,  n_issued: 0, n_done: 0, n_created_coordinator: 0
I [../src/deptran/client_worker.cc:314] 2022-05-20 08:27:18.972 | wait for all virtual clients to stop issuing new requests.
I [../src/deptran/client_worker.cc:330] 2022-05-20 08:27:23.970 | wait for finish... n_ceased_cleints: 0,  n_issued: 22713, n_done: 22673, n_created_coordinator: 40
I [../src/deptran/client_worker.cc:330] 2022-05-20 08:27:28.970 | wait for finish... n_ceased_cleints: 0,  n_issued: 48071, n_done: 48031, n_created_coordinator: 40
I [../src/deptran/client_worker.cc:330] 2022-05-20 08:27:33.970 | wait for finish... n_ceased_cleints: 0,  n_issued: 74030, n_done: 73990, n_created_coordinator: 40
I [../src/deptran/client_worker.cc:330] 2022-05-20 08:27:38.970 | wait for finish... n_ceased_cleints: 0,  n_issued: 100151, n_done: 100111, n_created_coordinator: 40
I [../src/deptran/client_worker.cc:330] 2022-05-20 08:27:43.970 | wait for finish... n_ceased_cleints: 0,  n_issued: 125882, n_done: 125842, n_created_coordinator: 40
I [../src/deptran/client_worker.cc:330] 2022-05-20 08:27:48.970 | wait for finish... n_ceased_cleints: 0,  n_issued: 151781, n_done: 151741, n_created_coordinator: 40
I [../src/deptran/client_worker.cc:330] 2022-05-20 08:27:53.971 | wait for finish... n_ceased_cleints: 0,  n_issued: 177803, n_done: 177763, n_created_coordinator: 40
I [../src/deptran/client_worker.cc:330] 2022-05-20 08:27:58.971 | wait for finish... n_ceased_cleints: 0,  n_issued: 203692, n_done: 203652, n_created_coordinator: 40
I [../src/deptran/client_worker.cc:330] 2022-05-20 08:28:03.971 | wait for finish... n_ceased_cleints: 0,  n_issued: 229322, n_done: 229282, n_created_coordinator: 40
I [../src/deptran/client_worker.cc:330] 2022-05-20 08:28:08.971 | wait for finish... n_ceased_cleints: 0,  n_issued: 255142, n_done: 255102, n_created_coordinator: 40
I [../src/deptran/client_worker.cc:330] 2022-05-20 08:28:13.971 | wait for finish... n_ceased_cleints: 0,  n_issued: 280983, n_done: 280943, n_created_coordinator: 40
I [../src/deptran/s_main.cc:140] 2022-05-20 08:28:17.210 | wait_for_clients: wait for client threads to exit.
I [../src/deptran/client_worker.cc:330] 2022-05-20 08:28:18.971 | wait for finish... n_ceased_cleints: 0,  n_issued: 306439, n_done: 306399, n_created_coordinator: 40
I [../src/deptran/client_worker.cc:317] 2022-05-20 08:28:19.973 | wait for all outstanding requests to finish.
I [../src/deptran/client_worker.cc:343] 2022-05-20 08:28:23.971 | Finish:
Total: 309238, Commit: 309238, Attempts: 0, Running for 60, Throughput: 5153.97

I [../src/deptran/client_worker.cc:348] 2022-05-20 08:28:23.971 | Work: wait_for_shutdown at client 5
