I [../src/deptran/s_main.cc:136] 2022-05-27 14:22:24.572 | PWD : 
I [../src/deptran/s_main.cc:284] 2022-05-27 14:22:24.572 | starting process 29523
I [../src/deptran/s_main.cc:279] 2022-05-27 14:22:24.572 | ulimit -n is 1024
I [../src/deptran/config.cc:285] 2022-05-27 14:22:24.572 | LoadYML: /home/xuhao/code/depfast/tmp/janus-final-testname6opgk6ia.yml
I [../src/deptran/config.cc:403] 2022-05-27 14:22:24.572 | BuildSiteProcMap
I [../src/deptran/config.cc:655] 2022-05-27 14:22:24.572 | group size: 1
I [../src/deptran/config.cc:655] 2022-05-27 14:22:24.572 | group size: 1
I [../src/deptran/config.cc:655] 2022-05-27 14:22:24.572 | group size: 1
I [../src/deptran/config.cc:681] 2022-05-27 14:22:24.572 | client forwarding: 0
I [../src/deptran/config.cc:320] 2022-05-27 14:22:24.572 | # of concurrent requests: 100
I [../src/deptran/s_main.cc:290] 2022-05-27 14:22:24.572 | Read config finish
I [../src/deptran/s_main.cc:30] 2022-05-27 14:22:24.572 | client_setup_heartbeat
I [../src/deptran/s_main.cc:46] 2022-05-27 14:22:24.573 | Start control server on port 5555
I [../src/rrr/rpc/server.cpp:575] 2022-05-27 14:22:24.573 | bind address is: 0.0.0.0:5555
I [../src/rrr/rpc/server.cpp:570] 2022-05-27 14:22:24.573 | rrr::Server: started on 0.0.0.0:5555
I [../src/deptran/s_main.cc:314] 2022-05-27 14:22:24.573 | no servers on this process
I [../src/deptran/s_main.cc:54] 2022-05-27 14:22:24.573 | client enabled, number of sites: 1
I [../src/deptran/communicator.cc:25] 2022-05-27 14:22:24.574 | size of partitions: 1
I [../src/rrr/reactor/reactor.cc:389] 2022-05-27 14:22:24.574 | starting poll thread
I [../src/rrr/reactor/reactor.cc:389] 2022-05-27 14:22:24.576 | starting poll thread
I [../src/deptran/communicator.cc:191] 2022-05-27 14:22:25.576 | connect to site: 10.0.0.13:10000 success!
I [../src/deptran/communicator.cc:191] 2022-05-27 14:22:25.577 | connect to site: 10.0.0.14:10001 success!
I [../src/deptran/communicator.cc:191] 2022-05-27 14:22:25.579 | connect to site: 10.0.0.15:10002 success!
I [../src/deptran/communicator.cc:191] 2022-05-27 14:22:25.580 | connect to site: 10.0.0.55:10003 success!
I [../src/deptran/communicator.cc:191] 2022-05-27 14:22:25.581 | connect to site: 10.0.0.58:10004 success!
I [../src/deptran/communicator.cc:74] 2022-05-27 14:22:25.582 | Done waiting to connect to client leaders.
I [../src/deptran/client_worker.cc:330] 2022-05-27 14:22:27.382 | wait for finish... n_ceased_cleints: 0,  n_issued: 0, n_done: 0, n_created_coordinator: 0
I [../src/deptran/client_worker.cc:314] 2022-05-27 14:22:27.387 | wait for all virtual clients to stop issuing new requests.
I [../src/deptran/client_worker.cc:330] 2022-05-27 14:22:32.382 | wait for finish... n_ceased_cleints: 0,  n_issued: 29771, n_done: 29671, n_created_coordinator: 100
I [../src/deptran/client_worker.cc:330] 2022-05-27 14:22:37.382 | wait for finish... n_ceased_cleints: 0,  n_issued: 62435, n_done: 62335, n_created_coordinator: 100
I [../src/deptran/client_worker.cc:330] 2022-05-27 14:22:42.382 | wait for finish... n_ceased_cleints: 0,  n_issued: 95823, n_done: 95723, n_created_coordinator: 100
I [../src/deptran/client_worker.cc:330] 2022-05-27 14:22:47.382 | wait for finish... n_ceased_cleints: 0,  n_issued: 129625, n_done: 129525, n_created_coordinator: 100
I [../src/deptran/client_worker.cc:330] 2022-05-27 14:22:52.382 | wait for finish... n_ceased_cleints: 0,  n_issued: 163086, n_done: 162986, n_created_coordinator: 100
I [../src/deptran/client_worker.cc:330] 2022-05-27 14:22:57.382 | wait for finish... n_ceased_cleints: 0,  n_issued: 196058, n_done: 195958, n_created_coordinator: 100
I [../src/deptran/client_worker.cc:330] 2022-05-27 14:23:02.383 | wait for finish... n_ceased_cleints: 0,  n_issued: 228401, n_done: 228301, n_created_coordinator: 100
I [../src/deptran/client_worker.cc:330] 2022-05-27 14:23:07.383 | wait for finish... n_ceased_cleints: 0,  n_issued: 261461, n_done: 261361, n_created_coordinator: 100
I [../src/deptran/client_worker.cc:330] 2022-05-27 14:23:12.383 | wait for finish... n_ceased_cleints: 0,  n_issued: 294468, n_done: 294368, n_created_coordinator: 100
I [../src/deptran/client_worker.cc:330] 2022-05-27 14:23:17.383 | wait for finish... n_ceased_cleints: 0,  n_issued: 327448, n_done: 327348, n_created_coordinator: 100
I [../src/deptran/client_worker.cc:330] 2022-05-27 14:23:22.383 | wait for finish... n_ceased_cleints: 0,  n_issued: 360448, n_done: 360348, n_created_coordinator: 100
I [../src/deptran/s_main.cc:140] 2022-05-27 14:23:25.582 | wait_for_clients: wait for client threads to exit.
I [../src/deptran/client_worker.cc:330] 2022-05-27 14:23:27.383 | wait for finish... n_ceased_cleints: 0,  n_issued: 393186, n_done: 393086, n_created_coordinator: 100
I [../src/deptran/client_worker.cc:317] 2022-05-27 14:23:28.369 | wait for all outstanding requests to finish.
I [../src/deptran/client_worker.cc:343] 2022-05-27 14:23:32.383 | Finish:
Total: 396571, Commit: 396571, Attempts: 0, Running for 60, Throughput: 6609.52

I [../src/deptran/client_worker.cc:348] 2022-05-27 14:23:32.383 | Work: wait_for_shutdown at client 5
