I [../src/deptran/s_main.cc:136] 2022-05-27 14:24:17.663 | PWD : 
I [../src/deptran/s_main.cc:284] 2022-05-27 14:24:17.663 | starting process 30028
I [../src/deptran/s_main.cc:279] 2022-05-27 14:24:17.663 | ulimit -n is 1024
I [../src/deptran/config.cc:285] 2022-05-27 14:24:17.664 | LoadYML: /home/xuhao/code/depfast/tmp/janus-final-testnamey4ab1u3a.yml
I [../src/deptran/config.cc:403] 2022-05-27 14:24:17.664 | BuildSiteProcMap
I [../src/deptran/config.cc:655] 2022-05-27 14:24:17.664 | group size: 1
I [../src/deptran/config.cc:655] 2022-05-27 14:24:17.664 | group size: 1
I [../src/deptran/config.cc:655] 2022-05-27 14:24:17.664 | group size: 1
I [../src/deptran/config.cc:681] 2022-05-27 14:24:17.664 | client forwarding: 0
I [../src/deptran/config.cc:320] 2022-05-27 14:24:17.664 | # of concurrent requests: 130
I [../src/deptran/s_main.cc:290] 2022-05-27 14:24:17.664 | Read config finish
I [../src/deptran/s_main.cc:30] 2022-05-27 14:24:17.664 | client_setup_heartbeat
I [../src/deptran/s_main.cc:46] 2022-05-27 14:24:17.665 | Start control server on port 5555
I [../src/rrr/rpc/server.cpp:575] 2022-05-27 14:24:17.665 | bind address is: 0.0.0.0:5555
I [../src/rrr/rpc/server.cpp:570] 2022-05-27 14:24:17.665 | rrr::Server: started on 0.0.0.0:5555
I [../src/deptran/s_main.cc:314] 2022-05-27 14:24:17.665 | no servers on this process
I [../src/deptran/s_main.cc:54] 2022-05-27 14:24:17.665 | client enabled, number of sites: 1
I [../src/deptran/communicator.cc:25] 2022-05-27 14:24:17.666 | size of partitions: 1
I [../src/rrr/reactor/reactor.cc:389] 2022-05-27 14:24:17.666 | starting poll thread
I [../src/rrr/reactor/reactor.cc:389] 2022-05-27 14:24:17.668 | starting poll thread
I [../src/deptran/communicator.cc:191] 2022-05-27 14:24:18.668 | connect to site: 10.0.0.13:10000 success!
I [../src/deptran/communicator.cc:191] 2022-05-27 14:24:18.670 | connect to site: 10.0.0.14:10001 success!
I [../src/deptran/communicator.cc:191] 2022-05-27 14:24:18.671 | connect to site: 10.0.0.15:10002 success!
I [../src/deptran/communicator.cc:191] 2022-05-27 14:24:18.672 | connect to site: 10.0.0.55:10003 success!
I [../src/deptran/communicator.cc:191] 2022-05-27 14:24:18.674 | connect to site: 10.0.0.58:10004 success!
I [../src/deptran/communicator.cc:74] 2022-05-27 14:24:18.675 | Done waiting to connect to client leaders.
I [../src/deptran/client_worker.cc:330] 2022-05-27 14:24:20.481 | wait for finish... n_ceased_cleints: 0,  n_issued: 0, n_done: 0, n_created_coordinator: 0
I [../src/deptran/client_worker.cc:314] 2022-05-27 14:24:20.487 | wait for all virtual clients to stop issuing new requests.
I [../src/deptran/client_worker.cc:330] 2022-05-27 14:24:25.481 | wait for finish... n_ceased_cleints: 0,  n_issued: 36975, n_done: 36845, n_created_coordinator: 130
I [../src/deptran/client_worker.cc:330] 2022-05-27 14:24:30.481 | wait for finish... n_ceased_cleints: 0,  n_issued: 76608, n_done: 76478, n_created_coordinator: 130
I [../src/deptran/client_worker.cc:330] 2022-05-27 14:24:35.482 | wait for finish... n_ceased_cleints: 0,  n_issued: 116040, n_done: 115910, n_created_coordinator: 130
I [../src/deptran/client_worker.cc:330] 2022-05-27 14:24:40.482 | wait for finish... n_ceased_cleints: 0,  n_issued: 153250, n_done: 153120, n_created_coordinator: 130
I [../src/deptran/client_worker.cc:330] 2022-05-27 14:24:45.482 | wait for finish... n_ceased_cleints: 0,  n_issued: 192482, n_done: 192352, n_created_coordinator: 130
I [../src/deptran/client_worker.cc:330] 2022-05-27 14:24:50.482 | wait for finish... n_ceased_cleints: 0,  n_issued: 232426, n_done: 232296, n_created_coordinator: 130
I [../src/deptran/client_worker.cc:330] 2022-05-27 14:24:55.482 | wait for finish... n_ceased_cleints: 0,  n_issued: 272202, n_done: 272072, n_created_coordinator: 130
I [../src/deptran/client_worker.cc:330] 2022-05-27 14:25:00.482 | wait for finish... n_ceased_cleints: 0,  n_issued: 311524, n_done: 311394, n_created_coordinator: 130
I [../src/deptran/client_worker.cc:330] 2022-05-27 14:25:05.482 | wait for finish... n_ceased_cleints: 0,  n_issued: 351123, n_done: 350993, n_created_coordinator: 130
I [../src/deptran/client_worker.cc:330] 2022-05-27 14:25:10.483 | wait for finish... n_ceased_cleints: 0,  n_issued: 391573, n_done: 391443, n_created_coordinator: 130
I [../src/deptran/client_worker.cc:330] 2022-05-27 14:25:15.483 | wait for finish... n_ceased_cleints: 0,  n_issued: 431539, n_done: 431409, n_created_coordinator: 130
I [../src/deptran/s_main.cc:140] 2022-05-27 14:25:18.674 | wait_for_clients: wait for client threads to exit.
I [../src/deptran/client_worker.cc:330] 2022-05-27 14:25:20.483 | wait for finish... n_ceased_cleints: 0,  n_issued: 471358, n_done: 471228, n_created_coordinator: 130
I [../src/deptran/client_worker.cc:317] 2022-05-27 14:25:21.476 | wait for all outstanding requests to finish.
I [../src/deptran/client_worker.cc:343] 2022-05-27 14:25:25.483 | Finish:
Total: 475684, Commit: 475684, Attempts: 0, Running for 60, Throughput: 7928.07

I [../src/deptran/client_worker.cc:348] 2022-05-27 14:25:25.483 | Work: wait_for_shutdown at client 5
