I [../src/deptran/s_main.cc:136] 2022-05-19 18:50:17.024 | PWD : 
I [../src/deptran/s_main.cc:284] 2022-05-19 18:50:17.024 | starting process 477
I [../src/deptran/s_main.cc:279] 2022-05-19 18:50:17.024 | ulimit -n is 1024
I [../src/deptran/config.cc:285] 2022-05-19 18:50:17.024 | LoadYML: /home/xuhao/code/depfast/tmp/janus-final-testname_mnop2ic.yml
I [../src/deptran/config.cc:403] 2022-05-19 18:50:17.024 | BuildSiteProcMap
I [../src/deptran/config.cc:655] 2022-05-19 18:50:17.024 | group size: 1
I [../src/deptran/config.cc:681] 2022-05-19 18:50:17.024 | client forwarding: 0
I [../src/deptran/config.cc:320] 2022-05-19 18:50:17.024 | # of concurrent requests: 100
I [../src/deptran/s_main.cc:290] 2022-05-19 18:50:17.024 | Read config finish
I [../src/deptran/s_main.cc:30] 2022-05-19 18:50:17.024 | client_setup_heartbeat
I [../src/deptran/s_main.cc:46] 2022-05-19 18:50:17.024 | Start control server on port 5555
I [../src/rrr/rpc/server.cpp:575] 2022-05-19 18:50:17.024 | bind address is: 0.0.0.0:5555
I [../src/rrr/reactor/reactor.cc:389] 2022-05-19 18:50:17.024 | starting poll thread
I [../src/rrr/rpc/server.cpp:570] 2022-05-19 18:50:17.024 | rrr::Server: started on 0.0.0.0:5555
I [../src/deptran/s_main.cc:314] 2022-05-19 18:50:17.024 | no servers on this process
I [../src/deptran/s_main.cc:54] 2022-05-19 18:50:17.024 | client enabled, number of sites: 1
I [../src/rrr/reactor/reactor.cc:389] 2022-05-19 18:50:17.024 | starting poll thread
I [../src/deptran/communicator.cc:25] 2022-05-19 18:50:17.024 | size of partitions: 1
I [../src/deptran/communicator.cc:191] 2022-05-19 18:50:19.028 | connect to site: 10.0.0.13:10000 success!
I [../src/deptran/communicator.cc:191] 2022-05-19 18:50:19.029 | connect to site: 10.0.0.14:10001 success!
I [../src/deptran/communicator.cc:191] 2022-05-19 18:50:19.030 | connect to site: 10.0.0.15:10002 success!
I [../src/deptran/communicator.cc:191] 2022-05-19 18:50:19.031 | connect to site: 10.0.0.55:10003 success!
I [../src/deptran/communicator.cc:191] 2022-05-19 18:50:19.032 | connect to site: 10.0.0.58:10004 success!
I [../src/deptran/communicator.cc:74] 2022-05-19 18:50:19.032 | Done waiting to connect to client leaders.
I [../src/deptran/client_worker.cc:330] 2022-05-19 18:50:20.838 | wait for finish... n_ceased_cleints: 0,  n_issued: 0, n_done: 0, n_created_coordinator: 0
I [../src/deptran/client_worker.cc:314] 2022-05-19 18:50:20.840 | wait for all virtual clients to stop issuing new requests.
I [../src/deptran/client_worker.cc:330] 2022-05-19 18:50:25.838 | wait for finish... n_ceased_cleints: 0,  n_issued: 42511, n_done: 42411, n_created_coordinator: 100
I [../src/deptran/client_worker.cc:330] 2022-05-19 18:50:30.838 | wait for finish... n_ceased_cleints: 0,  n_issued: 88736, n_done: 88636, n_created_coordinator: 100
I [../src/deptran/client_worker.cc:330] 2022-05-19 18:50:35.838 | wait for finish... n_ceased_cleints: 0,  n_issued: 134818, n_done: 134718, n_created_coordinator: 100
I [../src/deptran/client_worker.cc:330] 2022-05-19 18:50:40.838 | wait for finish... n_ceased_cleints: 0,  n_issued: 180968, n_done: 180868, n_created_coordinator: 100
I [../src/deptran/client_worker.cc:330] 2022-05-19 18:50:45.838 | wait for finish... n_ceased_cleints: 0,  n_issued: 227529, n_done: 227429, n_created_coordinator: 100
I [../src/deptran/client_worker.cc:330] 2022-05-19 18:50:50.838 | wait for finish... n_ceased_cleints: 0,  n_issued: 273729, n_done: 273629, n_created_coordinator: 100
I [../src/deptran/client_worker.cc:330] 2022-05-19 18:50:55.838 | wait for finish... n_ceased_cleints: 0,  n_issued: 319978, n_done: 319878, n_created_coordinator: 100
I [../src/deptran/client_worker.cc:330] 2022-05-19 18:51:00.839 | wait for finish... n_ceased_cleints: 0,  n_issued: 366843, n_done: 366743, n_created_coordinator: 100
I [../src/deptran/client_worker.cc:330] 2022-05-19 18:51:05.839 | wait for finish... n_ceased_cleints: 0,  n_issued: 413086, n_done: 412986, n_created_coordinator: 100
I [../src/deptran/client_worker.cc:330] 2022-05-19 18:51:10.839 | wait for finish... n_ceased_cleints: 0,  n_issued: 460095, n_done: 459995, n_created_coordinator: 100
I [../src/deptran/client_worker.cc:330] 2022-05-19 18:51:15.839 | wait for finish... n_ceased_cleints: 0,  n_issued: 507058, n_done: 506958, n_created_coordinator: 100
I [../src/deptran/s_main.cc:140] 2022-05-19 18:51:19.032 | wait_for_clients: wait for client threads to exit.
I [../src/deptran/client_worker.cc:330] 2022-05-19 18:51:20.839 | wait for finish... n_ceased_cleints: 0,  n_issued: 552953, n_done: 552853, n_created_coordinator: 100
I [../src/deptran/client_worker.cc:317] 2022-05-19 18:51:21.842 | wait for all outstanding requests to finish.
I [../src/deptran/client_worker.cc:343] 2022-05-19 18:51:25.839 | Finish:
Total: 558522, Commit: 558522, Attempts: 0, Running for 60, Throughput: 9308.70

I [../src/deptran/client_worker.cc:348] 2022-05-19 18:51:25.839 | Work: wait_for_shutdown at client 5
