I [../src/deptran/s_main.cc:136] 2022-05-25 23:29:50.391 | PWD : 
I [../src/deptran/s_main.cc:284] 2022-05-25 23:29:50.391 | starting process 7764
I [../src/deptran/s_main.cc:279] 2022-05-25 23:29:50.391 | ulimit -n is 1024
I [../src/deptran/config.cc:285] 2022-05-25 23:29:50.391 | LoadYML: /home/xuhao/code/depfast/tmp/janus-final-testnamez05wvx5o.yml
I [../src/deptran/config.cc:403] 2022-05-25 23:29:50.392 | BuildSiteProcMap
I [../src/deptran/config.cc:655] 2022-05-25 23:29:50.392 | group size: 1
I [../src/deptran/config.cc:681] 2022-05-25 23:29:50.392 | client forwarding: 0
I [../src/deptran/config.cc:320] 2022-05-25 23:29:50.392 | # of concurrent requests: 40
I [../src/deptran/s_main.cc:290] 2022-05-25 23:29:50.392 | Read config finish
I [../src/deptran/s_main.cc:30] 2022-05-25 23:29:50.392 | client_setup_heartbeat
I [../src/deptran/s_main.cc:46] 2022-05-25 23:29:50.392 | Start control server on port 5555
I [../src/rrr/rpc/server.cpp:575] 2022-05-25 23:29:50.392 | bind address is: 0.0.0.0:5555
I [../src/rrr/rpc/server.cpp:570] 2022-05-25 23:29:50.392 | rrr::Server: started on 0.0.0.0:5555
I [../src/deptran/s_main.cc:314] 2022-05-25 23:29:50.392 | no servers on this process
I [../src/deptran/s_main.cc:54] 2022-05-25 23:29:50.392 | client enabled, number of sites: 1
I [../src/deptran/communicator.cc:25] 2022-05-25 23:29:50.393 | size of partitions: 1
I [../src/rrr/reactor/reactor.cc:389] 2022-05-25 23:29:50.393 | starting poll thread
I [../src/rrr/reactor/reactor.cc:389] 2022-05-25 23:29:50.395 | starting poll thread
I [../src/deptran/communicator.cc:191] 2022-05-25 23:29:51.395 | connect to site: 10.0.0.13:10000 success!
I [../src/deptran/communicator.cc:191] 2022-05-25 23:29:52.397 | connect to site: 10.0.0.14:10001 success!
I [../src/deptran/communicator.cc:191] 2022-05-25 23:29:52.398 | connect to site: 10.0.0.15:10002 success!
I [../src/deptran/communicator.cc:74] 2022-05-25 23:29:52.399 | Done waiting to connect to client leaders.
I [../src/deptran/client_worker.cc:330] 2022-05-25 23:29:52.959 | wait for finish... n_ceased_cleints: 0,  n_issued: 0, n_done: 0, n_created_coordinator: 0
I [../src/deptran/client_worker.cc:314] 2022-05-25 23:29:52.960 | wait for all virtual clients to stop issuing new requests.
I [../src/deptran/client_worker.cc:330] 2022-05-25 23:29:57.959 | wait for finish... n_ceased_cleints: 0,  n_issued: 148512, n_done: 148472, n_created_coordinator: 40
I [../src/deptran/client_worker.cc:330] 2022-05-25 23:30:02.959 | wait for finish... n_ceased_cleints: 0,  n_issued: 304679, n_done: 304639, n_created_coordinator: 40
I [../src/deptran/client_worker.cc:330] 2022-05-25 23:30:07.959 | wait for finish... n_ceased_cleints: 0,  n_issued: 451663, n_done: 451623, n_created_coordinator: 40
I [../src/deptran/client_worker.cc:330] 2022-05-25 23:30:12.959 | wait for finish... n_ceased_cleints: 0,  n_issued: 596229, n_done: 596189, n_created_coordinator: 40
I [../src/deptran/client_worker.cc:330] 2022-05-25 23:30:17.959 | wait for finish... n_ceased_cleints: 0,  n_issued: 737319, n_done: 737279, n_created_coordinator: 40
I [../src/deptran/client_worker.cc:330] 2022-05-25 23:30:22.959 | wait for finish... n_ceased_cleints: 0,  n_issued: 880360, n_done: 880320, n_created_coordinator: 40
I [../src/deptran/client_worker.cc:330] 2022-05-25 23:30:27.960 | wait for finish... n_ceased_cleints: 0,  n_issued: 1021000, n_done: 1020960, n_created_coordinator: 40
I [../src/deptran/client_worker.cc:330] 2022-05-25 23:30:32.960 | wait for finish... n_ceased_cleints: 0,  n_issued: 1162739, n_done: 1162699, n_created_coordinator: 40
I [../src/deptran/client_worker.cc:330] 2022-05-25 23:30:37.960 | wait for finish... n_ceased_cleints: 0,  n_issued: 1304193, n_done: 1304153, n_created_coordinator: 40
I [../src/deptran/client_worker.cc:330] 2022-05-25 23:30:42.960 | wait for finish... n_ceased_cleints: 0,  n_issued: 1443096, n_done: 1443056, n_created_coordinator: 40
I [../src/deptran/client_worker.cc:330] 2022-05-25 23:30:47.960 | wait for finish... n_ceased_cleints: 0,  n_issued: 1583710, n_done: 1583670, n_created_coordinator: 40
I [../src/deptran/client_worker.cc:330] 2022-05-25 23:30:52.960 | wait for finish... n_ceased_cleints: 0,  n_issued: 1721679, n_done: 1721639, n_created_coordinator: 40
I [../src/deptran/client_worker.cc:330] 2022-05-25 23:30:57.960 | wait for finish... n_ceased_cleints: 0,  n_issued: 1861071, n_done: 1861031, n_created_coordinator: 40
I [../src/deptran/client_worker.cc:330] 2022-05-25 23:31:02.960 | wait for finish... n_ceased_cleints: 0,  n_issued: 2001983, n_done: 2001943, n_created_coordinator: 40
I [../src/deptran/client_worker.cc:330] 2022-05-25 23:31:07.960 | wait for finish... n_ceased_cleints: 0,  n_issued: 2141167, n_done: 2141127, n_created_coordinator: 40
I [../src/deptran/client_worker.cc:330] 2022-05-25 23:31:12.961 | wait for finish... n_ceased_cleints: 0,  n_issued: 2280998, n_done: 2280958, n_created_coordinator: 40
I [../src/deptran/client_worker.cc:330] 2022-05-25 23:31:17.961 | wait for finish... n_ceased_cleints: 0,  n_issued: 2418897, n_done: 2418857, n_created_coordinator: 40
I [../src/deptran/client_worker.cc:330] 2022-05-25 23:31:22.961 | wait for finish... n_ceased_cleints: 0,  n_issued: 2557330, n_done: 2557290, n_created_coordinator: 40
I [../src/deptran/client_worker.cc:330] 2022-05-25 23:31:27.961 | wait for finish... n_ceased_cleints: 0,  n_issued: 2693170, n_done: 2693130, n_created_coordinator: 40
I [../src/deptran/client_worker.cc:330] 2022-05-25 23:31:32.961 | wait for finish... n_ceased_cleints: 0,  n_issued: 2831349, n_done: 2831309, n_created_coordinator: 40
I [../src/deptran/client_worker.cc:330] 2022-05-25 23:31:37.961 | wait for finish... n_ceased_cleints: 0,  n_issued: 2969100, n_done: 2969060, n_created_coordinator: 40
I [../src/deptran/client_worker.cc:330] 2022-05-25 23:31:42.961 | wait for finish... n_ceased_cleints: 0,  n_issued: 3105274, n_done: 3105234, n_created_coordinator: 40
I [../src/deptran/client_worker.cc:330] 2022-05-25 23:31:47.961 | wait for finish... n_ceased_cleints: 0,  n_issued: 3243281, n_done: 3243241, n_created_coordinator: 40
I [../src/deptran/client_worker.cc:330] 2022-05-25 23:31:52.961 | wait for finish... n_ceased_cleints: 0,  n_issued: 3379671, n_done: 3379631, n_created_coordinator: 40
I [../src/deptran/client_worker.cc:330] 2022-05-25 23:31:57.962 | wait for finish... n_ceased_cleints: 0,  n_issued: 3518017, n_done: 3517977, n_created_coordinator: 40
I [../src/deptran/client_worker.cc:330] 2022-05-25 23:32:02.962 | wait for finish... n_ceased_cleints: 0,  n_issued: 3653935, n_done: 3653895, n_created_coordinator: 40
I [../src/deptran/client_worker.cc:330] 2022-05-25 23:32:07.962 | wait for finish... n_ceased_cleints: 0,  n_issued: 3791754, n_done: 3791714, n_created_coordinator: 40
I [../src/deptran/client_worker.cc:330] 2022-05-25 23:32:12.962 | wait for finish... n_ceased_cleints: 0,  n_issued: 3927388, n_done: 3927348, n_created_coordinator: 40
I [../src/deptran/client_worker.cc:330] 2022-05-25 23:32:17.962 | wait for finish... n_ceased_cleints: 0,  n_issued: 4062717, n_done: 4062677, n_created_coordinator: 40
I [../src/deptran/client_worker.cc:330] 2022-05-25 23:32:22.962 | wait for finish... n_ceased_cleints: 0,  n_issued: 4200500, n_done: 4200460, n_created_coordinator: 40
I [../src/deptran/client_worker.cc:330] 2022-05-25 23:32:27.962 | wait for finish... n_ceased_cleints: 0,  n_issued: 4335556, n_done: 4335516, n_created_coordinator: 40
I [../src/deptran/client_worker.cc:330] 2022-05-25 23:32:32.962 | wait for finish... n_ceased_cleints: 0,  n_issued: 4472030, n_done: 4471990, n_created_coordinator: 40
I [../src/deptran/client_worker.cc:330] 2022-05-25 23:32:37.962 | wait for finish... n_ceased_cleints: 0,  n_issued: 4605475, n_done: 4605435, n_created_coordinator: 40
I [../src/deptran/client_worker.cc:330] 2022-05-25 23:32:42.962 | wait for finish... n_ceased_cleints: 0,  n_issued: 4737298, n_done: 4737258, n_created_coordinator: 40
I [../src/deptran/client_worker.cc:330] 2022-05-25 23:32:47.963 | wait for finish... n_ceased_cleints: 0,  n_issued: 4868352, n_done: 4868312, n_created_coordinator: 40
I [../src/deptran/s_main.cc:140] 2022-05-25 23:32:52.399 | wait_for_clients: wait for client threads to exit.
I [../src/deptran/client_worker.cc:330] 2022-05-25 23:32:52.963 | wait for finish... n_ceased_cleints: 0,  n_issued: 5009952, n_done: 5009912, n_created_coordinator: 40
I [../src/deptran/client_worker.cc:317] 2022-05-25 23:32:53.947 | wait for all outstanding requests to finish.
I [../src/deptran/client_worker.cc:343] 2022-05-25 23:32:57.963 | Finish:
Total: 5028939, Commit: 5028939, Attempts: 0, Running for 180, Throughput: 27938.55

I [../src/deptran/client_worker.cc:348] 2022-05-25 23:32:57.963 | Work: wait_for_shutdown at client 3
