I [../src/deptran/s_main.cc:136] 2022-05-27 07:32:14.585 | PWD : 
I [../src/deptran/s_main.cc:284] 2022-05-27 07:32:14.585 | starting process 7880
I [../src/deptran/s_main.cc:279] 2022-05-27 07:32:14.585 | ulimit -n is 1024
I [../src/deptran/config.cc:285] 2022-05-27 07:32:14.585 | LoadYML: /home/xuhao/code/depfast/tmp/janus-final-testnamehps_g4ew.yml
I [../src/deptran/config.cc:403] 2022-05-27 07:32:14.586 | BuildSiteProcMap
I [../src/deptran/config.cc:655] 2022-05-27 07:32:14.586 | group size: 1
I [../src/deptran/config.cc:681] 2022-05-27 07:32:14.586 | client forwarding: 0
I [../src/deptran/config.cc:320] 2022-05-27 07:32:14.586 | # of concurrent requests: 220
I [../src/deptran/s_main.cc:290] 2022-05-27 07:32:14.586 | Read config finish
I [../src/deptran/s_main.cc:30] 2022-05-27 07:32:14.586 | client_setup_heartbeat
I [../src/deptran/s_main.cc:46] 2022-05-27 07:32:14.586 | Start control server on port 5555
I [../src/rrr/rpc/server.cpp:575] 2022-05-27 07:32:14.587 | bind address is: 0.0.0.0:5555
I [../src/rrr/rpc/server.cpp:570] 2022-05-27 07:32:14.587 | rrr::Server: started on 0.0.0.0:5555
I [../src/deptran/s_main.cc:314] 2022-05-27 07:32:14.587 | no servers on this process
I [../src/deptran/s_main.cc:54] 2022-05-27 07:32:14.587 | client enabled, number of sites: 1
I [../src/rrr/reactor/reactor.cc:389] 2022-05-27 07:32:14.587 | starting poll thread
I [../src/deptran/communicator.cc:25] 2022-05-27 07:32:14.587 | size of partitions: 1
I [../src/rrr/reactor/reactor.cc:389] 2022-05-27 07:32:14.589 | starting poll thread
I [../src/deptran/communicator.cc:191] 2022-05-27 07:32:15.591 | connect to site: 10.0.0.13:10000 success!
I [../src/deptran/communicator.cc:191] 2022-05-27 07:32:16.593 | connect to site: 10.0.0.14:10001 success!
I [../src/deptran/communicator.cc:191] 2022-05-27 07:32:17.595 | connect to site: 10.0.0.15:10002 success!
I [../src/deptran/communicator.cc:191] 2022-05-27 07:32:17.596 | connect to site: 10.0.0.55:10003 success!
I [../src/deptran/communicator.cc:191] 2022-05-27 07:32:18.599 | connect to site: 10.0.0.58:10004 success!
I [../src/deptran/communicator.cc:74] 2022-05-27 07:32:18.600 | Done waiting to connect to client leaders.
I [../src/deptran/client_worker.cc:330] 2022-05-27 07:32:19.521 | wait for finish... n_ceased_cleints: 0,  n_issued: 0, n_done: 0, n_created_coordinator: 0
I [../src/deptran/client_worker.cc:314] 2022-05-27 07:32:19.533 | wait for all virtual clients to stop issuing new requests.
I [../src/deptran/client_worker.cc:330] 2022-05-27 07:32:24.521 | wait for finish... n_ceased_cleints: 0,  n_issued: 53129, n_done: 52909, n_created_coordinator: 220
I [../src/deptran/client_worker.cc:330] 2022-05-27 07:32:29.521 | wait for finish... n_ceased_cleints: 0,  n_issued: 110234, n_done: 110014, n_created_coordinator: 220
I [../src/deptran/client_worker.cc:330] 2022-05-27 07:32:34.521 | wait for finish... n_ceased_cleints: 0,  n_issued: 168154, n_done: 167934, n_created_coordinator: 220
I [../src/deptran/client_worker.cc:330] 2022-05-27 07:32:39.522 | wait for finish... n_ceased_cleints: 0,  n_issued: 227151, n_done: 226931, n_created_coordinator: 220
I [../src/deptran/client_worker.cc:330] 2022-05-27 07:32:44.522 | wait for finish... n_ceased_cleints: 0,  n_issued: 286000, n_done: 285780, n_created_coordinator: 220
I [../src/deptran/client_worker.cc:330] 2022-05-27 07:32:49.522 | wait for finish... n_ceased_cleints: 0,  n_issued: 345596, n_done: 345376, n_created_coordinator: 220
I [../src/deptran/client_worker.cc:330] 2022-05-27 07:32:54.522 | wait for finish... n_ceased_cleints: 0,  n_issued: 407040, n_done: 406820, n_created_coordinator: 220
I [../src/deptran/client_worker.cc:330] 2022-05-27 07:32:59.522 | wait for finish... n_ceased_cleints: 0,  n_issued: 462936, n_done: 462716, n_created_coordinator: 220
I [../src/deptran/client_worker.cc:330] 2022-05-27 07:33:04.522 | wait for finish... n_ceased_cleints: 0,  n_issued: 519816, n_done: 519596, n_created_coordinator: 220
I [../src/deptran/client_worker.cc:330] 2022-05-27 07:33:09.522 | wait for finish... n_ceased_cleints: 0,  n_issued: 577447, n_done: 577227, n_created_coordinator: 220
I [../src/deptran/client_worker.cc:330] 2022-05-27 07:33:14.522 | wait for finish... n_ceased_cleints: 0,  n_issued: 635674, n_done: 635454, n_created_coordinator: 220
I [../src/deptran/client_worker.cc:330] 2022-05-27 07:33:19.527 | wait for finish... n_ceased_cleints: 0,  n_issued: 693475, n_done: 693255, n_created_coordinator: 220
I [../src/deptran/client_worker.cc:330] 2022-05-27 07:33:24.527 | wait for finish... n_ceased_cleints: 0,  n_issued: 751946, n_done: 751726, n_created_coordinator: 220
I [../src/deptran/client_worker.cc:330] 2022-05-27 07:33:29.527 | wait for finish... n_ceased_cleints: 0,  n_issued: 810145, n_done: 809925, n_created_coordinator: 220
I [../src/deptran/client_worker.cc:330] 2022-05-27 07:33:34.527 | wait for finish... n_ceased_cleints: 0,  n_issued: 870880, n_done: 870660, n_created_coordinator: 220
I [../src/deptran/client_worker.cc:330] 2022-05-27 07:33:39.527 | wait for finish... n_ceased_cleints: 0,  n_issued: 927642, n_done: 927422, n_created_coordinator: 220
I [../src/deptran/client_worker.cc:330] 2022-05-27 07:33:44.527 | wait for finish... n_ceased_cleints: 0,  n_issued: 983882, n_done: 983662, n_created_coordinator: 220
I [../src/deptran/client_worker.cc:330] 2022-05-27 07:33:49.527 | wait for finish... n_ceased_cleints: 0,  n_issued: 1041541, n_done: 1041321, n_created_coordinator: 220
I [../src/deptran/client_worker.cc:330] 2022-05-27 07:33:54.528 | wait for finish... n_ceased_cleints: 0,  n_issued: 1099419, n_done: 1099199, n_created_coordinator: 220
I [../src/deptran/client_worker.cc:330] 2022-05-27 07:33:59.528 | wait for finish... n_ceased_cleints: 0,  n_issued: 1157688, n_done: 1157468, n_created_coordinator: 220
I [../src/deptran/client_worker.cc:330] 2022-05-27 07:34:04.528 | wait for finish... n_ceased_cleints: 0,  n_issued: 1215004, n_done: 1214784, n_created_coordinator: 220
I [../src/deptran/client_worker.cc:330] 2022-05-27 07:34:09.528 | wait for finish... n_ceased_cleints: 0,  n_issued: 1272353, n_done: 1272133, n_created_coordinator: 220
I [../src/deptran/client_worker.cc:330] 2022-05-27 07:34:14.528 | wait for finish... n_ceased_cleints: 0,  n_issued: 1328690, n_done: 1328470, n_created_coordinator: 220
I [../src/deptran/client_worker.cc:330] 2022-05-27 07:34:19.528 | wait for finish... n_ceased_cleints: 0,  n_issued: 1385753, n_done: 1385533, n_created_coordinator: 220
I [../src/deptran/client_worker.cc:330] 2022-05-27 07:34:24.528 | wait for finish... n_ceased_cleints: 0,  n_issued: 1443486, n_done: 1443266, n_created_coordinator: 220
I [../src/deptran/client_worker.cc:330] 2022-05-27 07:34:29.528 | wait for finish... n_ceased_cleints: 0,  n_issued: 1502448, n_done: 1502228, n_created_coordinator: 220
I [../src/deptran/client_worker.cc:330] 2022-05-27 07:34:34.528 | wait for finish... n_ceased_cleints: 0,  n_issued: 1561671, n_done: 1561451, n_created_coordinator: 220
I [../src/deptran/client_worker.cc:330] 2022-05-27 07:34:39.529 | wait for finish... n_ceased_cleints: 0,  n_issued: 1620056, n_done: 1619836, n_created_coordinator: 220
I [../src/deptran/client_worker.cc:330] 2022-05-27 07:34:44.529 | wait for finish... n_ceased_cleints: 0,  n_issued: 1678929, n_done: 1678709, n_created_coordinator: 220
I [../src/deptran/client_worker.cc:330] 2022-05-27 07:34:49.529 | wait for finish... n_ceased_cleints: 0,  n_issued: 1738487, n_done: 1738267, n_created_coordinator: 220
I [../src/deptran/client_worker.cc:330] 2022-05-27 07:34:54.529 | wait for finish... n_ceased_cleints: 0,  n_issued: 1797519, n_done: 1797299, n_created_coordinator: 220
I [../src/deptran/client_worker.cc:330] 2022-05-27 07:34:59.529 | wait for finish... n_ceased_cleints: 0,  n_issued: 1856170, n_done: 1855950, n_created_coordinator: 220
I [../src/deptran/client_worker.cc:330] 2022-05-27 07:35:04.529 | wait for finish... n_ceased_cleints: 0,  n_issued: 1906571, n_done: 1906351, n_created_coordinator: 220
I [../src/deptran/client_worker.cc:330] 2022-05-27 07:35:09.529 | wait for finish... n_ceased_cleints: 0,  n_issued: 1964997, n_done: 1964777, n_created_coordinator: 220
I [../src/deptran/client_worker.cc:330] 2022-05-27 07:35:14.529 | wait for finish... n_ceased_cleints: 0,  n_issued: 2024138, n_done: 2023918, n_created_coordinator: 220
I [../src/deptran/s_main.cc:140] 2022-05-27 07:35:18.599 | wait_for_clients: wait for client threads to exit.
I [../src/deptran/client_worker.cc:330] 2022-05-27 07:35:19.529 | wait for finish... n_ceased_cleints: 0,  n_issued: 2082674, n_done: 2082454, n_created_coordinator: 220
I [../src/deptran/client_worker.cc:317] 2022-05-27 07:35:20.531 | wait for all outstanding requests to finish.
I [../src/deptran/client_worker.cc:343] 2022-05-27 07:35:24.530 | Finish:
Total: 2088676, Commit: 2088676, Attempts: 0, Running for 180, Throughput: 11603.76

I [../src/deptran/client_worker.cc:348] 2022-05-27 07:35:24.530 | Work: wait_for_shutdown at client 5
