I [../src/deptran/s_main.cc:136] 2022-05-27 14:18:38.480 | PWD : 
I [../src/deptran/s_main.cc:284] 2022-05-27 14:18:38.480 | starting process 28546
I [../src/deptran/s_main.cc:279] 2022-05-27 14:18:38.480 | ulimit -n is 1024
I [../src/deptran/config.cc:285] 2022-05-27 14:18:38.480 | LoadYML: /home/xuhao/code/depfast/tmp/janus-final-testnamegptwfjh0.yml
I [../src/deptran/config.cc:403] 2022-05-27 14:18:38.481 | BuildSiteProcMap
I [../src/deptran/config.cc:655] 2022-05-27 14:18:38.481 | group size: 1
I [../src/deptran/config.cc:655] 2022-05-27 14:18:38.481 | group size: 1
I [../src/deptran/config.cc:655] 2022-05-27 14:18:38.481 | group size: 1
I [../src/deptran/config.cc:681] 2022-05-27 14:18:38.481 | client forwarding: 0
I [../src/deptran/config.cc:320] 2022-05-27 14:18:38.481 | # of concurrent requests: 60
I [../src/deptran/s_main.cc:290] 2022-05-27 14:18:38.481 | Read config finish
I [../src/deptran/s_main.cc:30] 2022-05-27 14:18:38.481 | client_setup_heartbeat
I [../src/deptran/s_main.cc:46] 2022-05-27 14:18:38.482 | Start control server on port 5555
I [../src/rrr/rpc/server.cpp:575] 2022-05-27 14:18:38.482 | bind address is: 0.0.0.0:5555
I [../src/rrr/rpc/server.cpp:570] 2022-05-27 14:18:38.482 | rrr::Server: started on 0.0.0.0:5555
I [../src/deptran/s_main.cc:314] 2022-05-27 14:18:38.482 | no servers on this process
I [../src/deptran/s_main.cc:54] 2022-05-27 14:18:38.482 | client enabled, number of sites: 1
I [../src/deptran/communicator.cc:25] 2022-05-27 14:18:38.482 | size of partitions: 1
I [../src/rrr/reactor/reactor.cc:389] 2022-05-27 14:18:38.483 | starting poll thread
I [../src/rrr/reactor/reactor.cc:389] 2022-05-27 14:18:38.485 | starting poll thread
I [../src/deptran/communicator.cc:191] 2022-05-27 14:18:39.485 | connect to site: 10.0.0.13:10000 success!
I [../src/deptran/communicator.cc:191] 2022-05-27 14:18:39.486 | connect to site: 10.0.0.14:10001 success!
I [../src/deptran/communicator.cc:191] 2022-05-27 14:18:39.488 | connect to site: 10.0.0.15:10002 success!
I [../src/deptran/communicator.cc:191] 2022-05-27 14:18:39.489 | connect to site: 10.0.0.55:10003 success!
I [../src/deptran/communicator.cc:191] 2022-05-27 14:18:39.489 | connect to site: 10.0.0.58:10004 success!
I [../src/deptran/communicator.cc:74] 2022-05-27 14:18:39.491 | Done waiting to connect to client leaders.
I [../src/deptran/client_worker.cc:330] 2022-05-27 14:18:41.305 | wait for finish... n_ceased_cleints: 0,  n_issued: 0, n_done: 0, n_created_coordinator: 0
I [../src/deptran/client_worker.cc:314] 2022-05-27 14:18:41.308 | wait for all virtual clients to stop issuing new requests.
I [../src/deptran/client_worker.cc:330] 2022-05-27 14:18:46.305 | wait for finish... n_ceased_cleints: 0,  n_issued: 18760, n_done: 18700, n_created_coordinator: 60
I [../src/deptran/client_worker.cc:330] 2022-05-27 14:18:51.305 | wait for finish... n_ceased_cleints: 0,  n_issued: 40065, n_done: 40005, n_created_coordinator: 60
I [../src/deptran/client_worker.cc:330] 2022-05-27 14:18:56.305 | wait for finish... n_ceased_cleints: 0,  n_issued: 60833, n_done: 60773, n_created_coordinator: 60
I [../src/deptran/client_worker.cc:330] 2022-05-27 14:19:01.306 | wait for finish... n_ceased_cleints: 0,  n_issued: 81966, n_done: 81906, n_created_coordinator: 60
I [../src/deptran/client_worker.cc:330] 2022-05-27 14:19:06.306 | wait for finish... n_ceased_cleints: 0,  n_issued: 102765, n_done: 102705, n_created_coordinator: 60
I [../src/deptran/client_worker.cc:330] 2022-05-27 14:19:11.306 | wait for finish... n_ceased_cleints: 0,  n_issued: 124059, n_done: 123999, n_created_coordinator: 60
I [../src/deptran/client_worker.cc:330] 2022-05-27 14:19:16.306 | wait for finish... n_ceased_cleints: 0,  n_issued: 146131, n_done: 146071, n_created_coordinator: 60
I [../src/deptran/client_worker.cc:330] 2022-05-27 14:19:21.306 | wait for finish... n_ceased_cleints: 0,  n_issued: 168294, n_done: 168234, n_created_coordinator: 60
I [../src/deptran/client_worker.cc:330] 2022-05-27 14:19:26.306 | wait for finish... n_ceased_cleints: 0,  n_issued: 190482, n_done: 190422, n_created_coordinator: 60
I [../src/deptran/client_worker.cc:330] 2022-05-27 14:19:31.306 | wait for finish... n_ceased_cleints: 0,  n_issued: 212205, n_done: 212145, n_created_coordinator: 60
I [../src/deptran/client_worker.cc:330] 2022-05-27 14:19:36.306 | wait for finish... n_ceased_cleints: 0,  n_issued: 234559, n_done: 234499, n_created_coordinator: 60
I [../src/deptran/s_main.cc:140] 2022-05-27 14:19:39.490 | wait_for_clients: wait for client threads to exit.
I [../src/deptran/client_worker.cc:330] 2022-05-27 14:19:41.307 | wait for finish... n_ceased_cleints: 0,  n_issued: 256967, n_done: 256907, n_created_coordinator: 60
I [../src/deptran/client_worker.cc:317] 2022-05-27 14:19:42.303 | wait for all outstanding requests to finish.
I [../src/deptran/client_worker.cc:343] 2022-05-27 14:19:46.307 | Finish:
Total: 259467, Commit: 259467, Attempts: 0, Running for 60, Throughput: 4324.45

I [../src/deptran/client_worker.cc:348] 2022-05-27 14:19:46.307 | Work: wait_for_shutdown at client 5
