I [../src/deptran/s_main.cc:136] 2022-05-21 03:52:10.060 | PWD : 
I [../src/deptran/s_main.cc:284] 2022-05-21 03:52:10.060 | starting process 13744
I [../src/deptran/s_main.cc:279] 2022-05-21 03:52:10.060 | ulimit -n is 1024
I [../src/deptran/config.cc:285] 2022-05-21 03:52:10.060 | LoadYML: /home/xuhao/code/depfast/tmp/janus-final-testnameoopm056r.yml
I [../src/deptran/config.cc:403] 2022-05-21 03:52:10.061 | BuildSiteProcMap
I [../src/deptran/config.cc:655] 2022-05-21 03:52:10.061 | group size: 1
I [../src/deptran/config.cc:655] 2022-05-21 03:52:10.061 | group size: 1
I [../src/deptran/config.cc:655] 2022-05-21 03:52:10.061 | group size: 1
I [../src/deptran/config.cc:681] 2022-05-21 03:52:10.061 | client forwarding: 0
I [../src/deptran/config.cc:320] 2022-05-21 03:52:10.061 | # of concurrent requests: 12
I [../src/deptran/s_main.cc:290] 2022-05-21 03:52:10.061 | Read config finish
I [../src/deptran/s_main.cc:30] 2022-05-21 03:52:10.061 | client_setup_heartbeat
I [../src/deptran/s_main.cc:46] 2022-05-21 03:52:10.062 | Start control server on port 5555
I [../src/rrr/rpc/server.cpp:575] 2022-05-21 03:52:10.062 | bind address is: 0.0.0.0:5555
I [../src/rrr/rpc/server.cpp:570] 2022-05-21 03:52:10.062 | rrr::Server: started on 0.0.0.0:5555
I [../src/deptran/s_main.cc:314] 2022-05-21 03:52:10.062 | no servers on this process
I [../src/deptran/s_main.cc:54] 2022-05-21 03:52:10.062 | client enabled, number of sites: 1
I [../src/deptran/communicator.cc:25] 2022-05-21 03:52:10.063 | size of partitions: 1
I [../src/rrr/reactor/reactor.cc:389] 2022-05-21 03:52:10.063 | starting poll thread
I [../src/rrr/reactor/reactor.cc:389] 2022-05-21 03:52:10.065 | starting poll thread
I [../src/deptran/communicator.cc:191] 2022-05-21 03:52:11.065 | connect to site: 10.0.0.13:10000 success!
I [../src/deptran/communicator.cc:191] 2022-05-21 03:52:11.066 | connect to site: 10.0.0.14:10001 success!
I [../src/deptran/communicator.cc:191] 2022-05-21 03:52:12.068 | connect to site: 10.0.0.15:10002 success!
I [../src/deptran/communicator.cc:74] 2022-05-21 03:52:12.069 | Done waiting to connect to client leaders.
I [../src/deptran/client_worker.cc:330] 2022-05-21 03:52:12.664 | wait for finish... n_ceased_cleints: 0,  n_issued: 0, n_done: 0, n_created_coordinator: 0
I [../src/deptran/client_worker.cc:314] 2022-05-21 03:52:12.665 | wait for all virtual clients to stop issuing new requests.
I [../src/deptran/client_worker.cc:330] 2022-05-21 03:52:17.664 | wait for finish... n_ceased_cleints: 0,  n_issued: 43160, n_done: 43148, n_created_coordinator: 12
I [../src/deptran/client_worker.cc:330] 2022-05-21 03:52:22.664 | wait for finish... n_ceased_cleints: 0,  n_issued: 85119, n_done: 85107, n_created_coordinator: 12
I [../src/deptran/client_worker.cc:330] 2022-05-21 03:52:27.664 | wait for finish... n_ceased_cleints: 0,  n_issued: 127604, n_done: 127592, n_created_coordinator: 12
I [../src/deptran/client_worker.cc:330] 2022-05-21 03:52:32.665 | wait for finish... n_ceased_cleints: 0,  n_issued: 168581, n_done: 168569, n_created_coordinator: 12
I [../src/deptran/client_worker.cc:330] 2022-05-21 03:52:37.665 | wait for finish... n_ceased_cleints: 0,  n_issued: 210302, n_done: 210290, n_created_coordinator: 12
I [../src/deptran/client_worker.cc:330] 2022-05-21 03:52:42.665 | wait for finish... n_ceased_cleints: 0,  n_issued: 250780, n_done: 250768, n_created_coordinator: 12
I [../src/deptran/client_worker.cc:330] 2022-05-21 03:52:47.665 | wait for finish... n_ceased_cleints: 0,  n_issued: 292118, n_done: 292106, n_created_coordinator: 12
I [../src/deptran/client_worker.cc:330] 2022-05-21 03:52:52.665 | wait for finish... n_ceased_cleints: 0,  n_issued: 330452, n_done: 330440, n_created_coordinator: 12
I [../src/deptran/client_worker.cc:330] 2022-05-21 03:52:57.665 | wait for finish... n_ceased_cleints: 0,  n_issued: 370856, n_done: 370844, n_created_coordinator: 12
I [../src/deptran/client_worker.cc:330] 2022-05-21 03:53:02.665 | wait for finish... n_ceased_cleints: 0,  n_issued: 411448, n_done: 411436, n_created_coordinator: 12
I [../src/deptran/client_worker.cc:330] 2022-05-21 03:53:07.665 | wait for finish... n_ceased_cleints: 0,  n_issued: 451304, n_done: 451292, n_created_coordinator: 12
I [../src/deptran/client_worker.cc:330] 2022-05-21 03:53:12.666 | wait for finish... n_ceased_cleints: 0,  n_issued: 491548, n_done: 491536, n_created_coordinator: 12
I [../src/deptran/client_worker.cc:330] 2022-05-21 03:53:17.666 | wait for finish... n_ceased_cleints: 0,  n_issued: 531647, n_done: 531635, n_created_coordinator: 12
I [../src/deptran/client_worker.cc:330] 2022-05-21 03:53:22.666 | wait for finish... n_ceased_cleints: 0,  n_issued: 571844, n_done: 571832, n_created_coordinator: 12
I [../src/deptran/client_worker.cc:330] 2022-05-21 03:53:27.666 | wait for finish... n_ceased_cleints: 0,  n_issued: 611459, n_done: 611447, n_created_coordinator: 12
I [../src/deptran/client_worker.cc:330] 2022-05-21 03:53:32.666 | wait for finish... n_ceased_cleints: 0,  n_issued: 648372, n_done: 648360, n_created_coordinator: 12
I [../src/deptran/client_worker.cc:330] 2022-05-21 03:53:37.666 | wait for finish... n_ceased_cleints: 0,  n_issued: 687760, n_done: 687748, n_created_coordinator: 12
I [../src/deptran/client_worker.cc:330] 2022-05-21 03:53:42.666 | wait for finish... n_ceased_cleints: 0,  n_issued: 726746, n_done: 726734, n_created_coordinator: 12
I [../src/deptran/client_worker.cc:330] 2022-05-21 03:53:47.666 | wait for finish... n_ceased_cleints: 0,  n_issued: 766308, n_done: 766296, n_created_coordinator: 12
I [../src/deptran/client_worker.cc:330] 2022-05-21 03:53:52.666 | wait for finish... n_ceased_cleints: 0,  n_issued: 805936, n_done: 805924, n_created_coordinator: 12
I [../src/deptran/client_worker.cc:330] 2022-05-21 03:53:57.667 | wait for finish... n_ceased_cleints: 0,  n_issued: 844915, n_done: 844903, n_created_coordinator: 12
I [../src/deptran/client_worker.cc:330] 2022-05-21 03:54:02.667 | wait for finish... n_ceased_cleints: 0,  n_issued: 884090, n_done: 884078, n_created_coordinator: 12
I [../src/deptran/client_worker.cc:330] 2022-05-21 03:54:07.667 | wait for finish... n_ceased_cleints: 0,  n_issued: 922793, n_done: 922781, n_created_coordinator: 12
I [../src/deptran/client_worker.cc:330] 2022-05-21 03:54:12.667 | wait for finish... n_ceased_cleints: 0,  n_issued: 961218, n_done: 961206, n_created_coordinator: 12
I [../src/deptran/client_worker.cc:330] 2022-05-21 03:54:17.667 | wait for finish... n_ceased_cleints: 0,  n_issued: 998996, n_done: 998984, n_created_coordinator: 12
I [../src/deptran/client_worker.cc:330] 2022-05-21 03:54:22.667 | wait for finish... n_ceased_cleints: 0,  n_issued: 1037140, n_done: 1037128, n_created_coordinator: 12
I [../src/deptran/client_worker.cc:330] 2022-05-21 03:54:27.667 | wait for finish... n_ceased_cleints: 0,  n_issued: 1075082, n_done: 1075070, n_created_coordinator: 12
I [../src/deptran/client_worker.cc:330] 2022-05-21 03:54:32.667 | wait for finish... n_ceased_cleints: 0,  n_issued: 1113472, n_done: 1113460, n_created_coordinator: 12
I [../src/deptran/client_worker.cc:330] 2022-05-21 03:54:37.667 | wait for finish... n_ceased_cleints: 0,  n_issued: 1152006, n_done: 1151994, n_created_coordinator: 12
I [../src/deptran/client_worker.cc:330] 2022-05-21 03:54:42.668 | wait for finish... n_ceased_cleints: 0,  n_issued: 1189999, n_done: 1189987, n_created_coordinator: 12
I [../src/deptran/client_worker.cc:330] 2022-05-21 03:54:47.668 | wait for finish... n_ceased_cleints: 0,  n_issued: 1227952, n_done: 1227940, n_created_coordinator: 12
I [../src/deptran/client_worker.cc:330] 2022-05-21 03:54:52.668 | wait for finish... n_ceased_cleints: 0,  n_issued: 1259500, n_done: 1259488, n_created_coordinator: 12
I [../src/deptran/client_worker.cc:330] 2022-05-21 03:54:57.668 | wait for finish... n_ceased_cleints: 0,  n_issued: 1297412, n_done: 1297400, n_created_coordinator: 12
I [../src/deptran/client_worker.cc:330] 2022-05-21 03:55:02.668 | wait for finish... n_ceased_cleints: 0,  n_issued: 1335243, n_done: 1335231, n_created_coordinator: 12
I [../src/deptran/client_worker.cc:330] 2022-05-21 03:55:07.668 | wait for finish... n_ceased_cleints: 0,  n_issued: 1373175, n_done: 1373163, n_created_coordinator: 12
I [../src/deptran/s_main.cc:140] 2022-05-21 03:55:12.068 | wait_for_clients: wait for client threads to exit.
I [../src/deptran/client_worker.cc:330] 2022-05-21 03:55:12.668 | wait for finish... n_ceased_cleints: 0,  n_issued: 1410276, n_done: 1410264, n_created_coordinator: 12
I [../src/deptran/client_worker.cc:317] 2022-05-21 03:55:13.559 | wait for all outstanding requests to finish.
I [../src/deptran/client_worker.cc:343] 2022-05-21 03:55:17.668 | Finish:
Total: 1415196, Commit: 1415196, Attempts: 0, Running for 180, Throughput: 7862.20

I [../src/deptran/client_worker.cc:348] 2022-05-21 03:55:17.668 | Work: wait_for_shutdown at client 3
