I [../src/deptran/s_main.cc:136] 2022-05-21 01:54:04.605 | PWD : 
I [../src/deptran/s_main.cc:284] 2022-05-21 01:54:04.606 | starting process 1981
I [../src/deptran/s_main.cc:279] 2022-05-21 01:54:04.606 | ulimit -n is 1024
I [../src/deptran/config.cc:285] 2022-05-21 01:54:04.606 | LoadYML: /home/xuhao/code/depfast/tmp/janus-final-testnamek0z_7dgd.yml
I [../src/deptran/config.cc:403] 2022-05-21 01:54:04.606 | BuildSiteProcMap
I [../src/deptran/config.cc:655] 2022-05-21 01:54:04.606 | group size: 1
I [../src/deptran/config.cc:655] 2022-05-21 01:54:04.606 | group size: 1
I [../src/deptran/config.cc:655] 2022-05-21 01:54:04.606 | group size: 1
I [../src/deptran/config.cc:681] 2022-05-21 01:54:04.606 | client forwarding: 0
I [../src/deptran/config.cc:320] 2022-05-21 01:54:04.606 | # of concurrent requests: 10
I [../src/deptran/s_main.cc:290] 2022-05-21 01:54:04.606 | Read config finish
I [../src/deptran/s_main.cc:30] 2022-05-21 01:54:04.606 | client_setup_heartbeat
I [../src/deptran/s_main.cc:46] 2022-05-21 01:54:04.607 | Start control server on port 5555
I [../src/rrr/rpc/server.cpp:575] 2022-05-21 01:54:04.607 | bind address is: 0.0.0.0:5555
I [../src/rrr/rpc/server.cpp:570] 2022-05-21 01:54:04.607 | rrr::Server: started on 0.0.0.0:5555
I [../src/deptran/s_main.cc:314] 2022-05-21 01:54:04.607 | no servers on this process
I [../src/deptran/s_main.cc:54] 2022-05-21 01:54:04.607 | client enabled, number of sites: 1
I [../src/deptran/communicator.cc:25] 2022-05-21 01:54:04.608 | size of partitions: 1
I [../src/rrr/reactor/reactor.cc:389] 2022-05-21 01:54:04.608 | starting poll thread
I [../src/rrr/reactor/reactor.cc:389] 2022-05-21 01:54:04.609 | starting poll thread
I [../src/deptran/communicator.cc:191] 2022-05-21 01:54:05.610 | connect to site: 10.0.0.13:10000 success!
I [../src/deptran/communicator.cc:191] 2022-05-21 01:54:05.611 | connect to site: 10.0.0.14:10001 success!
I [../src/deptran/communicator.cc:191] 2022-05-21 01:54:05.612 | connect to site: 10.0.0.15:10002 success!
I [../src/deptran/communicator.cc:74] 2022-05-21 01:54:05.613 | Done waiting to connect to client leaders.
I [../src/deptran/client_worker.cc:330] 2022-05-21 01:54:07.179 | wait for finish... n_ceased_cleints: 0,  n_issued: 0, n_done: 0, n_created_coordinator: 0
I [../src/deptran/client_worker.cc:314] 2022-05-21 01:54:07.180 | wait for all virtual clients to stop issuing new requests.
I [../src/deptran/client_worker.cc:330] 2022-05-21 01:54:12.179 | wait for finish... n_ceased_cleints: 0,  n_issued: 46974, n_done: 46964, n_created_coordinator: 10
I [../src/deptran/client_worker.cc:330] 2022-05-21 01:54:17.179 | wait for finish... n_ceased_cleints: 0,  n_issued: 94530, n_done: 94520, n_created_coordinator: 10
I [../src/deptran/client_worker.cc:330] 2022-05-21 01:54:22.179 | wait for finish... n_ceased_cleints: 0,  n_issued: 141418, n_done: 141408, n_created_coordinator: 10
I [../src/deptran/client_worker.cc:330] 2022-05-21 01:54:27.179 | wait for finish... n_ceased_cleints: 0,  n_issued: 188226, n_done: 188216, n_created_coordinator: 10
I [../src/deptran/client_worker.cc:330] 2022-05-21 01:54:32.179 | wait for finish... n_ceased_cleints: 0,  n_issued: 235239, n_done: 235229, n_created_coordinator: 10
I [../src/deptran/client_worker.cc:330] 2022-05-21 01:54:37.179 | wait for finish... n_ceased_cleints: 0,  n_issued: 280084, n_done: 280074, n_created_coordinator: 10
I [../src/deptran/client_worker.cc:330] 2022-05-21 01:54:42.180 | wait for finish... n_ceased_cleints: 0,  n_issued: 323327, n_done: 323317, n_created_coordinator: 10
I [../src/deptran/client_worker.cc:330] 2022-05-21 01:54:47.180 | wait for finish... n_ceased_cleints: 0,  n_issued: 368455, n_done: 368445, n_created_coordinator: 10
I [../src/deptran/client_worker.cc:330] 2022-05-21 01:54:52.180 | wait for finish... n_ceased_cleints: 0,  n_issued: 412270, n_done: 412260, n_created_coordinator: 10
I [../src/deptran/client_worker.cc:330] 2022-05-21 01:54:57.180 | wait for finish... n_ceased_cleints: 0,  n_issued: 455258, n_done: 455248, n_created_coordinator: 10
I [../src/deptran/client_worker.cc:330] 2022-05-21 01:55:02.180 | wait for finish... n_ceased_cleints: 0,  n_issued: 499892, n_done: 499882, n_created_coordinator: 10
I [../src/deptran/s_main.cc:140] 2022-05-21 01:55:05.612 | wait_for_clients: wait for client threads to exit.
I [../src/deptran/client_worker.cc:330] 2022-05-21 01:55:07.180 | wait for finish... n_ceased_cleints: 0,  n_issued: 543906, n_done: 543896, n_created_coordinator: 10
I [../src/deptran/client_worker.cc:317] 2022-05-21 01:55:08.127 | wait for all outstanding requests to finish.
I [../src/deptran/client_worker.cc:343] 2022-05-21 01:55:12.180 | Finish:
Total: 550350, Commit: 550350, Attempts: 0, Running for 60, Throughput: 9172.50

I [../src/deptran/client_worker.cc:348] 2022-05-21 01:55:12.180 | Work: wait_for_shutdown at client 3
