I [../src/deptran/s_main.cc:136] 2022-05-20 07:37:54.176 | PWD : 
I [../src/deptran/s_main.cc:284] 2022-05-20 07:37:54.176 | starting process 4475
I [../src/deptran/s_main.cc:279] 2022-05-20 07:37:54.176 | ulimit -n is 1024
I [../src/deptran/config.cc:285] 2022-05-20 07:37:54.176 | LoadYML: /home/xuhao/code/depfast/tmp/janus-final-testnamern3ta4t2.yml
I [../src/deptran/config.cc:403] 2022-05-20 07:37:54.177 | BuildSiteProcMap
I [../src/deptran/config.cc:655] 2022-05-20 07:37:54.177 | group size: 1
I [../src/deptran/config.cc:681] 2022-05-20 07:37:54.177 | client forwarding: 0
I [../src/deptran/config.cc:320] 2022-05-20 07:37:54.177 | # of concurrent requests: 60
I [../src/deptran/s_main.cc:290] 2022-05-20 07:37:54.177 | Read config finish
I [../src/deptran/s_main.cc:30] 2022-05-20 07:37:54.177 | client_setup_heartbeat
I [../src/deptran/s_main.cc:46] 2022-05-20 07:37:54.178 | Start control server on port 5555
I [../src/rrr/rpc/server.cpp:575] 2022-05-20 07:37:54.178 | bind address is: 0.0.0.0:5555
I [../src/rrr/rpc/server.cpp:570] 2022-05-20 07:37:54.178 | rrr::Server: started on 0.0.0.0:5555
I [../src/deptran/s_main.cc:314] 2022-05-20 07:37:54.178 | no servers on this process
I [../src/deptran/s_main.cc:54] 2022-05-20 07:37:54.178 | client enabled, number of sites: 1
I [../src/rrr/reactor/reactor.cc:389] 2022-05-20 07:37:54.179 | starting poll thread
I [../src/deptran/communicator.cc:25] 2022-05-20 07:37:54.179 | size of partitions: 1
I [../src/rrr/reactor/reactor.cc:389] 2022-05-20 07:37:54.181 | starting poll thread
I [../src/deptran/communicator.cc:191] 2022-05-20 07:37:55.182 | connect to site: 10.0.0.13:10000 success!
I [../src/deptran/communicator.cc:191] 2022-05-20 07:37:56.184 | connect to site: 10.0.0.14:10001 success!
I [../src/deptran/communicator.cc:191] 2022-05-20 07:37:56.185 | connect to site: 10.0.0.15:10002 success!
I [../src/deptran/communicator.cc:191] 2022-05-20 07:37:56.186 | connect to site: 10.0.0.55:10003 success!
I [../src/deptran/communicator.cc:191] 2022-05-20 07:37:56.187 | connect to site: 10.0.0.58:10004 success!
I [../src/deptran/communicator.cc:74] 2022-05-20 07:37:56.188 | Done waiting to connect to client leaders.
I [../src/deptran/client_worker.cc:330] 2022-05-20 07:37:57.844 | wait for finish... n_ceased_cleints: 0,  n_issued: 0, n_done: 0, n_created_coordinator: 0
I [../src/deptran/client_worker.cc:314] 2022-05-20 07:37:57.846 | wait for all virtual clients to stop issuing new requests.
I [../src/deptran/client_worker.cc:330] 2022-05-20 07:38:02.844 | wait for finish... n_ceased_cleints: 0,  n_issued: 31700, n_done: 31640, n_created_coordinator: 60
I [../src/deptran/client_worker.cc:330] 2022-05-20 07:38:07.844 | wait for finish... n_ceased_cleints: 0,  n_issued: 67189, n_done: 67129, n_created_coordinator: 60
I [../src/deptran/client_worker.cc:330] 2022-05-20 07:38:12.844 | wait for finish... n_ceased_cleints: 0,  n_issued: 102693, n_done: 102633, n_created_coordinator: 60
I [../src/deptran/client_worker.cc:330] 2022-05-20 07:38:17.844 | wait for finish... n_ceased_cleints: 0,  n_issued: 138361, n_done: 138301, n_created_coordinator: 60
I [../src/deptran/client_worker.cc:330] 2022-05-20 07:38:22.844 | wait for finish... n_ceased_cleints: 0,  n_issued: 173989, n_done: 173929, n_created_coordinator: 60
I [../src/deptran/client_worker.cc:330] 2022-05-20 07:38:27.844 | wait for finish... n_ceased_cleints: 0,  n_issued: 209312, n_done: 209252, n_created_coordinator: 60
I [../src/deptran/client_worker.cc:330] 2022-05-20 07:38:32.844 | wait for finish... n_ceased_cleints: 0,  n_issued: 244434, n_done: 244374, n_created_coordinator: 60
I [../src/deptran/client_worker.cc:330] 2022-05-20 07:38:37.844 | wait for finish... n_ceased_cleints: 0,  n_issued: 279826, n_done: 279766, n_created_coordinator: 60
I [../src/deptran/client_worker.cc:330] 2022-05-20 07:38:42.845 | wait for finish... n_ceased_cleints: 0,  n_issued: 315476, n_done: 315416, n_created_coordinator: 60
I [../src/deptran/client_worker.cc:330] 2022-05-20 07:38:47.845 | wait for finish... n_ceased_cleints: 0,  n_issued: 350945, n_done: 350885, n_created_coordinator: 60
I [../src/deptran/client_worker.cc:330] 2022-05-20 07:38:52.845 | wait for finish... n_ceased_cleints: 0,  n_issued: 385876, n_done: 385816, n_created_coordinator: 60
I [../src/deptran/s_main.cc:140] 2022-05-20 07:38:56.187 | wait_for_clients: wait for client threads to exit.
I [../src/deptran/client_worker.cc:330] 2022-05-20 07:38:57.845 | wait for finish... n_ceased_cleints: 0,  n_issued: 421263, n_done: 421203, n_created_coordinator: 60
I [../src/deptran/client_worker.cc:317] 2022-05-20 07:38:58.843 | wait for all outstanding requests to finish.
I [../src/deptran/client_worker.cc:343] 2022-05-20 07:39:02.845 | Finish:
Total: 425678, Commit: 425678, Attempts: 0, Running for 60, Throughput: 7094.63

I [../src/deptran/client_worker.cc:348] 2022-05-20 07:39:02.845 | Work: wait_for_shutdown at client 5
