I [../src/deptran/s_main.cc:136] 2022-05-27 14:20:31.443 | PWD : 
I [../src/deptran/s_main.cc:284] 2022-05-27 14:20:31.443 | starting process 29008
I [../src/deptran/s_main.cc:279] 2022-05-27 14:20:31.443 | ulimit -n is 1024
I [../src/deptran/config.cc:285] 2022-05-27 14:20:31.443 | LoadYML: /home/xuhao/code/depfast/tmp/janus-final-testname8b4s70j8.yml
I [../src/deptran/config.cc:403] 2022-05-27 14:20:31.444 | BuildSiteProcMap
I [../src/deptran/config.cc:655] 2022-05-27 14:20:31.444 | group size: 1
I [../src/deptran/config.cc:655] 2022-05-27 14:20:31.444 | group size: 1
I [../src/deptran/config.cc:655] 2022-05-27 14:20:31.444 | group size: 1
I [../src/deptran/config.cc:681] 2022-05-27 14:20:31.444 | client forwarding: 0
I [../src/deptran/config.cc:320] 2022-05-27 14:20:31.444 | # of concurrent requests: 80
I [../src/deptran/s_main.cc:290] 2022-05-27 14:20:31.444 | Read config finish
I [../src/deptran/s_main.cc:30] 2022-05-27 14:20:31.444 | client_setup_heartbeat
I [../src/deptran/s_main.cc:46] 2022-05-27 14:20:31.444 | Start control server on port 5555
I [../src/rrr/rpc/server.cpp:575] 2022-05-27 14:20:31.444 | bind address is: 0.0.0.0:5555
I [../src/rrr/rpc/server.cpp:570] 2022-05-27 14:20:31.444 | rrr::Server: started on 0.0.0.0:5555
I [../src/deptran/s_main.cc:314] 2022-05-27 14:20:31.444 | no servers on this process
I [../src/deptran/s_main.cc:54] 2022-05-27 14:20:31.444 | client enabled, number of sites: 1
I [../src/deptran/communicator.cc:25] 2022-05-27 14:20:31.445 | size of partitions: 1
I [../src/rrr/reactor/reactor.cc:389] 2022-05-27 14:20:31.446 | starting poll thread
I [../src/rrr/reactor/reactor.cc:389] 2022-05-27 14:20:31.447 | starting poll thread
I [../src/deptran/communicator.cc:191] 2022-05-27 14:20:32.448 | connect to site: 10.0.0.13:10000 success!
I [../src/deptran/communicator.cc:191] 2022-05-27 14:20:32.448 | connect to site: 10.0.0.14:10001 success!
I [../src/deptran/communicator.cc:191] 2022-05-27 14:20:32.449 | connect to site: 10.0.0.15:10002 success!
I [../src/deptran/communicator.cc:191] 2022-05-27 14:20:32.450 | connect to site: 10.0.0.55:10003 success!
I [../src/deptran/communicator.cc:191] 2022-05-27 14:20:32.451 | connect to site: 10.0.0.58:10004 success!
I [../src/deptran/communicator.cc:74] 2022-05-27 14:20:32.452 | Done waiting to connect to client leaders.
I [../src/deptran/client_worker.cc:330] 2022-05-27 14:20:34.256 | wait for finish... n_ceased_cleints: 0,  n_issued: 0, n_done: 0, n_created_coordinator: 0
I [../src/deptran/client_worker.cc:314] 2022-05-27 14:20:34.260 | wait for all virtual clients to stop issuing new requests.
I [../src/deptran/client_worker.cc:330] 2022-05-27 14:20:39.257 | wait for finish... n_ceased_cleints: 0,  n_issued: 25588, n_done: 25508, n_created_coordinator: 80
I [../src/deptran/client_worker.cc:330] 2022-05-27 14:20:44.257 | wait for finish... n_ceased_cleints: 0,  n_issued: 53506, n_done: 53426, n_created_coordinator: 80
I [../src/deptran/client_worker.cc:330] 2022-05-27 14:20:49.257 | wait for finish... n_ceased_cleints: 0,  n_issued: 81023, n_done: 80943, n_created_coordinator: 80
I [../src/deptran/client_worker.cc:330] 2022-05-27 14:20:54.257 | wait for finish... n_ceased_cleints: 0,  n_issued: 109018, n_done: 108938, n_created_coordinator: 80
I [../src/deptran/client_worker.cc:330] 2022-05-27 14:20:59.257 | wait for finish... n_ceased_cleints: 0,  n_issued: 136604, n_done: 136525, n_created_coordinator: 80
I [../src/deptran/client_worker.cc:330] 2022-05-27 14:21:04.257 | wait for finish... n_ceased_cleints: 0,  n_issued: 164271, n_done: 164191, n_created_coordinator: 80
I [../src/deptran/client_worker.cc:330] 2022-05-27 14:21:09.257 | wait for finish... n_ceased_cleints: 0,  n_issued: 191255, n_done: 191175, n_created_coordinator: 80
I [../src/deptran/client_worker.cc:330] 2022-05-27 14:21:14.257 | wait for finish... n_ceased_cleints: 0,  n_issued: 218658, n_done: 218578, n_created_coordinator: 80
I [../src/deptran/client_worker.cc:330] 2022-05-27 14:21:19.258 | wait for finish... n_ceased_cleints: 0,  n_issued: 245911, n_done: 245831, n_created_coordinator: 80
I [../src/deptran/client_worker.cc:330] 2022-05-27 14:21:24.258 | wait for finish... n_ceased_cleints: 0,  n_issued: 273064, n_done: 272984, n_created_coordinator: 80
I [../src/deptran/client_worker.cc:330] 2022-05-27 14:21:29.258 | wait for finish... n_ceased_cleints: 0,  n_issued: 299820, n_done: 299740, n_created_coordinator: 80
I [../src/deptran/s_main.cc:140] 2022-05-27 14:21:32.452 | wait_for_clients: wait for client threads to exit.
I [../src/deptran/client_worker.cc:330] 2022-05-27 14:21:34.258 | wait for finish... n_ceased_cleints: 0,  n_issued: 326731, n_done: 326651, n_created_coordinator: 80
I [../src/deptran/client_worker.cc:317] 2022-05-27 14:21:35.217 | wait for all outstanding requests to finish.
I [../src/deptran/client_worker.cc:343] 2022-05-27 14:21:39.258 | Finish:
Total: 329388, Commit: 329388, Attempts: 0, Running for 60, Throughput: 5489.80

I [../src/deptran/client_worker.cc:348] 2022-05-27 14:21:39.258 | Work: wait_for_shutdown at client 5
