I [../src/deptran/s_main.cc:136] 2022-05-19 17:32:51.859 | PWD : 
I [../src/deptran/s_main.cc:284] 2022-05-19 17:32:51.859 | starting process 23296
I [../src/deptran/s_main.cc:279] 2022-05-19 17:32:51.859 | ulimit -n is 1024
I [../src/deptran/config.cc:285] 2022-05-19 17:32:51.859 | LoadYML: /home/xuhao/code/depfast/tmp/janus-final-testnamea1ylurjn.yml
I [../src/deptran/config.cc:403] 2022-05-19 17:32:51.860 | BuildSiteProcMap
I [../src/deptran/config.cc:655] 2022-05-19 17:32:51.860 | group size: 1
I [../src/deptran/config.cc:681] 2022-05-19 17:32:51.860 | client forwarding: 0
I [../src/deptran/config.cc:320] 2022-05-19 17:32:51.860 | # of concurrent requests: 220
I [../src/deptran/s_main.cc:290] 2022-05-19 17:32:51.860 | Read config finish
I [../src/deptran/s_main.cc:30] 2022-05-19 17:32:51.860 | client_setup_heartbeat
I [../src/deptran/s_main.cc:46] 2022-05-19 17:32:51.860 | Start control server on port 5555
I [../src/rrr/rpc/server.cpp:575] 2022-05-19 17:32:51.860 | bind address is: 0.0.0.0:5555
I [../src/rrr/reactor/reactor.cc:389] 2022-05-19 17:32:51.860 | starting poll thread
I [../src/rrr/rpc/server.cpp:570] 2022-05-19 17:32:51.860 | rrr::Server: started on 0.0.0.0:5555
I [../src/deptran/s_main.cc:314] 2022-05-19 17:32:51.860 | no servers on this process
I [../src/deptran/s_main.cc:54] 2022-05-19 17:32:51.860 | client enabled, number of sites: 1
I [../src/rrr/reactor/reactor.cc:389] 2022-05-19 17:32:51.860 | starting poll thread
I [../src/deptran/communicator.cc:25] 2022-05-19 17:32:51.860 | size of partitions: 1
I [../src/deptran/communicator.cc:191] 2022-05-19 17:32:53.864 | connect to site: 10.0.0.13:10000 success!
I [../src/deptran/communicator.cc:191] 2022-05-19 17:32:53.865 | connect to site: 10.0.0.14:10001 success!
I [../src/deptran/communicator.cc:191] 2022-05-19 17:32:53.866 | connect to site: 10.0.0.15:10002 success!
I [../src/deptran/communicator.cc:191] 2022-05-19 17:32:53.867 | connect to site: 10.0.0.55:10003 success!
I [../src/deptran/communicator.cc:191] 2022-05-19 17:32:53.868 | connect to site: 10.0.0.58:10004 success!
I [../src/deptran/communicator.cc:74] 2022-05-19 17:32:53.869 | Done waiting to connect to client leaders.
I [../src/deptran/client_worker.cc:330] 2022-05-19 17:32:55.684 | wait for finish... n_ceased_cleints: 0,  n_issued: 0, n_done: 0, n_created_coordinator: 0
I [../src/deptran/client_worker.cc:314] 2022-05-19 17:32:55.686 | wait for all virtual clients to stop issuing new requests.
I [../src/deptran/client_worker.cc:330] 2022-05-19 17:33:00.684 | wait for finish... n_ceased_cleints: 0,  n_issued: 64325, n_done: 64105, n_created_coordinator: 220
I [../src/deptran/client_worker.cc:330] 2022-05-19 17:33:05.684 | wait for finish... n_ceased_cleints: 0,  n_issued: 132772, n_done: 132552, n_created_coordinator: 220
I [../src/deptran/client_worker.cc:330] 2022-05-19 17:33:10.684 | wait for finish... n_ceased_cleints: 0,  n_issued: 199522, n_done: 199302, n_created_coordinator: 220
I [../src/deptran/client_worker.cc:330] 2022-05-19 17:33:15.684 | wait for finish... n_ceased_cleints: 0,  n_issued: 263061, n_done: 262841, n_created_coordinator: 220
I [../src/deptran/client_worker.cc:330] 2022-05-19 17:33:20.685 | wait for finish... n_ceased_cleints: 0,  n_issued: 328745, n_done: 328525, n_created_coordinator: 220
I [../src/deptran/client_worker.cc:330] 2022-05-19 17:33:25.685 | wait for finish... n_ceased_cleints: 0,  n_issued: 393370, n_done: 393150, n_created_coordinator: 220
I [../src/deptran/client_worker.cc:330] 2022-05-19 17:33:30.685 | wait for finish... n_ceased_cleints: 0,  n_issued: 458460, n_done: 458240, n_created_coordinator: 220
I [../src/deptran/client_worker.cc:330] 2022-05-19 17:33:35.685 | wait for finish... n_ceased_cleints: 0,  n_issued: 524061, n_done: 523841, n_created_coordinator: 220
I [../src/deptran/client_worker.cc:330] 2022-05-19 17:33:40.685 | wait for finish... n_ceased_cleints: 0,  n_issued: 590566, n_done: 590346, n_created_coordinator: 220
I [../src/deptran/client_worker.cc:330] 2022-05-19 17:33:45.685 | wait for finish... n_ceased_cleints: 0,  n_issued: 652183, n_done: 651963, n_created_coordinator: 220
I [../src/deptran/client_worker.cc:330] 2022-05-19 17:33:50.685 | wait for finish... n_ceased_cleints: 0,  n_issued: 716827, n_done: 716607, n_created_coordinator: 220
I [../src/deptran/client_worker.cc:330] 2022-05-19 17:33:55.685 | wait for finish... n_ceased_cleints: 0,  n_issued: 781890, n_done: 781670, n_created_coordinator: 220
I [../src/deptran/client_worker.cc:330] 2022-05-19 17:34:00.685 | wait for finish... n_ceased_cleints: 0,  n_issued: 847599, n_done: 847379, n_created_coordinator: 220
I [../src/deptran/client_worker.cc:330] 2022-05-19 17:34:05.685 | wait for finish... n_ceased_cleints: 0,  n_issued: 911947, n_done: 911727, n_created_coordinator: 220
I [../src/deptran/client_worker.cc:330] 2022-05-19 17:34:10.686 | wait for finish... n_ceased_cleints: 0,  n_issued: 977732, n_done: 977512, n_created_coordinator: 220
I [../src/deptran/client_worker.cc:330] 2022-05-19 17:34:15.686 | wait for finish... n_ceased_cleints: 0,  n_issued: 1043015, n_done: 1042795, n_created_coordinator: 220
I [../src/deptran/client_worker.cc:330] 2022-05-19 17:34:20.686 | wait for finish... n_ceased_cleints: 0,  n_issued: 1101411, n_done: 1101191, n_created_coordinator: 220
I [../src/deptran/client_worker.cc:330] 2022-05-19 17:34:25.686 | wait for finish... n_ceased_cleints: 0,  n_issued: 1166333, n_done: 1166113, n_created_coordinator: 220
I [../src/deptran/client_worker.cc:330] 2022-05-19 17:34:30.686 | wait for finish... n_ceased_cleints: 0,  n_issued: 1232434, n_done: 1232214, n_created_coordinator: 220
I [../src/deptran/client_worker.cc:330] 2022-05-19 17:34:35.686 | wait for finish... n_ceased_cleints: 0,  n_issued: 1298483, n_done: 1298263, n_created_coordinator: 220
I [../src/deptran/client_worker.cc:330] 2022-05-19 17:34:40.686 | wait for finish... n_ceased_cleints: 0,  n_issued: 1363380, n_done: 1363160, n_created_coordinator: 220
I [../src/deptran/client_worker.cc:330] 2022-05-19 17:34:45.686 | wait for finish... n_ceased_cleints: 0,  n_issued: 1428903, n_done: 1428683, n_created_coordinator: 220
I [../src/deptran/client_worker.cc:330] 2022-05-19 17:34:50.686 | wait for finish... n_ceased_cleints: 0,  n_issued: 1494814, n_done: 1494594, n_created_coordinator: 220
I [../src/deptran/client_worker.cc:330] 2022-05-19 17:34:55.687 | wait for finish... n_ceased_cleints: 0,  n_issued: 1560235, n_done: 1560015, n_created_coordinator: 220
I [../src/deptran/client_worker.cc:330] 2022-05-19 17:35:00.687 | wait for finish... n_ceased_cleints: 0,  n_issued: 1626017, n_done: 1625797, n_created_coordinator: 220
I [../src/deptran/client_worker.cc:330] 2022-05-19 17:35:05.687 | wait for finish... n_ceased_cleints: 0,  n_issued: 1690669, n_done: 1690449, n_created_coordinator: 220
I [../src/deptran/client_worker.cc:330] 2022-05-19 17:35:10.687 | wait for finish... n_ceased_cleints: 0,  n_issued: 1754032, n_done: 1753812, n_created_coordinator: 220
I [../src/deptran/client_worker.cc:330] 2022-05-19 17:35:15.687 | wait for finish... n_ceased_cleints: 0,  n_issued: 1818919, n_done: 1818699, n_created_coordinator: 220
I [../src/deptran/client_worker.cc:330] 2022-05-19 17:35:20.687 | wait for finish... n_ceased_cleints: 0,  n_issued: 1882266, n_done: 1882046, n_created_coordinator: 220
I [../src/deptran/client_worker.cc:330] 2022-05-19 17:35:25.687 | wait for finish... n_ceased_cleints: 0,  n_issued: 1946710, n_done: 1946490, n_created_coordinator: 220
I [../src/deptran/client_worker.cc:330] 2022-05-19 17:35:30.687 | wait for finish... n_ceased_cleints: 0,  n_issued: 2010407, n_done: 2010187, n_created_coordinator: 220
I [../src/deptran/client_worker.cc:330] 2022-05-19 17:35:35.687 | wait for finish... n_ceased_cleints: 0,  n_issued: 2060921, n_done: 2060701, n_created_coordinator: 220
I [../src/deptran/client_worker.cc:330] 2022-05-19 17:35:40.687 | wait for finish... n_ceased_cleints: 0,  n_issued: 2126411, n_done: 2126191, n_created_coordinator: 220
I [../src/deptran/client_worker.cc:330] 2022-05-19 17:35:45.688 | wait for finish... n_ceased_cleints: 0,  n_issued: 2192923, n_done: 2192703, n_created_coordinator: 220
I [../src/deptran/client_worker.cc:330] 2022-05-19 17:35:50.688 | wait for finish... n_ceased_cleints: 0,  n_issued: 2258007, n_done: 2257787, n_created_coordinator: 220
I [../src/deptran/s_main.cc:140] 2022-05-19 17:35:53.869 | wait_for_clients: wait for client threads to exit.
I [../src/deptran/client_worker.cc:330] 2022-05-19 17:35:55.688 | wait for finish... n_ceased_cleints: 0,  n_issued: 2320653, n_done: 2320433, n_created_coordinator: 220
I [../src/deptran/client_worker.cc:317] 2022-05-19 17:35:56.685 | wait for all outstanding requests to finish.
I [../src/deptran/client_worker.cc:343] 2022-05-19 17:36:00.688 | Finish:
Total: 2328798, Commit: 2328798, Attempts: 0, Running for 180, Throughput: 12937.77

I [../src/deptran/client_worker.cc:348] 2022-05-19 17:36:00.688 | Work: wait_for_shutdown at client 5
