I [../src/deptran/s_main.cc:136] 2022-05-27 13:56:01.416 | PWD : 
I [../src/deptran/s_main.cc:284] 2022-05-27 13:56:01.416 | starting process 22961
I [../src/deptran/s_main.cc:279] 2022-05-27 13:56:01.416 | ulimit -n is 1024
I [../src/deptran/config.cc:285] 2022-05-27 13:56:01.416 | LoadYML: /home/xuhao/code/depfast/tmp/janus-final-testnameds0lon3q.yml
I [../src/deptran/config.cc:403] 2022-05-27 13:56:01.417 | BuildSiteProcMap
I [../src/deptran/config.cc:655] 2022-05-27 13:56:01.417 | group size: 1
I [../src/deptran/config.cc:655] 2022-05-27 13:56:01.417 | group size: 1
I [../src/deptran/config.cc:655] 2022-05-27 13:56:01.417 | group size: 1
I [../src/deptran/config.cc:681] 2022-05-27 13:56:01.417 | client forwarding: 0
I [../src/deptran/config.cc:320] 2022-05-27 13:56:01.417 | # of concurrent requests: 130
I [../src/deptran/s_main.cc:290] 2022-05-27 13:56:01.417 | Read config finish
I [../src/deptran/s_main.cc:30] 2022-05-27 13:56:01.417 | client_setup_heartbeat
I [../src/deptran/s_main.cc:46] 2022-05-27 13:56:01.418 | Start control server on port 5555
I [../src/rrr/rpc/server.cpp:575] 2022-05-27 13:56:01.418 | bind address is: 0.0.0.0:5555
I [../src/rrr/rpc/server.cpp:570] 2022-05-27 13:56:01.418 | rrr::Server: started on 0.0.0.0:5555
I [../src/deptran/s_main.cc:314] 2022-05-27 13:56:01.418 | no servers on this process
I [../src/deptran/s_main.cc:54] 2022-05-27 13:56:01.418 | client enabled, number of sites: 1
I [../src/deptran/communicator.cc:25] 2022-05-27 13:56:01.419 | size of partitions: 1
I [../src/rrr/reactor/reactor.cc:389] 2022-05-27 13:56:01.419 | starting poll thread
I [../src/rrr/reactor/reactor.cc:389] 2022-05-27 13:56:01.420 | starting poll thread
I [../src/deptran/communicator.cc:191] 2022-05-27 13:56:02.424 | connect to site: 10.0.0.13:10000 success!
I [../src/deptran/communicator.cc:191] 2022-05-27 13:56:02.425 | connect to site: 10.0.0.14:10001 success!
I [../src/deptran/communicator.cc:191] 2022-05-27 13:56:02.427 | connect to site: 10.0.0.15:10002 success!
I [../src/deptran/communicator.cc:74] 2022-05-27 13:56:02.428 | Done waiting to connect to client leaders.
I [../src/deptran/client_worker.cc:330] 2022-05-27 13:56:03.992 | wait for finish... n_ceased_cleints: 0,  n_issued: 0, n_done: 0, n_created_coordinator: 0
I [../src/deptran/client_worker.cc:314] 2022-05-27 13:56:03.998 | wait for all virtual clients to stop issuing new requests.
I [../src/deptran/client_worker.cc:330] 2022-05-27 13:56:08.992 | wait for finish... n_ceased_cleints: 0,  n_issued: 33736, n_done: 33606, n_created_coordinator: 130
I [../src/deptran/client_worker.cc:330] 2022-05-27 13:56:13.992 | wait for finish... n_ceased_cleints: 0,  n_issued: 72499, n_done: 72369, n_created_coordinator: 130
I [../src/deptran/client_worker.cc:330] 2022-05-27 13:56:18.992 | wait for finish... n_ceased_cleints: 0,  n_issued: 111503, n_done: 111373, n_created_coordinator: 130
I [../src/deptran/client_worker.cc:330] 2022-05-27 13:56:23.993 | wait for finish... n_ceased_cleints: 0,  n_issued: 150485, n_done: 150355, n_created_coordinator: 130
I [../src/deptran/client_worker.cc:330] 2022-05-27 13:56:28.993 | wait for finish... n_ceased_cleints: 0,  n_issued: 190136, n_done: 190006, n_created_coordinator: 130
I [../src/deptran/client_worker.cc:330] 2022-05-27 13:56:33.993 | wait for finish... n_ceased_cleints: 0,  n_issued: 229207, n_done: 229077, n_created_coordinator: 130
I [../src/deptran/client_worker.cc:330] 2022-05-27 13:56:38.993 | wait for finish... n_ceased_cleints: 0,  n_issued: 268944, n_done: 268814, n_created_coordinator: 130
I [../src/deptran/client_worker.cc:330] 2022-05-27 13:56:43.993 | wait for finish... n_ceased_cleints: 0,  n_issued: 309678, n_done: 309548, n_created_coordinator: 130
I [../src/deptran/client_worker.cc:330] 2022-05-27 13:56:48.993 | wait for finish... n_ceased_cleints: 0,  n_issued: 349276, n_done: 349146, n_created_coordinator: 130
I [../src/deptran/client_worker.cc:330] 2022-05-27 13:56:53.993 | wait for finish... n_ceased_cleints: 0,  n_issued: 389245, n_done: 389115, n_created_coordinator: 130
I [../src/deptran/client_worker.cc:330] 2022-05-27 13:56:58.994 | wait for finish... n_ceased_cleints: 0,  n_issued: 427464, n_done: 427334, n_created_coordinator: 130
I [../src/deptran/s_main.cc:140] 2022-05-27 13:57:02.427 | wait_for_clients: wait for client threads to exit.
I [../src/deptran/client_worker.cc:330] 2022-05-27 13:57:03.994 | wait for finish... n_ceased_cleints: 0,  n_issued: 466451, n_done: 466321, n_created_coordinator: 130
I [../src/deptran/client_worker.cc:317] 2022-05-27 13:57:04.996 | wait for all outstanding requests to finish.
I [../src/deptran/client_worker.cc:343] 2022-05-27 13:57:08.994 | Finish:
Total: 470721, Commit: 470721, Attempts: 0, Running for 60, Throughput: 7845.35

I [../src/deptran/client_worker.cc:348] 2022-05-27 13:57:08.994 | Work: wait_for_shutdown at client 3
