I [../src/deptran/s_main.cc:136] 2022-05-19 22:40:56.216 | PWD : 
I [../src/deptran/s_main.cc:284] 2022-05-19 22:40:56.216 | starting process 5288
I [../src/deptran/s_main.cc:279] 2022-05-19 22:40:56.216 | ulimit -n is 1024
I [../src/deptran/config.cc:285] 2022-05-19 22:40:56.216 | LoadYML: /home/xuhao/code/depfast/tmp/janus-final-testnamezg5m_wkb.yml
I [../src/deptran/config.cc:403] 2022-05-19 22:40:56.216 | BuildSiteProcMap
I [../src/deptran/config.cc:655] 2022-05-19 22:40:56.217 | group size: 1
I [../src/deptran/config.cc:681] 2022-05-19 22:40:56.217 | client forwarding: 0
I [../src/deptran/config.cc:320] 2022-05-19 22:40:56.217 | # of concurrent requests: 2
I [../src/deptran/s_main.cc:290] 2022-05-19 22:40:56.217 | Read config finish
I [../src/deptran/s_main.cc:30] 2022-05-19 22:40:56.217 | client_setup_heartbeat
I [../src/deptran/s_main.cc:46] 2022-05-19 22:40:56.217 | Start control server on port 5555
I [../src/rrr/rpc/server.cpp:575] 2022-05-19 22:40:56.217 | bind address is: 0.0.0.0:5555
I [../src/rrr/reactor/reactor.cc:389] 2022-05-19 22:40:56.217 | starting poll thread
I [../src/rrr/rpc/server.cpp:570] 2022-05-19 22:40:56.217 | rrr::Server: started on 0.0.0.0:5555
I [../src/deptran/s_main.cc:314] 2022-05-19 22:40:56.217 | no servers on this process
I [../src/deptran/s_main.cc:54] 2022-05-19 22:40:56.217 | client enabled, number of sites: 1
I [../src/rrr/reactor/reactor.cc:389] 2022-05-19 22:40:56.217 | starting poll thread
I [../src/deptran/communicator.cc:25] 2022-05-19 22:40:56.217 | size of partitions: 1
I [../src/deptran/communicator.cc:191] 2022-05-19 22:40:58.220 | connect to site: 10.0.0.13:10000 success!
I [../src/deptran/communicator.cc:191] 2022-05-19 22:40:58.222 | connect to site: 10.0.0.14:10001 success!
I [../src/deptran/communicator.cc:191] 2022-05-19 22:40:58.222 | connect to site: 10.0.0.15:10002 success!
I [../src/deptran/communicator.cc:74] 2022-05-19 22:40:58.222 | Done waiting to connect to client leaders.
I [../src/deptran/client_worker.cc:330] 2022-05-19 22:40:59.810 | wait for finish... n_ceased_cleints: 0,  n_issued: 0, n_done: 0, n_created_coordinator: 0
I [../src/deptran/client_worker.cc:314] 2022-05-19 22:40:59.811 | wait for all virtual clients to stop issuing new requests.
I [../src/deptran/client_worker.cc:330] 2022-05-19 22:41:04.810 | wait for finish... n_ceased_cleints: 0,  n_issued: 24725, n_done: 24723, n_created_coordinator: 2
I [../src/deptran/client_worker.cc:330] 2022-05-19 22:41:09.810 | wait for finish... n_ceased_cleints: 0,  n_issued: 52133, n_done: 52131, n_created_coordinator: 2
I [../src/deptran/client_worker.cc:330] 2022-05-19 22:41:14.810 | wait for finish... n_ceased_cleints: 0,  n_issued: 77355, n_done: 77353, n_created_coordinator: 2
I [../src/deptran/client_worker.cc:330] 2022-05-19 22:41:19.811 | wait for finish... n_ceased_cleints: 0,  n_issued: 103200, n_done: 103198, n_created_coordinator: 2
I [../src/deptran/client_worker.cc:330] 2022-05-19 22:41:24.811 | wait for finish... n_ceased_cleints: 0,  n_issued: 128423, n_done: 128421, n_created_coordinator: 2
I [../src/deptran/client_worker.cc:330] 2022-05-19 22:41:29.811 | wait for finish... n_ceased_cleints: 0,  n_issued: 154063, n_done: 154061, n_created_coordinator: 2
I [../src/deptran/client_worker.cc:330] 2022-05-19 22:41:34.811 | wait for finish... n_ceased_cleints: 0,  n_issued: 179976, n_done: 179974, n_created_coordinator: 2
I [../src/deptran/client_worker.cc:330] 2022-05-19 22:41:39.811 | wait for finish... n_ceased_cleints: 0,  n_issued: 206273, n_done: 206271, n_created_coordinator: 2
I [../src/deptran/client_worker.cc:330] 2022-05-19 22:41:44.811 | wait for finish... n_ceased_cleints: 0,  n_issued: 232266, n_done: 232264, n_created_coordinator: 2
I [../src/deptran/client_worker.cc:330] 2022-05-19 22:41:49.811 | wait for finish... n_ceased_cleints: 0,  n_issued: 257504, n_done: 257502, n_created_coordinator: 2
I [../src/deptran/client_worker.cc:330] 2022-05-19 22:41:54.811 | wait for finish... n_ceased_cleints: 0,  n_issued: 283080, n_done: 283078, n_created_coordinator: 2
I [../src/deptran/s_main.cc:140] 2022-05-19 22:41:58.222 | wait_for_clients: wait for client threads to exit.
I [../src/deptran/client_worker.cc:330] 2022-05-19 22:41:59.811 | wait for finish... n_ceased_cleints: 0,  n_issued: 308324, n_done: 308322, n_created_coordinator: 2
I [../src/deptran/client_worker.cc:317] 2022-05-19 22:42:00.159 | wait for all outstanding requests to finish.
I [../src/deptran/client_worker.cc:343] 2022-05-19 22:42:04.811 | Finish:
Total: 309816, Commit: 309816, Attempts: 0, Running for 60, Throughput: 5163.60

I [../src/deptran/client_worker.cc:348] 2022-05-19 22:42:04.812 | Work: wait_for_shutdown at client 3
