I [../src/deptran/s_main.cc:136] 2022-05-19 18:43:36.940 | PWD : 
I [../src/deptran/s_main.cc:284] 2022-05-19 18:43:36.940 | starting process 31457
I [../src/deptran/s_main.cc:279] 2022-05-19 18:43:36.940 | ulimit -n is 1024
I [../src/deptran/config.cc:285] 2022-05-19 18:43:36.940 | LoadYML: /home/xuhao/code/depfast/tmp/janus-final-testname5woqvst0.yml
I [../src/deptran/config.cc:403] 2022-05-19 18:43:36.940 | BuildSiteProcMap
I [../src/deptran/config.cc:655] 2022-05-19 18:43:36.940 | group size: 1
I [../src/deptran/config.cc:681] 2022-05-19 18:43:36.940 | client forwarding: 0
I [../src/deptran/config.cc:320] 2022-05-19 18:43:36.940 | # of concurrent requests: 20
I [../src/deptran/s_main.cc:290] 2022-05-19 18:43:36.940 | Read config finish
I [../src/deptran/s_main.cc:30] 2022-05-19 18:43:36.940 | client_setup_heartbeat
I [../src/deptran/s_main.cc:46] 2022-05-19 18:43:36.941 | Start control server on port 5555
I [../src/rrr/rpc/server.cpp:575] 2022-05-19 18:43:36.941 | bind address is: 0.0.0.0:5555
I [../src/rrr/reactor/reactor.cc:389] 2022-05-19 18:43:36.941 | starting poll thread
I [../src/rrr/rpc/server.cpp:570] 2022-05-19 18:43:36.941 | rrr::Server: started on 0.0.0.0:5555
I [../src/deptran/s_main.cc:314] 2022-05-19 18:43:36.941 | no servers on this process
I [../src/deptran/s_main.cc:54] 2022-05-19 18:43:36.941 | client enabled, number of sites: 1
I [../src/rrr/reactor/reactor.cc:389] 2022-05-19 18:43:36.941 | starting poll thread
I [../src/deptran/communicator.cc:25] 2022-05-19 18:43:36.941 | size of partitions: 1
I [../src/deptran/communicator.cc:191] 2022-05-19 18:43:38.944 | connect to site: 10.0.0.13:10000 success!
I [../src/deptran/communicator.cc:191] 2022-05-19 18:43:38.946 | connect to site: 10.0.0.14:10001 success!
I [../src/deptran/communicator.cc:191] 2022-05-19 18:43:38.949 | connect to site: 10.0.0.15:10002 success!
I [../src/deptran/communicator.cc:191] 2022-05-19 18:43:38.950 | connect to site: 10.0.0.55:10003 success!
I [../src/deptran/communicator.cc:191] 2022-05-19 18:43:38.951 | connect to site: 10.0.0.58:10004 success!
I [../src/deptran/communicator.cc:74] 2022-05-19 18:43:38.951 | Done waiting to connect to client leaders.
I [../src/deptran/client_worker.cc:330] 2022-05-19 18:43:40.756 | wait for finish... n_ceased_cleints: 0,  n_issued: 0, n_done: 0, n_created_coordinator: 0
I [../src/deptran/client_worker.cc:314] 2022-05-19 18:43:40.756 | wait for all virtual clients to stop issuing new requests.
I [../src/deptran/client_worker.cc:330] 2022-05-19 18:43:45.756 | wait for finish... n_ceased_cleints: 0,  n_issued: 12799, n_done: 12779, n_created_coordinator: 20
I [../src/deptran/client_worker.cc:330] 2022-05-19 18:43:50.756 | wait for finish... n_ceased_cleints: 0,  n_issued: 26683, n_done: 26663, n_created_coordinator: 20
I [../src/deptran/client_worker.cc:330] 2022-05-19 18:43:55.756 | wait for finish... n_ceased_cleints: 0,  n_issued: 40931, n_done: 40911, n_created_coordinator: 20
I [../src/deptran/client_worker.cc:330] 2022-05-19 18:44:00.756 | wait for finish... n_ceased_cleints: 0,  n_issued: 55157, n_done: 55137, n_created_coordinator: 20
I [../src/deptran/client_worker.cc:330] 2022-05-19 18:44:05.756 | wait for finish... n_ceased_cleints: 0,  n_issued: 69342, n_done: 69322, n_created_coordinator: 20
I [../src/deptran/client_worker.cc:330] 2022-05-19 18:44:10.756 | wait for finish... n_ceased_cleints: 0,  n_issued: 83445, n_done: 83425, n_created_coordinator: 20
I [../src/deptran/client_worker.cc:330] 2022-05-19 18:44:15.756 | wait for finish... n_ceased_cleints: 0,  n_issued: 97171, n_done: 97151, n_created_coordinator: 20
I [../src/deptran/client_worker.cc:330] 2022-05-19 18:44:20.756 | wait for finish... n_ceased_cleints: 0,  n_issued: 110547, n_done: 110527, n_created_coordinator: 20
I [../src/deptran/client_worker.cc:330] 2022-05-19 18:44:25.757 | wait for finish... n_ceased_cleints: 0,  n_issued: 125025, n_done: 125005, n_created_coordinator: 20
I [../src/deptran/client_worker.cc:330] 2022-05-19 18:44:30.757 | wait for finish... n_ceased_cleints: 0,  n_issued: 139452, n_done: 139432, n_created_coordinator: 20
I [../src/deptran/client_worker.cc:330] 2022-05-19 18:44:35.757 | wait for finish... n_ceased_cleints: 0,  n_issued: 153870, n_done: 153850, n_created_coordinator: 20
I [../src/deptran/s_main.cc:140] 2022-05-19 18:44:38.951 | wait_for_clients: wait for client threads to exit.
I [../src/deptran/client_worker.cc:330] 2022-05-19 18:44:40.757 | wait for finish... n_ceased_cleints: 0,  n_issued: 167667, n_done: 167647, n_created_coordinator: 20
I [../src/deptran/client_worker.cc:317] 2022-05-19 18:44:41.706 | wait for all outstanding requests to finish.
I [../src/deptran/client_worker.cc:343] 2022-05-19 18:44:45.757 | Finish:
Total: 169128, Commit: 169128, Attempts: 0, Running for 60, Throughput: 2818.80

I [../src/deptran/client_worker.cc:348] 2022-05-19 18:44:45.757 | Work: wait_for_shutdown at client 5
