I [../src/deptran/s_main.cc:136] 2022-05-27 14:14:52.298 | PWD : 
I [../src/deptran/s_main.cc:284] 2022-05-27 14:14:52.298 | starting process 27568
I [../src/deptran/s_main.cc:279] 2022-05-27 14:14:52.298 | ulimit -n is 1024
I [../src/deptran/config.cc:285] 2022-05-27 14:14:52.298 | LoadYML: /home/xuhao/code/depfast/tmp/janus-final-testnamebo9pv9j9.yml
I [../src/deptran/config.cc:403] 2022-05-27 14:14:52.299 | BuildSiteProcMap
I [../src/deptran/config.cc:655] 2022-05-27 14:14:52.299 | group size: 1
I [../src/deptran/config.cc:655] 2022-05-27 14:14:52.299 | group size: 1
I [../src/deptran/config.cc:655] 2022-05-27 14:14:52.299 | group size: 1
I [../src/deptran/config.cc:681] 2022-05-27 14:14:52.299 | client forwarding: 0
I [../src/deptran/config.cc:320] 2022-05-27 14:14:52.299 | # of concurrent requests: 20
I [../src/deptran/s_main.cc:290] 2022-05-27 14:14:52.299 | Read config finish
I [../src/deptran/s_main.cc:30] 2022-05-27 14:14:52.299 | client_setup_heartbeat
I [../src/deptran/s_main.cc:46] 2022-05-27 14:14:52.300 | Start control server on port 5555
I [../src/rrr/rpc/server.cpp:575] 2022-05-27 14:14:52.300 | bind address is: 0.0.0.0:5555
I [../src/rrr/rpc/server.cpp:570] 2022-05-27 14:14:52.300 | rrr::Server: started on 0.0.0.0:5555
I [../src/deptran/s_main.cc:314] 2022-05-27 14:14:52.300 | no servers on this process
I [../src/deptran/s_main.cc:54] 2022-05-27 14:14:52.300 | client enabled, number of sites: 1
I [../src/rrr/reactor/reactor.cc:389] 2022-05-27 14:14:52.301 | starting poll thread
I [../src/deptran/communicator.cc:25] 2022-05-27 14:14:52.301 | size of partitions: 1
I [../src/rrr/reactor/reactor.cc:389] 2022-05-27 14:14:52.302 | starting poll thread
I [../src/deptran/communicator.cc:191] 2022-05-27 14:14:53.303 | connect to site: 10.0.0.13:10000 success!
I [../src/deptran/communicator.cc:191] 2022-05-27 14:14:53.304 | connect to site: 10.0.0.14:10001 success!
I [../src/deptran/communicator.cc:191] 2022-05-27 14:14:53.305 | connect to site: 10.0.0.15:10002 success!
I [../src/deptran/communicator.cc:191] 2022-05-27 14:14:53.307 | connect to site: 10.0.0.55:10003 success!
I [../src/deptran/communicator.cc:191] 2022-05-27 14:14:53.308 | connect to site: 10.0.0.58:10004 success!
I [../src/deptran/communicator.cc:74] 2022-05-27 14:14:53.309 | Done waiting to connect to client leaders.
I [../src/deptran/client_worker.cc:330] 2022-05-27 14:14:55.117 | wait for finish... n_ceased_cleints: 0,  n_issued: 0, n_done: 0, n_created_coordinator: 0
I [../src/deptran/client_worker.cc:314] 2022-05-27 14:14:55.118 | wait for all virtual clients to stop issuing new requests.
I [../src/deptran/client_worker.cc:330] 2022-05-27 14:15:00.117 | wait for finish... n_ceased_cleints: 0,  n_issued: 7597, n_done: 7577, n_created_coordinator: 20
I [../src/deptran/client_worker.cc:330] 2022-05-27 14:15:05.117 | wait for finish... n_ceased_cleints: 0,  n_issued: 16030, n_done: 16010, n_created_coordinator: 20
I [../src/deptran/client_worker.cc:330] 2022-05-27 14:15:10.118 | wait for finish... n_ceased_cleints: 0,  n_issued: 24440, n_done: 24420, n_created_coordinator: 20
I [../src/deptran/client_worker.cc:330] 2022-05-27 14:15:15.118 | wait for finish... n_ceased_cleints: 0,  n_issued: 33112, n_done: 33092, n_created_coordinator: 20
I [../src/deptran/client_worker.cc:330] 2022-05-27 14:15:20.118 | wait for finish... n_ceased_cleints: 0,  n_issued: 41732, n_done: 41712, n_created_coordinator: 20
I [../src/deptran/client_worker.cc:330] 2022-05-27 14:15:25.118 | wait for finish... n_ceased_cleints: 0,  n_issued: 50259, n_done: 50239, n_created_coordinator: 20
I [../src/deptran/client_worker.cc:330] 2022-05-27 14:15:30.118 | wait for finish... n_ceased_cleints: 0,  n_issued: 58650, n_done: 58630, n_created_coordinator: 20
I [../src/deptran/client_worker.cc:330] 2022-05-27 14:15:35.118 | wait for finish... n_ceased_cleints: 0,  n_issued: 67120, n_done: 67100, n_created_coordinator: 20
I [../src/deptran/client_worker.cc:330] 2022-05-27 14:15:40.118 | wait for finish... n_ceased_cleints: 0,  n_issued: 75405, n_done: 75385, n_created_coordinator: 20
I [../src/deptran/client_worker.cc:330] 2022-05-27 14:15:45.118 | wait for finish... n_ceased_cleints: 0,  n_issued: 83886, n_done: 83866, n_created_coordinator: 20
I [../src/deptran/client_worker.cc:330] 2022-05-27 14:15:50.119 | wait for finish... n_ceased_cleints: 0,  n_issued: 92385, n_done: 92365, n_created_coordinator: 20
I [../src/deptran/s_main.cc:140] 2022-05-27 14:15:53.308 | wait_for_clients: wait for client threads to exit.
I [../src/deptran/client_worker.cc:330] 2022-05-27 14:15:55.119 | wait for finish... n_ceased_cleints: 0,  n_issued: 100776, n_done: 100756, n_created_coordinator: 20
I [../src/deptran/client_worker.cc:317] 2022-05-27 14:15:56.114 | wait for all outstanding requests to finish.
I [../src/deptran/client_worker.cc:343] 2022-05-27 14:16:00.119 | Finish:
Total: 101806, Commit: 101806, Attempts: 0, Running for 60, Throughput: 1696.77

I [../src/deptran/client_worker.cc:348] 2022-05-27 14:16:00.119 | Work: wait_for_shutdown at client 5
