I [../src/deptran/s_main.cc:136] 2022-05-27 16:31:29.572 | PWD : 
I [../src/deptran/s_main.cc:284] 2022-05-27 16:31:29.572 | starting process 19541
I [../src/deptran/s_main.cc:279] 2022-05-27 16:31:29.572 | ulimit -n is 1024
I [../src/deptran/config.cc:285] 2022-05-27 16:31:29.572 | LoadYML: /home/xuhao/code/depfast/tmp/janus-final-testname6nmr01l0.yml
I [../src/deptran/config.cc:403] 2022-05-27 16:31:29.573 | BuildSiteProcMap
I [../src/deptran/config.cc:655] 2022-05-27 16:31:29.573 | group size: 1
I [../src/deptran/config.cc:655] 2022-05-27 16:31:29.573 | group size: 1
I [../src/deptran/config.cc:655] 2022-05-27 16:31:29.573 | group size: 1
I [../src/deptran/config.cc:681] 2022-05-27 16:31:29.573 | client forwarding: 0
I [../src/deptran/config.cc:320] 2022-05-27 16:31:29.573 | # of concurrent requests: 12
I [../src/deptran/s_main.cc:290] 2022-05-27 16:31:29.573 | Read config finish
I [../src/deptran/s_main.cc:30] 2022-05-27 16:31:29.573 | client_setup_heartbeat
I [../src/deptran/s_main.cc:46] 2022-05-27 16:31:29.574 | Start control server on port 5555
I [../src/rrr/rpc/server.cpp:575] 2022-05-27 16:31:29.574 | bind address is: 0.0.0.0:5555
I [../src/rrr/rpc/server.cpp:570] 2022-05-27 16:31:29.574 | rrr::Server: started on 0.0.0.0:5555
I [../src/deptran/s_main.cc:314] 2022-05-27 16:31:29.574 | no servers on this process
I [../src/deptran/s_main.cc:54] 2022-05-27 16:31:29.574 | client enabled, number of sites: 1
I [../src/deptran/communicator.cc:25] 2022-05-27 16:31:29.575 | size of partitions: 1
I [../src/rrr/reactor/reactor.cc:389] 2022-05-27 16:31:29.575 | starting poll thread
I [../src/rrr/reactor/reactor.cc:389] 2022-05-27 16:31:29.576 | starting poll thread
I [../src/deptran/communicator.cc:191] 2022-05-27 16:31:30.577 | connect to site: 10.0.0.13:10000 success!
I [../src/deptran/communicator.cc:191] 2022-05-27 16:31:30.578 | connect to site: 10.0.0.14:10001 success!
I [../src/deptran/communicator.cc:191] 2022-05-27 16:31:30.579 | connect to site: 10.0.0.15:10002 success!
I [../src/deptran/communicator.cc:74] 2022-05-27 16:31:30.581 | Done waiting to connect to client leaders.
I [../src/deptran/client_worker.cc:330] 2022-05-27 16:31:32.152 | wait for finish... n_ceased_cleints: 0,  n_issued: 0, n_done: 0, n_created_coordinator: 0
I [../src/deptran/client_worker.cc:314] 2022-05-27 16:31:32.153 | wait for all virtual clients to stop issuing new requests.
I [../src/deptran/client_worker.cc:330] 2022-05-27 16:31:37.152 | wait for finish... n_ceased_cleints: 0,  n_issued: 45719, n_done: 45707, n_created_coordinator: 12
I [../src/deptran/client_worker.cc:330] 2022-05-27 16:31:42.152 | wait for finish... n_ceased_cleints: 0,  n_issued: 92261, n_done: 92249, n_created_coordinator: 12
I [../src/deptran/client_worker.cc:330] 2022-05-27 16:31:47.153 | wait for finish... n_ceased_cleints: 0,  n_issued: 137237, n_done: 137225, n_created_coordinator: 12
I [../src/deptran/client_worker.cc:330] 2022-05-27 16:31:52.153 | wait for finish... n_ceased_cleints: 0,  n_issued: 182861, n_done: 182849, n_created_coordinator: 12
I [../src/deptran/client_worker.cc:330] 2022-05-27 16:31:57.153 | wait for finish... n_ceased_cleints: 0,  n_issued: 226600, n_done: 226588, n_created_coordinator: 12
I [../src/deptran/client_worker.cc:330] 2022-05-27 16:32:02.153 | wait for finish... n_ceased_cleints: 0,  n_issued: 269560, n_done: 269548, n_created_coordinator: 12
I [../src/deptran/client_worker.cc:330] 2022-05-27 16:32:07.153 | wait for finish... n_ceased_cleints: 0,  n_issued: 312809, n_done: 312797, n_created_coordinator: 12
I [../src/deptran/client_worker.cc:330] 2022-05-27 16:32:12.153 | wait for finish... n_ceased_cleints: 0,  n_issued: 356418, n_done: 356406, n_created_coordinator: 12
I [../src/deptran/client_worker.cc:330] 2022-05-27 16:32:17.153 | wait for finish... n_ceased_cleints: 0,  n_issued: 398817, n_done: 398805, n_created_coordinator: 12
I [../src/deptran/client_worker.cc:330] 2022-05-27 16:32:22.153 | wait for finish... n_ceased_cleints: 0,  n_issued: 440879, n_done: 440867, n_created_coordinator: 12
I [../src/deptran/client_worker.cc:330] 2022-05-27 16:32:27.154 | wait for finish... n_ceased_cleints: 0,  n_issued: 483225, n_done: 483213, n_created_coordinator: 12
I [../src/deptran/client_worker.cc:330] 2022-05-27 16:32:32.154 | wait for finish... n_ceased_cleints: 0,  n_issued: 526703, n_done: 526691, n_created_coordinator: 12
I [../src/deptran/client_worker.cc:330] 2022-05-27 16:32:37.154 | wait for finish... n_ceased_cleints: 0,  n_issued: 568895, n_done: 568883, n_created_coordinator: 12
I [../src/deptran/client_worker.cc:330] 2022-05-27 16:32:42.154 | wait for finish... n_ceased_cleints: 0,  n_issued: 610303, n_done: 610291, n_created_coordinator: 12
I [../src/deptran/client_worker.cc:330] 2022-05-27 16:32:47.154 | wait for finish... n_ceased_cleints: 0,  n_issued: 652258, n_done: 652246, n_created_coordinator: 12
I [../src/deptran/client_worker.cc:330] 2022-05-27 16:32:52.154 | wait for finish... n_ceased_cleints: 0,  n_issued: 692987, n_done: 692975, n_created_coordinator: 12
I [../src/deptran/client_worker.cc:330] 2022-05-27 16:32:57.154 | wait for finish... n_ceased_cleints: 0,  n_issued: 734003, n_done: 733991, n_created_coordinator: 12
I [../src/deptran/client_worker.cc:330] 2022-05-27 16:33:02.155 | wait for finish... n_ceased_cleints: 0,  n_issued: 774741, n_done: 774729, n_created_coordinator: 12
I [../src/deptran/client_worker.cc:330] 2022-05-27 16:33:07.155 | wait for finish... n_ceased_cleints: 0,  n_issued: 816634, n_done: 816622, n_created_coordinator: 12
I [../src/deptran/client_worker.cc:330] 2022-05-27 16:33:12.155 | wait for finish... n_ceased_cleints: 0,  n_issued: 859106, n_done: 859094, n_created_coordinator: 12
I [../src/deptran/client_worker.cc:330] 2022-05-27 16:33:17.155 | wait for finish... n_ceased_cleints: 0,  n_issued: 899905, n_done: 899893, n_created_coordinator: 12
I [../src/deptran/client_worker.cc:330] 2022-05-27 16:33:22.155 | wait for finish... n_ceased_cleints: 0,  n_issued: 939486, n_done: 939474, n_created_coordinator: 12
I [../src/deptran/client_worker.cc:330] 2022-05-27 16:33:27.155 | wait for finish... n_ceased_cleints: 0,  n_issued: 978772, n_done: 978760, n_created_coordinator: 12
I [../src/deptran/client_worker.cc:330] 2022-05-27 16:33:32.155 | wait for finish... n_ceased_cleints: 0,  n_issued: 1018139, n_done: 1018127, n_created_coordinator: 12
I [../src/deptran/client_worker.cc:330] 2022-05-27 16:33:37.155 | wait for finish... n_ceased_cleints: 0,  n_issued: 1058210, n_done: 1058198, n_created_coordinator: 12
I [../src/deptran/client_worker.cc:330] 2022-05-27 16:33:42.155 | wait for finish... n_ceased_cleints: 0,  n_issued: 1099963, n_done: 1099951, n_created_coordinator: 12
I [../src/deptran/client_worker.cc:330] 2022-05-27 16:33:47.156 | wait for finish... n_ceased_cleints: 0,  n_issued: 1141643, n_done: 1141631, n_created_coordinator: 12
I [../src/deptran/client_worker.cc:330] 2022-05-27 16:33:52.156 | wait for finish... n_ceased_cleints: 0,  n_issued: 1184299, n_done: 1184287, n_created_coordinator: 12
I [../src/deptran/client_worker.cc:330] 2022-05-27 16:33:57.156 | wait for finish... n_ceased_cleints: 0,  n_issued: 1226365, n_done: 1226353, n_created_coordinator: 12
I [../src/deptran/client_worker.cc:330] 2022-05-27 16:34:02.156 | wait for finish... n_ceased_cleints: 0,  n_issued: 1265982, n_done: 1265970, n_created_coordinator: 12
I [../src/deptran/client_worker.cc:330] 2022-05-27 16:34:07.156 | wait for finish... n_ceased_cleints: 0,  n_issued: 1305483, n_done: 1305471, n_created_coordinator: 12
I [../src/deptran/client_worker.cc:330] 2022-05-27 16:34:12.156 | wait for finish... n_ceased_cleints: 0,  n_issued: 1346220, n_done: 1346208, n_created_coordinator: 12
I [../src/deptran/client_worker.cc:330] 2022-05-27 16:34:17.157 | wait for finish... n_ceased_cleints: 0,  n_issued: 1386156, n_done: 1386144, n_created_coordinator: 12
I [../src/deptran/client_worker.cc:330] 2022-05-27 16:34:22.157 | wait for finish... n_ceased_cleints: 0,  n_issued: 1425479, n_done: 1425467, n_created_coordinator: 12
I [../src/deptran/client_worker.cc:330] 2022-05-27 16:34:27.157 | wait for finish... n_ceased_cleints: 0,  n_issued: 1465343, n_done: 1465331, n_created_coordinator: 12
I [../src/deptran/s_main.cc:140] 2022-05-27 16:34:30.580 | wait_for_clients: wait for client threads to exit.
I [../src/deptran/client_worker.cc:330] 2022-05-27 16:34:32.157 | wait for finish... n_ceased_cleints: 0,  n_issued: 1505898, n_done: 1505886, n_created_coordinator: 12
I [../src/deptran/client_worker.cc:317] 2022-05-27 16:34:33.116 | wait for all outstanding requests to finish.
I [../src/deptran/client_worker.cc:343] 2022-05-27 16:34:37.157 | Finish:
Total: 1511848, Commit: 1511848, Attempts: 0, Running for 180, Throughput: 8399.16

I [../src/deptran/client_worker.cc:348] 2022-05-27 16:34:37.157 | Work: wait_for_shutdown at client 3
