I [../src/deptran/s_main.cc:136] 2022-05-19 22:22:54.775 | PWD : 
I [../src/deptran/s_main.cc:284] 2022-05-19 22:22:54.775 | starting process 3174
I [../src/deptran/s_main.cc:279] 2022-05-19 22:22:54.775 | ulimit -n is 1024
I [../src/deptran/config.cc:285] 2022-05-19 22:22:54.775 | LoadYML: /home/xuhao/code/depfast/tmp/janus-final-testnamek5d874v6.yml
I [../src/deptran/config.cc:403] 2022-05-19 22:22:54.776 | BuildSiteProcMap
I [../src/deptran/config.cc:655] 2022-05-19 22:22:54.776 | group size: 1
I [../src/deptran/config.cc:681] 2022-05-19 22:22:54.776 | client forwarding: 0
I [../src/deptran/config.cc:320] 2022-05-19 22:22:54.776 | # of concurrent requests: 220
I [../src/deptran/s_main.cc:290] 2022-05-19 22:22:54.776 | Read config finish
I [../src/deptran/s_main.cc:30] 2022-05-19 22:22:54.776 | client_setup_heartbeat
I [../src/deptran/s_main.cc:46] 2022-05-19 22:22:54.776 | Start control server on port 5555
I [../src/rrr/reactor/reactor.cc:389] 2022-05-19 22:22:54.776 | starting poll thread
I [../src/rrr/rpc/server.cpp:575] 2022-05-19 22:22:54.776 | bind address is: 0.0.0.0:5555
I [../src/rrr/rpc/server.cpp:570] 2022-05-19 22:22:54.776 | rrr::Server: started on 0.0.0.0:5555
I [../src/deptran/s_main.cc:314] 2022-05-19 22:22:54.776 | no servers on this process
I [../src/deptran/s_main.cc:54] 2022-05-19 22:22:54.776 | client enabled, number of sites: 1
I [../src/rrr/reactor/reactor.cc:389] 2022-05-19 22:22:54.776 | starting poll thread
I [../src/deptran/communicator.cc:25] 2022-05-19 22:22:54.776 | size of partitions: 1
I [../src/deptran/communicator.cc:191] 2022-05-19 22:22:56.782 | connect to site: 10.0.0.13:10000 success!
I [../src/deptran/communicator.cc:191] 2022-05-19 22:22:56.783 | connect to site: 10.0.0.14:10001 success!
I [../src/deptran/communicator.cc:191] 2022-05-19 22:22:56.785 | connect to site: 10.0.0.15:10002 success!
I [../src/deptran/communicator.cc:191] 2022-05-19 22:22:56.785 | connect to site: 10.0.0.55:10003 success!
I [../src/deptran/communicator.cc:191] 2022-05-19 22:22:56.786 | connect to site: 10.0.0.58:10004 success!
I [../src/deptran/communicator.cc:74] 2022-05-19 22:22:56.786 | Done waiting to connect to client leaders.
I [../src/deptran/client_worker.cc:330] 2022-05-19 22:22:58.599 | wait for finish... n_ceased_cleints: 0,  n_issued: 0, n_done: 0, n_created_coordinator: 0
I [../src/deptran/client_worker.cc:314] 2022-05-19 22:22:58.601 | wait for all virtual clients to stop issuing new requests.
I [../src/deptran/client_worker.cc:330] 2022-05-19 22:23:03.599 | wait for finish... n_ceased_cleints: 0,  n_issued: 63768, n_done: 63548, n_created_coordinator: 220
I [../src/deptran/client_worker.cc:330] 2022-05-19 22:23:08.599 | wait for finish... n_ceased_cleints: 0,  n_issued: 130943, n_done: 130723, n_created_coordinator: 220
I [../src/deptran/client_worker.cc:330] 2022-05-19 22:23:13.599 | wait for finish... n_ceased_cleints: 0,  n_issued: 189496, n_done: 189276, n_created_coordinator: 220
I [../src/deptran/client_worker.cc:330] 2022-05-19 22:23:18.599 | wait for finish... n_ceased_cleints: 0,  n_issued: 250887, n_done: 250667, n_created_coordinator: 220
I [../src/deptran/client_worker.cc:330] 2022-05-19 22:23:23.599 | wait for finish... n_ceased_cleints: 0,  n_issued: 310195, n_done: 309975, n_created_coordinator: 220
I [../src/deptran/client_worker.cc:330] 2022-05-19 22:23:28.599 | wait for finish... n_ceased_cleints: 0,  n_issued: 369165, n_done: 368945, n_created_coordinator: 220
I [../src/deptran/client_worker.cc:330] 2022-05-19 22:23:33.599 | wait for finish... n_ceased_cleints: 0,  n_issued: 431482, n_done: 431262, n_created_coordinator: 220
I [../src/deptran/client_worker.cc:330] 2022-05-19 22:23:38.600 | wait for finish... n_ceased_cleints: 0,  n_issued: 494515, n_done: 494295, n_created_coordinator: 220
I [../src/deptran/client_worker.cc:330] 2022-05-19 22:23:43.600 | wait for finish... n_ceased_cleints: 0,  n_issued: 559386, n_done: 559166, n_created_coordinator: 220
I [../src/deptran/client_worker.cc:330] 2022-05-19 22:23:48.600 | wait for finish... n_ceased_cleints: 0,  n_issued: 623929, n_done: 623709, n_created_coordinator: 220
I [../src/deptran/client_worker.cc:330] 2022-05-19 22:23:53.600 | wait for finish... n_ceased_cleints: 0,  n_issued: 689122, n_done: 688902, n_created_coordinator: 220
I [../src/deptran/client_worker.cc:330] 2022-05-19 22:23:58.600 | wait for finish... n_ceased_cleints: 0,  n_issued: 754191, n_done: 753971, n_created_coordinator: 220
I [../src/deptran/client_worker.cc:330] 2022-05-19 22:24:03.600 | wait for finish... n_ceased_cleints: 0,  n_issued: 819334, n_done: 819114, n_created_coordinator: 220
I [../src/deptran/client_worker.cc:330] 2022-05-19 22:24:08.600 | wait for finish... n_ceased_cleints: 0,  n_issued: 884002, n_done: 883782, n_created_coordinator: 220
I [../src/deptran/client_worker.cc:330] 2022-05-19 22:24:13.600 | wait for finish... n_ceased_cleints: 0,  n_issued: 949554, n_done: 949334, n_created_coordinator: 220
I [../src/deptran/client_worker.cc:330] 2022-05-19 22:24:18.600 | wait for finish... n_ceased_cleints: 0,  n_issued: 1012520, n_done: 1012300, n_created_coordinator: 220
I [../src/deptran/client_worker.cc:330] 2022-05-19 22:24:23.601 | wait for finish... n_ceased_cleints: 0,  n_issued: 1073060, n_done: 1072840, n_created_coordinator: 220
I [../src/deptran/client_worker.cc:330] 2022-05-19 22:24:28.601 | wait for finish... n_ceased_cleints: 0,  n_issued: 1137508, n_done: 1137288, n_created_coordinator: 220
I [../src/deptran/client_worker.cc:330] 2022-05-19 22:24:33.601 | wait for finish... n_ceased_cleints: 0,  n_issued: 1203155, n_done: 1202935, n_created_coordinator: 220
I [../src/deptran/client_worker.cc:330] 2022-05-19 22:24:38.601 | wait for finish... n_ceased_cleints: 0,  n_issued: 1269016, n_done: 1268796, n_created_coordinator: 220
I [../src/deptran/client_worker.cc:330] 2022-05-19 22:24:43.601 | wait for finish... n_ceased_cleints: 0,  n_issued: 1334858, n_done: 1334638, n_created_coordinator: 220
I [../src/deptran/client_worker.cc:330] 2022-05-19 22:24:48.601 | wait for finish... n_ceased_cleints: 0,  n_issued: 1401150, n_done: 1400930, n_created_coordinator: 220
I [../src/deptran/client_worker.cc:330] 2022-05-19 22:24:53.601 | wait for finish... n_ceased_cleints: 0,  n_issued: 1467949, n_done: 1467729, n_created_coordinator: 220
I [../src/deptran/client_worker.cc:330] 2022-05-19 22:24:58.601 | wait for finish... n_ceased_cleints: 0,  n_issued: 1534651, n_done: 1534431, n_created_coordinator: 220
I [../src/deptran/client_worker.cc:330] 2022-05-19 22:25:03.601 | wait for finish... n_ceased_cleints: 0,  n_issued: 1600123, n_done: 1599903, n_created_coordinator: 220
I [../src/deptran/client_worker.cc:330] 2022-05-19 22:25:08.601 | wait for finish... n_ceased_cleints: 0,  n_issued: 1646081, n_done: 1645861, n_created_coordinator: 220
I [../src/deptran/client_worker.cc:330] 2022-05-19 22:25:13.602 | wait for finish... n_ceased_cleints: 0,  n_issued: 1707554, n_done: 1707334, n_created_coordinator: 220
I [../src/deptran/client_worker.cc:330] 2022-05-19 22:25:18.602 | wait for finish... n_ceased_cleints: 0,  n_issued: 1768356, n_done: 1768136, n_created_coordinator: 220
I [../src/deptran/client_worker.cc:330] 2022-05-19 22:25:23.602 | wait for finish... n_ceased_cleints: 0,  n_issued: 1826049, n_done: 1825829, n_created_coordinator: 220
I [../src/deptran/client_worker.cc:330] 2022-05-19 22:25:28.602 | wait for finish... n_ceased_cleints: 0,  n_issued: 1891111, n_done: 1890891, n_created_coordinator: 220
I [../src/deptran/client_worker.cc:330] 2022-05-19 22:25:33.602 | wait for finish... n_ceased_cleints: 0,  n_issued: 1957868, n_done: 1957648, n_created_coordinator: 220
I [../src/deptran/client_worker.cc:330] 2022-05-19 22:25:38.602 | wait for finish... n_ceased_cleints: 0,  n_issued: 2024823, n_done: 2024603, n_created_coordinator: 220
I [../src/deptran/client_worker.cc:330] 2022-05-19 22:25:43.602 | wait for finish... n_ceased_cleints: 0,  n_issued: 2091353, n_done: 2091133, n_created_coordinator: 220
I [../src/deptran/client_worker.cc:330] 2022-05-19 22:25:48.602 | wait for finish... n_ceased_cleints: 0,  n_issued: 2156819, n_done: 2156599, n_created_coordinator: 220
I [../src/deptran/client_worker.cc:330] 2022-05-19 22:25:53.602 | wait for finish... n_ceased_cleints: 0,  n_issued: 2223803, n_done: 2223583, n_created_coordinator: 220
I [../src/deptran/s_main.cc:140] 2022-05-19 22:25:56.786 | wait_for_clients: wait for client threads to exit.
I [../src/deptran/client_worker.cc:330] 2022-05-19 22:25:58.602 | wait for finish... n_ceased_cleints: 0,  n_issued: 2291263, n_done: 2291043, n_created_coordinator: 220
I [../src/deptran/client_worker.cc:317] 2022-05-19 22:25:59.600 | wait for all outstanding requests to finish.
I [../src/deptran/client_worker.cc:343] 2022-05-19 22:26:03.603 | Finish:
Total: 2299972, Commit: 2299972, Attempts: 0, Running for 180, Throughput: 12777.62

I [../src/deptran/client_worker.cc:348] 2022-05-19 22:26:03.603 | Work: wait_for_shutdown at client 5
