I [../src/deptran/s_main.cc:136] 2022-05-27 13:57:54.600 | PWD : 
I [../src/deptran/s_main.cc:284] 2022-05-27 13:57:54.600 | starting process 23419
I [../src/deptran/s_main.cc:279] 2022-05-27 13:57:54.600 | ulimit -n is 1024
I [../src/deptran/config.cc:285] 2022-05-27 13:57:54.600 | LoadYML: /home/xuhao/code/depfast/tmp/janus-final-testname6_h27d0q.yml
I [../src/deptran/config.cc:403] 2022-05-27 13:57:54.601 | BuildSiteProcMap
I [../src/deptran/config.cc:655] 2022-05-27 13:57:54.601 | group size: 1
I [../src/deptran/config.cc:655] 2022-05-27 13:57:54.601 | group size: 1
I [../src/deptran/config.cc:655] 2022-05-27 13:57:54.601 | group size: 1
I [../src/deptran/config.cc:681] 2022-05-27 13:57:54.601 | client forwarding: 0
I [../src/deptran/config.cc:320] 2022-05-27 13:57:54.601 | # of concurrent requests: 160
I [../src/deptran/s_main.cc:290] 2022-05-27 13:57:54.601 | Read config finish
I [../src/deptran/s_main.cc:30] 2022-05-27 13:57:54.601 | client_setup_heartbeat
I [../src/deptran/s_main.cc:46] 2022-05-27 13:57:54.601 | Start control server on port 5555
I [../src/rrr/rpc/server.cpp:575] 2022-05-27 13:57:54.601 | bind address is: 0.0.0.0:5555
I [../src/rrr/rpc/server.cpp:570] 2022-05-27 13:57:54.601 | rrr::Server: started on 0.0.0.0:5555
I [../src/deptran/s_main.cc:314] 2022-05-27 13:57:54.601 | no servers on this process
I [../src/deptran/s_main.cc:54] 2022-05-27 13:57:54.601 | client enabled, number of sites: 1
I [../src/deptran/communicator.cc:25] 2022-05-27 13:57:54.602 | size of partitions: 1
I [../src/rrr/reactor/reactor.cc:389] 2022-05-27 13:57:54.603 | starting poll thread
I [../src/rrr/reactor/reactor.cc:389] 2022-05-27 13:57:54.604 | starting poll thread
I [../src/deptran/communicator.cc:191] 2022-05-27 13:57:55.605 | connect to site: 10.0.0.13:10000 success!
I [../src/deptran/communicator.cc:191] 2022-05-27 13:57:55.606 | connect to site: 10.0.0.14:10001 success!
I [../src/deptran/communicator.cc:191] 2022-05-27 13:57:55.608 | connect to site: 10.0.0.15:10002 success!
I [../src/deptran/communicator.cc:74] 2022-05-27 13:57:55.609 | Done waiting to connect to client leaders.
I [../src/deptran/client_worker.cc:330] 2022-05-27 13:57:57.174 | wait for finish... n_ceased_cleints: 0,  n_issued: 0, n_done: 0, n_created_coordinator: 0
I [../src/deptran/client_worker.cc:314] 2022-05-27 13:57:57.181 | wait for all virtual clients to stop issuing new requests.
I [../src/deptran/client_worker.cc:330] 2022-05-27 13:58:02.174 | wait for finish... n_ceased_cleints: 0,  n_issued: 42400, n_done: 42240, n_created_coordinator: 160
I [../src/deptran/client_worker.cc:330] 2022-05-27 13:58:07.174 | wait for finish... n_ceased_cleints: 0,  n_issued: 88667, n_done: 88507, n_created_coordinator: 160
I [../src/deptran/client_worker.cc:330] 2022-05-27 13:58:12.174 | wait for finish... n_ceased_cleints: 0,  n_issued: 134880, n_done: 134720, n_created_coordinator: 160
I [../src/deptran/client_worker.cc:330] 2022-05-27 13:58:17.174 | wait for finish... n_ceased_cleints: 0,  n_issued: 179744, n_done: 179584, n_created_coordinator: 160
I [../src/deptran/client_worker.cc:330] 2022-05-27 13:58:22.174 | wait for finish... n_ceased_cleints: 0,  n_issued: 224533, n_done: 224373, n_created_coordinator: 160
I [../src/deptran/client_worker.cc:330] 2022-05-27 13:58:27.174 | wait for finish... n_ceased_cleints: 0,  n_issued: 269142, n_done: 268982, n_created_coordinator: 160
I [../src/deptran/client_worker.cc:330] 2022-05-27 13:58:32.174 | wait for finish... n_ceased_cleints: 0,  n_issued: 314809, n_done: 314649, n_created_coordinator: 160
I [../src/deptran/client_worker.cc:330] 2022-05-27 13:58:37.175 | wait for finish... n_ceased_cleints: 0,  n_issued: 360111, n_done: 359951, n_created_coordinator: 160
I [../src/deptran/client_worker.cc:330] 2022-05-27 13:58:42.175 | wait for finish... n_ceased_cleints: 0,  n_issued: 406320, n_done: 406160, n_created_coordinator: 160
I [../src/deptran/client_worker.cc:330] 2022-05-27 13:58:47.175 | wait for finish... n_ceased_cleints: 0,  n_issued: 451902, n_done: 451742, n_created_coordinator: 160
I [../src/deptran/client_worker.cc:330] 2022-05-27 13:58:52.175 | wait for finish... n_ceased_cleints: 0,  n_issued: 497092, n_done: 496932, n_created_coordinator: 160
I [../src/deptran/s_main.cc:140] 2022-05-27 13:58:55.608 | wait_for_clients: wait for client threads to exit.
I [../src/deptran/client_worker.cc:330] 2022-05-27 13:58:57.175 | wait for finish... n_ceased_cleints: 0,  n_issued: 541897, n_done: 541737, n_created_coordinator: 160
I [../src/deptran/client_worker.cc:317] 2022-05-27 13:58:58.181 | wait for all outstanding requests to finish.
I [../src/deptran/client_worker.cc:343] 2022-05-27 13:59:02.175 | Finish:
Total: 546689, Commit: 546689, Attempts: 0, Running for 60, Throughput: 9111.48

I [../src/deptran/client_worker.cc:348] 2022-05-27 13:59:02.175 | Work: wait_for_shutdown at client 3
