I [../src/deptran/s_main.cc:136] 2022-05-27 14:26:10.796 | PWD : 
I [../src/deptran/s_main.cc:284] 2022-05-27 14:26:10.796 | starting process 30599
I [../src/deptran/s_main.cc:279] 2022-05-27 14:26:10.796 | ulimit -n is 1024
I [../src/deptran/config.cc:285] 2022-05-27 14:26:10.796 | LoadYML: /home/xuhao/code/depfast/tmp/janus-final-testnamewi_nsw93.yml
I [../src/deptran/config.cc:403] 2022-05-27 14:26:10.796 | BuildSiteProcMap
I [../src/deptran/config.cc:655] 2022-05-27 14:26:10.796 | group size: 1
I [../src/deptran/config.cc:655] 2022-05-27 14:26:10.796 | group size: 1
I [../src/deptran/config.cc:655] 2022-05-27 14:26:10.796 | group size: 1
I [../src/deptran/config.cc:681] 2022-05-27 14:26:10.796 | client forwarding: 0
I [../src/deptran/config.cc:320] 2022-05-27 14:26:10.796 | # of concurrent requests: 160
I [../src/deptran/s_main.cc:290] 2022-05-27 14:26:10.796 | Read config finish
I [../src/deptran/s_main.cc:30] 2022-05-27 14:26:10.796 | client_setup_heartbeat
I [../src/deptran/s_main.cc:46] 2022-05-27 14:26:10.797 | Start control server on port 5555
I [../src/rrr/rpc/server.cpp:575] 2022-05-27 14:26:10.797 | bind address is: 0.0.0.0:5555
I [../src/rrr/rpc/server.cpp:570] 2022-05-27 14:26:10.797 | rrr::Server: started on 0.0.0.0:5555
I [../src/deptran/s_main.cc:314] 2022-05-27 14:26:10.797 | no servers on this process
I [../src/deptran/s_main.cc:54] 2022-05-27 14:26:10.797 | client enabled, number of sites: 1
I [../src/deptran/communicator.cc:25] 2022-05-27 14:26:10.798 | size of partitions: 1
I [../src/rrr/reactor/reactor.cc:389] 2022-05-27 14:26:10.798 | starting poll thread
I [../src/rrr/reactor/reactor.cc:389] 2022-05-27 14:26:10.799 | starting poll thread
I [../src/deptran/communicator.cc:191] 2022-05-27 14:26:11.801 | connect to site: 10.0.0.13:10000 success!
I [../src/deptran/communicator.cc:191] 2022-05-27 14:26:11.802 | connect to site: 10.0.0.14:10001 success!
I [../src/deptran/communicator.cc:191] 2022-05-27 14:26:11.803 | connect to site: 10.0.0.15:10002 success!
I [../src/deptran/communicator.cc:191] 2022-05-27 14:26:11.804 | connect to site: 10.0.0.55:10003 success!
I [../src/deptran/communicator.cc:191] 2022-05-27 14:26:11.805 | connect to site: 10.0.0.58:10004 success!
I [../src/deptran/communicator.cc:74] 2022-05-27 14:26:11.806 | Done waiting to connect to client leaders.
I [../src/deptran/client_worker.cc:330] 2022-05-27 14:26:13.609 | wait for finish... n_ceased_cleints: 0,  n_issued: 0, n_done: 0, n_created_coordinator: 0
I [../src/deptran/client_worker.cc:314] 2022-05-27 14:26:13.617 | wait for all virtual clients to stop issuing new requests.
I [../src/deptran/client_worker.cc:330] 2022-05-27 14:26:18.609 | wait for finish... n_ceased_cleints: 0,  n_issued: 36780, n_done: 36620, n_created_coordinator: 160
I [../src/deptran/client_worker.cc:330] 2022-05-27 14:26:23.609 | wait for finish... n_ceased_cleints: 0,  n_issued: 81978, n_done: 81818, n_created_coordinator: 160
I [../src/deptran/client_worker.cc:330] 2022-05-27 14:26:28.609 | wait for finish... n_ceased_cleints: 0,  n_issued: 127476, n_done: 127316, n_created_coordinator: 160
I [../src/deptran/client_worker.cc:330] 2022-05-27 14:26:33.609 | wait for finish... n_ceased_cleints: 0,  n_issued: 172003, n_done: 171843, n_created_coordinator: 160
I [../src/deptran/client_worker.cc:330] 2022-05-27 14:26:38.609 | wait for finish... n_ceased_cleints: 0,  n_issued: 215156, n_done: 214996, n_created_coordinator: 160
I [../src/deptran/client_worker.cc:330] 2022-05-27 14:26:43.609 | wait for finish... n_ceased_cleints: 0,  n_issued: 257842, n_done: 257682, n_created_coordinator: 160
I [../src/deptran/client_worker.cc:330] 2022-05-27 14:26:48.610 | wait for finish... n_ceased_cleints: 0,  n_issued: 298738, n_done: 298578, n_created_coordinator: 160
I [../src/deptran/client_worker.cc:330] 2022-05-27 14:26:53.610 | wait for finish... n_ceased_cleints: 0,  n_issued: 337776, n_done: 337616, n_created_coordinator: 160
I [../src/deptran/client_worker.cc:330] 2022-05-27 14:26:58.610 | wait for finish... n_ceased_cleints: 0,  n_issued: 380068, n_done: 379908, n_created_coordinator: 160
I [../src/deptran/client_worker.cc:330] 2022-05-27 14:27:03.610 | wait for finish... n_ceased_cleints: 0,  n_issued: 422853, n_done: 422693, n_created_coordinator: 160
I [../src/rrr/rpc/server.cpp:157] 2022-05-27 14:27:04.066 | no bytes read
I [../src/deptran/client_worker.cc:330] 2022-05-27 14:27:08.610 | wait for finish... n_ceased_cleints: 0,  n_issued: 465481, n_done: 465321, n_created_coordinator: 160
I [../src/deptran/s_main.cc:140] 2022-05-27 14:27:11.806 | wait_for_clients: wait for client threads to exit.
I [../src/deptran/client_worker.cc:330] 2022-05-27 14:27:13.610 | wait for finish... n_ceased_cleints: 0,  n_issued: 506321, n_done: 506161, n_created_coordinator: 160
I [../src/deptran/client_worker.cc:317] 2022-05-27 14:27:14.612 | wait for all outstanding requests to finish.
I [../src/deptran/client_worker.cc:343] 2022-05-27 14:27:18.611 | Finish:
Total: 511343, Commit: 511343, Attempts: 0, Running for 60, Throughput: 8522.38

I [../src/deptran/client_worker.cc:348] 2022-05-27 14:27:18.611 | Work: wait_for_shutdown at client 5
