I [../src/deptran/s_main.cc:136] 2022-05-20 10:48:48.512 | PWD : 
I [../src/deptran/s_main.cc:284] 2022-05-20 10:48:48.512 | starting process 7665
I [../src/deptran/s_main.cc:279] 2022-05-20 10:48:48.512 | ulimit -n is 1024
I [../src/deptran/config.cc:285] 2022-05-20 10:48:48.512 | LoadYML: /home/xuhao/code/depfast/tmp/janus-final-testnamens1st83k.yml
I [../src/deptran/config.cc:403] 2022-05-20 10:48:48.513 | BuildSiteProcMap
I [../src/deptran/config.cc:655] 2022-05-20 10:48:48.513 | group size: 1
I [../src/deptran/config.cc:681] 2022-05-20 10:48:48.513 | client forwarding: 0
I [../src/deptran/config.cc:320] 2022-05-20 10:48:48.513 | # of concurrent requests: 220
I [../src/deptran/s_main.cc:290] 2022-05-20 10:48:48.513 | Read config finish
I [../src/deptran/s_main.cc:30] 2022-05-20 10:48:48.513 | client_setup_heartbeat
I [../src/deptran/s_main.cc:46] 2022-05-20 10:48:48.514 | Start control server on port 5555
I [../src/rrr/rpc/server.cpp:575] 2022-05-20 10:48:48.514 | bind address is: 0.0.0.0:5555
I [../src/rrr/rpc/server.cpp:570] 2022-05-20 10:48:48.514 | rrr::Server: started on 0.0.0.0:5555
I [../src/deptran/s_main.cc:314] 2022-05-20 10:48:48.514 | no servers on this process
I [../src/deptran/s_main.cc:54] 2022-05-20 10:48:48.514 | client enabled, number of sites: 1
I [../src/deptran/communicator.cc:25] 2022-05-20 10:48:48.517 | size of partitions: 1
I [../src/rrr/reactor/reactor.cc:389] 2022-05-20 10:48:48.518 | starting poll thread
I [../src/rrr/reactor/reactor.cc:389] 2022-05-20 10:48:48.518 | starting poll thread
I [../src/deptran/communicator.cc:191] 2022-05-20 10:48:50.520 | connect to site: 10.0.0.13:10000 success!
I [../src/deptran/communicator.cc:191] 2022-05-20 10:48:50.521 | connect to site: 10.0.0.14:10001 success!
I [../src/deptran/communicator.cc:191] 2022-05-20 10:48:50.522 | connect to site: 10.0.0.15:10002 success!
I [../src/deptran/communicator.cc:74] 2022-05-20 10:48:50.524 | Done waiting to connect to client leaders.
I [../src/deptran/client_worker.cc:330] 2022-05-20 10:48:51.104 | wait for finish... n_ceased_cleints: 0,  n_issued: 0, n_done: 0, n_created_coordinator: 0
I [../src/deptran/client_worker.cc:314] 2022-05-20 10:48:51.111 | wait for all virtual clients to stop issuing new requests.
I [../src/deptran/client_worker.cc:330] 2022-05-20 10:48:56.104 | wait for finish... n_ceased_cleints: 0,  n_issued: 75545, n_done: 75325, n_created_coordinator: 220
I [../src/deptran/client_worker.cc:330] 2022-05-20 10:49:01.104 | wait for finish... n_ceased_cleints: 0,  n_issued: 155367, n_done: 155147, n_created_coordinator: 220
I [../src/deptran/client_worker.cc:330] 2022-05-20 10:49:06.104 | wait for finish... n_ceased_cleints: 0,  n_issued: 236781, n_done: 236561, n_created_coordinator: 220
I [../src/deptran/client_worker.cc:330] 2022-05-20 10:49:11.104 | wait for finish... n_ceased_cleints: 0,  n_issued: 314544, n_done: 314324, n_created_coordinator: 220
I [../src/deptran/client_worker.cc:330] 2022-05-20 10:49:16.104 | wait for finish... n_ceased_cleints: 0,  n_issued: 389690, n_done: 389470, n_created_coordinator: 220
I [../src/deptran/client_worker.cc:330] 2022-05-20 10:49:21.104 | wait for finish... n_ceased_cleints: 0,  n_issued: 466040, n_done: 465820, n_created_coordinator: 220
I [../src/deptran/client_worker.cc:330] 2022-05-20 10:49:26.104 | wait for finish... n_ceased_cleints: 0,  n_issued: 541728, n_done: 541508, n_created_coordinator: 220
I [../src/deptran/client_worker.cc:330] 2022-05-20 10:49:31.105 | wait for finish... n_ceased_cleints: 0,  n_issued: 617117, n_done: 616897, n_created_coordinator: 220
I [../src/deptran/client_worker.cc:330] 2022-05-20 10:49:36.105 | wait for finish... n_ceased_cleints: 0,  n_issued: 693292, n_done: 693072, n_created_coordinator: 220
I [../src/deptran/client_worker.cc:330] 2022-05-20 10:49:41.105 | wait for finish... n_ceased_cleints: 0,  n_issued: 771291, n_done: 771071, n_created_coordinator: 220
I [../src/deptran/client_worker.cc:330] 2022-05-20 10:49:46.105 | wait for finish... n_ceased_cleints: 0,  n_issued: 847579, n_done: 847359, n_created_coordinator: 220
I [../src/deptran/client_worker.cc:330] 2022-05-20 10:49:51.105 | wait for finish... n_ceased_cleints: 0,  n_issued: 923567, n_done: 923347, n_created_coordinator: 220
I [../src/deptran/client_worker.cc:330] 2022-05-20 10:49:56.105 | wait for finish... n_ceased_cleints: 0,  n_issued: 1000159, n_done: 999939, n_created_coordinator: 220
I [../src/deptran/client_worker.cc:330] 2022-05-20 10:50:01.105 | wait for finish... n_ceased_cleints: 0,  n_issued: 1078230, n_done: 1078010, n_created_coordinator: 220
I [../src/deptran/client_worker.cc:330] 2022-05-20 10:50:06.105 | wait for finish... n_ceased_cleints: 0,  n_issued: 1156027, n_done: 1155807, n_created_coordinator: 220
I [../src/deptran/client_worker.cc:330] 2022-05-20 10:50:11.105 | wait for finish... n_ceased_cleints: 0,  n_issued: 1232416, n_done: 1232196, n_created_coordinator: 220
I [../src/deptran/client_worker.cc:330] 2022-05-20 10:50:16.106 | wait for finish... n_ceased_cleints: 0,  n_issued: 1308433, n_done: 1308213, n_created_coordinator: 220
I [../src/deptran/client_worker.cc:330] 2022-05-20 10:50:21.106 | wait for finish... n_ceased_cleints: 0,  n_issued: 1383051, n_done: 1382831, n_created_coordinator: 220
I [../src/deptran/client_worker.cc:330] 2022-05-20 10:50:26.106 | wait for finish... n_ceased_cleints: 0,  n_issued: 1460831, n_done: 1460611, n_created_coordinator: 220
I [../src/deptran/client_worker.cc:330] 2022-05-20 10:50:31.106 | wait for finish... n_ceased_cleints: 0,  n_issued: 1538207, n_done: 1537987, n_created_coordinator: 220
I [../src/deptran/client_worker.cc:330] 2022-05-20 10:50:36.106 | wait for finish... n_ceased_cleints: 0,  n_issued: 1615109, n_done: 1614889, n_created_coordinator: 220
I [../src/deptran/client_worker.cc:330] 2022-05-20 10:50:41.106 | wait for finish... n_ceased_cleints: 0,  n_issued: 1691271, n_done: 1691051, n_created_coordinator: 220
I [../src/deptran/client_worker.cc:330] 2022-05-20 10:50:46.106 | wait for finish... n_ceased_cleints: 0,  n_issued: 1767746, n_done: 1767526, n_created_coordinator: 220
I [../src/deptran/client_worker.cc:330] 2022-05-20 10:50:51.106 | wait for finish... n_ceased_cleints: 0,  n_issued: 1844882, n_done: 1844662, n_created_coordinator: 220
I [../src/deptran/client_worker.cc:330] 2022-05-20 10:50:56.106 | wait for finish... n_ceased_cleints: 0,  n_issued: 1921229, n_done: 1921009, n_created_coordinator: 220
I [../src/deptran/client_worker.cc:330] 2022-05-20 10:51:01.107 | wait for finish... n_ceased_cleints: 0,  n_issued: 1996481, n_done: 1996262, n_created_coordinator: 220
I [../src/rrr/rpc/server.cpp:157] 2022-05-20 10:51:01.630 | no bytes read
I [../src/deptran/client_worker.cc:330] 2022-05-20 10:51:06.107 | wait for finish... n_ceased_cleints: 0,  n_issued: 2070751, n_done: 2070531, n_created_coordinator: 220
I [../src/deptran/client_worker.cc:330] 2022-05-20 10:51:11.107 | wait for finish... n_ceased_cleints: 0,  n_issued: 2145439, n_done: 2145219, n_created_coordinator: 220
I [../src/deptran/client_worker.cc:330] 2022-05-20 10:51:16.107 | wait for finish... n_ceased_cleints: 0,  n_issued: 2222738, n_done: 2222518, n_created_coordinator: 220
I [../src/deptran/client_worker.cc:330] 2022-05-20 10:51:21.107 | wait for finish... n_ceased_cleints: 0,  n_issued: 2295404, n_done: 2295184, n_created_coordinator: 220
I [../src/deptran/client_worker.cc:330] 2022-05-20 10:51:26.107 | wait for finish... n_ceased_cleints: 0,  n_issued: 2372998, n_done: 2372778, n_created_coordinator: 220
I [../src/deptran/client_worker.cc:330] 2022-05-20 10:51:31.107 | wait for finish... n_ceased_cleints: 0,  n_issued: 2450461, n_done: 2450241, n_created_coordinator: 220
I [../src/deptran/client_worker.cc:330] 2022-05-20 10:51:36.107 | wait for finish... n_ceased_cleints: 0,  n_issued: 2527486, n_done: 2527266, n_created_coordinator: 220
I [../src/deptran/client_worker.cc:330] 2022-05-20 10:51:41.107 | wait for finish... n_ceased_cleints: 0,  n_issued: 2606472, n_done: 2606252, n_created_coordinator: 220
I [../src/deptran/client_worker.cc:330] 2022-05-20 10:51:46.108 | wait for finish... n_ceased_cleints: 0,  n_issued: 2684073, n_done: 2683853, n_created_coordinator: 220
I [../src/deptran/s_main.cc:140] 2022-05-20 10:51:50.523 | wait_for_clients: wait for client threads to exit.
I [../src/deptran/client_worker.cc:330] 2022-05-20 10:51:51.108 | wait for finish... n_ceased_cleints: 0,  n_issued: 2761545, n_done: 2761325, n_created_coordinator: 220
I [../src/deptran/client_worker.cc:317] 2022-05-20 10:51:52.107 | wait for all outstanding requests to finish.
I [../src/deptran/client_worker.cc:343] 2022-05-20 10:51:56.108 | Finish:
Total: 2771757, Commit: 2771757, Attempts: 0, Running for 180, Throughput: 15398.65

I [../src/deptran/client_worker.cc:348] 2022-05-20 10:51:56.108 | Work: wait_for_shutdown at client 3
