I [../src/deptran/s_main.cc:136] 2022-05-20 15:00:29.696 | PWD : 
I [../src/deptran/s_main.cc:284] 2022-05-20 15:00:29.696 | starting process 1841
I [../src/deptran/s_main.cc:279] 2022-05-20 15:00:29.696 | ulimit -n is 1024
I [../src/deptran/config.cc:285] 2022-05-20 15:00:29.696 | LoadYML: /home/xuhao/code/depfast/tmp/janus-final-testnamebquan_pd.yml
I [../src/deptran/config.cc:403] 2022-05-20 15:00:29.697 | BuildSiteProcMap
I [../src/deptran/config.cc:655] 2022-05-20 15:00:29.697 | group size: 1
I [../src/deptran/config.cc:681] 2022-05-20 15:00:29.697 | client forwarding: 0
I [../src/deptran/config.cc:320] 2022-05-20 15:00:29.697 | # of concurrent requests: 20
I [../src/deptran/s_main.cc:290] 2022-05-20 15:00:29.697 | Read config finish
I [../src/deptran/s_main.cc:30] 2022-05-20 15:00:29.697 | client_setup_heartbeat
I [../src/deptran/s_main.cc:46] 2022-05-20 15:00:29.698 | Start control server on port 5555
I [../src/rrr/rpc/server.cpp:575] 2022-05-20 15:00:29.698 | bind address is: 0.0.0.0:5555
I [../src/rrr/rpc/server.cpp:570] 2022-05-20 15:00:29.698 | rrr::Server: started on 0.0.0.0:5555
I [../src/deptran/s_main.cc:314] 2022-05-20 15:00:29.698 | no servers on this process
I [../src/deptran/s_main.cc:54] 2022-05-20 15:00:29.698 | client enabled, number of sites: 1
I [../src/deptran/communicator.cc:25] 2022-05-20 15:00:29.699 | size of partitions: 1
I [../src/rrr/reactor/reactor.cc:389] 2022-05-20 15:00:29.699 | starting poll thread
I [../src/rrr/reactor/reactor.cc:389] 2022-05-20 15:00:29.701 | starting poll thread
I [../src/deptran/communicator.cc:191] 2022-05-20 15:00:30.701 | connect to site: 10.0.0.13:10000 success!
I [../src/deptran/communicator.cc:191] 2022-05-20 15:00:31.703 | connect to site: 10.0.0.14:10001 success!
I [../src/deptran/communicator.cc:191] 2022-05-20 15:00:31.703 | connect to site: 10.0.0.15:10002 success!
I [../src/deptran/communicator.cc:74] 2022-05-20 15:00:31.705 | Done waiting to connect to client leaders.
I [../src/deptran/client_worker.cc:330] 2022-05-20 15:00:32.210 | wait for finish... n_ceased_cleints: 0,  n_issued: 0, n_done: 0, n_created_coordinator: 0
I [../src/deptran/client_worker.cc:314] 2022-05-20 15:00:32.211 | wait for all virtual clients to stop issuing new requests.
I [../src/deptran/client_worker.cc:330] 2022-05-20 15:00:37.210 | wait for finish... n_ceased_cleints: 0,  n_issued: 13528, n_done: 13508, n_created_coordinator: 20
I [../src/deptran/client_worker.cc:330] 2022-05-20 15:00:42.210 | wait for finish... n_ceased_cleints: 0,  n_issued: 20917, n_done: 20897, n_created_coordinator: 20
I [../src/deptran/client_worker.cc:330] 2022-05-20 15:00:47.211 | wait for finish... n_ceased_cleints: 0,  n_issued: 28864, n_done: 28844, n_created_coordinator: 20
I [../src/deptran/client_worker.cc:330] 2022-05-20 15:00:52.211 | wait for finish... n_ceased_cleints: 0,  n_issued: 43306, n_done: 43286, n_created_coordinator: 20
I [../src/deptran/client_worker.cc:330] 2022-05-20 15:00:57.211 | wait for finish... n_ceased_cleints: 0,  n_issued: 59403, n_done: 59383, n_created_coordinator: 20
I [../src/deptran/client_worker.cc:330] 2022-05-20 15:01:02.211 | wait for finish... n_ceased_cleints: 0,  n_issued: 75725, n_done: 75705, n_created_coordinator: 20
I [../src/deptran/client_worker.cc:330] 2022-05-20 15:01:07.211 | wait for finish... n_ceased_cleints: 0,  n_issued: 92375, n_done: 92355, n_created_coordinator: 20
I [../src/deptran/client_worker.cc:330] 2022-05-20 15:01:12.211 | wait for finish... n_ceased_cleints: 0,  n_issued: 109024, n_done: 109004, n_created_coordinator: 20
I [../src/deptran/client_worker.cc:330] 2022-05-20 15:01:17.211 | wait for finish... n_ceased_cleints: 0,  n_issued: 125777, n_done: 125757, n_created_coordinator: 20
I [../src/deptran/client_worker.cc:330] 2022-05-20 15:01:22.211 | wait for finish... n_ceased_cleints: 0,  n_issued: 142198, n_done: 142178, n_created_coordinator: 20
I [../src/deptran/client_worker.cc:330] 2022-05-20 15:01:27.212 | wait for finish... n_ceased_cleints: 0,  n_issued: 158731, n_done: 158711, n_created_coordinator: 20
I [../src/deptran/s_main.cc:140] 2022-05-20 15:01:31.704 | wait_for_clients: wait for client threads to exit.
I [../src/deptran/client_worker.cc:330] 2022-05-20 15:01:32.212 | wait for finish... n_ceased_cleints: 0,  n_issued: 174720, n_done: 174700, n_created_coordinator: 20
I [../src/deptran/client_worker.cc:317] 2022-05-20 15:01:33.140 | wait for all outstanding requests to finish.
I [../src/deptran/client_worker.cc:343] 2022-05-20 15:01:37.212 | Finish:
Total: 176402, Commit: 176402, Attempts: 0, Running for 60, Throughput: 2940.03

I [../src/deptran/client_worker.cc:348] 2022-05-20 15:01:37.212 | Work: wait_for_shutdown at client 3
