I [../src/deptran/s_main.cc:136] 2022-05-20 15:38:50.547 | PWD : 
I [../src/deptran/s_main.cc:284] 2022-05-20 15:38:50.547 | starting process 15540
I [../src/deptran/s_main.cc:279] 2022-05-20 15:38:50.547 | ulimit -n is 1024
I [../src/deptran/config.cc:285] 2022-05-20 15:38:50.548 | LoadYML: /home/xuhao/code/depfast/tmp/janus-final-testname8gf3mbk6.yml
I [../src/deptran/config.cc:403] 2022-05-20 15:38:50.548 | BuildSiteProcMap
I [../src/deptran/config.cc:655] 2022-05-20 15:38:50.548 | group size: 1
I [../src/deptran/config.cc:681] 2022-05-20 15:38:50.548 | client forwarding: 0
I [../src/deptran/config.cc:320] 2022-05-20 15:38:50.548 | # of concurrent requests: 100
I [../src/deptran/s_main.cc:290] 2022-05-20 15:38:50.548 | Read config finish
I [../src/deptran/s_main.cc:30] 2022-05-20 15:38:50.548 | client_setup_heartbeat
I [../src/deptran/s_main.cc:46] 2022-05-20 15:38:50.549 | Start control server on port 5555
I [../src/rrr/rpc/server.cpp:575] 2022-05-20 15:38:50.549 | bind address is: 0.0.0.0:5555
I [../src/rrr/rpc/server.cpp:570] 2022-05-20 15:38:50.549 | rrr::Server: started on 0.0.0.0:5555
I [../src/deptran/s_main.cc:314] 2022-05-20 15:38:50.549 | no servers on this process
I [../src/deptran/s_main.cc:54] 2022-05-20 15:38:50.549 | client enabled, number of sites: 1
I [../src/deptran/communicator.cc:25] 2022-05-20 15:38:50.549 | size of partitions: 1
I [../src/rrr/reactor/reactor.cc:389] 2022-05-20 15:38:50.550 | starting poll thread
I [../src/rrr/reactor/reactor.cc:389] 2022-05-20 15:38:50.551 | starting poll thread
I [../src/deptran/communicator.cc:191] 2022-05-20 15:38:51.551 | connect to site: 10.0.0.13:10000 success!
I [../src/deptran/communicator.cc:191] 2022-05-20 15:38:52.554 | connect to site: 10.0.0.14:10001 success!
I [../src/deptran/communicator.cc:191] 2022-05-20 15:38:52.555 | connect to site: 10.0.0.15:10002 success!
I [../src/deptran/communicator.cc:191] 2022-05-20 15:38:52.556 | connect to site: 10.0.0.55:10003 success!
I [../src/deptran/communicator.cc:191] 2022-05-20 15:38:52.557 | connect to site: 10.0.0.58:10004 success!
I [../src/deptran/communicator.cc:74] 2022-05-20 15:38:52.559 | Done waiting to connect to client leaders.
I [../src/deptran/client_worker.cc:330] 2022-05-20 15:38:54.283 | wait for finish... n_ceased_cleints: 0,  n_issued: 0, n_done: 0, n_created_coordinator: 0
I [../src/deptran/client_worker.cc:314] 2022-05-20 15:38:54.288 | wait for all virtual clients to stop issuing new requests.
I [../src/deptran/client_worker.cc:330] 2022-05-20 15:38:59.283 | wait for finish... n_ceased_cleints: 0,  n_issued: 43748, n_done: 43648, n_created_coordinator: 100
I [../src/deptran/client_worker.cc:330] 2022-05-20 15:39:04.284 | wait for finish... n_ceased_cleints: 0,  n_issued: 90834, n_done: 90734, n_created_coordinator: 100
I [../src/deptran/client_worker.cc:330] 2022-05-20 15:39:09.284 | wait for finish... n_ceased_cleints: 0,  n_issued: 137822, n_done: 137722, n_created_coordinator: 100
I [../src/deptran/client_worker.cc:330] 2022-05-20 15:39:14.284 | wait for finish... n_ceased_cleints: 0,  n_issued: 184710, n_done: 184610, n_created_coordinator: 100
I [../src/deptran/client_worker.cc:330] 2022-05-20 15:39:19.284 | wait for finish... n_ceased_cleints: 0,  n_issued: 231085, n_done: 230985, n_created_coordinator: 100
I [../src/deptran/client_worker.cc:330] 2022-05-20 15:39:24.284 | wait for finish... n_ceased_cleints: 0,  n_issued: 277081, n_done: 276981, n_created_coordinator: 100
I [../src/deptran/client_worker.cc:330] 2022-05-20 15:39:29.284 | wait for finish... n_ceased_cleints: 0,  n_issued: 323242, n_done: 323142, n_created_coordinator: 100
I [../src/deptran/client_worker.cc:330] 2022-05-20 15:39:34.284 | wait for finish... n_ceased_cleints: 0,  n_issued: 369522, n_done: 369422, n_created_coordinator: 100
I [../src/deptran/client_worker.cc:330] 2022-05-20 15:39:39.284 | wait for finish... n_ceased_cleints: 0,  n_issued: 415682, n_done: 415582, n_created_coordinator: 100
I [../src/deptran/client_worker.cc:330] 2022-05-20 15:39:44.284 | wait for finish... n_ceased_cleints: 0,  n_issued: 461891, n_done: 461791, n_created_coordinator: 100
I [../src/deptran/client_worker.cc:330] 2022-05-20 15:39:49.285 | wait for finish... n_ceased_cleints: 0,  n_issued: 509021, n_done: 508921, n_created_coordinator: 100
I [../src/deptran/s_main.cc:140] 2022-05-20 15:39:52.558 | wait_for_clients: wait for client threads to exit.
I [../src/rrr/rpc/server.cpp:157] 2022-05-20 15:39:54.058 | no bytes read
I [../src/deptran/client_worker.cc:330] 2022-05-20 15:39:54.285 | wait for finish... n_ceased_cleints: 0,  n_issued: 556181, n_done: 556081, n_created_coordinator: 100
I [../src/deptran/client_worker.cc:317] 2022-05-20 15:39:55.284 | wait for all outstanding requests to finish.
I [../src/deptran/client_worker.cc:343] 2022-05-20 15:39:59.285 | Finish:
Total: 561934, Commit: 561934, Attempts: 0, Running for 60, Throughput: 9365.57

I [../src/deptran/client_worker.cc:348] 2022-05-20 15:39:59.285 | Work: wait_for_shutdown at client 5
