I [../src/deptran/s_main.cc:136] 2022-05-19 19:42:04.383 | PWD : 
I [../src/deptran/s_main.cc:284] 2022-05-19 19:42:04.383 | starting process 11072
I [../src/deptran/s_main.cc:279] 2022-05-19 19:42:04.383 | ulimit -n is 1024
I [../src/deptran/config.cc:285] 2022-05-19 19:42:04.383 | LoadYML: /home/xuhao/code/depfast/tmp/janus-final-testname4awkptpu.yml
I [../src/deptran/config.cc:403] 2022-05-19 19:42:04.383 | BuildSiteProcMap
I [../src/deptran/config.cc:655] 2022-05-19 19:42:04.383 | group size: 1
I [../src/deptran/config.cc:681] 2022-05-19 19:42:04.383 | client forwarding: 0
I [../src/deptran/config.cc:320] 2022-05-19 19:42:04.383 | # of concurrent requests: 60
I [../src/deptran/s_main.cc:290] 2022-05-19 19:42:04.383 | Read config finish
I [../src/deptran/s_main.cc:30] 2022-05-19 19:42:04.383 | client_setup_heartbeat
I [../src/deptran/s_main.cc:46] 2022-05-19 19:42:04.384 | Start control server on port 5555
I [../src/rrr/reactor/reactor.cc:389] 2022-05-19 19:42:04.384 | starting poll thread
I [../src/rrr/rpc/server.cpp:575] 2022-05-19 19:42:04.384 | bind address is: 0.0.0.0:5555
I [../src/rrr/rpc/server.cpp:570] 2022-05-19 19:42:04.384 | rrr::Server: started on 0.0.0.0:5555
I [../src/deptran/s_main.cc:314] 2022-05-19 19:42:04.384 | no servers on this process
I [../src/deptran/s_main.cc:54] 2022-05-19 19:42:04.384 | client enabled, number of sites: 1
I [../src/deptran/communicator.cc:25] 2022-05-19 19:42:04.384 | size of partitions: 1
I [../src/rrr/reactor/reactor.cc:389] 2022-05-19 19:42:04.384 | starting poll thread
I [../src/deptran/communicator.cc:191] 2022-05-19 19:42:06.386 | connect to site: 10.0.0.13:10000 success!
I [../src/deptran/communicator.cc:191] 2022-05-19 19:42:06.388 | connect to site: 10.0.0.14:10001 success!
I [../src/deptran/communicator.cc:191] 2022-05-19 19:42:06.388 | connect to site: 10.0.0.15:10002 success!
I [../src/deptran/communicator.cc:191] 2022-05-19 19:42:06.389 | connect to site: 10.0.0.55:10003 success!
I [../src/deptran/communicator.cc:191] 2022-05-19 19:42:06.390 | connect to site: 10.0.0.58:10004 success!
I [../src/deptran/communicator.cc:74] 2022-05-19 19:42:06.390 | Done waiting to connect to client leaders.
I [../src/deptran/client_worker.cc:330] 2022-05-19 19:42:08.213 | wait for finish... n_ceased_cleints: 0,  n_issued: 0, n_done: 0, n_created_coordinator: 0
I [../src/deptran/client_worker.cc:314] 2022-05-19 19:42:08.214 | wait for all virtual clients to stop issuing new requests.
I [../src/deptran/client_worker.cc:330] 2022-05-19 19:42:13.213 | wait for finish... n_ceased_cleints: 0,  n_issued: 30401, n_done: 30341, n_created_coordinator: 60
I [../src/deptran/client_worker.cc:330] 2022-05-19 19:42:18.213 | wait for finish... n_ceased_cleints: 0,  n_issued: 64265, n_done: 64205, n_created_coordinator: 60
I [../src/deptran/client_worker.cc:330] 2022-05-19 19:42:23.213 | wait for finish... n_ceased_cleints: 0,  n_issued: 97988, n_done: 97928, n_created_coordinator: 60
I [../src/deptran/client_worker.cc:330] 2022-05-19 19:42:28.213 | wait for finish... n_ceased_cleints: 0,  n_issued: 131882, n_done: 131822, n_created_coordinator: 60
I [../src/deptran/client_worker.cc:330] 2022-05-19 19:42:33.213 | wait for finish... n_ceased_cleints: 0,  n_issued: 165863, n_done: 165803, n_created_coordinator: 60
I [../src/deptran/client_worker.cc:330] 2022-05-19 19:42:38.213 | wait for finish... n_ceased_cleints: 0,  n_issued: 199998, n_done: 199938, n_created_coordinator: 60
I [../src/deptran/client_worker.cc:330] 2022-05-19 19:42:43.213 | wait for finish... n_ceased_cleints: 0,  n_issued: 234050, n_done: 233990, n_created_coordinator: 60
I [../src/deptran/client_worker.cc:330] 2022-05-19 19:42:48.213 | wait for finish... n_ceased_cleints: 0,  n_issued: 268430, n_done: 268370, n_created_coordinator: 60
I [../src/deptran/client_worker.cc:330] 2022-05-19 19:42:53.214 | wait for finish... n_ceased_cleints: 0,  n_issued: 302755, n_done: 302695, n_created_coordinator: 60
I [../src/deptran/client_worker.cc:330] 2022-05-19 19:42:58.214 | wait for finish... n_ceased_cleints: 0,  n_issued: 337668, n_done: 337608, n_created_coordinator: 60
I [../src/deptran/client_worker.cc:330] 2022-05-19 19:43:03.214 | wait for finish... n_ceased_cleints: 0,  n_issued: 372205, n_done: 372145, n_created_coordinator: 60
I [../src/deptran/s_main.cc:140] 2022-05-19 19:43:06.390 | wait_for_clients: wait for client threads to exit.
I [../src/deptran/client_worker.cc:330] 2022-05-19 19:43:08.214 | wait for finish... n_ceased_cleints: 0,  n_issued: 405783, n_done: 405723, n_created_coordinator: 60
I [../src/deptran/client_worker.cc:317] 2022-05-19 19:43:09.209 | wait for all outstanding requests to finish.
I [../src/deptran/client_worker.cc:343] 2022-05-19 19:43:13.214 | Finish:
Total: 410393, Commit: 410393, Attempts: 0, Running for 60, Throughput: 6839.88

I [../src/deptran/client_worker.cc:348] 2022-05-19 19:43:13.214 | Work: wait_for_shutdown at client 5
