I [../src/deptran/s_main.cc:136] 2022-05-27 16:11:13.960 | PWD : 
I [../src/deptran/s_main.cc:284] 2022-05-27 16:11:13.960 | starting process 17185
I [../src/deptran/s_main.cc:279] 2022-05-27 16:11:13.960 | ulimit -n is 1024
I [../src/deptran/config.cc:285] 2022-05-27 16:11:13.960 | LoadYML: /home/xuhao/code/depfast/tmp/janus-final-testnamedw9ialqy.yml
I [../src/deptran/config.cc:403] 2022-05-27 16:11:13.961 | BuildSiteProcMap
I [../src/deptran/config.cc:655] 2022-05-27 16:11:13.961 | group size: 1
I [../src/deptran/config.cc:655] 2022-05-27 16:11:13.961 | group size: 1
I [../src/deptran/config.cc:655] 2022-05-27 16:11:13.961 | group size: 1
I [../src/deptran/config.cc:681] 2022-05-27 16:11:13.961 | client forwarding: 0
I [../src/deptran/config.cc:320] 2022-05-27 16:11:13.961 | # of concurrent requests: 12
I [../src/deptran/s_main.cc:290] 2022-05-27 16:11:13.961 | Read config finish
I [../src/deptran/s_main.cc:30] 2022-05-27 16:11:13.961 | client_setup_heartbeat
I [../src/deptran/s_main.cc:46] 2022-05-27 16:11:13.962 | Start control server on port 5555
I [../src/rrr/rpc/server.cpp:575] 2022-05-27 16:11:13.962 | bind address is: 0.0.0.0:5555
I [../src/rrr/rpc/server.cpp:570] 2022-05-27 16:11:13.962 | rrr::Server: started on 0.0.0.0:5555
I [../src/deptran/s_main.cc:314] 2022-05-27 16:11:13.962 | no servers on this process
I [../src/deptran/s_main.cc:54] 2022-05-27 16:11:13.962 | client enabled, number of sites: 1
I [../src/deptran/communicator.cc:25] 2022-05-27 16:11:13.963 | size of partitions: 1
I [../src/rrr/reactor/reactor.cc:389] 2022-05-27 16:11:13.963 | starting poll thread
I [../src/rrr/reactor/reactor.cc:389] 2022-05-27 16:11:13.965 | starting poll thread
I [../src/deptran/communicator.cc:191] 2022-05-27 16:11:14.965 | connect to site: 10.0.0.13:10000 success!
I [../src/deptran/communicator.cc:191] 2022-05-27 16:11:14.967 | connect to site: 10.0.0.14:10001 success!
I [../src/deptran/communicator.cc:191] 2022-05-27 16:11:14.968 | connect to site: 10.0.0.15:10002 success!
I [../src/deptran/communicator.cc:74] 2022-05-27 16:11:14.969 | Done waiting to connect to client leaders.
I [../src/deptran/client_worker.cc:330] 2022-05-27 16:11:16.546 | wait for finish... n_ceased_cleints: 0,  n_issued: 0, n_done: 0, n_created_coordinator: 0
I [../src/deptran/client_worker.cc:314] 2022-05-27 16:11:16.547 | wait for all virtual clients to stop issuing new requests.
I [../src/deptran/client_worker.cc:330] 2022-05-27 16:11:21.546 | wait for finish... n_ceased_cleints: 0,  n_issued: 43629, n_done: 43617, n_created_coordinator: 12
I [../src/deptran/client_worker.cc:330] 2022-05-27 16:11:26.546 | wait for finish... n_ceased_cleints: 0,  n_issued: 91116, n_done: 91104, n_created_coordinator: 12
I [../src/deptran/client_worker.cc:330] 2022-05-27 16:11:31.547 | wait for finish... n_ceased_cleints: 0,  n_issued: 126701, n_done: 126689, n_created_coordinator: 12
I [../src/deptran/client_worker.cc:330] 2022-05-27 16:11:36.547 | wait for finish... n_ceased_cleints: 0,  n_issued: 159955, n_done: 159943, n_created_coordinator: 12
I [../src/deptran/client_worker.cc:330] 2022-05-27 16:11:41.547 | wait for finish... n_ceased_cleints: 0,  n_issued: 192849, n_done: 192837, n_created_coordinator: 12
I [../src/rrr/rpc/server.cpp:157] 2022-05-27 16:11:42.097 | no bytes read
I [../src/deptran/client_worker.cc:330] 2022-05-27 16:11:46.547 | wait for finish... n_ceased_cleints: 0,  n_issued: 225585, n_done: 225573, n_created_coordinator: 12
I [../src/deptran/client_worker.cc:330] 2022-05-27 16:11:51.547 | wait for finish... n_ceased_cleints: 0,  n_issued: 257611, n_done: 257599, n_created_coordinator: 12
I [../src/deptran/client_worker.cc:330] 2022-05-27 16:11:56.547 | wait for finish... n_ceased_cleints: 0,  n_issued: 289853, n_done: 289841, n_created_coordinator: 12
I [../src/deptran/client_worker.cc:330] 2022-05-27 16:12:01.547 | wait for finish... n_ceased_cleints: 0,  n_issued: 321497, n_done: 321485, n_created_coordinator: 12
I [../src/deptran/client_worker.cc:330] 2022-05-27 16:12:06.547 | wait for finish... n_ceased_cleints: 0,  n_issued: 353121, n_done: 353109, n_created_coordinator: 12
I [../src/deptran/client_worker.cc:330] 2022-05-27 16:12:11.548 | wait for finish... n_ceased_cleints: 0,  n_issued: 384689, n_done: 384677, n_created_coordinator: 12
I [../src/deptran/client_worker.cc:330] 2022-05-27 16:12:16.548 | wait for finish... n_ceased_cleints: 0,  n_issued: 415896, n_done: 415884, n_created_coordinator: 12
I [../src/deptran/client_worker.cc:330] 2022-05-27 16:12:21.548 | wait for finish... n_ceased_cleints: 0,  n_issued: 447362, n_done: 447350, n_created_coordinator: 12
I [../src/deptran/client_worker.cc:330] 2022-05-27 16:12:26.548 | wait for finish... n_ceased_cleints: 0,  n_issued: 478462, n_done: 478450, n_created_coordinator: 12
I [../src/deptran/client_worker.cc:330] 2022-05-27 16:12:31.548 | wait for finish... n_ceased_cleints: 0,  n_issued: 508751, n_done: 508739, n_created_coordinator: 12
I [../src/deptran/client_worker.cc:330] 2022-05-27 16:12:36.548 | wait for finish... n_ceased_cleints: 0,  n_issued: 539222, n_done: 539210, n_created_coordinator: 12
I [../src/deptran/client_worker.cc:330] 2022-05-27 16:12:41.548 | wait for finish... n_ceased_cleints: 0,  n_issued: 570016, n_done: 570004, n_created_coordinator: 12
I [../src/deptran/client_worker.cc:330] 2022-05-27 16:12:46.548 | wait for finish... n_ceased_cleints: 0,  n_issued: 600409, n_done: 600397, n_created_coordinator: 12
I [../src/deptran/client_worker.cc:330] 2022-05-27 16:12:51.549 | wait for finish... n_ceased_cleints: 0,  n_issued: 630401, n_done: 630389, n_created_coordinator: 12
I [../src/deptran/client_worker.cc:330] 2022-05-27 16:12:56.549 | wait for finish... n_ceased_cleints: 0,  n_issued: 659863, n_done: 659851, n_created_coordinator: 12
I [../src/deptran/client_worker.cc:330] 2022-05-27 16:13:01.549 | wait for finish... n_ceased_cleints: 0,  n_issued: 689761, n_done: 689749, n_created_coordinator: 12
I [../src/deptran/client_worker.cc:330] 2022-05-27 16:13:06.549 | wait for finish... n_ceased_cleints: 0,  n_issued: 719727, n_done: 719715, n_created_coordinator: 12
I [../src/deptran/client_worker.cc:330] 2022-05-27 16:13:11.549 | wait for finish... n_ceased_cleints: 0,  n_issued: 749447, n_done: 749435, n_created_coordinator: 12
I [../src/deptran/client_worker.cc:330] 2022-05-27 16:13:16.549 | wait for finish... n_ceased_cleints: 0,  n_issued: 778254, n_done: 778242, n_created_coordinator: 12
I [../src/deptran/client_worker.cc:330] 2022-05-27 16:13:21.549 | wait for finish... n_ceased_cleints: 0,  n_issued: 807926, n_done: 807914, n_created_coordinator: 12
I [../src/deptran/client_worker.cc:330] 2022-05-27 16:13:26.549 | wait for finish... n_ceased_cleints: 0,  n_issued: 837196, n_done: 837184, n_created_coordinator: 12
I [../src/deptran/client_worker.cc:330] 2022-05-27 16:13:31.550 | wait for finish... n_ceased_cleints: 0,  n_issued: 865642, n_done: 865630, n_created_coordinator: 12
I [../src/deptran/client_worker.cc:330] 2022-05-27 16:13:36.550 | wait for finish... n_ceased_cleints: 0,  n_issued: 893569, n_done: 893557, n_created_coordinator: 12
I [../src/deptran/client_worker.cc:330] 2022-05-27 16:13:41.550 | wait for finish... n_ceased_cleints: 0,  n_issued: 921826, n_done: 921814, n_created_coordinator: 12
I [../src/deptran/client_worker.cc:330] 2022-05-27 16:13:46.550 | wait for finish... n_ceased_cleints: 0,  n_issued: 949424, n_done: 949412, n_created_coordinator: 12
I [../src/deptran/client_worker.cc:330] 2022-05-27 16:13:51.550 | wait for finish... n_ceased_cleints: 0,  n_issued: 975964, n_done: 975952, n_created_coordinator: 12
I [../src/deptran/client_worker.cc:330] 2022-05-27 16:13:56.550 | wait for finish... n_ceased_cleints: 0,  n_issued: 1002787, n_done: 1002775, n_created_coordinator: 12
I [../src/deptran/client_worker.cc:330] 2022-05-27 16:14:01.550 | wait for finish... n_ceased_cleints: 0,  n_issued: 1030468, n_done: 1030456, n_created_coordinator: 12
I [../src/deptran/client_worker.cc:330] 2022-05-27 16:14:06.550 | wait for finish... n_ceased_cleints: 0,  n_issued: 1066958, n_done: 1066946, n_created_coordinator: 12
I [../src/deptran/client_worker.cc:330] 2022-05-27 16:14:11.551 | wait for finish... n_ceased_cleints: 0,  n_issued: 1106124, n_done: 1106112, n_created_coordinator: 12
I [../src/deptran/s_main.cc:140] 2022-05-27 16:14:14.969 | wait_for_clients: wait for client threads to exit.
I [../src/deptran/client_worker.cc:330] 2022-05-27 16:14:16.551 | wait for finish... n_ceased_cleints: 0,  n_issued: 1145485, n_done: 1145473, n_created_coordinator: 12
I [../src/deptran/client_worker.cc:317] 2022-05-27 16:14:17.539 | wait for all outstanding requests to finish.
I [../src/deptran/client_worker.cc:343] 2022-05-27 16:14:21.551 | Finish:
Total: 1150591, Commit: 1150591, Attempts: 0, Running for 180, Throughput: 6392.17

I [../src/deptran/client_worker.cc:348] 2022-05-27 16:14:21.551 | Work: wait_for_shutdown at client 3
