I [../src/deptran/s_main.cc:136] 2022-05-27 16:27:26.456 | PWD : 
I [../src/deptran/s_main.cc:284] 2022-05-27 16:27:26.457 | starting process 19028
I [../src/deptran/s_main.cc:279] 2022-05-27 16:27:26.457 | ulimit -n is 1024
I [../src/deptran/config.cc:285] 2022-05-27 16:27:26.457 | LoadYML: /home/xuhao/code/depfast/tmp/janus-final-testnameqim754gr.yml
I [../src/deptran/config.cc:403] 2022-05-27 16:27:26.457 | BuildSiteProcMap
I [../src/deptran/config.cc:655] 2022-05-27 16:27:26.457 | group size: 1
I [../src/deptran/config.cc:655] 2022-05-27 16:27:26.457 | group size: 1
I [../src/deptran/config.cc:655] 2022-05-27 16:27:26.457 | group size: 1
I [../src/deptran/config.cc:681] 2022-05-27 16:27:26.457 | client forwarding: 0
I [../src/deptran/config.cc:320] 2022-05-27 16:27:26.457 | # of concurrent requests: 12
I [../src/deptran/s_main.cc:290] 2022-05-27 16:27:26.457 | Read config finish
I [../src/deptran/s_main.cc:30] 2022-05-27 16:27:26.457 | client_setup_heartbeat
I [../src/deptran/s_main.cc:46] 2022-05-27 16:27:26.458 | Start control server on port 5555
I [../src/rrr/rpc/server.cpp:575] 2022-05-27 16:27:26.458 | bind address is: 0.0.0.0:5555
I [../src/rrr/rpc/server.cpp:570] 2022-05-27 16:27:26.458 | rrr::Server: started on 0.0.0.0:5555
I [../src/deptran/s_main.cc:314] 2022-05-27 16:27:26.458 | no servers on this process
I [../src/deptran/s_main.cc:54] 2022-05-27 16:27:26.458 | client enabled, number of sites: 1
I [../src/deptran/communicator.cc:25] 2022-05-27 16:27:26.458 | size of partitions: 1
I [../src/rrr/reactor/reactor.cc:389] 2022-05-27 16:27:26.460 | starting poll thread
I [../src/rrr/reactor/reactor.cc:389] 2022-05-27 16:27:26.460 | starting poll thread
I [../src/deptran/communicator.cc:191] 2022-05-27 16:27:27.461 | connect to site: 10.0.0.13:10000 success!
I [../src/deptran/communicator.cc:191] 2022-05-27 16:27:27.462 | connect to site: 10.0.0.14:10001 success!
I [../src/deptran/communicator.cc:191] 2022-05-27 16:27:27.463 | connect to site: 10.0.0.15:10002 success!
I [../src/deptran/communicator.cc:74] 2022-05-27 16:27:27.465 | Done waiting to connect to client leaders.
I [../src/deptran/client_worker.cc:330] 2022-05-27 16:27:29.015 | wait for finish... n_ceased_cleints: 0,  n_issued: 0, n_done: 0, n_created_coordinator: 0
I [../src/deptran/client_worker.cc:314] 2022-05-27 16:27:29.016 | wait for all virtual clients to stop issuing new requests.
I [../src/deptran/client_worker.cc:330] 2022-05-27 16:27:34.015 | wait for finish... n_ceased_cleints: 0,  n_issued: 45810, n_done: 45798, n_created_coordinator: 12
I [../src/deptran/client_worker.cc:330] 2022-05-27 16:27:39.015 | wait for finish... n_ceased_cleints: 0,  n_issued: 95339, n_done: 95327, n_created_coordinator: 12
I [../src/deptran/client_worker.cc:330] 2022-05-27 16:27:44.016 | wait for finish... n_ceased_cleints: 0,  n_issued: 141662, n_done: 141650, n_created_coordinator: 12
I [../src/deptran/client_worker.cc:330] 2022-05-27 16:27:49.016 | wait for finish... n_ceased_cleints: 0,  n_issued: 186866, n_done: 186854, n_created_coordinator: 12
I [../src/deptran/client_worker.cc:330] 2022-05-27 16:27:54.016 | wait for finish... n_ceased_cleints: 0,  n_issued: 232123, n_done: 232111, n_created_coordinator: 12
I [../src/deptran/client_worker.cc:330] 2022-05-27 16:27:59.016 | wait for finish... n_ceased_cleints: 0,  n_issued: 276907, n_done: 276895, n_created_coordinator: 12
I [../src/deptran/client_worker.cc:330] 2022-05-27 16:28:04.016 | wait for finish... n_ceased_cleints: 0,  n_issued: 320141, n_done: 320129, n_created_coordinator: 12
I [../src/deptran/client_worker.cc:330] 2022-05-27 16:28:09.016 | wait for finish... n_ceased_cleints: 0,  n_issued: 363521, n_done: 363509, n_created_coordinator: 12
I [../src/deptran/client_worker.cc:330] 2022-05-27 16:28:14.016 | wait for finish... n_ceased_cleints: 0,  n_issued: 407238, n_done: 407226, n_created_coordinator: 12
I [../src/deptran/client_worker.cc:330] 2022-05-27 16:28:19.016 | wait for finish... n_ceased_cleints: 0,  n_issued: 449495, n_done: 449483, n_created_coordinator: 12
I [../src/deptran/client_worker.cc:330] 2022-05-27 16:28:24.016 | wait for finish... n_ceased_cleints: 0,  n_issued: 491428, n_done: 491416, n_created_coordinator: 12
I [../src/deptran/client_worker.cc:330] 2022-05-27 16:28:29.017 | wait for finish... n_ceased_cleints: 0,  n_issued: 532453, n_done: 532441, n_created_coordinator: 12
I [../src/deptran/client_worker.cc:330] 2022-05-27 16:28:34.017 | wait for finish... n_ceased_cleints: 0,  n_issued: 573440, n_done: 573428, n_created_coordinator: 12
I [../src/deptran/client_worker.cc:330] 2022-05-27 16:28:39.017 | wait for finish... n_ceased_cleints: 0,  n_issued: 614894, n_done: 614882, n_created_coordinator: 12
I [../src/deptran/client_worker.cc:330] 2022-05-27 16:28:44.017 | wait for finish... n_ceased_cleints: 0,  n_issued: 656039, n_done: 656027, n_created_coordinator: 12
I [../src/deptran/client_worker.cc:330] 2022-05-27 16:28:49.017 | wait for finish... n_ceased_cleints: 0,  n_issued: 697659, n_done: 697647, n_created_coordinator: 12
I [../src/deptran/client_worker.cc:330] 2022-05-27 16:28:54.017 | wait for finish... n_ceased_cleints: 0,  n_issued: 738918, n_done: 738906, n_created_coordinator: 12
I [../src/deptran/client_worker.cc:330] 2022-05-27 16:28:59.017 | wait for finish... n_ceased_cleints: 0,  n_issued: 778822, n_done: 778810, n_created_coordinator: 12
I [../src/deptran/client_worker.cc:330] 2022-05-27 16:29:04.018 | wait for finish... n_ceased_cleints: 0,  n_issued: 818816, n_done: 818804, n_created_coordinator: 12
I [../src/deptran/client_worker.cc:330] 2022-05-27 16:29:09.018 | wait for finish... n_ceased_cleints: 0,  n_issued: 859902, n_done: 859890, n_created_coordinator: 12
I [../src/deptran/client_worker.cc:330] 2022-05-27 16:29:14.018 | wait for finish... n_ceased_cleints: 0,  n_issued: 901000, n_done: 900988, n_created_coordinator: 12
I [../src/deptran/client_worker.cc:330] 2022-05-27 16:29:19.018 | wait for finish... n_ceased_cleints: 0,  n_issued: 943412, n_done: 943400, n_created_coordinator: 12
I [../src/deptran/client_worker.cc:330] 2022-05-27 16:29:24.018 | wait for finish... n_ceased_cleints: 0,  n_issued: 983886, n_done: 983874, n_created_coordinator: 12
I [../src/deptran/client_worker.cc:330] 2022-05-27 16:29:29.018 | wait for finish... n_ceased_cleints: 0,  n_issued: 1025279, n_done: 1025267, n_created_coordinator: 12
I [../src/deptran/client_worker.cc:330] 2022-05-27 16:29:34.018 | wait for finish... n_ceased_cleints: 0,  n_issued: 1066422, n_done: 1066410, n_created_coordinator: 12
I [../src/deptran/client_worker.cc:330] 2022-05-27 16:29:39.018 | wait for finish... n_ceased_cleints: 0,  n_issued: 1108036, n_done: 1108024, n_created_coordinator: 12
I [../src/deptran/client_worker.cc:330] 2022-05-27 16:29:44.018 | wait for finish... n_ceased_cleints: 0,  n_issued: 1149203, n_done: 1149191, n_created_coordinator: 12
I [../src/deptran/client_worker.cc:330] 2022-05-27 16:29:49.019 | wait for finish... n_ceased_cleints: 0,  n_issued: 1190300, n_done: 1190288, n_created_coordinator: 12
I [../src/deptran/client_worker.cc:330] 2022-05-27 16:29:54.019 | wait for finish... n_ceased_cleints: 0,  n_issued: 1230641, n_done: 1230629, n_created_coordinator: 12
I [../src/deptran/client_worker.cc:330] 2022-05-27 16:29:59.019 | wait for finish... n_ceased_cleints: 0,  n_issued: 1270531, n_done: 1270519, n_created_coordinator: 12
I [../src/deptran/client_worker.cc:330] 2022-05-27 16:30:04.019 | wait for finish... n_ceased_cleints: 0,  n_issued: 1310623, n_done: 1310611, n_created_coordinator: 12
I [../src/deptran/client_worker.cc:330] 2022-05-27 16:30:09.019 | wait for finish... n_ceased_cleints: 0,  n_issued: 1351570, n_done: 1351558, n_created_coordinator: 12
I [../src/deptran/client_worker.cc:330] 2022-05-27 16:30:14.019 | wait for finish... n_ceased_cleints: 0,  n_issued: 1393952, n_done: 1393940, n_created_coordinator: 12
I [../src/deptran/client_worker.cc:330] 2022-05-27 16:30:19.019 | wait for finish... n_ceased_cleints: 0,  n_issued: 1435719, n_done: 1435707, n_created_coordinator: 12
I [../src/deptran/client_worker.cc:330] 2022-05-27 16:30:24.019 | wait for finish... n_ceased_cleints: 0,  n_issued: 1475056, n_done: 1475044, n_created_coordinator: 12
I [../src/deptran/s_main.cc:140] 2022-05-27 16:30:27.464 | wait_for_clients: wait for client threads to exit.
I [../src/deptran/client_worker.cc:330] 2022-05-27 16:30:29.019 | wait for finish... n_ceased_cleints: 0,  n_issued: 1514761, n_done: 1514749, n_created_coordinator: 12
I [../src/deptran/client_worker.cc:317] 2022-05-27 16:30:29.867 | wait for all outstanding requests to finish.
I [../src/deptran/client_worker.cc:343] 2022-05-27 16:30:34.020 | Finish:
Total: 1519721, Commit: 1519721, Attempts: 0, Running for 180, Throughput: 8442.89

I [../src/deptran/client_worker.cc:348] 2022-05-27 16:30:34.020 | Work: wait_for_shutdown at client 3
