I [../src/deptran/s_main.cc:136] 2022-05-19 19:43:44.427 | PWD : 
I [../src/deptran/s_main.cc:284] 2022-05-19 19:43:44.427 | starting process 11442
I [../src/deptran/s_main.cc:279] 2022-05-19 19:43:44.427 | ulimit -n is 1024
I [../src/deptran/config.cc:285] 2022-05-19 19:43:44.427 | LoadYML: /home/xuhao/code/depfast/tmp/janus-final-testname5yo0esbv.yml
I [../src/deptran/config.cc:403] 2022-05-19 19:43:44.427 | BuildSiteProcMap
I [../src/deptran/config.cc:655] 2022-05-19 19:43:44.428 | group size: 1
I [../src/deptran/config.cc:681] 2022-05-19 19:43:44.428 | client forwarding: 0
I [../src/deptran/config.cc:320] 2022-05-19 19:43:44.428 | # of concurrent requests: 80
I [../src/deptran/s_main.cc:290] 2022-05-19 19:43:44.428 | Read config finish
I [../src/deptran/s_main.cc:30] 2022-05-19 19:43:44.428 | client_setup_heartbeat
I [../src/deptran/s_main.cc:46] 2022-05-19 19:43:44.428 | Start control server on port 5555
I [../src/rrr/rpc/server.cpp:575] 2022-05-19 19:43:44.428 | bind address is: 0.0.0.0:5555
I [../src/rrr/reactor/reactor.cc:389] 2022-05-19 19:43:44.428 | starting poll thread
I [../src/rrr/rpc/server.cpp:570] 2022-05-19 19:43:44.428 | rrr::Server: started on 0.0.0.0:5555
I [../src/deptran/s_main.cc:314] 2022-05-19 19:43:44.428 | no servers on this process
I [../src/deptran/s_main.cc:54] 2022-05-19 19:43:44.428 | client enabled, number of sites: 1
I [../src/deptran/communicator.cc:25] 2022-05-19 19:43:44.428 | size of partitions: 1
I [../src/rrr/reactor/reactor.cc:389] 2022-05-19 19:43:44.428 | starting poll thread
I [../src/deptran/communicator.cc:191] 2022-05-19 19:43:46.435 | connect to site: 10.0.0.13:10000 success!
I [../src/deptran/communicator.cc:191] 2022-05-19 19:43:46.437 | connect to site: 10.0.0.14:10001 success!
I [../src/deptran/communicator.cc:191] 2022-05-19 19:43:46.437 | connect to site: 10.0.0.15:10002 success!
I [../src/deptran/communicator.cc:191] 2022-05-19 19:43:46.438 | connect to site: 10.0.0.55:10003 success!
I [../src/deptran/communicator.cc:191] 2022-05-19 19:43:46.439 | connect to site: 10.0.0.58:10004 success!
I [../src/deptran/communicator.cc:74] 2022-05-19 19:43:46.439 | Done waiting to connect to client leaders.
I [../src/deptran/client_worker.cc:330] 2022-05-19 19:43:48.255 | wait for finish... n_ceased_cleints: 0,  n_issued: 0, n_done: 0, n_created_coordinator: 0
I [../src/deptran/client_worker.cc:314] 2022-05-19 19:43:48.256 | wait for all virtual clients to stop issuing new requests.
I [../src/deptran/client_worker.cc:330] 2022-05-19 19:43:53.255 | wait for finish... n_ceased_cleints: 0,  n_issued: 36485, n_done: 36405, n_created_coordinator: 80
I [../src/deptran/client_worker.cc:330] 2022-05-19 19:43:58.255 | wait for finish... n_ceased_cleints: 0,  n_issued: 76052, n_done: 75972, n_created_coordinator: 80
I [../src/deptran/client_worker.cc:330] 2022-05-19 19:44:03.255 | wait for finish... n_ceased_cleints: 0,  n_issued: 115528, n_done: 115448, n_created_coordinator: 80
I [../src/deptran/client_worker.cc:330] 2022-05-19 19:44:08.255 | wait for finish... n_ceased_cleints: 0,  n_issued: 154961, n_done: 154881, n_created_coordinator: 80
I [../src/deptran/client_worker.cc:330] 2022-05-19 19:44:13.255 | wait for finish... n_ceased_cleints: 0,  n_issued: 194906, n_done: 194826, n_created_coordinator: 80
I [../src/deptran/client_worker.cc:330] 2022-05-19 19:44:18.255 | wait for finish... n_ceased_cleints: 0,  n_issued: 234560, n_done: 234480, n_created_coordinator: 80
I [../src/deptran/client_worker.cc:330] 2022-05-19 19:44:23.256 | wait for finish... n_ceased_cleints: 0,  n_issued: 274051, n_done: 273971, n_created_coordinator: 80
I [../src/deptran/client_worker.cc:330] 2022-05-19 19:44:28.256 | wait for finish... n_ceased_cleints: 0,  n_issued: 313406, n_done: 313326, n_created_coordinator: 80
I [../src/deptran/client_worker.cc:330] 2022-05-19 19:44:33.256 | wait for finish... n_ceased_cleints: 0,  n_issued: 353216, n_done: 353136, n_created_coordinator: 80
I [../src/deptran/client_worker.cc:330] 2022-05-19 19:44:38.256 | wait for finish... n_ceased_cleints: 0,  n_issued: 392964, n_done: 392884, n_created_coordinator: 80
I [../src/deptran/client_worker.cc:330] 2022-05-19 19:44:43.256 | wait for finish... n_ceased_cleints: 0,  n_issued: 433698, n_done: 433618, n_created_coordinator: 80
I [../src/deptran/s_main.cc:140] 2022-05-19 19:44:46.439 | wait_for_clients: wait for client threads to exit.
I [../src/deptran/client_worker.cc:330] 2022-05-19 19:44:48.256 | wait for finish... n_ceased_cleints: 0,  n_issued: 474353, n_done: 474273, n_created_coordinator: 80
I [../src/deptran/client_worker.cc:317] 2022-05-19 19:44:49.259 | wait for all outstanding requests to finish.
I [../src/deptran/client_worker.cc:343] 2022-05-19 19:44:53.256 | Finish:
Total: 479204, Commit: 479204, Attempts: 0, Running for 60, Throughput: 7986.73

I [../src/deptran/client_worker.cc:348] 2022-05-19 19:44:53.256 | Work: wait_for_shutdown at client 5
