I [../src/deptran/s_main.cc:136] 2022-05-21 01:49:41.452 | PWD : 
I [../src/deptran/s_main.cc:284] 2022-05-21 01:49:41.452 | starting process 910
I [../src/deptran/s_main.cc:279] 2022-05-21 01:49:41.452 | ulimit -n is 1024
I [../src/deptran/config.cc:285] 2022-05-21 01:49:41.452 | LoadYML: /home/xuhao/code/depfast/tmp/janus-final-testnameet5zbvm8.yml
I [../src/deptran/config.cc:403] 2022-05-21 01:49:41.453 | BuildSiteProcMap
I [../src/deptran/config.cc:655] 2022-05-21 01:49:41.453 | group size: 1
I [../src/deptran/config.cc:655] 2022-05-21 01:49:41.453 | group size: 1
I [../src/deptran/config.cc:655] 2022-05-21 01:49:41.453 | group size: 1
I [../src/deptran/config.cc:681] 2022-05-21 01:49:41.453 | client forwarding: 0
I [../src/deptran/config.cc:320] 2022-05-21 01:49:41.453 | # of concurrent requests: 10
I [../src/deptran/s_main.cc:290] 2022-05-21 01:49:41.453 | Read config finish
I [../src/deptran/s_main.cc:30] 2022-05-21 01:49:41.453 | client_setup_heartbeat
I [../src/deptran/s_main.cc:46] 2022-05-21 01:49:41.453 | Start control server on port 5555
I [../src/rrr/rpc/server.cpp:575] 2022-05-21 01:49:41.453 | bind address is: 0.0.0.0:5555
I [../src/rrr/rpc/server.cpp:570] 2022-05-21 01:49:41.453 | rrr::Server: started on 0.0.0.0:5555
I [../src/deptran/s_main.cc:314] 2022-05-21 01:49:41.453 | no servers on this process
I [../src/deptran/s_main.cc:54] 2022-05-21 01:49:41.453 | client enabled, number of sites: 1
I [../src/deptran/communicator.cc:25] 2022-05-21 01:49:41.454 | size of partitions: 1
I [../src/rrr/reactor/reactor.cc:389] 2022-05-21 01:49:41.455 | starting poll thread
I [../src/rrr/reactor/reactor.cc:389] 2022-05-21 01:49:41.456 | starting poll thread
I [../src/deptran/communicator.cc:191] 2022-05-21 01:49:42.456 | connect to site: 10.0.0.13:10000 success!
I [../src/deptran/communicator.cc:191] 2022-05-21 01:49:42.458 | connect to site: 10.0.0.14:10001 success!
I [../src/deptran/communicator.cc:191] 2022-05-21 01:49:42.459 | connect to site: 10.0.0.15:10002 success!
I [../src/deptran/communicator.cc:74] 2022-05-21 01:49:42.460 | Done waiting to connect to client leaders.
I [../src/deptran/client_worker.cc:330] 2022-05-21 01:49:44.024 | wait for finish... n_ceased_cleints: 0,  n_issued: 0, n_done: 0, n_created_coordinator: 0
I [../src/deptran/client_worker.cc:314] 2022-05-21 01:49:44.025 | wait for all virtual clients to stop issuing new requests.
I [../src/deptran/client_worker.cc:330] 2022-05-21 01:49:49.024 | wait for finish... n_ceased_cleints: 0,  n_issued: 44236, n_done: 44226, n_created_coordinator: 10
I [../src/deptran/client_worker.cc:330] 2022-05-21 01:49:54.024 | wait for finish... n_ceased_cleints: 0,  n_issued: 90155, n_done: 90146, n_created_coordinator: 10
I [../src/deptran/client_worker.cc:330] 2022-05-21 01:49:59.024 | wait for finish... n_ceased_cleints: 0,  n_issued: 136588, n_done: 136578, n_created_coordinator: 10
I [../src/deptran/client_worker.cc:330] 2022-05-21 01:50:04.024 | wait for finish... n_ceased_cleints: 0,  n_issued: 182340, n_done: 182330, n_created_coordinator: 10
I [../src/deptran/client_worker.cc:330] 2022-05-21 01:50:09.024 | wait for finish... n_ceased_cleints: 0,  n_issued: 227222, n_done: 227212, n_created_coordinator: 10
I [../src/deptran/client_worker.cc:330] 2022-05-21 01:50:14.024 | wait for finish... n_ceased_cleints: 0,  n_issued: 270175, n_done: 270165, n_created_coordinator: 10
I [../src/deptran/client_worker.cc:330] 2022-05-21 01:50:19.024 | wait for finish... n_ceased_cleints: 0,  n_issued: 312958, n_done: 312948, n_created_coordinator: 10
I [../src/deptran/client_worker.cc:330] 2022-05-21 01:50:24.024 | wait for finish... n_ceased_cleints: 0,  n_issued: 355960, n_done: 355950, n_created_coordinator: 10
I [../src/deptran/client_worker.cc:330] 2022-05-21 01:50:29.025 | wait for finish... n_ceased_cleints: 0,  n_issued: 400467, n_done: 400457, n_created_coordinator: 10
I [../src/deptran/client_worker.cc:330] 2022-05-21 01:50:34.025 | wait for finish... n_ceased_cleints: 0,  n_issued: 445509, n_done: 445499, n_created_coordinator: 10
I [../src/deptran/client_worker.cc:330] 2022-05-21 01:50:39.025 | wait for finish... n_ceased_cleints: 0,  n_issued: 488878, n_done: 488868, n_created_coordinator: 10
I [../src/deptran/s_main.cc:140] 2022-05-21 01:50:42.459 | wait_for_clients: wait for client threads to exit.
I [../src/deptran/client_worker.cc:330] 2022-05-21 01:50:44.025 | wait for finish... n_ceased_cleints: 0,  n_issued: 531581, n_done: 531571, n_created_coordinator: 10
I [../src/deptran/client_worker.cc:317] 2022-05-21 01:50:44.951 | wait for all outstanding requests to finish.
I [../src/deptran/client_worker.cc:343] 2022-05-21 01:50:49.025 | Finish:
Total: 537719, Commit: 537719, Attempts: 0, Running for 60, Throughput: 8961.98

I [../src/deptran/client_worker.cc:348] 2022-05-21 01:50:49.025 | Work: wait_for_shutdown at client 3
