I [../src/deptran/s_main.cc:136] 2022-05-19 22:39:16.031 | PWD : 
I [../src/deptran/s_main.cc:284] 2022-05-19 22:39:16.031 | starting process 4952
I [../src/deptran/s_main.cc:279] 2022-05-19 22:39:16.031 | ulimit -n is 1024
I [../src/deptran/config.cc:285] 2022-05-19 22:39:16.031 | LoadYML: /home/xuhao/code/depfast/tmp/janus-final-testnamezeiokbkk.yml
I [../src/deptran/config.cc:403] 2022-05-19 22:39:16.032 | BuildSiteProcMap
I [../src/deptran/config.cc:655] 2022-05-19 22:39:16.032 | group size: 1
I [../src/deptran/config.cc:681] 2022-05-19 22:39:16.032 | client forwarding: 0
I [../src/deptran/config.cc:320] 2022-05-19 22:39:16.032 | # of concurrent requests: 1
I [../src/deptran/s_main.cc:290] 2022-05-19 22:39:16.032 | Read config finish
I [../src/deptran/s_main.cc:30] 2022-05-19 22:39:16.032 | client_setup_heartbeat
I [../src/deptran/s_main.cc:46] 2022-05-19 22:39:16.032 | Start control server on port 5555
I [../src/rrr/rpc/server.cpp:575] 2022-05-19 22:39:16.032 | bind address is: 0.0.0.0:5555
I [../src/rrr/reactor/reactor.cc:389] 2022-05-19 22:39:16.032 | starting poll thread
I [../src/rrr/rpc/server.cpp:570] 2022-05-19 22:39:16.032 | rrr::Server: started on 0.0.0.0:5555
I [../src/deptran/s_main.cc:314] 2022-05-19 22:39:16.032 | no servers on this process
I [../src/deptran/s_main.cc:54] 2022-05-19 22:39:16.032 | client enabled, number of sites: 1
I [../src/deptran/communicator.cc:25] 2022-05-19 22:39:16.032 | size of partitions: 1
I [../src/rrr/reactor/reactor.cc:389] 2022-05-19 22:39:16.032 | starting poll thread
I [../src/deptran/communicator.cc:191] 2022-05-19 22:39:18.036 | connect to site: 10.0.0.13:10000 success!
I [../src/deptran/communicator.cc:191] 2022-05-19 22:39:18.038 | connect to site: 10.0.0.14:10001 success!
I [../src/deptran/communicator.cc:191] 2022-05-19 22:39:18.039 | connect to site: 10.0.0.15:10002 success!
I [../src/deptran/communicator.cc:74] 2022-05-19 22:39:18.039 | Done waiting to connect to client leaders.
I [../src/deptran/client_worker.cc:330] 2022-05-19 22:39:19.621 | wait for finish... n_ceased_cleints: 0,  n_issued: 0, n_done: 0, n_created_coordinator: 0
I [../src/deptran/client_worker.cc:314] 2022-05-19 22:39:19.622 | wait for all virtual clients to stop issuing new requests.
I [../src/deptran/client_worker.cc:330] 2022-05-19 22:39:24.621 | wait for finish... n_ceased_cleints: 0,  n_issued: 12783, n_done: 12782, n_created_coordinator: 1
I [../src/deptran/client_worker.cc:330] 2022-05-19 22:39:29.621 | wait for finish... n_ceased_cleints: 0,  n_issued: 27802, n_done: 27801, n_created_coordinator: 1
I [../src/deptran/client_worker.cc:330] 2022-05-19 22:39:34.621 | wait for finish... n_ceased_cleints: 0,  n_issued: 42837, n_done: 42836, n_created_coordinator: 1
I [../src/deptran/client_worker.cc:330] 2022-05-19 22:39:39.621 | wait for finish... n_ceased_cleints: 0,  n_issued: 57924, n_done: 57923, n_created_coordinator: 1
I [../src/deptran/client_worker.cc:330] 2022-05-19 22:39:44.621 | wait for finish... n_ceased_cleints: 0,  n_issued: 72937, n_done: 72936, n_created_coordinator: 1
I [../src/deptran/client_worker.cc:330] 2022-05-19 22:39:49.621 | wait for finish... n_ceased_cleints: 0,  n_issued: 87885, n_done: 87884, n_created_coordinator: 1
I [../src/deptran/client_worker.cc:330] 2022-05-19 22:39:54.621 | wait for finish... n_ceased_cleints: 0,  n_issued: 102103, n_done: 102102, n_created_coordinator: 1
I [../src/deptran/client_worker.cc:330] 2022-05-19 22:39:59.622 | wait for finish... n_ceased_cleints: 0,  n_issued: 116899, n_done: 116898, n_created_coordinator: 1
I [../src/deptran/client_worker.cc:330] 2022-05-19 22:40:04.622 | wait for finish... n_ceased_cleints: 0,  n_issued: 131615, n_done: 131614, n_created_coordinator: 1
I [../src/deptran/client_worker.cc:330] 2022-05-19 22:40:09.622 | wait for finish... n_ceased_cleints: 0,  n_issued: 146665, n_done: 146664, n_created_coordinator: 1
I [../src/deptran/client_worker.cc:330] 2022-05-19 22:40:14.622 | wait for finish... n_ceased_cleints: 0,  n_issued: 161243, n_done: 161242, n_created_coordinator: 1
I [../src/deptran/s_main.cc:140] 2022-05-19 22:40:18.039 | wait_for_clients: wait for client threads to exit.
I [../src/deptran/client_worker.cc:330] 2022-05-19 22:40:19.622 | wait for finish... n_ceased_cleints: 0,  n_issued: 175950, n_done: 175949, n_created_coordinator: 1
I [../src/deptran/client_worker.cc:317] 2022-05-19 22:40:20.427 | wait for all outstanding requests to finish.
I [../src/deptran/client_worker.cc:343] 2022-05-19 22:40:24.622 | Finish:
Total: 178331, Commit: 178331, Attempts: 0, Running for 60, Throughput: 2972.18

I [../src/deptran/client_worker.cc:348] 2022-05-19 22:40:24.622 | Work: wait_for_shutdown at client 3
