I [../src/deptran/s_main.cc:136] 2022-05-27 15:59:55.308 | PWD : 
I [../src/deptran/s_main.cc:284] 2022-05-27 15:59:55.308 | starting process 14482
I [../src/deptran/s_main.cc:279] 2022-05-27 15:59:55.308 | ulimit -n is 1024
I [../src/deptran/config.cc:285] 2022-05-27 15:59:55.308 | LoadYML: /home/xuhao/code/depfast/tmp/janus-final-testnameqfgfy4me.yml
I [../src/deptran/config.cc:403] 2022-05-27 15:59:55.309 | BuildSiteProcMap
I [../src/deptran/config.cc:655] 2022-05-27 15:59:55.309 | group size: 1
I [../src/deptran/config.cc:655] 2022-05-27 15:59:55.309 | group size: 1
I [../src/deptran/config.cc:655] 2022-05-27 15:59:55.309 | group size: 1
I [../src/deptran/config.cc:681] 2022-05-27 15:59:55.309 | client forwarding: 0
I [../src/deptran/config.cc:320] 2022-05-27 15:59:55.309 | # of concurrent requests: 10
I [../src/deptran/s_main.cc:290] 2022-05-27 15:59:55.309 | Read config finish
I [../src/deptran/s_main.cc:30] 2022-05-27 15:59:55.309 | client_setup_heartbeat
I [../src/deptran/s_main.cc:46] 2022-05-27 15:59:55.309 | Start control server on port 5555
I [../src/rrr/rpc/server.cpp:575] 2022-05-27 15:59:55.309 | bind address is: 0.0.0.0:5555
I [../src/rrr/rpc/server.cpp:570] 2022-05-27 15:59:55.310 | rrr::Server: started on 0.0.0.0:5555
I [../src/deptran/s_main.cc:314] 2022-05-27 15:59:55.310 | no servers on this process
I [../src/deptran/s_main.cc:54] 2022-05-27 15:59:55.310 | client enabled, number of sites: 1
I [../src/deptran/communicator.cc:25] 2022-05-27 15:59:55.310 | size of partitions: 1
I [../src/rrr/reactor/reactor.cc:389] 2022-05-27 15:59:55.311 | starting poll thread
I [../src/rrr/reactor/reactor.cc:389] 2022-05-27 15:59:55.312 | starting poll thread
I [../src/deptran/communicator.cc:191] 2022-05-27 15:59:56.313 | connect to site: 10.0.0.13:10000 success!
I [../src/deptran/communicator.cc:191] 2022-05-27 15:59:56.314 | connect to site: 10.0.0.14:10001 success!
I [../src/deptran/communicator.cc:191] 2022-05-27 15:59:56.315 | connect to site: 10.0.0.15:10002 success!
I [../src/deptran/communicator.cc:74] 2022-05-27 15:59:56.316 | Done waiting to connect to client leaders.
I [../src/deptran/client_worker.cc:330] 2022-05-27 15:59:57.883 | wait for finish... n_ceased_cleints: 0,  n_issued: 0, n_done: 0, n_created_coordinator: 0
I [../src/deptran/client_worker.cc:314] 2022-05-27 15:59:57.885 | wait for all virtual clients to stop issuing new requests.
I [../src/deptran/client_worker.cc:330] 2022-05-27 16:00:02.883 | wait for finish... n_ceased_cleints: 0,  n_issued: 34981, n_done: 34971, n_created_coordinator: 10
I [../src/deptran/client_worker.cc:330] 2022-05-27 16:00:07.883 | wait for finish... n_ceased_cleints: 0,  n_issued: 67842, n_done: 67832, n_created_coordinator: 10
I [../src/deptran/client_worker.cc:330] 2022-05-27 16:00:12.884 | wait for finish... n_ceased_cleints: 0,  n_issued: 96944, n_done: 96934, n_created_coordinator: 10
I [../src/deptran/client_worker.cc:330] 2022-05-27 16:00:17.884 | wait for finish... n_ceased_cleints: 0,  n_issued: 126557, n_done: 126547, n_created_coordinator: 10
I [../src/deptran/client_worker.cc:330] 2022-05-27 16:00:22.884 | wait for finish... n_ceased_cleints: 0,  n_issued: 159201, n_done: 159191, n_created_coordinator: 10
I [../src/deptran/client_worker.cc:330] 2022-05-27 16:00:27.884 | wait for finish... n_ceased_cleints: 0,  n_issued: 194087, n_done: 194077, n_created_coordinator: 10
I [../src/deptran/client_worker.cc:330] 2022-05-27 16:00:32.884 | wait for finish... n_ceased_cleints: 0,  n_issued: 223251, n_done: 223241, n_created_coordinator: 10
I [../src/deptran/client_worker.cc:330] 2022-05-27 16:00:37.884 | wait for finish... n_ceased_cleints: 0,  n_issued: 254951, n_done: 254941, n_created_coordinator: 10
I [../src/deptran/client_worker.cc:330] 2022-05-27 16:00:42.884 | wait for finish... n_ceased_cleints: 0,  n_issued: 287075, n_done: 287065, n_created_coordinator: 10
I [../src/deptran/client_worker.cc:330] 2022-05-27 16:00:47.884 | wait for finish... n_ceased_cleints: 0,  n_issued: 318802, n_done: 318792, n_created_coordinator: 10
I [../src/deptran/client_worker.cc:330] 2022-05-27 16:00:52.885 | wait for finish... n_ceased_cleints: 0,  n_issued: 350134, n_done: 350124, n_created_coordinator: 10
I [../src/deptran/s_main.cc:140] 2022-05-27 16:00:56.316 | wait_for_clients: wait for client threads to exit.
I [../src/deptran/client_worker.cc:330] 2022-05-27 16:00:57.885 | wait for finish... n_ceased_cleints: 0,  n_issued: 381597, n_done: 381587, n_created_coordinator: 10
I [../src/deptran/client_worker.cc:317] 2022-05-27 16:00:58.792 | wait for all outstanding requests to finish.
I [../src/deptran/client_worker.cc:343] 2022-05-27 16:01:02.885 | Finish:
Total: 384316, Commit: 384316, Attempts: 0, Running for 60, Throughput: 6405.27

I [../src/deptran/client_worker.cc:348] 2022-05-27 16:01:02.885 | Work: wait_for_shutdown at client 3
