I [../src/deptran/s_main.cc:136] 2022-05-19 21:26:22.619 | PWD : 
I [../src/deptran/s_main.cc:284] 2022-05-19 21:26:22.619 | starting process 26682
I [../src/deptran/s_main.cc:279] 2022-05-19 21:26:22.619 | ulimit -n is 1024
I [../src/deptran/config.cc:285] 2022-05-19 21:26:22.619 | LoadYML: /home/xuhao/code/depfast/tmp/janus-final-testnamedk61s_hb.yml
I [../src/deptran/config.cc:403] 2022-05-19 21:26:22.619 | BuildSiteProcMap
I [../src/deptran/config.cc:655] 2022-05-19 21:26:22.620 | group size: 1
I [../src/deptran/config.cc:681] 2022-05-19 21:26:22.620 | client forwarding: 0
I [../src/deptran/config.cc:320] 2022-05-19 21:26:22.620 | # of concurrent requests: 20
I [../src/deptran/s_main.cc:290] 2022-05-19 21:26:22.620 | Read config finish
I [../src/deptran/s_main.cc:30] 2022-05-19 21:26:22.620 | client_setup_heartbeat
I [../src/deptran/s_main.cc:46] 2022-05-19 21:26:22.620 | Start control server on port 5555
I [../src/rrr/rpc/server.cpp:575] 2022-05-19 21:26:22.620 | bind address is: 0.0.0.0:5555
I [../src/rrr/rpc/server.cpp:570] 2022-05-19 21:26:22.620 | rrr::Server: started on 0.0.0.0:5555
I [../src/deptran/s_main.cc:314] 2022-05-19 21:26:22.620 | no servers on this process
I [../src/deptran/s_main.cc:54] 2022-05-19 21:26:22.620 | client enabled, number of sites: 1
I [../src/deptran/communicator.cc:25] 2022-05-19 21:26:22.620 | size of partitions: 1
I [../src/rrr/reactor/reactor.cc:389] 2022-05-19 21:26:22.620 | starting poll thread
I [../src/rrr/reactor/reactor.cc:389] 2022-05-19 21:26:22.620 | starting poll thread
I [../src/deptran/communicator.cc:191] 2022-05-19 21:26:24.623 | connect to site: 10.0.0.13:10000 success!
I [../src/deptran/communicator.cc:191] 2022-05-19 21:26:24.625 | connect to site: 10.0.0.14:10001 success!
I [../src/deptran/communicator.cc:191] 2022-05-19 21:26:24.625 | connect to site: 10.0.0.15:10002 success!
I [../src/deptran/communicator.cc:191] 2022-05-19 21:26:24.626 | connect to site: 10.0.0.55:10003 success!
I [../src/deptran/communicator.cc:191] 2022-05-19 21:26:24.627 | connect to site: 10.0.0.58:10004 success!
I [../src/deptran/communicator.cc:74] 2022-05-19 21:26:24.627 | Done waiting to connect to client leaders.
I [../src/deptran/client_worker.cc:330] 2022-05-19 21:26:26.440 | wait for finish... n_ceased_cleints: 0,  n_issued: 0, n_done: 0, n_created_coordinator: 0
I [../src/deptran/client_worker.cc:314] 2022-05-19 21:26:26.441 | wait for all virtual clients to stop issuing new requests.
I [../src/deptran/client_worker.cc:330] 2022-05-19 21:26:31.441 | wait for finish... n_ceased_cleints: 0,  n_issued: 13229, n_done: 13209, n_created_coordinator: 20
I [../src/deptran/client_worker.cc:330] 2022-05-19 21:26:36.441 | wait for finish... n_ceased_cleints: 0,  n_issued: 28000, n_done: 27980, n_created_coordinator: 20
I [../src/deptran/client_worker.cc:330] 2022-05-19 21:26:41.441 | wait for finish... n_ceased_cleints: 0,  n_issued: 41900, n_done: 41880, n_created_coordinator: 20
I [../src/deptran/client_worker.cc:330] 2022-05-19 21:26:46.441 | wait for finish... n_ceased_cleints: 0,  n_issued: 55653, n_done: 55633, n_created_coordinator: 20
I [../src/deptran/client_worker.cc:330] 2022-05-19 21:26:51.441 | wait for finish... n_ceased_cleints: 0,  n_issued: 69533, n_done: 69513, n_created_coordinator: 20
I [../src/deptran/client_worker.cc:330] 2022-05-19 21:26:56.441 | wait for finish... n_ceased_cleints: 0,  n_issued: 83982, n_done: 83962, n_created_coordinator: 20
I [../src/deptran/client_worker.cc:330] 2022-05-19 21:27:01.441 | wait for finish... n_ceased_cleints: 0,  n_issued: 98502, n_done: 98482, n_created_coordinator: 20
I [../src/deptran/client_worker.cc:330] 2022-05-19 21:27:06.441 | wait for finish... n_ceased_cleints: 0,  n_issued: 112710, n_done: 112690, n_created_coordinator: 20
I [../src/deptran/client_worker.cc:330] 2022-05-19 21:27:11.441 | wait for finish... n_ceased_cleints: 0,  n_issued: 127181, n_done: 127161, n_created_coordinator: 20
I [../src/deptran/client_worker.cc:330] 2022-05-19 21:27:16.442 | wait for finish... n_ceased_cleints: 0,  n_issued: 141733, n_done: 141713, n_created_coordinator: 20
I [../src/deptran/client_worker.cc:330] 2022-05-19 21:27:21.442 | wait for finish... n_ceased_cleints: 0,  n_issued: 156357, n_done: 156337, n_created_coordinator: 20
I [../src/deptran/s_main.cc:140] 2022-05-19 21:27:24.627 | wait_for_clients: wait for client threads to exit.
I [../src/deptran/client_worker.cc:330] 2022-05-19 21:27:26.442 | wait for finish... n_ceased_cleints: 0,  n_issued: 171190, n_done: 171170, n_created_coordinator: 20
I [../src/deptran/client_worker.cc:317] 2022-05-19 21:27:27.435 | wait for all outstanding requests to finish.
I [../src/deptran/client_worker.cc:343] 2022-05-19 21:27:31.442 | Finish:
Total: 172823, Commit: 172823, Attempts: 0, Running for 60, Throughput: 2880.38

I [../src/deptran/client_worker.cc:348] 2022-05-19 21:27:31.442 | Work: wait_for_shutdown at client 5
