I [../src/deptran/s_main.cc:136] 2022-05-21 02:06:05.562 | PWD : 
I [../src/deptran/s_main.cc:284] 2022-05-21 02:06:05.562 | starting process 3674
I [../src/deptran/s_main.cc:279] 2022-05-21 02:06:05.562 | ulimit -n is 1024
I [../src/deptran/config.cc:285] 2022-05-21 02:06:05.562 | LoadYML: /home/xuhao/code/depfast/tmp/janus-final-testnamefudtauu8.yml
I [../src/deptran/config.cc:403] 2022-05-21 02:06:05.563 | BuildSiteProcMap
I [../src/deptran/config.cc:655] 2022-05-21 02:06:05.563 | group size: 1
I [../src/deptran/config.cc:655] 2022-05-21 02:06:05.563 | group size: 1
I [../src/deptran/config.cc:655] 2022-05-21 02:06:05.563 | group size: 1
I [../src/deptran/config.cc:681] 2022-05-21 02:06:05.563 | client forwarding: 0
I [../src/deptran/config.cc:320] 2022-05-21 02:06:05.563 | # of concurrent requests: 12
I [../src/deptran/s_main.cc:290] 2022-05-21 02:06:05.563 | Read config finish
I [../src/deptran/s_main.cc:30] 2022-05-21 02:06:05.563 | client_setup_heartbeat
I [../src/deptran/s_main.cc:46] 2022-05-21 02:06:05.564 | Start control server on port 5555
I [../src/rrr/rpc/server.cpp:575] 2022-05-21 02:06:05.564 | bind address is: 0.0.0.0:5555
I [../src/rrr/rpc/server.cpp:570] 2022-05-21 02:06:05.564 | rrr::Server: started on 0.0.0.0:5555
I [../src/deptran/s_main.cc:314] 2022-05-21 02:06:05.564 | no servers on this process
I [../src/deptran/s_main.cc:54] 2022-05-21 02:06:05.564 | client enabled, number of sites: 1
I [../src/deptran/communicator.cc:25] 2022-05-21 02:06:05.564 | size of partitions: 1
I [../src/rrr/reactor/reactor.cc:389] 2022-05-21 02:06:05.565 | starting poll thread
I [../src/rrr/reactor/reactor.cc:389] 2022-05-21 02:06:05.566 | starting poll thread
I [../src/deptran/communicator.cc:191] 2022-05-21 02:06:06.567 | connect to site: 10.0.0.13:10000 success!
I [../src/deptran/communicator.cc:191] 2022-05-21 02:06:06.568 | connect to site: 10.0.0.14:10001 success!
I [../src/deptran/communicator.cc:191] 2022-05-21 02:06:06.570 | connect to site: 10.0.0.15:10002 success!
I [../src/deptran/communicator.cc:74] 2022-05-21 02:06:06.571 | Done waiting to connect to client leaders.
I [../src/deptran/client_worker.cc:330] 2022-05-21 02:06:08.067 | wait for finish... n_ceased_cleints: 0,  n_issued: 0, n_done: 0, n_created_coordinator: 0
I [../src/deptran/client_worker.cc:314] 2022-05-21 02:06:08.069 | wait for all virtual clients to stop issuing new requests.
I [../src/deptran/client_worker.cc:330] 2022-05-21 02:06:13.067 | wait for finish... n_ceased_cleints: 0,  n_issued: 49048, n_done: 49036, n_created_coordinator: 12
I [../src/deptran/client_worker.cc:330] 2022-05-21 02:06:18.067 | wait for finish... n_ceased_cleints: 0,  n_issued: 97316, n_done: 97304, n_created_coordinator: 12
I [../src/deptran/client_worker.cc:330] 2022-05-21 02:06:23.068 | wait for finish... n_ceased_cleints: 0,  n_issued: 141416, n_done: 141404, n_created_coordinator: 12
I [../src/deptran/client_worker.cc:330] 2022-05-21 02:06:28.068 | wait for finish... n_ceased_cleints: 0,  n_issued: 184522, n_done: 184510, n_created_coordinator: 12
I [../src/deptran/client_worker.cc:330] 2022-05-21 02:06:33.068 | wait for finish... n_ceased_cleints: 0,  n_issued: 227259, n_done: 227247, n_created_coordinator: 12
I [../src/deptran/client_worker.cc:330] 2022-05-21 02:06:38.068 | wait for finish... n_ceased_cleints: 0,  n_issued: 269538, n_done: 269526, n_created_coordinator: 12
I [../src/deptran/client_worker.cc:330] 2022-05-21 02:06:43.068 | wait for finish... n_ceased_cleints: 0,  n_issued: 311724, n_done: 311712, n_created_coordinator: 12
I [../src/deptran/client_worker.cc:330] 2022-05-21 02:06:48.068 | wait for finish... n_ceased_cleints: 0,  n_issued: 353774, n_done: 353762, n_created_coordinator: 12
I [../src/deptran/client_worker.cc:330] 2022-05-21 02:06:53.068 | wait for finish... n_ceased_cleints: 0,  n_issued: 395877, n_done: 395865, n_created_coordinator: 12
I [../src/deptran/client_worker.cc:330] 2022-05-21 02:06:58.068 | wait for finish... n_ceased_cleints: 0,  n_issued: 436613, n_done: 436601, n_created_coordinator: 12
I [../src/deptran/client_worker.cc:330] 2022-05-21 02:07:03.068 | wait for finish... n_ceased_cleints: 0,  n_issued: 478033, n_done: 478021, n_created_coordinator: 12
I [../src/deptran/client_worker.cc:330] 2022-05-21 02:07:08.069 | wait for finish... n_ceased_cleints: 0,  n_issued: 519348, n_done: 519336, n_created_coordinator: 12
I [../src/deptran/client_worker.cc:330] 2022-05-21 02:07:13.069 | wait for finish... n_ceased_cleints: 0,  n_issued: 560746, n_done: 560734, n_created_coordinator: 12
I [../src/deptran/client_worker.cc:330] 2022-05-21 02:07:18.069 | wait for finish... n_ceased_cleints: 0,  n_issued: 602184, n_done: 602172, n_created_coordinator: 12
I [../src/deptran/client_worker.cc:330] 2022-05-21 02:07:23.069 | wait for finish... n_ceased_cleints: 0,  n_issued: 643083, n_done: 643071, n_created_coordinator: 12
I [../src/deptran/client_worker.cc:330] 2022-05-21 02:07:28.069 | wait for finish... n_ceased_cleints: 0,  n_issued: 683434, n_done: 683422, n_created_coordinator: 12
I [../src/deptran/client_worker.cc:330] 2022-05-21 02:07:33.069 | wait for finish... n_ceased_cleints: 0,  n_issued: 721423, n_done: 721411, n_created_coordinator: 12
I [../src/deptran/client_worker.cc:330] 2022-05-21 02:07:38.069 | wait for finish... n_ceased_cleints: 0,  n_issued: 762544, n_done: 762532, n_created_coordinator: 12
I [../src/deptran/client_worker.cc:330] 2022-05-21 02:07:43.069 | wait for finish... n_ceased_cleints: 0,  n_issued: 802658, n_done: 802646, n_created_coordinator: 12
I [../src/deptran/client_worker.cc:330] 2022-05-21 02:07:48.070 | wait for finish... n_ceased_cleints: 0,  n_issued: 842408, n_done: 842396, n_created_coordinator: 12
I [../src/deptran/client_worker.cc:330] 2022-05-21 02:07:53.070 | wait for finish... n_ceased_cleints: 0,  n_issued: 882308, n_done: 882296, n_created_coordinator: 12
I [../src/deptran/client_worker.cc:330] 2022-05-21 02:07:58.070 | wait for finish... n_ceased_cleints: 0,  n_issued: 922360, n_done: 922348, n_created_coordinator: 12
I [../src/deptran/client_worker.cc:330] 2022-05-21 02:08:03.070 | wait for finish... n_ceased_cleints: 0,  n_issued: 962207, n_done: 962195, n_created_coordinator: 12
I [../src/deptran/client_worker.cc:330] 2022-05-21 02:08:08.070 | wait for finish... n_ceased_cleints: 0,  n_issued: 1001542, n_done: 1001530, n_created_coordinator: 12
I [../src/deptran/client_worker.cc:330] 2022-05-21 02:08:13.070 | wait for finish... n_ceased_cleints: 0,  n_issued: 1041076, n_done: 1041064, n_created_coordinator: 12
I [../src/deptran/client_worker.cc:330] 2022-05-21 02:08:18.070 | wait for finish... n_ceased_cleints: 0,  n_issued: 1080125, n_done: 1080113, n_created_coordinator: 12
I [../src/deptran/client_worker.cc:330] 2022-05-21 02:08:23.070 | wait for finish... n_ceased_cleints: 0,  n_issued: 1119251, n_done: 1119239, n_created_coordinator: 12
I [../src/deptran/client_worker.cc:330] 2022-05-21 02:08:28.070 | wait for finish... n_ceased_cleints: 0,  n_issued: 1158705, n_done: 1158693, n_created_coordinator: 12
I [../src/deptran/client_worker.cc:330] 2022-05-21 02:08:33.071 | wait for finish... n_ceased_cleints: 0,  n_issued: 1197877, n_done: 1197865, n_created_coordinator: 12
I [../src/deptran/client_worker.cc:330] 2022-05-21 02:08:38.071 | wait for finish... n_ceased_cleints: 0,  n_issued: 1236810, n_done: 1236798, n_created_coordinator: 12
I [../src/deptran/client_worker.cc:330] 2022-05-21 02:08:43.071 | wait for finish... n_ceased_cleints: 0,  n_issued: 1275149, n_done: 1275137, n_created_coordinator: 12
I [../src/deptran/client_worker.cc:330] 2022-05-21 02:08:48.071 | wait for finish... n_ceased_cleints: 0,  n_issued: 1313979, n_done: 1313967, n_created_coordinator: 12
I [../src/deptran/client_worker.cc:330] 2022-05-21 02:08:53.071 | wait for finish... n_ceased_cleints: 0,  n_issued: 1349130, n_done: 1349118, n_created_coordinator: 12
I [../src/deptran/client_worker.cc:330] 2022-05-21 02:08:58.071 | wait for finish... n_ceased_cleints: 0,  n_issued: 1384279, n_done: 1384267, n_created_coordinator: 12
I [../src/deptran/client_worker.cc:330] 2022-05-21 02:09:03.071 | wait for finish... n_ceased_cleints: 0,  n_issued: 1421862, n_done: 1421850, n_created_coordinator: 12
I [../src/deptran/s_main.cc:140] 2022-05-21 02:09:06.570 | wait_for_clients: wait for client threads to exit.
I [../src/deptran/client_worker.cc:330] 2022-05-21 02:09:08.071 | wait for finish... n_ceased_cleints: 0,  n_issued: 1459984, n_done: 1459972, n_created_coordinator: 12
I [../src/deptran/client_worker.cc:317] 2022-05-21 02:09:08.699 | wait for all outstanding requests to finish.
I [../src/deptran/client_worker.cc:343] 2022-05-21 02:09:13.072 | Finish:
Total: 1463506, Commit: 1463506, Attempts: 0, Running for 180, Throughput: 8130.59

I [../src/deptran/client_worker.cc:348] 2022-05-21 02:09:13.072 | Work: wait_for_shutdown at client 3
