I [../src/deptran/s_main.cc:136] 2022-05-27 15:58:02.176 | PWD : 
I [../src/deptran/s_main.cc:284] 2022-05-27 15:58:02.176 | starting process 14024
I [../src/deptran/s_main.cc:279] 2022-05-27 15:58:02.176 | ulimit -n is 1024
I [../src/deptran/config.cc:285] 2022-05-27 15:58:02.176 | LoadYML: /home/xuhao/code/depfast/tmp/janus-final-testnamen5luksan.yml
I [../src/deptran/config.cc:403] 2022-05-27 15:58:02.177 | BuildSiteProcMap
I [../src/deptran/config.cc:655] 2022-05-27 15:58:02.177 | group size: 1
I [../src/deptran/config.cc:655] 2022-05-27 15:58:02.177 | group size: 1
I [../src/deptran/config.cc:655] 2022-05-27 15:58:02.177 | group size: 1
I [../src/deptran/config.cc:681] 2022-05-27 15:58:02.177 | client forwarding: 0
I [../src/deptran/config.cc:320] 2022-05-27 15:58:02.177 | # of concurrent requests: 8
I [../src/deptran/s_main.cc:290] 2022-05-27 15:58:02.177 | Read config finish
I [../src/deptran/s_main.cc:30] 2022-05-27 15:58:02.177 | client_setup_heartbeat
I [../src/deptran/s_main.cc:46] 2022-05-27 15:58:02.178 | Start control server on port 5555
I [../src/rrr/rpc/server.cpp:575] 2022-05-27 15:58:02.178 | bind address is: 0.0.0.0:5555
I [../src/rrr/rpc/server.cpp:570] 2022-05-27 15:58:02.178 | rrr::Server: started on 0.0.0.0:5555
I [../src/deptran/s_main.cc:314] 2022-05-27 15:58:02.178 | no servers on this process
I [../src/deptran/s_main.cc:54] 2022-05-27 15:58:02.178 | client enabled, number of sites: 1
I [../src/deptran/communicator.cc:25] 2022-05-27 15:58:02.179 | size of partitions: 1
I [../src/rrr/reactor/reactor.cc:389] 2022-05-27 15:58:02.180 | starting poll thread
I [../src/rrr/reactor/reactor.cc:389] 2022-05-27 15:58:02.182 | starting poll thread
I [../src/deptran/communicator.cc:191] 2022-05-27 15:58:03.182 | connect to site: 10.0.0.13:10000 success!
I [../src/deptran/communicator.cc:191] 2022-05-27 15:58:03.184 | connect to site: 10.0.0.14:10001 success!
I [../src/deptran/communicator.cc:191] 2022-05-27 15:58:03.185 | connect to site: 10.0.0.15:10002 success!
I [../src/deptran/communicator.cc:74] 2022-05-27 15:58:03.186 | Done waiting to connect to client leaders.
I [../src/deptran/client_worker.cc:330] 2022-05-27 15:58:04.744 | wait for finish... n_ceased_cleints: 0,  n_issued: 0, n_done: 0, n_created_coordinator: 0
I [../src/deptran/client_worker.cc:314] 2022-05-27 15:58:04.746 | wait for all virtual clients to stop issuing new requests.
I [../src/deptran/client_worker.cc:330] 2022-05-27 15:58:09.745 | wait for finish... n_ceased_cleints: 0,  n_issued: 38142, n_done: 38134, n_created_coordinator: 8
I [../src/deptran/client_worker.cc:330] 2022-05-27 15:58:14.745 | wait for finish... n_ceased_cleints: 0,  n_issued: 77487, n_done: 77479, n_created_coordinator: 8
I [../src/deptran/client_worker.cc:330] 2022-05-27 15:58:19.745 | wait for finish... n_ceased_cleints: 0,  n_issued: 116426, n_done: 116418, n_created_coordinator: 8
I [../src/deptran/client_worker.cc:330] 2022-05-27 15:58:24.745 | wait for finish... n_ceased_cleints: 0,  n_issued: 155253, n_done: 155245, n_created_coordinator: 8
I [../src/deptran/client_worker.cc:330] 2022-05-27 15:58:29.745 | wait for finish... n_ceased_cleints: 0,  n_issued: 194051, n_done: 194043, n_created_coordinator: 8
I [../src/deptran/client_worker.cc:330] 2022-05-27 15:58:34.745 | wait for finish... n_ceased_cleints: 0,  n_issued: 232951, n_done: 232943, n_created_coordinator: 8
I [../src/deptran/client_worker.cc:330] 2022-05-27 15:58:39.745 | wait for finish... n_ceased_cleints: 0,  n_issued: 271004, n_done: 270996, n_created_coordinator: 8
I [../src/deptran/client_worker.cc:330] 2022-05-27 15:58:44.745 | wait for finish... n_ceased_cleints: 0,  n_issued: 306992, n_done: 306984, n_created_coordinator: 8
I [../src/deptran/client_worker.cc:330] 2022-05-27 15:58:49.745 | wait for finish... n_ceased_cleints: 0,  n_issued: 343431, n_done: 343423, n_created_coordinator: 8
I [../src/deptran/client_worker.cc:330] 2022-05-27 15:58:54.746 | wait for finish... n_ceased_cleints: 0,  n_issued: 380308, n_done: 380300, n_created_coordinator: 8
I [../src/deptran/client_worker.cc:330] 2022-05-27 15:58:59.746 | wait for finish... n_ceased_cleints: 0,  n_issued: 416375, n_done: 416367, n_created_coordinator: 8
I [../src/deptran/s_main.cc:140] 2022-05-27 15:59:03.185 | wait_for_clients: wait for client threads to exit.
I [../src/deptran/client_worker.cc:330] 2022-05-27 15:59:04.746 | wait for finish... n_ceased_cleints: 0,  n_issued: 453034, n_done: 453026, n_created_coordinator: 8
I [../src/deptran/client_worker.cc:317] 2022-05-27 15:59:05.727 | wait for all outstanding requests to finish.
I [../src/deptran/client_worker.cc:343] 2022-05-27 15:59:09.746 | Finish:
Total: 456342, Commit: 456342, Attempts: 0, Running for 60, Throughput: 7605.70

I [../src/deptran/client_worker.cc:348] 2022-05-27 15:59:09.746 | Work: wait_for_shutdown at client 3
