I [../src/deptran/s_main.cc:136] 2022-05-27 16:15:17.108 | PWD : 
I [../src/deptran/s_main.cc:284] 2022-05-27 16:15:17.108 | starting process 17643
I [../src/deptran/s_main.cc:279] 2022-05-27 16:15:17.108 | ulimit -n is 1024
I [../src/deptran/config.cc:285] 2022-05-27 16:15:17.108 | LoadYML: /home/xuhao/code/depfast/tmp/janus-final-testnameqli3r5e6.yml
I [../src/deptran/config.cc:403] 2022-05-27 16:15:17.108 | BuildSiteProcMap
I [../src/deptran/config.cc:655] 2022-05-27 16:15:17.108 | group size: 1
I [../src/deptran/config.cc:655] 2022-05-27 16:15:17.108 | group size: 1
I [../src/deptran/config.cc:655] 2022-05-27 16:15:17.108 | group size: 1
I [../src/deptran/config.cc:681] 2022-05-27 16:15:17.108 | client forwarding: 0
I [../src/deptran/config.cc:320] 2022-05-27 16:15:17.108 | # of concurrent requests: 12
I [../src/deptran/s_main.cc:290] 2022-05-27 16:15:17.108 | Read config finish
I [../src/deptran/s_main.cc:30] 2022-05-27 16:15:17.108 | client_setup_heartbeat
I [../src/deptran/s_main.cc:46] 2022-05-27 16:15:17.109 | Start control server on port 5555
I [../src/rrr/rpc/server.cpp:575] 2022-05-27 16:15:17.109 | bind address is: 0.0.0.0:5555
I [../src/rrr/rpc/server.cpp:570] 2022-05-27 16:15:17.109 | rrr::Server: started on 0.0.0.0:5555
I [../src/deptran/s_main.cc:314] 2022-05-27 16:15:17.109 | no servers on this process
I [../src/deptran/s_main.cc:54] 2022-05-27 16:15:17.109 | client enabled, number of sites: 1
I [../src/rrr/reactor/reactor.cc:389] 2022-05-27 16:15:17.110 | starting poll thread
I [../src/deptran/communicator.cc:25] 2022-05-27 16:15:17.110 | size of partitions: 1
I [../src/rrr/reactor/reactor.cc:389] 2022-05-27 16:15:17.111 | starting poll thread
I [../src/deptran/communicator.cc:191] 2022-05-27 16:15:18.112 | connect to site: 10.0.0.13:10000 success!
I [../src/deptran/communicator.cc:191] 2022-05-27 16:15:18.114 | connect to site: 10.0.0.14:10001 success!
I [../src/deptran/communicator.cc:191] 2022-05-27 16:15:18.115 | connect to site: 10.0.0.15:10002 success!
I [../src/deptran/communicator.cc:74] 2022-05-27 16:15:18.117 | Done waiting to connect to client leaders.
I [../src/deptran/client_worker.cc:330] 2022-05-27 16:15:19.697 | wait for finish... n_ceased_cleints: 0,  n_issued: 0, n_done: 0, n_created_coordinator: 0
I [../src/deptran/client_worker.cc:314] 2022-05-27 16:15:19.699 | wait for all virtual clients to stop issuing new requests.
I [../src/deptran/client_worker.cc:330] 2022-05-27 16:15:24.697 | wait for finish... n_ceased_cleints: 0,  n_issued: 42879, n_done: 42867, n_created_coordinator: 12
I [../src/deptran/client_worker.cc:330] 2022-05-27 16:15:29.698 | wait for finish... n_ceased_cleints: 0,  n_issued: 73555, n_done: 73543, n_created_coordinator: 12
I [../src/deptran/client_worker.cc:330] 2022-05-27 16:15:34.698 | wait for finish... n_ceased_cleints: 0,  n_issued: 103135, n_done: 103123, n_created_coordinator: 12
I [../src/deptran/client_worker.cc:330] 2022-05-27 16:15:39.698 | wait for finish... n_ceased_cleints: 0,  n_issued: 131389, n_done: 131377, n_created_coordinator: 12
I [../src/deptran/client_worker.cc:330] 2022-05-27 16:15:44.698 | wait for finish... n_ceased_cleints: 0,  n_issued: 159652, n_done: 159640, n_created_coordinator: 12
I [../src/deptran/client_worker.cc:330] 2022-05-27 16:15:49.698 | wait for finish... n_ceased_cleints: 0,  n_issued: 186711, n_done: 186699, n_created_coordinator: 12
I [../src/deptran/client_worker.cc:330] 2022-05-27 16:15:54.698 | wait for finish... n_ceased_cleints: 0,  n_issued: 213827, n_done: 213815, n_created_coordinator: 12
I [../src/deptran/client_worker.cc:330] 2022-05-27 16:15:59.698 | wait for finish... n_ceased_cleints: 0,  n_issued: 241035, n_done: 241023, n_created_coordinator: 12
I [../src/deptran/client_worker.cc:330] 2022-05-27 16:16:04.698 | wait for finish... n_ceased_cleints: 0,  n_issued: 267355, n_done: 267343, n_created_coordinator: 12
I [../src/deptran/client_worker.cc:330] 2022-05-27 16:16:09.699 | wait for finish... n_ceased_cleints: 0,  n_issued: 294246, n_done: 294234, n_created_coordinator: 12
I [../src/deptran/client_worker.cc:330] 2022-05-27 16:16:14.699 | wait for finish... n_ceased_cleints: 0,  n_issued: 320447, n_done: 320435, n_created_coordinator: 12
I [../src/deptran/client_worker.cc:330] 2022-05-27 16:16:19.699 | wait for finish... n_ceased_cleints: 0,  n_issued: 346470, n_done: 346458, n_created_coordinator: 12
I [../src/deptran/client_worker.cc:330] 2022-05-27 16:16:24.699 | wait for finish... n_ceased_cleints: 0,  n_issued: 371766, n_done: 371754, n_created_coordinator: 12
I [../src/deptran/client_worker.cc:330] 2022-05-27 16:16:29.699 | wait for finish... n_ceased_cleints: 0,  n_issued: 397252, n_done: 397240, n_created_coordinator: 12
I [../src/deptran/client_worker.cc:330] 2022-05-27 16:16:34.699 | wait for finish... n_ceased_cleints: 0,  n_issued: 423092, n_done: 423080, n_created_coordinator: 12
I [../src/deptran/client_worker.cc:330] 2022-05-27 16:16:39.699 | wait for finish... n_ceased_cleints: 0,  n_issued: 448381, n_done: 448369, n_created_coordinator: 12
I [../src/deptran/client_worker.cc:330] 2022-05-27 16:16:44.699 | wait for finish... n_ceased_cleints: 0,  n_issued: 473690, n_done: 473678, n_created_coordinator: 12
I [../src/deptran/client_worker.cc:330] 2022-05-27 16:16:49.700 | wait for finish... n_ceased_cleints: 0,  n_issued: 498853, n_done: 498841, n_created_coordinator: 12
I [../src/deptran/client_worker.cc:330] 2022-05-27 16:16:54.700 | wait for finish... n_ceased_cleints: 0,  n_issued: 523711, n_done: 523699, n_created_coordinator: 12
I [../src/deptran/client_worker.cc:330] 2022-05-27 16:16:59.700 | wait for finish... n_ceased_cleints: 0,  n_issued: 548792, n_done: 548780, n_created_coordinator: 12
I [../src/deptran/client_worker.cc:330] 2022-05-27 16:17:04.700 | wait for finish... n_ceased_cleints: 0,  n_issued: 573384, n_done: 573372, n_created_coordinator: 12
I [../src/deptran/client_worker.cc:330] 2022-05-27 16:17:09.700 | wait for finish... n_ceased_cleints: 0,  n_issued: 597497, n_done: 597485, n_created_coordinator: 12
I [../src/deptran/client_worker.cc:330] 2022-05-27 16:17:14.700 | wait for finish... n_ceased_cleints: 0,  n_issued: 621521, n_done: 621509, n_created_coordinator: 12
I [../src/deptran/client_worker.cc:330] 2022-05-27 16:17:19.700 | wait for finish... n_ceased_cleints: 0,  n_issued: 646137, n_done: 646125, n_created_coordinator: 12
I [../src/deptran/client_worker.cc:330] 2022-05-27 16:17:24.700 | wait for finish... n_ceased_cleints: 0,  n_issued: 670350, n_done: 670338, n_created_coordinator: 12
I [../src/deptran/client_worker.cc:330] 2022-05-27 16:17:29.701 | wait for finish... n_ceased_cleints: 0,  n_issued: 694345, n_done: 694333, n_created_coordinator: 12
I [../src/deptran/client_worker.cc:330] 2022-05-27 16:17:34.701 | wait for finish... n_ceased_cleints: 0,  n_issued: 718753, n_done: 718741, n_created_coordinator: 12
I [../src/deptran/client_worker.cc:330] 2022-05-27 16:17:39.701 | wait for finish... n_ceased_cleints: 0,  n_issued: 742836, n_done: 742824, n_created_coordinator: 12
I [../src/deptran/client_worker.cc:330] 2022-05-27 16:17:44.701 | wait for finish... n_ceased_cleints: 0,  n_issued: 766622, n_done: 766610, n_created_coordinator: 12
I [../src/deptran/client_worker.cc:330] 2022-05-27 16:17:49.701 | wait for finish... n_ceased_cleints: 0,  n_issued: 790901, n_done: 790889, n_created_coordinator: 12
I [../src/deptran/client_worker.cc:330] 2022-05-27 16:17:54.701 | wait for finish... n_ceased_cleints: 0,  n_issued: 815587, n_done: 815575, n_created_coordinator: 12
I [../src/deptran/client_worker.cc:330] 2022-05-27 16:17:59.701 | wait for finish... n_ceased_cleints: 0,  n_issued: 840208, n_done: 840196, n_created_coordinator: 12
I [../src/deptran/client_worker.cc:330] 2022-05-27 16:18:04.701 | wait for finish... n_ceased_cleints: 0,  n_issued: 864131, n_done: 864119, n_created_coordinator: 12
I [../src/deptran/client_worker.cc:330] 2022-05-27 16:18:09.702 | wait for finish... n_ceased_cleints: 0,  n_issued: 887960, n_done: 887948, n_created_coordinator: 12
I [../src/deptran/client_worker.cc:330] 2022-05-27 16:18:14.702 | wait for finish... n_ceased_cleints: 0,  n_issued: 911825, n_done: 911813, n_created_coordinator: 12
I [../src/deptran/s_main.cc:140] 2022-05-27 16:18:18.116 | wait_for_clients: wait for client threads to exit.
I [../src/deptran/client_worker.cc:330] 2022-05-27 16:18:19.702 | wait for finish... n_ceased_cleints: 0,  n_issued: 949079, n_done: 949067, n_created_coordinator: 12
I [../src/deptran/client_worker.cc:317] 2022-05-27 16:18:20.647 | wait for all outstanding requests to finish.
I [../src/deptran/client_worker.cc:343] 2022-05-27 16:18:24.702 | Finish:
Total: 954229, Commit: 954229, Attempts: 0, Running for 180, Throughput: 5301.27

I [../src/deptran/client_worker.cc:348] 2022-05-27 16:18:24.702 | Work: wait_for_shutdown at client 3
