I [../src/deptran/s_main.cc:136] 2022-05-27 15:52:22.798 | PWD : 
I [../src/deptran/s_main.cc:284] 2022-05-27 15:52:22.798 | starting process 12710
I [../src/deptran/s_main.cc:279] 2022-05-27 15:52:22.798 | ulimit -n is 1024
I [../src/deptran/config.cc:285] 2022-05-27 15:52:22.798 | LoadYML: /home/xuhao/code/depfast/tmp/janus-final-testnames5t6qogu.yml
I [../src/deptran/config.cc:403] 2022-05-27 15:52:22.799 | BuildSiteProcMap
I [../src/deptran/config.cc:655] 2022-05-27 15:52:22.799 | group size: 1
I [../src/deptran/config.cc:655] 2022-05-27 15:52:22.799 | group size: 1
I [../src/deptran/config.cc:655] 2022-05-27 15:52:22.799 | group size: 1
I [../src/deptran/config.cc:681] 2022-05-27 15:52:22.799 | client forwarding: 0
I [../src/deptran/config.cc:320] 2022-05-27 15:52:22.799 | # of concurrent requests: 2
I [../src/deptran/s_main.cc:290] 2022-05-27 15:52:22.799 | Read config finish
I [../src/deptran/s_main.cc:30] 2022-05-27 15:52:22.799 | client_setup_heartbeat
I [../src/deptran/s_main.cc:46] 2022-05-27 15:52:22.800 | Start control server on port 5555
I [../src/rrr/rpc/server.cpp:575] 2022-05-27 15:52:22.800 | bind address is: 0.0.0.0:5555
I [../src/rrr/rpc/server.cpp:570] 2022-05-27 15:52:22.800 | rrr::Server: started on 0.0.0.0:5555
I [../src/deptran/s_main.cc:314] 2022-05-27 15:52:22.800 | no servers on this process
I [../src/deptran/s_main.cc:54] 2022-05-27 15:52:22.800 | client enabled, number of sites: 1
I [../src/rrr/reactor/reactor.cc:389] 2022-05-27 15:52:22.802 | starting poll thread
I [../src/deptran/communicator.cc:25] 2022-05-27 15:52:22.802 | size of partitions: 1
I [../src/rrr/reactor/reactor.cc:389] 2022-05-27 15:52:22.803 | starting poll thread
I [../src/deptran/communicator.cc:191] 2022-05-27 15:52:23.805 | connect to site: 10.0.0.13:10000 success!
I [../src/deptran/communicator.cc:191] 2022-05-27 15:52:23.807 | connect to site: 10.0.0.14:10001 success!
I [../src/deptran/communicator.cc:191] 2022-05-27 15:52:23.808 | connect to site: 10.0.0.15:10002 success!
I [../src/deptran/communicator.cc:74] 2022-05-27 15:52:23.810 | Done waiting to connect to client leaders.
I [../src/deptran/client_worker.cc:330] 2022-05-27 15:52:25.353 | wait for finish... n_ceased_cleints: 0,  n_issued: 0, n_done: 0, n_created_coordinator: 0
I [../src/deptran/client_worker.cc:314] 2022-05-27 15:52:25.354 | wait for all virtual clients to stop issuing new requests.
I [../src/deptran/client_worker.cc:330] 2022-05-27 15:52:30.353 | wait for finish... n_ceased_cleints: 0,  n_issued: 17616, n_done: 17614, n_created_coordinator: 2
I [../src/deptran/client_worker.cc:330] 2022-05-27 15:52:35.353 | wait for finish... n_ceased_cleints: 0,  n_issued: 36924, n_done: 36922, n_created_coordinator: 2
I [../src/deptran/client_worker.cc:330] 2022-05-27 15:52:40.353 | wait for finish... n_ceased_cleints: 0,  n_issued: 56250, n_done: 56248, n_created_coordinator: 2
I [../src/deptran/client_worker.cc:330] 2022-05-27 15:52:45.353 | wait for finish... n_ceased_cleints: 0,  n_issued: 74746, n_done: 74744, n_created_coordinator: 2
I [../src/deptran/client_worker.cc:330] 2022-05-27 15:52:50.353 | wait for finish... n_ceased_cleints: 0,  n_issued: 93783, n_done: 93781, n_created_coordinator: 2
I [../src/deptran/client_worker.cc:330] 2022-05-27 15:52:55.353 | wait for finish... n_ceased_cleints: 0,  n_issued: 113165, n_done: 113163, n_created_coordinator: 2
I [../src/deptran/client_worker.cc:330] 2022-05-27 15:53:00.354 | wait for finish... n_ceased_cleints: 0,  n_issued: 132443, n_done: 132441, n_created_coordinator: 2
I [../src/deptran/client_worker.cc:330] 2022-05-27 15:53:05.354 | wait for finish... n_ceased_cleints: 0,  n_issued: 151188, n_done: 151186, n_created_coordinator: 2
I [../src/deptran/client_worker.cc:330] 2022-05-27 15:53:10.354 | wait for finish... n_ceased_cleints: 0,  n_issued: 169969, n_done: 169967, n_created_coordinator: 2
I [../src/deptran/client_worker.cc:330] 2022-05-27 15:53:15.354 | wait for finish... n_ceased_cleints: 0,  n_issued: 189343, n_done: 189341, n_created_coordinator: 2
I [../src/deptran/client_worker.cc:330] 2022-05-27 15:53:20.354 | wait for finish... n_ceased_cleints: 0,  n_issued: 208601, n_done: 208599, n_created_coordinator: 2
I [../src/deptran/s_main.cc:140] 2022-05-27 15:53:23.808 | wait_for_clients: wait for client threads to exit.
I [../src/deptran/client_worker.cc:330] 2022-05-27 15:53:25.354 | wait for finish... n_ceased_cleints: 0,  n_issued: 227644, n_done: 227642, n_created_coordinator: 2
I [../src/deptran/client_worker.cc:317] 2022-05-27 15:53:25.959 | wait for all outstanding requests to finish.
I [../src/deptran/client_worker.cc:343] 2022-05-27 15:53:30.354 | Finish:
Total: 229618, Commit: 229618, Attempts: 0, Running for 60, Throughput: 3826.97

I [../src/deptran/client_worker.cc:348] 2022-05-27 15:53:30.354 | Work: wait_for_shutdown at client 3
