I [../src/deptran/s_main.cc:136] 2022-05-27 16:01:48.449 | PWD : 
I [../src/deptran/s_main.cc:284] 2022-05-27 16:01:48.449 | starting process 14937
I [../src/deptran/s_main.cc:279] 2022-05-27 16:01:48.449 | ulimit -n is 1024
I [../src/deptran/config.cc:285] 2022-05-27 16:01:48.449 | LoadYML: /home/xuhao/code/depfast/tmp/janus-final-testname__8io_v9.yml
I [../src/deptran/config.cc:403] 2022-05-27 16:01:48.449 | BuildSiteProcMap
I [../src/deptran/config.cc:655] 2022-05-27 16:01:48.450 | group size: 1
I [../src/deptran/config.cc:655] 2022-05-27 16:01:48.450 | group size: 1
I [../src/deptran/config.cc:655] 2022-05-27 16:01:48.450 | group size: 1
I [../src/deptran/config.cc:681] 2022-05-27 16:01:48.450 | client forwarding: 0
I [../src/deptran/config.cc:320] 2022-05-27 16:01:48.450 | # of concurrent requests: 12
I [../src/deptran/s_main.cc:290] 2022-05-27 16:01:48.450 | Read config finish
I [../src/deptran/s_main.cc:30] 2022-05-27 16:01:48.450 | client_setup_heartbeat
I [../src/deptran/s_main.cc:46] 2022-05-27 16:01:48.450 | Start control server on port 5555
I [../src/rrr/rpc/server.cpp:575] 2022-05-27 16:01:48.450 | bind address is: 0.0.0.0:5555
I [../src/rrr/rpc/server.cpp:570] 2022-05-27 16:01:48.451 | rrr::Server: started on 0.0.0.0:5555
I [../src/deptran/s_main.cc:314] 2022-05-27 16:01:48.451 | no servers on this process
I [../src/deptran/s_main.cc:54] 2022-05-27 16:01:48.451 | client enabled, number of sites: 1
I [../src/rrr/reactor/reactor.cc:389] 2022-05-27 16:01:48.453 | starting poll thread
I [../src/deptran/communicator.cc:25] 2022-05-27 16:01:48.453 | size of partitions: 1
I [../src/rrr/reactor/reactor.cc:389] 2022-05-27 16:01:48.454 | starting poll thread
I [../src/deptran/communicator.cc:191] 2022-05-27 16:01:49.455 | connect to site: 10.0.0.13:10000 success!
I [../src/deptran/communicator.cc:191] 2022-05-27 16:01:49.456 | connect to site: 10.0.0.14:10001 success!
I [../src/deptran/communicator.cc:191] 2022-05-27 16:01:49.457 | connect to site: 10.0.0.15:10002 success!
I [../src/deptran/communicator.cc:74] 2022-05-27 16:01:49.458 | Done waiting to connect to client leaders.
I [../src/deptran/client_worker.cc:330] 2022-05-27 16:01:51.019 | wait for finish... n_ceased_cleints: 0,  n_issued: 0, n_done: 0, n_created_coordinator: 0
I [../src/deptran/client_worker.cc:314] 2022-05-27 16:01:51.020 | wait for all virtual clients to stop issuing new requests.
I [../src/deptran/client_worker.cc:330] 2022-05-27 16:01:56.019 | wait for finish... n_ceased_cleints: 0,  n_issued: 46743, n_done: 46731, n_created_coordinator: 12
I [../src/deptran/client_worker.cc:330] 2022-05-27 16:02:01.019 | wait for finish... n_ceased_cleints: 0,  n_issued: 92286, n_done: 92274, n_created_coordinator: 12
I [../src/deptran/client_worker.cc:330] 2022-05-27 16:02:06.019 | wait for finish... n_ceased_cleints: 0,  n_issued: 137253, n_done: 137241, n_created_coordinator: 12
I [../src/deptran/client_worker.cc:330] 2022-05-27 16:02:11.019 | wait for finish... n_ceased_cleints: 0,  n_issued: 181906, n_done: 181894, n_created_coordinator: 12
I [../src/deptran/client_worker.cc:330] 2022-05-27 16:02:16.019 | wait for finish... n_ceased_cleints: 0,  n_issued: 225847, n_done: 225835, n_created_coordinator: 12
I [../src/deptran/client_worker.cc:330] 2022-05-27 16:02:21.019 | wait for finish... n_ceased_cleints: 0,  n_issued: 270292, n_done: 270280, n_created_coordinator: 12
I [../src/deptran/client_worker.cc:330] 2022-05-27 16:02:26.019 | wait for finish... n_ceased_cleints: 0,  n_issued: 312384, n_done: 312372, n_created_coordinator: 12
I [../src/deptran/client_worker.cc:330] 2022-05-27 16:02:31.020 | wait for finish... n_ceased_cleints: 0,  n_issued: 355004, n_done: 354992, n_created_coordinator: 12
I [../src/deptran/client_worker.cc:330] 2022-05-27 16:02:36.020 | wait for finish... n_ceased_cleints: 0,  n_issued: 398559, n_done: 398547, n_created_coordinator: 12
I [../src/deptran/client_worker.cc:330] 2022-05-27 16:02:41.020 | wait for finish... n_ceased_cleints: 0,  n_issued: 441700, n_done: 441688, n_created_coordinator: 12
I [../src/deptran/client_worker.cc:330] 2022-05-27 16:02:46.020 | wait for finish... n_ceased_cleints: 0,  n_issued: 482821, n_done: 482809, n_created_coordinator: 12
I [../src/deptran/s_main.cc:140] 2022-05-27 16:02:49.457 | wait_for_clients: wait for client threads to exit.
I [../src/deptran/client_worker.cc:330] 2022-05-27 16:02:51.020 | wait for finish... n_ceased_cleints: 0,  n_issued: 523497, n_done: 523485, n_created_coordinator: 12
I [../src/deptran/client_worker.cc:317] 2022-05-27 16:02:51.707 | wait for all outstanding requests to finish.
I [../src/deptran/client_worker.cc:343] 2022-05-27 16:02:56.020 | Finish:
Total: 527471, Commit: 527471, Attempts: 0, Running for 60, Throughput: 8791.18

I [../src/deptran/client_worker.cc:348] 2022-05-27 16:02:56.020 | Work: wait_for_shutdown at client 3
