I [../src/deptran/s_main.cc:136] 2022-05-20 15:35:30.552 | PWD : 
I [../src/deptran/s_main.cc:284] 2022-05-20 15:35:30.552 | starting process 14802
I [../src/deptran/s_main.cc:279] 2022-05-20 15:35:30.552 | ulimit -n is 1024
I [../src/deptran/config.cc:285] 2022-05-20 15:35:30.552 | LoadYML: /home/xuhao/code/depfast/tmp/janus-final-testname6fccuwf5.yml
I [../src/deptran/config.cc:403] 2022-05-20 15:35:30.553 | BuildSiteProcMap
I [../src/deptran/config.cc:655] 2022-05-20 15:35:30.553 | group size: 1
I [../src/deptran/config.cc:681] 2022-05-20 15:35:30.553 | client forwarding: 0
I [../src/deptran/config.cc:320] 2022-05-20 15:35:30.553 | # of concurrent requests: 60
I [../src/deptran/s_main.cc:290] 2022-05-20 15:35:30.553 | Read config finish
I [../src/deptran/s_main.cc:30] 2022-05-20 15:35:30.553 | client_setup_heartbeat
I [../src/deptran/s_main.cc:46] 2022-05-20 15:35:30.554 | Start control server on port 5555
I [../src/rrr/rpc/server.cpp:575] 2022-05-20 15:35:30.554 | bind address is: 0.0.0.0:5555
I [../src/rrr/rpc/server.cpp:570] 2022-05-20 15:35:30.554 | rrr::Server: started on 0.0.0.0:5555
I [../src/deptran/s_main.cc:314] 2022-05-20 15:35:30.554 | no servers on this process
I [../src/deptran/s_main.cc:54] 2022-05-20 15:35:30.554 | client enabled, number of sites: 1
I [../src/rrr/reactor/reactor.cc:389] 2022-05-20 15:35:30.555 | starting poll thread
I [../src/deptran/communicator.cc:25] 2022-05-20 15:35:30.555 | size of partitions: 1
I [../src/rrr/reactor/reactor.cc:389] 2022-05-20 15:35:30.556 | starting poll thread
I [../src/deptran/communicator.cc:191] 2022-05-20 15:35:31.557 | connect to site: 10.0.0.13:10000 success!
I [../src/deptran/communicator.cc:191] 2022-05-20 15:35:32.559 | connect to site: 10.0.0.14:10001 success!
I [../src/deptran/communicator.cc:191] 2022-05-20 15:35:32.560 | connect to site: 10.0.0.15:10002 success!
I [../src/deptran/communicator.cc:191] 2022-05-20 15:35:32.564 | connect to site: 10.0.0.55:10003 success!
I [../src/deptran/communicator.cc:191] 2022-05-20 15:35:32.565 | connect to site: 10.0.0.58:10004 success!
I [../src/deptran/communicator.cc:74] 2022-05-20 15:35:32.567 | Done waiting to connect to client leaders.
I [../src/deptran/client_worker.cc:330] 2022-05-20 15:35:34.368 | wait for finish... n_ceased_cleints: 0,  n_issued: 0, n_done: 0, n_created_coordinator: 0
I [../src/deptran/client_worker.cc:314] 2022-05-20 15:35:34.371 | wait for all virtual clients to stop issuing new requests.
I [../src/deptran/client_worker.cc:330] 2022-05-20 15:35:39.368 | wait for finish... n_ceased_cleints: 0,  n_issued: 33267, n_done: 33207, n_created_coordinator: 60
I [../src/deptran/client_worker.cc:330] 2022-05-20 15:35:44.368 | wait for finish... n_ceased_cleints: 0,  n_issued: 69446, n_done: 69386, n_created_coordinator: 60
I [../src/deptran/client_worker.cc:330] 2022-05-20 15:35:49.368 | wait for finish... n_ceased_cleints: 0,  n_issued: 105963, n_done: 105903, n_created_coordinator: 60
I [../src/deptran/client_worker.cc:330] 2022-05-20 15:35:54.368 | wait for finish... n_ceased_cleints: 0,  n_issued: 142456, n_done: 142396, n_created_coordinator: 60
I [../src/deptran/client_worker.cc:330] 2022-05-20 15:35:59.368 | wait for finish... n_ceased_cleints: 0,  n_issued: 178485, n_done: 178425, n_created_coordinator: 60
I [../src/deptran/client_worker.cc:330] 2022-05-20 15:36:04.369 | wait for finish... n_ceased_cleints: 0,  n_issued: 214717, n_done: 214657, n_created_coordinator: 60
I [../src/deptran/client_worker.cc:330] 2022-05-20 15:36:09.369 | wait for finish... n_ceased_cleints: 0,  n_issued: 250658, n_done: 250598, n_created_coordinator: 60
I [../src/deptran/client_worker.cc:330] 2022-05-20 15:36:14.369 | wait for finish... n_ceased_cleints: 0,  n_issued: 286951, n_done: 286891, n_created_coordinator: 60
I [../src/deptran/client_worker.cc:330] 2022-05-20 15:36:19.369 | wait for finish... n_ceased_cleints: 0,  n_issued: 322893, n_done: 322833, n_created_coordinator: 60
I [../src/deptran/client_worker.cc:330] 2022-05-20 15:36:24.369 | wait for finish... n_ceased_cleints: 0,  n_issued: 358093, n_done: 358033, n_created_coordinator: 60
I [../src/deptran/client_worker.cc:330] 2022-05-20 15:36:29.369 | wait for finish... n_ceased_cleints: 0,  n_issued: 393174, n_done: 393114, n_created_coordinator: 60
I [../src/deptran/s_main.cc:140] 2022-05-20 15:36:32.566 | wait_for_clients: wait for client threads to exit.
I [../src/deptran/client_worker.cc:330] 2022-05-20 15:36:34.369 | wait for finish... n_ceased_cleints: 0,  n_issued: 429012, n_done: 428952, n_created_coordinator: 60
I [../src/deptran/client_worker.cc:317] 2022-05-20 15:36:35.362 | wait for all outstanding requests to finish.
I [../src/deptran/client_worker.cc:343] 2022-05-20 15:36:39.369 | Finish:
Total: 433008, Commit: 433008, Attempts: 0, Running for 60, Throughput: 7216.80

I [../src/deptran/client_worker.cc:348] 2022-05-20 15:36:39.370 | Work: wait_for_shutdown at client 5
