I [../src/deptran/s_main.cc:136] 2022-05-20 08:51:37.635 | PWD : 
I [../src/deptran/s_main.cc:284] 2022-05-20 08:51:37.635 | starting process 1366
I [../src/deptran/s_main.cc:279] 2022-05-20 08:51:37.635 | ulimit -n is 1024
I [../src/deptran/config.cc:285] 2022-05-20 08:51:37.636 | LoadYML: /home/xuhao/code/depfast/tmp/janus-final-testname8h9_omer.yml
I [../src/deptran/config.cc:403] 2022-05-20 08:51:37.640 | BuildSiteProcMap
I [../src/deptran/config.cc:655] 2022-05-20 08:51:37.640 | group size: 1
I [../src/deptran/config.cc:681] 2022-05-20 08:51:37.651 | client forwarding: 0
I [../src/deptran/config.cc:320] 2022-05-20 08:51:37.651 | # of concurrent requests: 20
I [../src/deptran/s_main.cc:290] 2022-05-20 08:51:37.651 | Read config finish
I [../src/deptran/s_main.cc:30] 2022-05-20 08:51:37.651 | client_setup_heartbeat
I [../src/deptran/s_main.cc:46] 2022-05-20 08:51:37.652 | Start control server on port 5555
I [../src/rrr/rpc/server.cpp:575] 2022-05-20 08:51:37.652 | bind address is: 0.0.0.0:5555
I [../src/rrr/rpc/server.cpp:570] 2022-05-20 08:51:37.652 | rrr::Server: started on 0.0.0.0:5555
I [../src/deptran/s_main.cc:314] 2022-05-20 08:51:37.653 | no servers on this process
I [../src/deptran/s_main.cc:54] 2022-05-20 08:51:37.653 | client enabled, number of sites: 1
I [../src/deptran/communicator.cc:25] 2022-05-20 08:51:37.653 | size of partitions: 1
I [../src/rrr/reactor/reactor.cc:389] 2022-05-20 08:51:37.656 | starting poll thread
I [../src/rrr/reactor/reactor.cc:389] 2022-05-20 08:51:37.657 | starting poll thread
I [../src/deptran/communicator.cc:191] 2022-05-20 08:51:39.660 | connect to site: 10.0.0.13:10000 success!
I [../src/deptran/communicator.cc:191] 2022-05-20 08:51:39.661 | connect to site: 10.0.0.14:10001 success!
I [../src/deptran/communicator.cc:191] 2022-05-20 08:51:39.662 | connect to site: 10.0.0.15:10002 success!
I [../src/deptran/communicator.cc:74] 2022-05-20 08:51:39.663 | Done waiting to connect to client leaders.
I [../src/deptran/client_worker.cc:330] 2022-05-20 08:51:40.200 | wait for finish... n_ceased_cleints: 0,  n_issued: 0, n_done: 0, n_created_coordinator: 0
I [../src/deptran/client_worker.cc:314] 2022-05-20 08:51:40.202 | wait for all virtual clients to stop issuing new requests.
I [../src/deptran/client_worker.cc:330] 2022-05-20 08:51:45.201 | wait for finish... n_ceased_cleints: 0,  n_issued: 10181, n_done: 10161, n_created_coordinator: 20
I [../src/deptran/client_worker.cc:330] 2022-05-20 08:51:50.201 | wait for finish... n_ceased_cleints: 0,  n_issued: 17110, n_done: 17090, n_created_coordinator: 20
I [../src/deptran/client_worker.cc:330] 2022-05-20 08:51:55.201 | wait for finish... n_ceased_cleints: 0,  n_issued: 25748, n_done: 25728, n_created_coordinator: 20
I [../src/deptran/client_worker.cc:330] 2022-05-20 08:52:00.201 | wait for finish... n_ceased_cleints: 0,  n_issued: 38427, n_done: 38407, n_created_coordinator: 20
I [../src/deptran/client_worker.cc:330] 2022-05-20 08:52:05.201 | wait for finish... n_ceased_cleints: 0,  n_issued: 50356, n_done: 50336, n_created_coordinator: 20
I [../src/deptran/client_worker.cc:330] 2022-05-20 08:52:10.201 | wait for finish... n_ceased_cleints: 0,  n_issued: 66129, n_done: 66109, n_created_coordinator: 20
I [../src/deptran/client_worker.cc:330] 2022-05-20 08:52:15.201 | wait for finish... n_ceased_cleints: 0,  n_issued: 82228, n_done: 82208, n_created_coordinator: 20
I [../src/deptran/client_worker.cc:330] 2022-05-20 08:52:20.201 | wait for finish... n_ceased_cleints: 0,  n_issued: 98298, n_done: 98278, n_created_coordinator: 20
I [../src/deptran/client_worker.cc:330] 2022-05-20 08:52:25.201 | wait for finish... n_ceased_cleints: 0,  n_issued: 114364, n_done: 114344, n_created_coordinator: 20
I [../src/deptran/client_worker.cc:330] 2022-05-20 08:52:30.202 | wait for finish... n_ceased_cleints: 0,  n_issued: 130099, n_done: 130079, n_created_coordinator: 20
I [../src/deptran/client_worker.cc:330] 2022-05-20 08:52:35.202 | wait for finish... n_ceased_cleints: 0,  n_issued: 146443, n_done: 146423, n_created_coordinator: 20
I [../src/deptran/s_main.cc:140] 2022-05-20 08:52:39.662 | wait_for_clients: wait for client threads to exit.
I [../src/deptran/client_worker.cc:330] 2022-05-20 08:52:40.202 | wait for finish... n_ceased_cleints: 0,  n_issued: 162570, n_done: 162550, n_created_coordinator: 20
I [../src/deptran/client_worker.cc:317] 2022-05-20 08:52:41.117 | wait for all outstanding requests to finish.
I [../src/deptran/client_worker.cc:343] 2022-05-20 08:52:45.202 | Finish:
Total: 164299, Commit: 164299, Attempts: 0, Running for 60, Throughput: 2738.32

I [../src/deptran/client_worker.cc:348] 2022-05-20 08:52:45.202 | Work: wait_for_shutdown at client 3
