I [../src/deptran/s_main.cc:136] 2022-05-20 07:36:14.038 | PWD : 
I [../src/deptran/s_main.cc:284] 2022-05-20 07:36:14.038 | starting process 3808
I [../src/deptran/s_main.cc:279] 2022-05-20 07:36:14.038 | ulimit -n is 1024
I [../src/deptran/config.cc:285] 2022-05-20 07:36:14.038 | LoadYML: /home/xuhao/code/depfast/tmp/janus-final-testnamezhpja7em.yml
I [../src/deptran/config.cc:403] 2022-05-20 07:36:14.038 | BuildSiteProcMap
I [../src/deptran/config.cc:655] 2022-05-20 07:36:14.039 | group size: 1
I [../src/deptran/config.cc:681] 2022-05-20 07:36:14.039 | client forwarding: 0
I [../src/deptran/config.cc:320] 2022-05-20 07:36:14.039 | # of concurrent requests: 40
I [../src/deptran/s_main.cc:290] 2022-05-20 07:36:14.039 | Read config finish
I [../src/deptran/s_main.cc:30] 2022-05-20 07:36:14.039 | client_setup_heartbeat
I [../src/deptran/s_main.cc:46] 2022-05-20 07:36:14.039 | Start control server on port 5555
I [../src/rrr/rpc/server.cpp:575] 2022-05-20 07:36:14.039 | bind address is: 0.0.0.0:5555
I [../src/rrr/rpc/server.cpp:570] 2022-05-20 07:36:14.039 | rrr::Server: started on 0.0.0.0:5555
I [../src/deptran/s_main.cc:314] 2022-05-20 07:36:14.039 | no servers on this process
I [../src/deptran/s_main.cc:54] 2022-05-20 07:36:14.039 | client enabled, number of sites: 1
I [../src/rrr/reactor/reactor.cc:389] 2022-05-20 07:36:14.040 | starting poll thread
I [../src/deptran/communicator.cc:25] 2022-05-20 07:36:14.040 | size of partitions: 1
I [../src/rrr/reactor/reactor.cc:389] 2022-05-20 07:36:14.042 | starting poll thread
I [../src/deptran/communicator.cc:191] 2022-05-20 07:36:15.046 | connect to site: 10.0.0.13:10000 success!
I [../src/deptran/communicator.cc:191] 2022-05-20 07:36:16.049 | connect to site: 10.0.0.14:10001 success!
I [../src/deptran/communicator.cc:191] 2022-05-20 07:36:16.049 | connect to site: 10.0.0.15:10002 success!
I [../src/deptran/communicator.cc:191] 2022-05-20 07:36:16.050 | connect to site: 10.0.0.55:10003 success!
I [../src/deptran/communicator.cc:191] 2022-05-20 07:36:16.051 | connect to site: 10.0.0.58:10004 success!
I [../src/deptran/communicator.cc:74] 2022-05-20 07:36:16.052 | Done waiting to connect to client leaders.
I [../src/deptran/client_worker.cc:330] 2022-05-20 07:36:17.724 | wait for finish... n_ceased_cleints: 0,  n_issued: 0, n_done: 0, n_created_coordinator: 0
I [../src/deptran/client_worker.cc:314] 2022-05-20 07:36:17.726 | wait for all virtual clients to stop issuing new requests.
I [../src/deptran/client_worker.cc:330] 2022-05-20 07:36:22.724 | wait for finish... n_ceased_cleints: 0,  n_issued: 23286, n_done: 23246, n_created_coordinator: 40
I [../src/deptran/client_worker.cc:330] 2022-05-20 07:36:27.724 | wait for finish... n_ceased_cleints: 0,  n_issued: 48312, n_done: 48272, n_created_coordinator: 40
I [../src/deptran/client_worker.cc:330] 2022-05-20 07:36:32.725 | wait for finish... n_ceased_cleints: 0,  n_issued: 73631, n_done: 73591, n_created_coordinator: 40
I [../src/deptran/client_worker.cc:330] 2022-05-20 07:36:37.725 | wait for finish... n_ceased_cleints: 0,  n_issued: 98343, n_done: 98303, n_created_coordinator: 40
I [../src/deptran/client_worker.cc:330] 2022-05-20 07:36:42.725 | wait for finish... n_ceased_cleints: 0,  n_issued: 123051, n_done: 123011, n_created_coordinator: 40
I [../src/deptran/client_worker.cc:330] 2022-05-20 07:36:47.725 | wait for finish... n_ceased_cleints: 0,  n_issued: 148110, n_done: 148070, n_created_coordinator: 40
I [../src/deptran/client_worker.cc:330] 2022-05-20 07:36:52.725 | wait for finish... n_ceased_cleints: 0,  n_issued: 172009, n_done: 171969, n_created_coordinator: 40
I [../src/deptran/client_worker.cc:330] 2022-05-20 07:36:57.725 | wait for finish... n_ceased_cleints: 0,  n_issued: 196288, n_done: 196248, n_created_coordinator: 40
I [../src/deptran/client_worker.cc:330] 2022-05-20 07:37:02.725 | wait for finish... n_ceased_cleints: 0,  n_issued: 221756, n_done: 221716, n_created_coordinator: 40
I [../src/deptran/client_worker.cc:330] 2022-05-20 07:37:07.725 | wait for finish... n_ceased_cleints: 0,  n_issued: 246463, n_done: 246423, n_created_coordinator: 40
I [../src/deptran/client_worker.cc:330] 2022-05-20 07:37:12.725 | wait for finish... n_ceased_cleints: 0,  n_issued: 271368, n_done: 271328, n_created_coordinator: 40
I [../src/deptran/s_main.cc:140] 2022-05-20 07:37:16.052 | wait_for_clients: wait for client threads to exit.
I [../src/deptran/client_worker.cc:330] 2022-05-20 07:37:17.726 | wait for finish... n_ceased_cleints: 0,  n_issued: 296837, n_done: 296797, n_created_coordinator: 40
I [../src/deptran/client_worker.cc:317] 2022-05-20 07:37:18.691 | wait for all outstanding requests to finish.
I [../src/deptran/client_worker.cc:343] 2022-05-20 07:37:22.726 | Finish:
Total: 299306, Commit: 299306, Attempts: 0, Running for 60, Throughput: 4988.43

I [../src/deptran/client_worker.cc:348] 2022-05-20 07:37:22.726 | Work: wait_for_shutdown at client 5
