I [../src/deptran/s_main.cc:136] 2022-05-27 13:52:15.228 | PWD : 
I [../src/deptran/s_main.cc:284] 2022-05-27 13:52:15.229 | starting process 22050
I [../src/deptran/s_main.cc:279] 2022-05-27 13:52:15.229 | ulimit -n is 1024
I [../src/deptran/config.cc:285] 2022-05-27 13:52:15.229 | LoadYML: /home/xuhao/code/depfast/tmp/janus-final-testnamevzxm1ag7.yml
I [../src/deptran/config.cc:403] 2022-05-27 13:52:15.229 | BuildSiteProcMap
I [../src/deptran/config.cc:655] 2022-05-27 13:52:15.229 | group size: 1
I [../src/deptran/config.cc:655] 2022-05-27 13:52:15.229 | group size: 1
I [../src/deptran/config.cc:655] 2022-05-27 13:52:15.229 | group size: 1
I [../src/deptran/config.cc:681] 2022-05-27 13:52:15.229 | client forwarding: 0
I [../src/deptran/config.cc:320] 2022-05-27 13:52:15.229 | # of concurrent requests: 80
I [../src/deptran/s_main.cc:290] 2022-05-27 13:52:15.230 | Read config finish
I [../src/deptran/s_main.cc:30] 2022-05-27 13:52:15.230 | client_setup_heartbeat
I [../src/deptran/s_main.cc:46] 2022-05-27 13:52:15.230 | Start control server on port 5555
I [../src/rrr/rpc/server.cpp:575] 2022-05-27 13:52:15.230 | bind address is: 0.0.0.0:5555
I [../src/rrr/rpc/server.cpp:570] 2022-05-27 13:52:15.230 | rrr::Server: started on 0.0.0.0:5555
I [../src/deptran/s_main.cc:314] 2022-05-27 13:52:15.230 | no servers on this process
I [../src/deptran/s_main.cc:54] 2022-05-27 13:52:15.230 | client enabled, number of sites: 1
I [../src/deptran/communicator.cc:25] 2022-05-27 13:52:15.231 | size of partitions: 1
I [../src/rrr/reactor/reactor.cc:389] 2022-05-27 13:52:15.232 | starting poll thread
I [../src/rrr/reactor/reactor.cc:389] 2022-05-27 13:52:15.233 | starting poll thread
I [../src/deptran/communicator.cc:191] 2022-05-27 13:52:16.234 | connect to site: 10.0.0.13:10000 success!
I [../src/deptran/communicator.cc:191] 2022-05-27 13:52:16.235 | connect to site: 10.0.0.14:10001 success!
I [../src/deptran/communicator.cc:191] 2022-05-27 13:52:16.236 | connect to site: 10.0.0.15:10002 success!
I [../src/deptran/communicator.cc:74] 2022-05-27 13:52:16.237 | Done waiting to connect to client leaders.
I [../src/deptran/client_worker.cc:330] 2022-05-27 13:52:17.787 | wait for finish... n_ceased_cleints: 0,  n_issued: 0, n_done: 0, n_created_coordinator: 0
I [../src/deptran/client_worker.cc:314] 2022-05-27 13:52:17.791 | wait for all virtual clients to stop issuing new requests.
I [../src/deptran/client_worker.cc:330] 2022-05-27 13:52:22.787 | wait for finish... n_ceased_cleints: 0,  n_issued: 24351, n_done: 24271, n_created_coordinator: 80
I [../src/deptran/client_worker.cc:330] 2022-05-27 13:52:27.788 | wait for finish... n_ceased_cleints: 0,  n_issued: 51397, n_done: 51317, n_created_coordinator: 80
I [../src/deptran/client_worker.cc:330] 2022-05-27 13:52:32.788 | wait for finish... n_ceased_cleints: 0,  n_issued: 77765, n_done: 77685, n_created_coordinator: 80
I [../src/deptran/client_worker.cc:330] 2022-05-27 13:52:37.788 | wait for finish... n_ceased_cleints: 0,  n_issued: 105351, n_done: 105271, n_created_coordinator: 80
I [../src/deptran/client_worker.cc:330] 2022-05-27 13:52:42.788 | wait for finish... n_ceased_cleints: 0,  n_issued: 133529, n_done: 133449, n_created_coordinator: 80
I [../src/deptran/client_worker.cc:330] 2022-05-27 13:52:47.788 | wait for finish... n_ceased_cleints: 0,  n_issued: 160894, n_done: 160814, n_created_coordinator: 80
I [../src/deptran/client_worker.cc:330] 2022-05-27 13:52:52.788 | wait for finish... n_ceased_cleints: 0,  n_issued: 188060, n_done: 187980, n_created_coordinator: 80
I [../src/deptran/client_worker.cc:330] 2022-05-27 13:52:57.788 | wait for finish... n_ceased_cleints: 0,  n_issued: 214975, n_done: 214895, n_created_coordinator: 80
I [../src/deptran/client_worker.cc:330] 2022-05-27 13:53:02.789 | wait for finish... n_ceased_cleints: 0,  n_issued: 243063, n_done: 242983, n_created_coordinator: 80
I [../src/deptran/client_worker.cc:330] 2022-05-27 13:53:07.789 | wait for finish... n_ceased_cleints: 0,  n_issued: 271008, n_done: 270928, n_created_coordinator: 80
I [../src/deptran/client_worker.cc:330] 2022-05-27 13:53:12.789 | wait for finish... n_ceased_cleints: 0,  n_issued: 299052, n_done: 298972, n_created_coordinator: 80
I [../src/deptran/s_main.cc:140] 2022-05-27 13:53:16.237 | wait_for_clients: wait for client threads to exit.
I [../src/deptran/client_worker.cc:330] 2022-05-27 13:53:17.789 | wait for finish... n_ceased_cleints: 0,  n_issued: 326621, n_done: 326541, n_created_coordinator: 80
I [../src/deptran/client_worker.cc:317] 2022-05-27 13:53:18.785 | wait for all outstanding requests to finish.
I [../src/deptran/client_worker.cc:343] 2022-05-27 13:53:22.789 | Finish:
Total: 329551, Commit: 329551, Attempts: 0, Running for 60, Throughput: 5492.52

I [../src/deptran/client_worker.cc:348] 2022-05-27 13:53:22.789 | Work: wait_for_shutdown at client 3
