I [../src/deptran/s_main.cc:136] 2022-05-27 15:54:15.899 | PWD : 
I [../src/deptran/s_main.cc:284] 2022-05-27 15:54:15.900 | starting process 13138
I [../src/deptran/s_main.cc:279] 2022-05-27 15:54:15.900 | ulimit -n is 1024
I [../src/deptran/config.cc:285] 2022-05-27 15:54:15.900 | LoadYML: /home/xuhao/code/depfast/tmp/janus-final-testnamec6bj32qo.yml
I [../src/deptran/config.cc:403] 2022-05-27 15:54:15.900 | BuildSiteProcMap
I [../src/deptran/config.cc:655] 2022-05-27 15:54:15.900 | group size: 1
I [../src/deptran/config.cc:655] 2022-05-27 15:54:15.900 | group size: 1
I [../src/deptran/config.cc:655] 2022-05-27 15:54:15.900 | group size: 1
I [../src/deptran/config.cc:681] 2022-05-27 15:54:15.900 | client forwarding: 0
I [../src/deptran/config.cc:320] 2022-05-27 15:54:15.900 | # of concurrent requests: 4
I [../src/deptran/s_main.cc:290] 2022-05-27 15:54:15.900 | Read config finish
I [../src/deptran/s_main.cc:30] 2022-05-27 15:54:15.900 | client_setup_heartbeat
I [../src/deptran/s_main.cc:46] 2022-05-27 15:54:15.901 | Start control server on port 5555
I [../src/rrr/rpc/server.cpp:575] 2022-05-27 15:54:15.901 | bind address is: 0.0.0.0:5555
I [../src/rrr/rpc/server.cpp:570] 2022-05-27 15:54:15.901 | rrr::Server: started on 0.0.0.0:5555
I [../src/deptran/s_main.cc:314] 2022-05-27 15:54:15.901 | no servers on this process
I [../src/deptran/s_main.cc:54] 2022-05-27 15:54:15.901 | client enabled, number of sites: 1
I [../src/rrr/reactor/reactor.cc:389] 2022-05-27 15:54:15.902 | starting poll thread
I [../src/deptran/communicator.cc:25] 2022-05-27 15:54:15.902 | size of partitions: 1
I [../src/rrr/reactor/reactor.cc:389] 2022-05-27 15:54:15.904 | starting poll thread
I [../src/deptran/communicator.cc:191] 2022-05-27 15:54:16.905 | connect to site: 10.0.0.13:10000 success!
I [../src/deptran/communicator.cc:191] 2022-05-27 15:54:16.906 | connect to site: 10.0.0.14:10001 success!
I [../src/deptran/communicator.cc:191] 2022-05-27 15:54:16.907 | connect to site: 10.0.0.15:10002 success!
I [../src/deptran/communicator.cc:74] 2022-05-27 15:54:16.908 | Done waiting to connect to client leaders.
I [../src/deptran/client_worker.cc:330] 2022-05-27 15:54:18.469 | wait for finish... n_ceased_cleints: 0,  n_issued: 0, n_done: 0, n_created_coordinator: 0
I [../src/deptran/client_worker.cc:314] 2022-05-27 15:54:18.469 | wait for all virtual clients to stop issuing new requests.
I [../src/deptran/client_worker.cc:330] 2022-05-27 15:54:23.469 | wait for finish... n_ceased_cleints: 0,  n_issued: 28304, n_done: 28300, n_created_coordinator: 4
I [../src/deptran/client_worker.cc:330] 2022-05-27 15:54:28.469 | wait for finish... n_ceased_cleints: 0,  n_issued: 58729, n_done: 58725, n_created_coordinator: 4
I [../src/deptran/client_worker.cc:330] 2022-05-27 15:54:33.470 | wait for finish... n_ceased_cleints: 0,  n_issued: 88955, n_done: 88951, n_created_coordinator: 4
I [../src/deptran/client_worker.cc:330] 2022-05-27 15:54:38.470 | wait for finish... n_ceased_cleints: 0,  n_issued: 118847, n_done: 118843, n_created_coordinator: 4
I [../src/deptran/client_worker.cc:330] 2022-05-27 15:54:43.470 | wait for finish... n_ceased_cleints: 0,  n_issued: 148872, n_done: 148868, n_created_coordinator: 4
I [../src/deptran/client_worker.cc:330] 2022-05-27 15:54:48.470 | wait for finish... n_ceased_cleints: 0,  n_issued: 179502, n_done: 179499, n_created_coordinator: 4
I [../src/deptran/client_worker.cc:330] 2022-05-27 15:54:53.470 | wait for finish... n_ceased_cleints: 0,  n_issued: 209805, n_done: 209801, n_created_coordinator: 4
I [../src/deptran/client_worker.cc:330] 2022-05-27 15:54:58.470 | wait for finish... n_ceased_cleints: 0,  n_issued: 239915, n_done: 239911, n_created_coordinator: 4
I [../src/deptran/client_worker.cc:330] 2022-05-27 15:55:03.470 | wait for finish... n_ceased_cleints: 0,  n_issued: 269543, n_done: 269539, n_created_coordinator: 4
I [../src/deptran/client_worker.cc:330] 2022-05-27 15:55:08.470 | wait for finish... n_ceased_cleints: 0,  n_issued: 298900, n_done: 298896, n_created_coordinator: 4
I [../src/deptran/client_worker.cc:330] 2022-05-27 15:55:13.471 | wait for finish... n_ceased_cleints: 0,  n_issued: 328503, n_done: 328499, n_created_coordinator: 4
I [../src/deptran/s_main.cc:140] 2022-05-27 15:55:16.907 | wait_for_clients: wait for client threads to exit.
I [../src/deptran/client_worker.cc:330] 2022-05-27 15:55:18.471 | wait for finish... n_ceased_cleints: 0,  n_issued: 357739, n_done: 357735, n_created_coordinator: 4
I [../src/deptran/client_worker.cc:317] 2022-05-27 15:55:19.399 | wait for all outstanding requests to finish.
I [../src/deptran/client_worker.cc:343] 2022-05-27 15:55:23.471 | Finish:
Total: 361459, Commit: 361459, Attempts: 0, Running for 60, Throughput: 6024.32

I [../src/deptran/client_worker.cc:348] 2022-05-27 15:55:23.471 | Work: wait_for_shutdown at client 3
