I [../src/deptran/s_main.cc:136] 2022-05-27 14:29:56.787 | PWD : 
I [../src/deptran/s_main.cc:284] 2022-05-27 14:29:56.788 | starting process 31593
I [../src/deptran/s_main.cc:279] 2022-05-27 14:29:56.788 | ulimit -n is 1024
I [../src/deptran/config.cc:285] 2022-05-27 14:29:56.788 | LoadYML: /home/xuhao/code/depfast/tmp/janus-final-testnameksn1jtsz.yml
I [../src/deptran/config.cc:403] 2022-05-27 14:29:56.788 | BuildSiteProcMap
I [../src/deptran/config.cc:655] 2022-05-27 14:29:56.788 | group size: 1
I [../src/deptran/config.cc:655] 2022-05-27 14:29:56.788 | group size: 1
I [../src/deptran/config.cc:655] 2022-05-27 14:29:56.788 | group size: 1
I [../src/deptran/config.cc:681] 2022-05-27 14:29:56.788 | client forwarding: 0
I [../src/deptran/config.cc:320] 2022-05-27 14:29:56.788 | # of concurrent requests: 200
I [../src/deptran/s_main.cc:290] 2022-05-27 14:29:56.788 | Read config finish
I [../src/deptran/s_main.cc:30] 2022-05-27 14:29:56.788 | client_setup_heartbeat
I [../src/deptran/s_main.cc:46] 2022-05-27 14:29:56.789 | Start control server on port 5555
I [../src/rrr/rpc/server.cpp:575] 2022-05-27 14:29:56.789 | bind address is: 0.0.0.0:5555
I [../src/rrr/rpc/server.cpp:570] 2022-05-27 14:29:56.789 | rrr::Server: started on 0.0.0.0:5555
I [../src/deptran/s_main.cc:314] 2022-05-27 14:29:56.789 | no servers on this process
I [../src/deptran/s_main.cc:54] 2022-05-27 14:29:56.789 | client enabled, number of sites: 1
I [../src/deptran/communicator.cc:25] 2022-05-27 14:29:56.790 | size of partitions: 1
I [../src/rrr/reactor/reactor.cc:389] 2022-05-27 14:29:56.790 | starting poll thread
I [../src/rrr/reactor/reactor.cc:389] 2022-05-27 14:29:56.791 | starting poll thread
I [../src/deptran/communicator.cc:191] 2022-05-27 14:29:57.792 | connect to site: 10.0.0.13:10000 success!
I [../src/deptran/communicator.cc:191] 2022-05-27 14:29:57.794 | connect to site: 10.0.0.14:10001 success!
I [../src/deptran/communicator.cc:191] 2022-05-27 14:29:57.795 | connect to site: 10.0.0.15:10002 success!
I [../src/deptran/communicator.cc:191] 2022-05-27 14:29:57.796 | connect to site: 10.0.0.55:10003 success!
I [../src/deptran/communicator.cc:191] 2022-05-27 14:29:57.797 | connect to site: 10.0.0.58:10004 success!
I [../src/deptran/communicator.cc:74] 2022-05-27 14:29:57.798 | Done waiting to connect to client leaders.
I [../src/deptran/client_worker.cc:330] 2022-05-27 14:29:59.609 | wait for finish... n_ceased_cleints: 0,  n_issued: 0, n_done: 0, n_created_coordinator: 0
I [../src/deptran/client_worker.cc:314] 2022-05-27 14:29:59.618 | wait for all virtual clients to stop issuing new requests.
I [../src/deptran/client_worker.cc:330] 2022-05-27 14:30:04.610 | wait for finish... n_ceased_cleints: 0,  n_issued: 47436, n_done: 47236, n_created_coordinator: 200
I [../src/deptran/client_worker.cc:330] 2022-05-27 14:30:09.610 | wait for finish... n_ceased_cleints: 0,  n_issued: 98761, n_done: 98561, n_created_coordinator: 200
I [../src/deptran/client_worker.cc:330] 2022-05-27 14:30:14.610 | wait for finish... n_ceased_cleints: 0,  n_issued: 149742, n_done: 149542, n_created_coordinator: 200
I [../src/deptran/client_worker.cc:330] 2022-05-27 14:30:19.610 | wait for finish... n_ceased_cleints: 0,  n_issued: 200475, n_done: 200275, n_created_coordinator: 200
I [../src/deptran/client_worker.cc:330] 2022-05-27 14:30:24.610 | wait for finish... n_ceased_cleints: 0,  n_issued: 249494, n_done: 249294, n_created_coordinator: 200
I [../src/deptran/client_worker.cc:330] 2022-05-27 14:30:29.610 | wait for finish... n_ceased_cleints: 0,  n_issued: 300342, n_done: 300142, n_created_coordinator: 200
I [../src/deptran/client_worker.cc:330] 2022-05-27 14:30:34.610 | wait for finish... n_ceased_cleints: 0,  n_issued: 350922, n_done: 350722, n_created_coordinator: 200
I [../src/deptran/client_worker.cc:330] 2022-05-27 14:30:39.610 | wait for finish... n_ceased_cleints: 0,  n_issued: 401844, n_done: 401644, n_created_coordinator: 200
I [../src/deptran/client_worker.cc:330] 2022-05-27 14:30:44.610 | wait for finish... n_ceased_cleints: 0,  n_issued: 452400, n_done: 452200, n_created_coordinator: 200
I [../src/deptran/client_worker.cc:330] 2022-05-27 14:30:49.611 | wait for finish... n_ceased_cleints: 0,  n_issued: 503033, n_done: 502833, n_created_coordinator: 200
I [../src/deptran/client_worker.cc:330] 2022-05-27 14:30:54.611 | wait for finish... n_ceased_cleints: 0,  n_issued: 552688, n_done: 552488, n_created_coordinator: 200
I [../src/deptran/s_main.cc:140] 2022-05-27 14:30:57.797 | wait_for_clients: wait for client threads to exit.
I [../src/deptran/client_worker.cc:330] 2022-05-27 14:30:59.611 | wait for finish... n_ceased_cleints: 0,  n_issued: 604072, n_done: 603872, n_created_coordinator: 200
I [../src/deptran/client_worker.cc:317] 2022-05-27 14:31:00.616 | wait for all outstanding requests to finish.
I [../src/deptran/client_worker.cc:343] 2022-05-27 14:31:04.611 | Finish:
Total: 610600, Commit: 610600, Attempts: 0, Running for 60, Throughput: 10176.67

I [../src/deptran/client_worker.cc:348] 2022-05-27 14:31:04.611 | Work: wait_for_shutdown at client 5
