I [../src/deptran/s_main.cc:136] 2022-05-19 18:46:56.974 | PWD : 
I [../src/deptran/s_main.cc:284] 2022-05-19 18:46:56.974 | starting process 32192
I [../src/deptran/s_main.cc:279] 2022-05-19 18:46:56.974 | ulimit -n is 1024
I [../src/deptran/config.cc:285] 2022-05-19 18:46:56.975 | LoadYML: /home/xuhao/code/depfast/tmp/janus-final-testnamephcnn7d_.yml
I [../src/deptran/config.cc:403] 2022-05-19 18:46:56.975 | BuildSiteProcMap
I [../src/deptran/config.cc:655] 2022-05-19 18:46:56.975 | group size: 1
I [../src/deptran/config.cc:681] 2022-05-19 18:46:56.975 | client forwarding: 0
I [../src/deptran/config.cc:320] 2022-05-19 18:46:56.975 | # of concurrent requests: 60
I [../src/deptran/s_main.cc:290] 2022-05-19 18:46:56.975 | Read config finish
I [../src/deptran/s_main.cc:30] 2022-05-19 18:46:56.975 | client_setup_heartbeat
I [../src/deptran/s_main.cc:46] 2022-05-19 18:46:56.975 | Start control server on port 5555
I [../src/rrr/reactor/reactor.cc:389] 2022-05-19 18:46:56.975 | starting poll thread
I [../src/rrr/rpc/server.cpp:575] 2022-05-19 18:46:56.975 | bind address is: 0.0.0.0:5555
I [../src/rrr/rpc/server.cpp:570] 2022-05-19 18:46:56.975 | rrr::Server: started on 0.0.0.0:5555
I [../src/deptran/s_main.cc:314] 2022-05-19 18:46:56.975 | no servers on this process
I [../src/deptran/s_main.cc:54] 2022-05-19 18:46:56.975 | client enabled, number of sites: 1
I [../src/deptran/communicator.cc:25] 2022-05-19 18:46:56.976 | size of partitions: 1
I [../src/rrr/reactor/reactor.cc:389] 2022-05-19 18:46:56.976 | starting poll thread
I [../src/deptran/communicator.cc:191] 2022-05-19 18:46:58.981 | connect to site: 10.0.0.13:10000 success!
I [../src/deptran/communicator.cc:191] 2022-05-19 18:46:58.982 | connect to site: 10.0.0.14:10001 success!
I [../src/deptran/communicator.cc:191] 2022-05-19 18:46:58.983 | connect to site: 10.0.0.15:10002 success!
I [../src/deptran/communicator.cc:191] 2022-05-19 18:46:58.983 | connect to site: 10.0.0.55:10003 success!
I [../src/deptran/communicator.cc:191] 2022-05-19 18:46:58.985 | connect to site: 10.0.0.58:10004 success!
I [../src/deptran/communicator.cc:74] 2022-05-19 18:46:58.985 | Done waiting to connect to client leaders.
I [../src/deptran/client_worker.cc:330] 2022-05-19 18:47:00.803 | wait for finish... n_ceased_cleints: 0,  n_issued: 0, n_done: 0, n_created_coordinator: 0
I [../src/deptran/client_worker.cc:314] 2022-05-19 18:47:00.805 | wait for all virtual clients to stop issuing new requests.
I [../src/deptran/client_worker.cc:330] 2022-05-19 18:47:05.803 | wait for finish... n_ceased_cleints: 0,  n_issued: 31590, n_done: 31530, n_created_coordinator: 60
I [../src/deptran/client_worker.cc:330] 2022-05-19 18:47:10.804 | wait for finish... n_ceased_cleints: 0,  n_issued: 65464, n_done: 65404, n_created_coordinator: 60
I [../src/deptran/client_worker.cc:330] 2022-05-19 18:47:15.804 | wait for finish... n_ceased_cleints: 0,  n_issued: 99877, n_done: 99817, n_created_coordinator: 60
I [../src/deptran/client_worker.cc:330] 2022-05-19 18:47:20.804 | wait for finish... n_ceased_cleints: 0,  n_issued: 134565, n_done: 134505, n_created_coordinator: 60
I [../src/deptran/client_worker.cc:330] 2022-05-19 18:47:25.804 | wait for finish... n_ceased_cleints: 0,  n_issued: 168893, n_done: 168833, n_created_coordinator: 60
I [../src/deptran/client_worker.cc:330] 2022-05-19 18:47:30.804 | wait for finish... n_ceased_cleints: 0,  n_issued: 203163, n_done: 203103, n_created_coordinator: 60
I [../src/deptran/client_worker.cc:330] 2022-05-19 18:47:35.804 | wait for finish... n_ceased_cleints: 0,  n_issued: 237473, n_done: 237413, n_created_coordinator: 60
I [../src/deptran/client_worker.cc:330] 2022-05-19 18:47:40.804 | wait for finish... n_ceased_cleints: 0,  n_issued: 271566, n_done: 271506, n_created_coordinator: 60
I [../src/deptran/client_worker.cc:330] 2022-05-19 18:47:45.804 | wait for finish... n_ceased_cleints: 0,  n_issued: 305759, n_done: 305699, n_created_coordinator: 60
I [../src/rrr/rpc/server.cpp:157] 2022-05-19 18:47:47.073 | no bytes read
I [../src/deptran/client_worker.cc:330] 2022-05-19 18:47:50.804 | wait for finish... n_ceased_cleints: 0,  n_issued: 340168, n_done: 340108, n_created_coordinator: 60
I [../src/deptran/client_worker.cc:330] 2022-05-19 18:47:55.804 | wait for finish... n_ceased_cleints: 0,  n_issued: 374339, n_done: 374279, n_created_coordinator: 60
I [../src/deptran/s_main.cc:140] 2022-05-19 18:47:58.985 | wait_for_clients: wait for client threads to exit.
I [../src/deptran/client_worker.cc:330] 2022-05-19 18:48:00.805 | wait for finish... n_ceased_cleints: 0,  n_issued: 409425, n_done: 409365, n_created_coordinator: 60
I [../src/deptran/client_worker.cc:317] 2022-05-19 18:48:01.800 | wait for all outstanding requests to finish.
I [../src/deptran/client_worker.cc:343] 2022-05-19 18:48:05.805 | Finish:
Total: 413525, Commit: 413525, Attempts: 0, Running for 60, Throughput: 6892.08

I [../src/deptran/client_worker.cc:348] 2022-05-19 18:48:05.805 | Work: wait_for_shutdown at client 5
