I [../src/deptran/s_main.cc:136] 2022-05-20 08:32:15.226 | PWD : 
I [../src/deptran/s_main.cc:284] 2022-05-20 08:32:15.226 | starting process 25915
I [../src/deptran/s_main.cc:279] 2022-05-20 08:32:15.226 | ulimit -n is 1024
I [../src/deptran/config.cc:285] 2022-05-20 08:32:15.226 | LoadYML: /home/xuhao/code/depfast/tmp/janus-final-testnamengnehp79.yml
I [../src/deptran/config.cc:403] 2022-05-20 08:32:15.227 | BuildSiteProcMap
I [../src/deptran/config.cc:655] 2022-05-20 08:32:15.227 | group size: 1
I [../src/deptran/config.cc:681] 2022-05-20 08:32:15.227 | client forwarding: 0
I [../src/deptran/config.cc:320] 2022-05-20 08:32:15.227 | # of concurrent requests: 100
I [../src/deptran/s_main.cc:290] 2022-05-20 08:32:15.228 | Read config finish
I [../src/deptran/s_main.cc:30] 2022-05-20 08:32:15.228 | client_setup_heartbeat
I [../src/deptran/s_main.cc:46] 2022-05-20 08:32:15.228 | Start control server on port 5555
I [../src/rrr/rpc/server.cpp:575] 2022-05-20 08:32:15.228 | bind address is: 0.0.0.0:5555
I [../src/rrr/rpc/server.cpp:570] 2022-05-20 08:32:15.228 | rrr::Server: started on 0.0.0.0:5555
I [../src/deptran/s_main.cc:314] 2022-05-20 08:32:15.228 | no servers on this process
I [../src/deptran/s_main.cc:54] 2022-05-20 08:32:15.228 | client enabled, number of sites: 1
I [../src/deptran/communicator.cc:25] 2022-05-20 08:32:15.228 | size of partitions: 1
I [../src/rrr/reactor/reactor.cc:389] 2022-05-20 08:32:15.230 | starting poll thread
I [../src/rrr/reactor/reactor.cc:389] 2022-05-20 08:32:15.232 | starting poll thread
I [../src/deptran/communicator.cc:191] 2022-05-20 08:32:16.232 | connect to site: 10.0.0.13:10000 success!
I [../src/deptran/communicator.cc:191] 2022-05-20 08:32:17.234 | connect to site: 10.0.0.14:10001 success!
I [../src/deptran/communicator.cc:191] 2022-05-20 08:32:17.234 | connect to site: 10.0.0.15:10002 success!
I [../src/deptran/communicator.cc:191] 2022-05-20 08:32:17.235 | connect to site: 10.0.0.55:10003 success!
I [../src/deptran/communicator.cc:191] 2022-05-20 08:32:17.236 | connect to site: 10.0.0.58:10004 success!
I [../src/deptran/communicator.cc:74] 2022-05-20 08:32:17.237 | Done waiting to connect to client leaders.
I [../src/deptran/client_worker.cc:330] 2022-05-20 08:32:18.003 | wait for finish... n_ceased_cleints: 0,  n_issued: 0, n_done: 0, n_created_coordinator: 0
I [../src/deptran/client_worker.cc:314] 2022-05-20 08:32:19.007 | wait for all virtual clients to stop issuing new requests.
I [../src/deptran/client_worker.cc:330] 2022-05-20 08:32:23.003 | wait for finish... n_ceased_cleints: 0,  n_issued: 43310, n_done: 43210, n_created_coordinator: 100
I [../src/deptran/client_worker.cc:330] 2022-05-20 08:32:28.003 | wait for finish... n_ceased_cleints: 0,  n_issued: 89927, n_done: 89827, n_created_coordinator: 100
I [../src/deptran/client_worker.cc:330] 2022-05-20 08:32:34.003 | wait for finish... n_ceased_cleints: 0,  n_issued: 136674, n_done: 136574, n_created_coordinator: 100
I [../src/deptran/client_worker.cc:330] 2022-05-20 08:32:39.003 | wait for finish... n_ceased_cleints: 0,  n_issued: 183675, n_done: 183575, n_created_coordinator: 100
I [../src/deptran/client_worker.cc:330] 2022-05-20 08:32:44.004 | wait for finish... n_ceased_cleints: 0,  n_issued: 231023, n_done: 230923, n_created_coordinator: 100
I [../src/deptran/client_worker.cc:330] 2022-05-20 08:32:49.004 | wait for finish... n_ceased_cleints: 0,  n_issued: 277877, n_done: 277777, n_created_coordinator: 100
I [../src/deptran/client_worker.cc:330] 2022-05-20 08:32:54.004 | wait for finish... n_ceased_cleints: 0,  n_issued: 324924, n_done: 324824, n_created_coordinator: 100
I [../src/deptran/client_worker.cc:330] 2022-05-20 08:32:59.004 | wait for finish... n_ceased_cleints: 0,  n_issued: 371463, n_done: 371363, n_created_coordinator: 100
I [../src/deptran/client_worker.cc:330] 2022-05-20 08:33:04.004 | wait for finish... n_ceased_cleints: 0,  n_issued: 418200, n_done: 418100, n_created_coordinator: 100
I [../src/deptran/client_worker.cc:330] 2022-05-20 08:33:09.004 | wait for finish... n_ceased_cleints: 0,  n_issued: 464958, n_done: 464858, n_created_coordinator: 100
I [../src/deptran/client_worker.cc:330] 2022-05-20 08:33:14.004 | wait for finish... n_ceased_cleints: 0,  n_issued: 512244, n_done: 512144, n_created_coordinator: 100
I [../src/deptran/s_main.cc:140] 2022-05-20 08:33:17.237 | wait_for_clients: wait for client threads to exit.
I [../src/deptran/client_worker.cc:330] 2022-05-20 08:33:18.004 | wait for finish... n_ceased_cleints: 0,  n_issued: 559148, n_done: 559048, n_created_coordinator: 100
I [../src/deptran/client_worker.cc:317] 2022-05-20 08:33:19.003 | wait for all outstanding requests to finish.
I [../src/deptran/client_worker.cc:343] 2022-05-20 08:33:23.005 | Finish:
Total: 565155, Commit: 565155, Attempts: 0, Running for 60, Throughput: 9419.25

I [../src/deptran/client_worker.cc:348] 2022-05-20 08:33:23.005 | Work: wait_for_shutdown at client 5
