I [../src/deptran/s_main.cc:136] 2022-05-20 11:35:47.569 | PWD : 
I [../src/deptran/s_main.cc:284] 2022-05-20 11:35:47.569 | starting process 21054
I [../src/deptran/s_main.cc:279] 2022-05-20 11:35:47.569 | ulimit -n is 1024
I [../src/deptran/config.cc:285] 2022-05-20 11:35:47.569 | LoadYML: /home/xuhao/code/depfast/tmp/janus-final-testname_j_2bgqi.yml
I [../src/deptran/config.cc:403] 2022-05-20 11:35:47.569 | BuildSiteProcMap
I [../src/deptran/config.cc:655] 2022-05-20 11:35:47.570 | group size: 1
I [../src/deptran/config.cc:681] 2022-05-20 11:35:47.570 | client forwarding: 0
I [../src/deptran/config.cc:320] 2022-05-20 11:35:47.570 | # of concurrent requests: 220
I [../src/deptran/s_main.cc:290] 2022-05-20 11:35:47.570 | Read config finish
I [../src/deptran/s_main.cc:30] 2022-05-20 11:35:47.570 | client_setup_heartbeat
I [../src/deptran/s_main.cc:46] 2022-05-20 11:35:47.570 | Start control server on port 5555
I [../src/rrr/rpc/server.cpp:575] 2022-05-20 11:35:47.570 | bind address is: 0.0.0.0:5555
I [../src/rrr/rpc/server.cpp:570] 2022-05-20 11:35:47.570 | rrr::Server: started on 0.0.0.0:5555
I [../src/deptran/s_main.cc:314] 2022-05-20 11:35:47.570 | no servers on this process
I [../src/deptran/s_main.cc:54] 2022-05-20 11:35:47.570 | client enabled, number of sites: 1
I [../src/deptran/communicator.cc:25] 2022-05-20 11:35:47.572 | size of partitions: 1
I [../src/rrr/reactor/reactor.cc:389] 2022-05-20 11:35:47.573 | starting poll thread
I [../src/rrr/reactor/reactor.cc:389] 2022-05-20 11:35:47.573 | starting poll thread
I [../src/deptran/communicator.cc:191] 2022-05-20 11:35:48.574 | connect to site: 10.0.0.13:10000 success!
I [../src/deptran/communicator.cc:191] 2022-05-20 11:35:49.577 | connect to site: 10.0.0.14:10001 success!
I [../src/deptran/communicator.cc:191] 2022-05-20 11:35:49.578 | connect to site: 10.0.0.15:10002 success!
I [../src/deptran/communicator.cc:74] 2022-05-20 11:35:49.579 | Done waiting to connect to client leaders.
I [../src/deptran/client_worker.cc:330] 2022-05-20 11:35:50.136 | wait for finish... n_ceased_cleints: 0,  n_issued: 0, n_done: 0, n_created_coordinator: 0
I [../src/deptran/client_worker.cc:314] 2022-05-20 11:35:50.146 | wait for all virtual clients to stop issuing new requests.
I [../src/deptran/client_worker.cc:330] 2022-05-20 11:35:55.136 | wait for finish... n_ceased_cleints: 0,  n_issued: 75714, n_done: 75494, n_created_coordinator: 220
I [../src/deptran/client_worker.cc:330] 2022-05-20 11:36:00.136 | wait for finish... n_ceased_cleints: 0,  n_issued: 157490, n_done: 157270, n_created_coordinator: 220
I [../src/deptran/client_worker.cc:330] 2022-05-20 11:36:05.136 | wait for finish... n_ceased_cleints: 0,  n_issued: 239598, n_done: 239378, n_created_coordinator: 220
I [../src/deptran/client_worker.cc:330] 2022-05-20 11:36:10.137 | wait for finish... n_ceased_cleints: 0,  n_issued: 318108, n_done: 317888, n_created_coordinator: 220
I [../src/deptran/client_worker.cc:330] 2022-05-20 11:36:15.137 | wait for finish... n_ceased_cleints: 0,  n_issued: 394950, n_done: 394730, n_created_coordinator: 220
I [../src/deptran/client_worker.cc:330] 2022-05-20 11:36:20.137 | wait for finish... n_ceased_cleints: 0,  n_issued: 471322, n_done: 471102, n_created_coordinator: 220
I [../src/deptran/client_worker.cc:330] 2022-05-20 11:36:25.137 | wait for finish... n_ceased_cleints: 0,  n_issued: 546331, n_done: 546111, n_created_coordinator: 220
I [../src/deptran/client_worker.cc:330] 2022-05-20 11:36:30.137 | wait for finish... n_ceased_cleints: 0,  n_issued: 620377, n_done: 620157, n_created_coordinator: 220
I [../src/deptran/client_worker.cc:330] 2022-05-20 11:36:35.137 | wait for finish... n_ceased_cleints: 0,  n_issued: 696151, n_done: 695931, n_created_coordinator: 220
I [../src/deptran/client_worker.cc:330] 2022-05-20 11:36:40.137 | wait for finish... n_ceased_cleints: 0,  n_issued: 773482, n_done: 773262, n_created_coordinator: 220
I [../src/deptran/client_worker.cc:330] 2022-05-20 11:36:45.137 | wait for finish... n_ceased_cleints: 0,  n_issued: 849034, n_done: 848814, n_created_coordinator: 220
I [../src/deptran/client_worker.cc:330] 2022-05-20 11:36:50.137 | wait for finish... n_ceased_cleints: 0,  n_issued: 926310, n_done: 926090, n_created_coordinator: 220
I [../src/deptran/client_worker.cc:330] 2022-05-20 11:36:55.138 | wait for finish... n_ceased_cleints: 0,  n_issued: 1003227, n_done: 1003007, n_created_coordinator: 220
I [../src/deptran/client_worker.cc:330] 2022-05-20 11:37:00.138 | wait for finish... n_ceased_cleints: 0,  n_issued: 1078874, n_done: 1078654, n_created_coordinator: 220
I [../src/deptran/client_worker.cc:330] 2022-05-20 11:37:05.138 | wait for finish... n_ceased_cleints: 0,  n_issued: 1149997, n_done: 1149777, n_created_coordinator: 220
I [../src/deptran/client_worker.cc:330] 2022-05-20 11:37:10.138 | wait for finish... n_ceased_cleints: 0,  n_issued: 1225048, n_done: 1224828, n_created_coordinator: 220
I [../src/deptran/client_worker.cc:330] 2022-05-20 11:37:15.138 | wait for finish... n_ceased_cleints: 0,  n_issued: 1301192, n_done: 1300972, n_created_coordinator: 220
I [../src/deptran/client_worker.cc:330] 2022-05-20 11:37:20.138 | wait for finish... n_ceased_cleints: 0,  n_issued: 1377496, n_done: 1377276, n_created_coordinator: 220
I [../src/deptran/client_worker.cc:330] 2022-05-20 11:37:25.138 | wait for finish... n_ceased_cleints: 0,  n_issued: 1450461, n_done: 1450241, n_created_coordinator: 220
I [../src/deptran/client_worker.cc:330] 2022-05-20 11:37:30.138 | wait for finish... n_ceased_cleints: 0,  n_issued: 1527121, n_done: 1526901, n_created_coordinator: 220
I [../src/deptran/client_worker.cc:330] 2022-05-20 11:37:35.138 | wait for finish... n_ceased_cleints: 0,  n_issued: 1603076, n_done: 1602856, n_created_coordinator: 220
I [../src/deptran/client_worker.cc:330] 2022-05-20 11:37:40.139 | wait for finish... n_ceased_cleints: 0,  n_issued: 1681012, n_done: 1680793, n_created_coordinator: 220
I [../src/deptran/client_worker.cc:330] 2022-05-20 11:37:45.139 | wait for finish... n_ceased_cleints: 0,  n_issued: 1758983, n_done: 1758763, n_created_coordinator: 220
I [../src/deptran/client_worker.cc:330] 2022-05-20 11:37:50.139 | wait for finish... n_ceased_cleints: 0,  n_issued: 1835200, n_done: 1834980, n_created_coordinator: 220
I [../src/deptran/client_worker.cc:330] 2022-05-20 11:37:55.139 | wait for finish... n_ceased_cleints: 0,  n_issued: 1910868, n_done: 1910648, n_created_coordinator: 220
I [../src/deptran/client_worker.cc:330] 2022-05-20 11:38:00.139 | wait for finish... n_ceased_cleints: 0,  n_issued: 1988122, n_done: 1987902, n_created_coordinator: 220
I [../src/deptran/client_worker.cc:330] 2022-05-20 11:38:05.139 | wait for finish... n_ceased_cleints: 0,  n_issued: 2064882, n_done: 2064662, n_created_coordinator: 220
I [../src/deptran/client_worker.cc:330] 2022-05-20 11:38:10.139 | wait for finish... n_ceased_cleints: 0,  n_issued: 2142284, n_done: 2142064, n_created_coordinator: 220
I [../src/deptran/client_worker.cc:330] 2022-05-20 11:38:15.139 | wait for finish... n_ceased_cleints: 0,  n_issued: 2219385, n_done: 2219165, n_created_coordinator: 220
I [../src/deptran/client_worker.cc:330] 2022-05-20 11:38:20.139 | wait for finish... n_ceased_cleints: 0,  n_issued: 2293727, n_done: 2293507, n_created_coordinator: 220
I [../src/deptran/client_worker.cc:330] 2022-05-20 11:38:25.140 | wait for finish... n_ceased_cleints: 0,  n_issued: 2367520, n_done: 2367300, n_created_coordinator: 220
I [../src/deptran/client_worker.cc:330] 2022-05-20 11:38:30.140 | wait for finish... n_ceased_cleints: 0,  n_issued: 2445013, n_done: 2444793, n_created_coordinator: 220
I [../src/deptran/client_worker.cc:330] 2022-05-20 11:38:35.140 | wait for finish... n_ceased_cleints: 0,  n_issued: 2520926, n_done: 2520706, n_created_coordinator: 220
I [../src/deptran/client_worker.cc:330] 2022-05-20 11:38:40.140 | wait for finish... n_ceased_cleints: 0,  n_issued: 2597144, n_done: 2596924, n_created_coordinator: 220
I [../src/deptran/client_worker.cc:330] 2022-05-20 11:38:45.140 | wait for finish... n_ceased_cleints: 0,  n_issued: 2672858, n_done: 2672638, n_created_coordinator: 220
I [../src/deptran/s_main.cc:140] 2022-05-20 11:38:49.579 | wait_for_clients: wait for client threads to exit.
I [../src/deptran/client_worker.cc:330] 2022-05-20 11:38:50.140 | wait for finish... n_ceased_cleints: 0,  n_issued: 2748755, n_done: 2748535, n_created_coordinator: 220
I [../src/deptran/client_worker.cc:317] 2022-05-20 11:38:51.150 | wait for all outstanding requests to finish.
I [../src/deptran/client_worker.cc:343] 2022-05-20 11:38:55.140 | Finish:
Total: 2758164, Commit: 2758164, Attempts: 0, Running for 180, Throughput: 15323.13

I [../src/deptran/client_worker.cc:348] 2022-05-20 11:38:55.140 | Work: wait_for_shutdown at client 3
