I [../src/deptran/s_main.cc:136] 2022-05-20 08:30:35.239 | PWD : 
I [../src/deptran/s_main.cc:284] 2022-05-20 08:30:35.239 | starting process 25239
I [../src/deptran/s_main.cc:279] 2022-05-20 08:30:35.239 | ulimit -n is 1024
I [../src/deptran/config.cc:285] 2022-05-20 08:30:35.239 | LoadYML: /home/xuhao/code/depfast/tmp/janus-final-testnamegdf5o1_5.yml
I [../src/deptran/config.cc:403] 2022-05-20 08:30:35.240 | BuildSiteProcMap
I [../src/deptran/config.cc:655] 2022-05-20 08:30:35.240 | group size: 1
I [../src/deptran/config.cc:681] 2022-05-20 08:30:35.240 | client forwarding: 0
I [../src/deptran/config.cc:320] 2022-05-20 08:30:35.240 | # of concurrent requests: 80
I [../src/deptran/s_main.cc:290] 2022-05-20 08:30:35.240 | Read config finish
I [../src/deptran/s_main.cc:30] 2022-05-20 08:30:35.240 | client_setup_heartbeat
I [../src/deptran/s_main.cc:46] 2022-05-20 08:30:35.241 | Start control server on port 5555
I [../src/rrr/rpc/server.cpp:575] 2022-05-20 08:30:35.241 | bind address is: 0.0.0.0:5555
I [../src/rrr/rpc/server.cpp:570] 2022-05-20 08:30:35.241 | rrr::Server: started on 0.0.0.0:5555
I [../src/deptran/s_main.cc:314] 2022-05-20 08:30:35.241 | no servers on this process
I [../src/deptran/s_main.cc:54] 2022-05-20 08:30:35.241 | client enabled, number of sites: 1
I [../src/rrr/reactor/reactor.cc:389] 2022-05-20 08:30:35.242 | starting poll thread
I [../src/deptran/communicator.cc:25] 2022-05-20 08:30:35.242 | size of partitions: 1
I [../src/rrr/reactor/reactor.cc:389] 2022-05-20 08:30:35.244 | starting poll thread
I [../src/deptran/communicator.cc:191] 2022-05-20 08:30:36.244 | connect to site: 10.0.0.13:10000 success!
I [../src/deptran/communicator.cc:191] 2022-05-20 08:30:37.246 | connect to site: 10.0.0.14:10001 success!
I [../src/deptran/communicator.cc:191] 2022-05-20 08:30:37.247 | connect to site: 10.0.0.15:10002 success!
I [../src/deptran/communicator.cc:191] 2022-05-20 08:30:37.248 | connect to site: 10.0.0.55:10003 success!
I [../src/deptran/communicator.cc:191] 2022-05-20 08:30:37.249 | connect to site: 10.0.0.58:10004 success!
I [../src/deptran/communicator.cc:74] 2022-05-20 08:30:37.251 | Done waiting to connect to client leaders.
I [../src/deptran/client_worker.cc:330] 2022-05-20 08:30:38.933 | wait for finish... n_ceased_cleints: 0,  n_issued: 0, n_done: 0, n_created_coordinator: 0
I [../src/deptran/client_worker.cc:314] 2022-05-20 08:30:38.936 | wait for all virtual clients to stop issuing new requests.
I [../src/deptran/client_worker.cc:330] 2022-05-20 08:30:43.933 | wait for finish... n_ceased_cleints: 0,  n_issued: 39471, n_done: 39391, n_created_coordinator: 80
I [../src/deptran/client_worker.cc:330] 2022-05-20 08:30:48.934 | wait for finish... n_ceased_cleints: 0,  n_issued: 82086, n_done: 82006, n_created_coordinator: 80
I [../src/deptran/client_worker.cc:330] 2022-05-20 08:30:53.934 | wait for finish... n_ceased_cleints: 0,  n_issued: 123750, n_done: 123670, n_created_coordinator: 80
I [../src/deptran/client_worker.cc:330] 2022-05-20 08:30:58.934 | wait for finish... n_ceased_cleints: 0,  n_issued: 166962, n_done: 166882, n_created_coordinator: 80
I [../src/deptran/client_worker.cc:330] 2022-05-20 08:31:03.934 | wait for finish... n_ceased_cleints: 0,  n_issued: 209191, n_done: 209111, n_created_coordinator: 80
I [../src/deptran/client_worker.cc:330] 2022-05-20 08:31:08.934 | wait for finish... n_ceased_cleints: 0,  n_issued: 251347, n_done: 251267, n_created_coordinator: 80
I [../src/deptran/client_worker.cc:330] 2022-05-20 08:31:13.934 | wait for finish... n_ceased_cleints: 0,  n_issued: 294303, n_done: 294223, n_created_coordinator: 80
I [../src/deptran/client_worker.cc:330] 2022-05-20 08:31:18.934 | wait for finish... n_ceased_cleints: 0,  n_issued: 336496, n_done: 336416, n_created_coordinator: 80
I [../src/deptran/client_worker.cc:330] 2022-05-20 08:31:23.934 | wait for finish... n_ceased_cleints: 0,  n_issued: 378134, n_done: 378054, n_created_coordinator: 80
I [../src/deptran/client_worker.cc:330] 2022-05-20 08:31:28.934 | wait for finish... n_ceased_cleints: 0,  n_issued: 419284, n_done: 419204, n_created_coordinator: 80
I [../src/deptran/client_worker.cc:330] 2022-05-20 08:31:33.935 | wait for finish... n_ceased_cleints: 0,  n_issued: 461314, n_done: 461234, n_created_coordinator: 80
I [../src/deptran/s_main.cc:140] 2022-05-20 08:31:37.250 | wait_for_clients: wait for client threads to exit.
I [../src/deptran/client_worker.cc:330] 2022-05-20 08:31:38.935 | wait for finish... n_ceased_cleints: 0,  n_issued: 502854, n_done: 502774, n_created_coordinator: 80
I [../src/deptran/client_worker.cc:317] 2022-05-20 08:31:39.925 | wait for all outstanding requests to finish.
I [../src/deptran/client_worker.cc:343] 2022-05-20 08:31:43.935 | Finish:
Total: 507625, Commit: 507625, Attempts: 0, Running for 60, Throughput: 8460.42

I [../src/deptran/client_worker.cc:348] 2022-05-20 08:31:43.935 | Work: wait_for_shutdown at client 5
