I [../src/deptran/s_main.cc:136] 2022-05-27 05:37:57.777 | PWD : 
I [../src/deptran/s_main.cc:284] 2022-05-27 05:37:57.777 | starting process 15027
I [../src/deptran/s_main.cc:279] 2022-05-27 05:37:57.777 | ulimit -n is 1024
I [../src/deptran/config.cc:285] 2022-05-27 05:37:57.777 | LoadYML: /home/xuhao/code/depfast/tmp/janus-final-testnameuyzpw9g1.yml
I [../src/deptran/config.cc:403] 2022-05-27 05:37:57.777 | BuildSiteProcMap
I [../src/deptran/config.cc:655] 2022-05-27 05:37:57.777 | group size: 1
I [../src/deptran/config.cc:681] 2022-05-27 05:37:57.777 | client forwarding: 0
I [../src/deptran/config.cc:320] 2022-05-27 05:37:57.777 | # of concurrent requests: 40
I [../src/deptran/s_main.cc:290] 2022-05-27 05:37:57.777 | Read config finish
I [../src/deptran/s_main.cc:30] 2022-05-27 05:37:57.777 | client_setup_heartbeat
I [../src/deptran/s_main.cc:46] 2022-05-27 05:37:57.778 | Start control server on port 5555
I [../src/rrr/rpc/server.cpp:575] 2022-05-27 05:37:57.778 | bind address is: 0.0.0.0:5555
I [../src/rrr/rpc/server.cpp:570] 2022-05-27 05:37:57.778 | rrr::Server: started on 0.0.0.0:5555
I [../src/deptran/s_main.cc:314] 2022-05-27 05:37:57.778 | no servers on this process
I [../src/deptran/s_main.cc:54] 2022-05-27 05:37:57.778 | client enabled, number of sites: 1
I [../src/deptran/communicator.cc:25] 2022-05-27 05:37:57.779 | size of partitions: 1
I [../src/rrr/reactor/reactor.cc:389] 2022-05-27 05:37:57.779 | starting poll thread
I [../src/rrr/reactor/reactor.cc:389] 2022-05-27 05:37:57.781 | starting poll thread
I [../src/deptran/communicator.cc:191] 2022-05-27 05:37:58.781 | connect to site: 10.0.0.13:10000 success!
I [../src/deptran/communicator.cc:191] 2022-05-27 05:37:59.784 | connect to site: 10.0.0.14:10001 success!
I [../src/deptran/communicator.cc:191] 2022-05-27 05:37:59.785 | connect to site: 10.0.0.15:10002 success!
I [../src/deptran/communicator.cc:74] 2022-05-27 05:37:59.786 | Done waiting to connect to client leaders.
I [../src/deptran/client_worker.cc:330] 2022-05-27 05:38:00.350 | wait for finish... n_ceased_cleints: 0,  n_issued: 0, n_done: 0, n_created_coordinator: 0
I [../src/deptran/client_worker.cc:314] 2022-05-27 05:38:00.352 | wait for all virtual clients to stop issuing new requests.
I [../src/deptran/client_worker.cc:330] 2022-05-27 05:38:05.351 | wait for finish... n_ceased_cleints: 0,  n_issued: 14482, n_done: 14442, n_created_coordinator: 40
I [../src/deptran/client_worker.cc:330] 2022-05-27 05:38:10.351 | wait for finish... n_ceased_cleints: 0,  n_issued: 30549, n_done: 30509, n_created_coordinator: 40
I [../src/deptran/client_worker.cc:330] 2022-05-27 05:38:15.351 | wait for finish... n_ceased_cleints: 0,  n_issued: 46854, n_done: 46814, n_created_coordinator: 40
I [../src/deptran/client_worker.cc:330] 2022-05-27 05:38:20.351 | wait for finish... n_ceased_cleints: 0,  n_issued: 63239, n_done: 63199, n_created_coordinator: 40
I [../src/deptran/client_worker.cc:330] 2022-05-27 05:38:25.351 | wait for finish... n_ceased_cleints: 0,  n_issued: 79277, n_done: 79237, n_created_coordinator: 40
I [../src/deptran/client_worker.cc:330] 2022-05-27 05:38:30.351 | wait for finish... n_ceased_cleints: 0,  n_issued: 95266, n_done: 95226, n_created_coordinator: 40
I [../src/deptran/client_worker.cc:330] 2022-05-27 05:38:35.351 | wait for finish... n_ceased_cleints: 0,  n_issued: 110375, n_done: 110335, n_created_coordinator: 40
I [../src/deptran/client_worker.cc:330] 2022-05-27 05:38:40.351 | wait for finish... n_ceased_cleints: 0,  n_issued: 126872, n_done: 126832, n_created_coordinator: 40
I [../src/deptran/client_worker.cc:330] 2022-05-27 05:38:45.352 | wait for finish... n_ceased_cleints: 0,  n_issued: 143301, n_done: 143261, n_created_coordinator: 40
I [../src/deptran/client_worker.cc:330] 2022-05-27 05:38:50.352 | wait for finish... n_ceased_cleints: 0,  n_issued: 158884, n_done: 158844, n_created_coordinator: 40
I [../src/deptran/client_worker.cc:330] 2022-05-27 05:38:55.352 | wait for finish... n_ceased_cleints: 0,  n_issued: 174600, n_done: 174560, n_created_coordinator: 40
I [../src/deptran/s_main.cc:140] 2022-05-27 05:38:59.785 | wait_for_clients: wait for client threads to exit.
I [../src/deptran/client_worker.cc:330] 2022-05-27 05:39:00.352 | wait for finish... n_ceased_cleints: 0,  n_issued: 190588, n_done: 190548, n_created_coordinator: 40
I [../src/deptran/client_worker.cc:317] 2022-05-27 05:39:01.356 | wait for all outstanding requests to finish.
I [../src/deptran/client_worker.cc:343] 2022-05-27 05:39:05.352 | Finish:
Total: 192166, Commit: 192166, Attempts: 0, Running for 60, Throughput: 3202.77

I [../src/deptran/client_worker.cc:348] 2022-05-27 05:39:05.352 | Work: wait_for_shutdown at client 3
