I [../src/deptran/s_main.cc:136] 2022-05-19 19:45:24.451 | PWD : 
I [../src/deptran/s_main.cc:284] 2022-05-19 19:45:24.451 | starting process 11808
I [../src/deptran/s_main.cc:279] 2022-05-19 19:45:24.451 | ulimit -n is 1024
I [../src/deptran/config.cc:285] 2022-05-19 19:45:24.451 | LoadYML: /home/xuhao/code/depfast/tmp/janus-final-testnamez_flvzd2.yml
I [../src/deptran/config.cc:403] 2022-05-19 19:45:24.452 | BuildSiteProcMap
I [../src/deptran/config.cc:655] 2022-05-19 19:45:24.452 | group size: 1
I [../src/deptran/config.cc:681] 2022-05-19 19:45:24.452 | client forwarding: 0
I [../src/deptran/config.cc:320] 2022-05-19 19:45:24.452 | # of concurrent requests: 100
I [../src/deptran/s_main.cc:290] 2022-05-19 19:45:24.452 | Read config finish
I [../src/deptran/s_main.cc:30] 2022-05-19 19:45:24.452 | client_setup_heartbeat
I [../src/deptran/s_main.cc:46] 2022-05-19 19:45:24.452 | Start control server on port 5555
I [../src/rrr/rpc/server.cpp:575] 2022-05-19 19:45:24.452 | bind address is: 0.0.0.0:5555
I [../src/rrr/reactor/reactor.cc:389] 2022-05-19 19:45:24.452 | starting poll thread
I [../src/rrr/rpc/server.cpp:570] 2022-05-19 19:45:24.452 | rrr::Server: started on 0.0.0.0:5555
I [../src/deptran/s_main.cc:314] 2022-05-19 19:45:24.452 | no servers on this process
I [../src/deptran/s_main.cc:54] 2022-05-19 19:45:24.452 | client enabled, number of sites: 1
I [../src/rrr/reactor/reactor.cc:389] 2022-05-19 19:45:24.452 | starting poll thread
I [../src/deptran/communicator.cc:25] 2022-05-19 19:45:24.452 | size of partitions: 1
I [../src/deptran/communicator.cc:191] 2022-05-19 19:45:26.456 | connect to site: 10.0.0.13:10000 success!
I [../src/deptran/communicator.cc:191] 2022-05-19 19:45:26.457 | connect to site: 10.0.0.14:10001 success!
I [../src/deptran/communicator.cc:191] 2022-05-19 19:45:26.458 | connect to site: 10.0.0.15:10002 success!
I [../src/deptran/communicator.cc:191] 2022-05-19 19:45:26.459 | connect to site: 10.0.0.55:10003 success!
I [../src/deptran/communicator.cc:191] 2022-05-19 19:45:26.460 | connect to site: 10.0.0.58:10004 success!
I [../src/deptran/communicator.cc:74] 2022-05-19 19:45:26.460 | Done waiting to connect to client leaders.
I [../src/deptran/client_worker.cc:330] 2022-05-19 19:45:28.278 | wait for finish... n_ceased_cleints: 0,  n_issued: 0, n_done: 0, n_created_coordinator: 0
I [../src/deptran/client_worker.cc:314] 2022-05-19 19:45:28.280 | wait for all virtual clients to stop issuing new requests.
I [../src/deptran/client_worker.cc:330] 2022-05-19 19:45:33.278 | wait for finish... n_ceased_cleints: 0,  n_issued: 42334, n_done: 42234, n_created_coordinator: 100
I [../src/deptran/client_worker.cc:330] 2022-05-19 19:45:38.279 | wait for finish... n_ceased_cleints: 0,  n_issued: 87723, n_done: 87623, n_created_coordinator: 100
I [../src/deptran/client_worker.cc:330] 2022-05-19 19:45:43.279 | wait for finish... n_ceased_cleints: 0,  n_issued: 132733, n_done: 132633, n_created_coordinator: 100
I [../src/deptran/client_worker.cc:330] 2022-05-19 19:45:48.279 | wait for finish... n_ceased_cleints: 0,  n_issued: 177682, n_done: 177582, n_created_coordinator: 100
I [../src/deptran/client_worker.cc:330] 2022-05-19 19:45:53.279 | wait for finish... n_ceased_cleints: 0,  n_issued: 223014, n_done: 222914, n_created_coordinator: 100
I [../src/deptran/client_worker.cc:330] 2022-05-19 19:45:58.279 | wait for finish... n_ceased_cleints: 0,  n_issued: 268181, n_done: 268081, n_created_coordinator: 100
I [../src/deptran/client_worker.cc:330] 2022-05-19 19:46:03.279 | wait for finish... n_ceased_cleints: 0,  n_issued: 313445, n_done: 313345, n_created_coordinator: 100
I [../src/deptran/client_worker.cc:330] 2022-05-19 19:46:08.280 | wait for finish... n_ceased_cleints: 0,  n_issued: 358488, n_done: 358388, n_created_coordinator: 100
I [../src/deptran/client_worker.cc:330] 2022-05-19 19:46:13.280 | wait for finish... n_ceased_cleints: 0,  n_issued: 403477, n_done: 403377, n_created_coordinator: 100
I [../src/deptran/client_worker.cc:330] 2022-05-19 19:46:18.280 | wait for finish... n_ceased_cleints: 0,  n_issued: 449758, n_done: 449658, n_created_coordinator: 100
I [../src/deptran/client_worker.cc:330] 2022-05-19 19:46:23.280 | wait for finish... n_ceased_cleints: 0,  n_issued: 496279, n_done: 496179, n_created_coordinator: 100
I [../src/deptran/s_main.cc:140] 2022-05-19 19:46:26.460 | wait_for_clients: wait for client threads to exit.
I [../src/deptran/client_worker.cc:330] 2022-05-19 19:46:28.280 | wait for finish... n_ceased_cleints: 0,  n_issued: 542490, n_done: 542390, n_created_coordinator: 100
I [../src/deptran/client_worker.cc:317] 2022-05-19 19:46:29.243 | wait for all outstanding requests to finish.
I [../src/deptran/client_worker.cc:343] 2022-05-19 19:46:33.280 | Finish:
Total: 548013, Commit: 548013, Attempts: 0, Running for 60, Throughput: 9133.55

I [../src/deptran/client_worker.cc:348] 2022-05-19 19:46:33.280 | Work: wait_for_shutdown at client 5
