I [../src/deptran/s_main.cc:136] 2022-05-27 07:36:17.640 | PWD : 
I [../src/deptran/s_main.cc:284] 2022-05-27 07:36:17.640 | starting process 8375
I [../src/deptran/s_main.cc:279] 2022-05-27 07:36:17.640 | ulimit -n is 1024
I [../src/deptran/config.cc:285] 2022-05-27 07:36:17.640 | LoadYML: /home/xuhao/code/depfast/tmp/janus-final-testname8jp0t3l0.yml
I [../src/deptran/config.cc:403] 2022-05-27 07:36:17.640 | BuildSiteProcMap
I [../src/deptran/config.cc:655] 2022-05-27 07:36:17.640 | group size: 1
I [../src/deptran/config.cc:681] 2022-05-27 07:36:17.640 | client forwarding: 0
I [../src/deptran/config.cc:320] 2022-05-27 07:36:17.640 | # of concurrent requests: 5
I [../src/deptran/s_main.cc:290] 2022-05-27 07:36:17.640 | Read config finish
I [../src/deptran/s_main.cc:30] 2022-05-27 07:36:17.640 | client_setup_heartbeat
I [../src/deptran/s_main.cc:46] 2022-05-27 07:36:17.641 | Start control server on port 5555
I [../src/rrr/rpc/server.cpp:575] 2022-05-27 07:36:17.641 | bind address is: 0.0.0.0:5555
I [../src/rrr/rpc/server.cpp:570] 2022-05-27 07:36:17.641 | rrr::Server: started on 0.0.0.0:5555
I [../src/deptran/s_main.cc:314] 2022-05-27 07:36:17.641 | no servers on this process
I [../src/deptran/s_main.cc:54] 2022-05-27 07:36:17.641 | client enabled, number of sites: 1
I [../src/deptran/communicator.cc:25] 2022-05-27 07:36:17.642 | size of partitions: 1
I [../src/rrr/reactor/reactor.cc:389] 2022-05-27 07:36:17.642 | starting poll thread
I [../src/rrr/reactor/reactor.cc:389] 2022-05-27 07:36:17.644 | starting poll thread
I [../src/deptran/communicator.cc:191] 2022-05-27 07:36:18.644 | connect to site: 10.0.0.13:10000 success!
I [../src/deptran/communicator.cc:191] 2022-05-27 07:36:19.646 | connect to site: 10.0.0.14:10001 success!
I [../src/deptran/communicator.cc:191] 2022-05-27 07:36:19.647 | connect to site: 10.0.0.15:10002 success!
I [../src/deptran/communicator.cc:74] 2022-05-27 07:36:19.648 | Done waiting to connect to client leaders.
I [../src/deptran/client_worker.cc:330] 2022-05-27 07:36:20.227 | wait for finish... n_ceased_cleints: 0,  n_issued: 0, n_done: 0, n_created_coordinator: 0
I [../src/deptran/client_worker.cc:314] 2022-05-27 07:36:20.228 | wait for all virtual clients to stop issuing new requests.
I [../src/deptran/client_worker.cc:330] 2022-05-27 07:36:25.227 | wait for finish... n_ceased_cleints: 0,  n_issued: 39831, n_done: 39826, n_created_coordinator: 5
I [../src/deptran/client_worker.cc:330] 2022-05-27 07:36:30.227 | wait for finish... n_ceased_cleints: 0,  n_issued: 85997, n_done: 85992, n_created_coordinator: 5
I [../src/deptran/client_worker.cc:330] 2022-05-27 07:36:35.227 | wait for finish... n_ceased_cleints: 0,  n_issued: 132021, n_done: 132016, n_created_coordinator: 5
I [../src/deptran/client_worker.cc:330] 2022-05-27 07:36:40.227 | wait for finish... n_ceased_cleints: 0,  n_issued: 177282, n_done: 177277, n_created_coordinator: 5
I [../src/deptran/client_worker.cc:330] 2022-05-27 07:36:45.227 | wait for finish... n_ceased_cleints: 0,  n_issued: 222747, n_done: 222742, n_created_coordinator: 5
I [../src/deptran/client_worker.cc:330] 2022-05-27 07:36:50.227 | wait for finish... n_ceased_cleints: 0,  n_issued: 266961, n_done: 266956, n_created_coordinator: 5
I [../src/deptran/client_worker.cc:330] 2022-05-27 07:36:55.227 | wait for finish... n_ceased_cleints: 0,  n_issued: 309997, n_done: 309992, n_created_coordinator: 5
I [../src/deptran/client_worker.cc:330] 2022-05-27 07:37:00.228 | wait for finish... n_ceased_cleints: 0,  n_issued: 354452, n_done: 354447, n_created_coordinator: 5
I [../src/deptran/client_worker.cc:330] 2022-05-27 07:37:05.228 | wait for finish... n_ceased_cleints: 0,  n_issued: 398634, n_done: 398629, n_created_coordinator: 5
I [../src/deptran/client_worker.cc:330] 2022-05-27 07:37:10.228 | wait for finish... n_ceased_cleints: 0,  n_issued: 442693, n_done: 442688, n_created_coordinator: 5
I [../src/deptran/client_worker.cc:330] 2022-05-27 07:37:15.228 | wait for finish... n_ceased_cleints: 0,  n_issued: 486598, n_done: 486593, n_created_coordinator: 5
I [../src/deptran/s_main.cc:140] 2022-05-27 07:37:19.648 | wait_for_clients: wait for client threads to exit.
I [../src/deptran/client_worker.cc:330] 2022-05-27 07:37:20.228 | wait for finish... n_ceased_cleints: 0,  n_issued: 530558, n_done: 530553, n_created_coordinator: 5
I [../src/deptran/client_worker.cc:317] 2022-05-27 07:37:21.143 | wait for all outstanding requests to finish.
I [../src/deptran/client_worker.cc:343] 2022-05-27 07:37:25.228 | Finish:
Total: 537075, Commit: 537075, Attempts: 0, Running for 60, Throughput: 8951.25

I [../src/deptran/client_worker.cc:348] 2022-05-27 07:37:25.228 | Work: wait_for_shutdown at client 3
