I [../src/deptran/s_main.cc:136] 2022-05-27 06:17:31.871 | PWD : 
I [../src/deptran/s_main.cc:284] 2022-05-27 06:17:31.871 | starting process 25393
I [../src/deptran/s_main.cc:279] 2022-05-27 06:17:31.871 | ulimit -n is 1024
I [../src/deptran/config.cc:285] 2022-05-27 06:17:31.871 | LoadYML: /home/xuhao/code/depfast/tmp/janus-final-testnameps57j55p.yml
I [../src/deptran/config.cc:403] 2022-05-27 06:17:31.871 | BuildSiteProcMap
I [../src/deptran/config.cc:655] 2022-05-27 06:17:31.872 | group size: 1
I [../src/deptran/config.cc:681] 2022-05-27 06:17:31.872 | client forwarding: 0
I [../src/deptran/config.cc:320] 2022-05-27 06:17:31.872 | # of concurrent requests: 80
I [../src/deptran/s_main.cc:290] 2022-05-27 06:17:31.872 | Read config finish
I [../src/deptran/s_main.cc:30] 2022-05-27 06:17:31.872 | client_setup_heartbeat
I [../src/deptran/s_main.cc:46] 2022-05-27 06:17:31.872 | Start control server on port 5555
I [../src/rrr/rpc/server.cpp:575] 2022-05-27 06:17:31.872 | bind address is: 0.0.0.0:5555
I [../src/rrr/rpc/server.cpp:570] 2022-05-27 06:17:31.872 | rrr::Server: started on 0.0.0.0:5555
I [../src/deptran/s_main.cc:314] 2022-05-27 06:17:31.872 | no servers on this process
I [../src/deptran/s_main.cc:54] 2022-05-27 06:17:31.872 | client enabled, number of sites: 1
I [../src/rrr/reactor/reactor.cc:389] 2022-05-27 06:17:31.873 | starting poll thread
I [../src/deptran/communicator.cc:25] 2022-05-27 06:17:31.873 | size of partitions: 1
I [../src/rrr/reactor/reactor.cc:389] 2022-05-27 06:17:31.874 | starting poll thread
I [../src/deptran/communicator.cc:191] 2022-05-27 06:17:32.876 | connect to site: 10.0.0.13:10000 success!
I [../src/deptran/communicator.cc:191] 2022-05-27 06:17:33.878 | connect to site: 10.0.0.14:10001 success!
I [../src/deptran/communicator.cc:191] 2022-05-27 06:17:33.879 | connect to site: 10.0.0.15:10002 success!
I [../src/deptran/communicator.cc:191] 2022-05-27 06:17:33.880 | connect to site: 10.0.0.55:10003 success!
I [../src/deptran/communicator.cc:191] 2022-05-27 06:17:33.881 | connect to site: 10.0.0.58:10004 success!
I [../src/deptran/communicator.cc:74] 2022-05-27 06:17:33.883 | Done waiting to connect to client leaders.
I [../src/deptran/client_worker.cc:330] 2022-05-27 06:17:34.692 | wait for finish... n_ceased_cleints: 0,  n_issued: 0, n_done: 0, n_created_coordinator: 0
I [../src/deptran/client_worker.cc:314] 2022-05-27 06:17:34.695 | wait for all virtual clients to stop issuing new requests.
I [../src/deptran/client_worker.cc:330] 2022-05-27 06:17:39.693 | wait for finish... n_ceased_cleints: 0,  n_issued: 26577, n_done: 26497, n_created_coordinator: 80
I [../src/deptran/client_worker.cc:330] 2022-05-27 06:17:44.693 | wait for finish... n_ceased_cleints: 0,  n_issued: 55508, n_done: 55428, n_created_coordinator: 80
I [../src/deptran/client_worker.cc:330] 2022-05-27 06:17:49.693 | wait for finish... n_ceased_cleints: 0,  n_issued: 84559, n_done: 84479, n_created_coordinator: 80
I [../src/deptran/client_worker.cc:330] 2022-05-27 06:17:54.693 | wait for finish... n_ceased_cleints: 0,  n_issued: 112518, n_done: 112438, n_created_coordinator: 80
I [../src/deptran/client_worker.cc:330] 2022-05-27 06:17:59.693 | wait for finish... n_ceased_cleints: 0,  n_issued: 141935, n_done: 141855, n_created_coordinator: 80
I [../src/deptran/client_worker.cc:330] 2022-05-27 06:18:04.693 | wait for finish... n_ceased_cleints: 0,  n_issued: 171513, n_done: 171433, n_created_coordinator: 80
I [../src/deptran/client_worker.cc:330] 2022-05-27 06:18:09.693 | wait for finish... n_ceased_cleints: 0,  n_issued: 199876, n_done: 199796, n_created_coordinator: 80
I [../src/deptran/client_worker.cc:330] 2022-05-27 06:18:14.693 | wait for finish... n_ceased_cleints: 0,  n_issued: 227496, n_done: 227416, n_created_coordinator: 80
I [../src/deptran/client_worker.cc:330] 2022-05-27 06:18:19.693 | wait for finish... n_ceased_cleints: 0,  n_issued: 255065, n_done: 254985, n_created_coordinator: 80
I [../src/deptran/client_worker.cc:330] 2022-05-27 06:18:24.694 | wait for finish... n_ceased_cleints: 0,  n_issued: 283654, n_done: 283574, n_created_coordinator: 80
I [../src/deptran/client_worker.cc:330] 2022-05-27 06:18:29.694 | wait for finish... n_ceased_cleints: 0,  n_issued: 312328, n_done: 312248, n_created_coordinator: 80
I [../src/deptran/s_main.cc:140] 2022-05-27 06:18:33.882 | wait_for_clients: wait for client threads to exit.
I [../src/deptran/client_worker.cc:330] 2022-05-27 06:18:34.694 | wait for finish... n_ceased_cleints: 0,  n_issued: 341149, n_done: 341069, n_created_coordinator: 80
I [../src/deptran/client_worker.cc:317] 2022-05-27 06:18:35.699 | wait for all outstanding requests to finish.
I [../src/deptran/client_worker.cc:343] 2022-05-27 06:18:39.694 | Finish:
Total: 344386, Commit: 344386, Attempts: 0, Running for 60, Throughput: 5739.77

I [../src/deptran/client_worker.cc:348] 2022-05-27 06:18:39.694 | Work: wait_for_shutdown at client 5
