I [../src/deptran/s_main.cc:136] 2022-05-19 19:38:44.351 | PWD : 
I [../src/deptran/s_main.cc:284] 2022-05-19 19:38:44.351 | starting process 10328
I [../src/deptran/s_main.cc:279] 2022-05-19 19:38:44.351 | ulimit -n is 1024
I [../src/deptran/config.cc:285] 2022-05-19 19:38:44.351 | LoadYML: /home/xuhao/code/depfast/tmp/janus-final-testname1ra8obf3.yml
I [../src/deptran/config.cc:403] 2022-05-19 19:38:44.351 | BuildSiteProcMap
I [../src/deptran/config.cc:655] 2022-05-19 19:38:44.351 | group size: 1
I [../src/deptran/config.cc:681] 2022-05-19 19:38:44.352 | client forwarding: 0
I [../src/deptran/config.cc:320] 2022-05-19 19:38:44.352 | # of concurrent requests: 20
I [../src/deptran/s_main.cc:290] 2022-05-19 19:38:44.352 | Read config finish
I [../src/deptran/s_main.cc:30] 2022-05-19 19:38:44.352 | client_setup_heartbeat
I [../src/deptran/s_main.cc:46] 2022-05-19 19:38:44.352 | Start control server on port 5555
I [../src/rrr/rpc/server.cpp:575] 2022-05-19 19:38:44.352 | bind address is: 0.0.0.0:5555
I [../src/rrr/reactor/reactor.cc:389] 2022-05-19 19:38:44.352 | starting poll thread
I [../src/rrr/rpc/server.cpp:570] 2022-05-19 19:38:44.352 | rrr::Server: started on 0.0.0.0:5555
I [../src/deptran/s_main.cc:314] 2022-05-19 19:38:44.352 | no servers on this process
I [../src/deptran/s_main.cc:54] 2022-05-19 19:38:44.352 | client enabled, number of sites: 1
I [../src/rrr/reactor/reactor.cc:389] 2022-05-19 19:38:44.352 | starting poll thread
I [../src/deptran/communicator.cc:25] 2022-05-19 19:38:44.352 | size of partitions: 1
I [../src/deptran/communicator.cc:191] 2022-05-19 19:38:46.356 | connect to site: 10.0.0.13:10000 success!
I [../src/deptran/communicator.cc:191] 2022-05-19 19:38:46.357 | connect to site: 10.0.0.14:10001 success!
I [../src/deptran/communicator.cc:191] 2022-05-19 19:38:46.358 | connect to site: 10.0.0.15:10002 success!
I [../src/deptran/communicator.cc:191] 2022-05-19 19:38:46.358 | connect to site: 10.0.0.55:10003 success!
I [../src/deptran/communicator.cc:191] 2022-05-19 19:38:46.360 | connect to site: 10.0.0.58:10004 success!
I [../src/deptran/communicator.cc:74] 2022-05-19 19:38:46.360 | Done waiting to connect to client leaders.
I [../src/deptran/client_worker.cc:330] 2022-05-19 19:38:48.174 | wait for finish... n_ceased_cleints: 0,  n_issued: 0, n_done: 0, n_created_coordinator: 0
I [../src/deptran/client_worker.cc:314] 2022-05-19 19:38:48.174 | wait for all virtual clients to stop issuing new requests.
I [../src/deptran/client_worker.cc:330] 2022-05-19 19:38:53.174 | wait for finish... n_ceased_cleints: 0,  n_issued: 13065, n_done: 13045, n_created_coordinator: 20
I [../src/deptran/client_worker.cc:330] 2022-05-19 19:38:58.174 | wait for finish... n_ceased_cleints: 0,  n_issued: 27102, n_done: 27082, n_created_coordinator: 20
I [../src/deptran/client_worker.cc:330] 2022-05-19 19:39:03.175 | wait for finish... n_ceased_cleints: 0,  n_issued: 41394, n_done: 41374, n_created_coordinator: 20
I [../src/deptran/client_worker.cc:330] 2022-05-19 19:39:08.175 | wait for finish... n_ceased_cleints: 0,  n_issued: 55828, n_done: 55808, n_created_coordinator: 20
I [../src/deptran/client_worker.cc:330] 2022-05-19 19:39:13.175 | wait for finish... n_ceased_cleints: 0,  n_issued: 70290, n_done: 70270, n_created_coordinator: 20
I [../src/deptran/client_worker.cc:330] 2022-05-19 19:39:18.175 | wait for finish... n_ceased_cleints: 0,  n_issued: 84630, n_done: 84610, n_created_coordinator: 20
I [../src/deptran/client_worker.cc:330] 2022-05-19 19:39:23.175 | wait for finish... n_ceased_cleints: 0,  n_issued: 98974, n_done: 98954, n_created_coordinator: 20
I [../src/deptran/client_worker.cc:330] 2022-05-19 19:39:28.175 | wait for finish... n_ceased_cleints: 0,  n_issued: 113704, n_done: 113684, n_created_coordinator: 20
I [../src/deptran/client_worker.cc:330] 2022-05-19 19:39:33.175 | wait for finish... n_ceased_cleints: 0,  n_issued: 128490, n_done: 128470, n_created_coordinator: 20
I [../src/deptran/client_worker.cc:330] 2022-05-19 19:39:38.175 | wait for finish... n_ceased_cleints: 0,  n_issued: 143337, n_done: 143317, n_created_coordinator: 20
I [../src/deptran/client_worker.cc:330] 2022-05-19 19:39:43.175 | wait for finish... n_ceased_cleints: 0,  n_issued: 158084, n_done: 158064, n_created_coordinator: 20
I [../src/deptran/s_main.cc:140] 2022-05-19 19:39:46.360 | wait_for_clients: wait for client threads to exit.
I [../src/deptran/client_worker.cc:330] 2022-05-19 19:39:48.176 | wait for finish... n_ceased_cleints: 0,  n_issued: 172933, n_done: 172913, n_created_coordinator: 20
I [../src/deptran/client_worker.cc:317] 2022-05-19 19:39:49.168 | wait for all outstanding requests to finish.
I [../src/deptran/client_worker.cc:343] 2022-05-19 19:39:53.176 | Finish:
Total: 174725, Commit: 174725, Attempts: 0, Running for 60, Throughput: 2912.08

I [../src/deptran/client_worker.cc:348] 2022-05-19 19:39:53.176 | Work: wait_for_shutdown at client 5
