I [../src/deptran/s_main.cc:136] 2022-05-27 06:51:43.840 | PWD : 
I [../src/deptran/s_main.cc:284] 2022-05-27 06:51:43.840 | starting process 1374
I [../src/deptran/s_main.cc:279] 2022-05-27 06:51:43.840 | ulimit -n is 1024
I [../src/deptran/config.cc:285] 2022-05-27 06:51:43.840 | LoadYML: /home/xuhao/code/depfast/tmp/janus-final-testnamew_b9hnv2.yml
I [../src/deptran/config.cc:403] 2022-05-27 06:51:43.840 | BuildSiteProcMap
I [../src/deptran/config.cc:655] 2022-05-27 06:51:43.840 | group size: 1
I [../src/deptran/config.cc:681] 2022-05-27 06:51:43.840 | client forwarding: 0
I [../src/deptran/config.cc:320] 2022-05-27 06:51:43.840 | # of concurrent requests: 220
I [../src/deptran/s_main.cc:290] 2022-05-27 06:51:43.840 | Read config finish
I [../src/deptran/s_main.cc:30] 2022-05-27 06:51:43.840 | client_setup_heartbeat
I [../src/deptran/s_main.cc:46] 2022-05-27 06:51:43.841 | Start control server on port 5555
I [../src/rrr/rpc/server.cpp:575] 2022-05-27 06:51:43.841 | bind address is: 0.0.0.0:5555
I [../src/rrr/rpc/server.cpp:570] 2022-05-27 06:51:43.841 | rrr::Server: started on 0.0.0.0:5555
I [../src/deptran/s_main.cc:314] 2022-05-27 06:51:43.841 | no servers on this process
I [../src/deptran/s_main.cc:54] 2022-05-27 06:51:43.841 | client enabled, number of sites: 1
I [../src/deptran/communicator.cc:25] 2022-05-27 06:51:43.841 | size of partitions: 1
I [../src/rrr/reactor/reactor.cc:389] 2022-05-27 06:51:43.842 | starting poll thread
I [../src/rrr/reactor/reactor.cc:389] 2022-05-27 06:51:43.843 | starting poll thread
I [../src/deptran/communicator.cc:191] 2022-05-27 06:51:45.845 | connect to site: 10.0.0.13:10000 success!
I [../src/deptran/communicator.cc:191] 2022-05-27 06:51:45.846 | connect to site: 10.0.0.14:10001 success!
I [../src/deptran/communicator.cc:191] 2022-05-27 06:51:45.847 | connect to site: 10.0.0.15:10002 success!
I [../src/deptran/communicator.cc:74] 2022-05-27 06:51:45.849 | Done waiting to connect to client leaders.
I [../src/deptran/client_worker.cc:330] 2022-05-27 06:51:46.412 | wait for finish... n_ceased_cleints: 0,  n_issued: 0, n_done: 0, n_created_coordinator: 0
I [../src/deptran/client_worker.cc:314] 2022-05-27 06:51:46.426 | wait for all virtual clients to stop issuing new requests.
I [../src/deptran/client_worker.cc:330] 2022-05-27 06:51:51.412 | wait for finish... n_ceased_cleints: 0,  n_issued: 62377, n_done: 62157, n_created_coordinator: 220
I [../src/deptran/client_worker.cc:330] 2022-05-27 06:51:56.412 | wait for finish... n_ceased_cleints: 0,  n_issued: 127432, n_done: 127212, n_created_coordinator: 220
I [../src/deptran/client_worker.cc:330] 2022-05-27 06:52:01.412 | wait for finish... n_ceased_cleints: 0,  n_issued: 191901, n_done: 191681, n_created_coordinator: 220
I [../src/deptran/client_worker.cc:330] 2022-05-27 06:52:06.412 | wait for finish... n_ceased_cleints: 0,  n_issued: 255537, n_done: 255317, n_created_coordinator: 220
I [../src/deptran/client_worker.cc:330] 2022-05-27 06:52:11.412 | wait for finish... n_ceased_cleints: 0,  n_issued: 318420, n_done: 318200, n_created_coordinator: 220
I [../src/deptran/client_worker.cc:330] 2022-05-27 06:52:16.413 | wait for finish... n_ceased_cleints: 0,  n_issued: 380085, n_done: 379865, n_created_coordinator: 220
I [../src/deptran/client_worker.cc:330] 2022-05-27 06:52:21.413 | wait for finish... n_ceased_cleints: 0,  n_issued: 440060, n_done: 439840, n_created_coordinator: 220
I [../src/deptran/client_worker.cc:330] 2022-05-27 06:52:26.413 | wait for finish... n_ceased_cleints: 0,  n_issued: 501469, n_done: 501249, n_created_coordinator: 220
I [../src/deptran/client_worker.cc:330] 2022-05-27 06:52:31.413 | wait for finish... n_ceased_cleints: 0,  n_issued: 549375, n_done: 549155, n_created_coordinator: 220
I [../src/deptran/client_worker.cc:330] 2022-05-27 06:52:36.413 | wait for finish... n_ceased_cleints: 0,  n_issued: 606119, n_done: 605899, n_created_coordinator: 220
I [../src/deptran/client_worker.cc:330] 2022-05-27 06:52:41.413 | wait for finish... n_ceased_cleints: 0,  n_issued: 665732, n_done: 665512, n_created_coordinator: 220
I [../src/deptran/client_worker.cc:330] 2022-05-27 06:52:46.413 | wait for finish... n_ceased_cleints: 0,  n_issued: 730519, n_done: 730299, n_created_coordinator: 220
I [../src/deptran/client_worker.cc:330] 2022-05-27 06:52:51.413 | wait for finish... n_ceased_cleints: 0,  n_issued: 794583, n_done: 794363, n_created_coordinator: 220
I [../src/deptran/client_worker.cc:330] 2022-05-27 06:52:56.414 | wait for finish... n_ceased_cleints: 0,  n_issued: 857982, n_done: 857762, n_created_coordinator: 220
I [../src/deptran/client_worker.cc:330] 2022-05-27 06:53:01.414 | wait for finish... n_ceased_cleints: 0,  n_issued: 923295, n_done: 923075, n_created_coordinator: 220
I [../src/deptran/client_worker.cc:330] 2022-05-27 06:53:06.414 | wait for finish... n_ceased_cleints: 0,  n_issued: 987818, n_done: 987598, n_created_coordinator: 220
I [../src/deptran/client_worker.cc:330] 2022-05-27 06:53:11.414 | wait for finish... n_ceased_cleints: 0,  n_issued: 1049576, n_done: 1049356, n_created_coordinator: 220
I [../src/deptran/client_worker.cc:330] 2022-05-27 06:53:16.414 | wait for finish... n_ceased_cleints: 0,  n_issued: 1112019, n_done: 1111799, n_created_coordinator: 220
I [../src/deptran/client_worker.cc:330] 2022-05-27 06:53:21.414 | wait for finish... n_ceased_cleints: 0,  n_issued: 1174754, n_done: 1174534, n_created_coordinator: 220
I [../src/deptran/client_worker.cc:330] 2022-05-27 06:53:26.414 | wait for finish... n_ceased_cleints: 0,  n_issued: 1239759, n_done: 1239539, n_created_coordinator: 220
I [../src/deptran/client_worker.cc:330] 2022-05-27 06:53:31.414 | wait for finish... n_ceased_cleints: 0,  n_issued: 1304015, n_done: 1303795, n_created_coordinator: 220
I [../src/deptran/client_worker.cc:330] 2022-05-27 06:53:36.415 | wait for finish... n_ceased_cleints: 0,  n_issued: 1367161, n_done: 1366941, n_created_coordinator: 220
I [../src/deptran/client_worker.cc:330] 2022-05-27 06:53:41.415 | wait for finish... n_ceased_cleints: 0,  n_issued: 1428986, n_done: 1428766, n_created_coordinator: 220
I [../src/deptran/client_worker.cc:330] 2022-05-27 06:53:46.415 | wait for finish... n_ceased_cleints: 0,  n_issued: 1489460, n_done: 1489240, n_created_coordinator: 220
I [../src/deptran/client_worker.cc:330] 2022-05-27 06:53:51.415 | wait for finish... n_ceased_cleints: 0,  n_issued: 1552758, n_done: 1552538, n_created_coordinator: 220
I [../src/deptran/client_worker.cc:330] 2022-05-27 06:53:56.415 | wait for finish... n_ceased_cleints: 0,  n_issued: 1616578, n_done: 1616358, n_created_coordinator: 220
I [../src/deptran/client_worker.cc:330] 2022-05-27 06:54:01.415 | wait for finish... n_ceased_cleints: 0,  n_issued: 1682036, n_done: 1681816, n_created_coordinator: 220
I [../src/deptran/client_worker.cc:330] 2022-05-27 06:54:06.415 | wait for finish... n_ceased_cleints: 0,  n_issued: 1748721, n_done: 1748501, n_created_coordinator: 220
I [../src/deptran/client_worker.cc:330] 2022-05-27 06:54:11.415 | wait for finish... n_ceased_cleints: 0,  n_issued: 1812548, n_done: 1812328, n_created_coordinator: 220
I [../src/deptran/client_worker.cc:330] 2022-05-27 06:54:16.415 | wait for finish... n_ceased_cleints: 0,  n_issued: 1877013, n_done: 1876793, n_created_coordinator: 220
I [../src/deptran/client_worker.cc:330] 2022-05-27 06:54:21.416 | wait for finish... n_ceased_cleints: 0,  n_issued: 1940297, n_done: 1940077, n_created_coordinator: 220
I [../src/deptran/client_worker.cc:330] 2022-05-27 06:54:26.416 | wait for finish... n_ceased_cleints: 0,  n_issued: 2003489, n_done: 2003269, n_created_coordinator: 220
I [../src/deptran/client_worker.cc:330] 2022-05-27 06:54:31.416 | wait for finish... n_ceased_cleints: 0,  n_issued: 2067533, n_done: 2067313, n_created_coordinator: 220
I [../src/deptran/client_worker.cc:330] 2022-05-27 06:54:36.416 | wait for finish... n_ceased_cleints: 0,  n_issued: 2131247, n_done: 2131027, n_created_coordinator: 220
I [../src/deptran/client_worker.cc:330] 2022-05-27 06:54:41.416 | wait for finish... n_ceased_cleints: 0,  n_issued: 2197026, n_done: 2196807, n_created_coordinator: 220
I [../src/deptran/s_main.cc:140] 2022-05-27 06:54:45.848 | wait_for_clients: wait for client threads to exit.
I [../src/deptran/client_worker.cc:330] 2022-05-27 06:54:46.416 | wait for finish... n_ceased_cleints: 0,  n_issued: 2260231, n_done: 2260011, n_created_coordinator: 220
I [../src/deptran/client_worker.cc:317] 2022-05-27 06:54:47.427 | wait for all outstanding requests to finish.
I [../src/deptran/client_worker.cc:343] 2022-05-27 06:54:51.416 | Finish:
Total: 2267769, Commit: 2267769, Attempts: 0, Running for 180, Throughput: 12598.72

I [../src/deptran/client_worker.cc:348] 2022-05-27 06:54:51.416 | Work: wait_for_shutdown at client 3
