I [../src/deptran/s_main.cc:136] 2022-05-19 18:20:16.507 | PWD : 
I [../src/deptran/s_main.cc:284] 2022-05-19 18:20:16.507 | starting process 26763
I [../src/deptran/s_main.cc:279] 2022-05-19 18:20:16.507 | ulimit -n is 1024
I [../src/deptran/config.cc:285] 2022-05-19 18:20:16.507 | LoadYML: /home/xuhao/code/depfast/tmp/janus-final-testnameqc0s_o_w.yml
I [../src/deptran/config.cc:403] 2022-05-19 18:20:16.508 | BuildSiteProcMap
I [../src/deptran/config.cc:655] 2022-05-19 18:20:16.508 | group size: 1
I [../src/deptran/config.cc:681] 2022-05-19 18:20:16.508 | client forwarding: 0
I [../src/deptran/config.cc:320] 2022-05-19 18:20:16.508 | # of concurrent requests: 40
I [../src/deptran/s_main.cc:290] 2022-05-19 18:20:16.508 | Read config finish
I [../src/deptran/s_main.cc:30] 2022-05-19 18:20:16.508 | client_setup_heartbeat
I [../src/deptran/s_main.cc:46] 2022-05-19 18:20:16.508 | Start control server on port 5555
I [../src/rrr/rpc/server.cpp:575] 2022-05-19 18:20:16.508 | bind address is: 0.0.0.0:5555
I [../src/rrr/reactor/reactor.cc:389] 2022-05-19 18:20:16.508 | starting poll thread
I [../src/rrr/rpc/server.cpp:570] 2022-05-19 18:20:16.508 | rrr::Server: started on 0.0.0.0:5555
I [../src/deptran/s_main.cc:314] 2022-05-19 18:20:16.508 | no servers on this process
I [../src/deptran/s_main.cc:54] 2022-05-19 18:20:16.508 | client enabled, number of sites: 1
I [../src/rrr/reactor/reactor.cc:389] 2022-05-19 18:20:16.508 | starting poll thread
I [../src/deptran/communicator.cc:25] 2022-05-19 18:20:16.508 | size of partitions: 1
I [../src/deptran/communicator.cc:191] 2022-05-19 18:20:18.511 | connect to site: 10.0.0.13:10000 success!
I [../src/deptran/communicator.cc:191] 2022-05-19 18:20:18.512 | connect to site: 10.0.0.14:10001 success!
I [../src/deptran/communicator.cc:191] 2022-05-19 18:20:18.513 | connect to site: 10.0.0.15:10002 success!
I [../src/deptran/communicator.cc:74] 2022-05-19 18:20:18.513 | Done waiting to connect to client leaders.
I [../src/deptran/client_worker.cc:330] 2022-05-19 18:20:20.098 | wait for finish... n_ceased_cleints: 0,  n_issued: 0, n_done: 0, n_created_coordinator: 0
I [../src/deptran/client_worker.cc:314] 2022-05-19 18:20:20.099 | wait for all virtual clients to stop issuing new requests.
I [../src/deptran/client_worker.cc:330] 2022-05-19 18:20:25.098 | wait for finish... n_ceased_cleints: 0,  n_issued: 24396, n_done: 24356, n_created_coordinator: 40
I [../src/deptran/client_worker.cc:330] 2022-05-19 18:20:30.098 | wait for finish... n_ceased_cleints: 0,  n_issued: 51322, n_done: 51282, n_created_coordinator: 40
I [../src/deptran/client_worker.cc:330] 2022-05-19 18:20:35.098 | wait for finish... n_ceased_cleints: 0,  n_issued: 78113, n_done: 78073, n_created_coordinator: 40
I [../src/deptran/client_worker.cc:330] 2022-05-19 18:20:40.098 | wait for finish... n_ceased_cleints: 0,  n_issued: 104804, n_done: 104764, n_created_coordinator: 40
I [../src/deptran/client_worker.cc:330] 2022-05-19 18:20:45.098 | wait for finish... n_ceased_cleints: 0,  n_issued: 132001, n_done: 131961, n_created_coordinator: 40
I [../src/deptran/client_worker.cc:330] 2022-05-19 18:20:50.098 | wait for finish... n_ceased_cleints: 0,  n_issued: 158912, n_done: 158872, n_created_coordinator: 40
I [../src/deptran/client_worker.cc:330] 2022-05-19 18:20:55.098 | wait for finish... n_ceased_cleints: 0,  n_issued: 185975, n_done: 185935, n_created_coordinator: 40
I [../src/deptran/client_worker.cc:330] 2022-05-19 18:21:00.099 | wait for finish... n_ceased_cleints: 0,  n_issued: 213030, n_done: 212990, n_created_coordinator: 40
I [../src/deptran/client_worker.cc:330] 2022-05-19 18:21:05.099 | wait for finish... n_ceased_cleints: 0,  n_issued: 240462, n_done: 240422, n_created_coordinator: 40
I [../src/deptran/client_worker.cc:330] 2022-05-19 18:21:10.099 | wait for finish... n_ceased_cleints: 0,  n_issued: 268252, n_done: 268212, n_created_coordinator: 40
I [../src/deptran/client_worker.cc:330] 2022-05-19 18:21:15.099 | wait for finish... n_ceased_cleints: 0,  n_issued: 295560, n_done: 295520, n_created_coordinator: 40
I [../src/deptran/s_main.cc:140] 2022-05-19 18:21:18.513 | wait_for_clients: wait for client threads to exit.
I [../src/deptran/client_worker.cc:330] 2022-05-19 18:21:20.099 | wait for finish... n_ceased_cleints: 0,  n_issued: 323128, n_done: 323088, n_created_coordinator: 40
I [../src/deptran/client_worker.cc:317] 2022-05-19 18:21:21.077 | wait for all outstanding requests to finish.
I [../src/deptran/client_worker.cc:343] 2022-05-19 18:21:25.099 | Finish:
Total: 325810, Commit: 325810, Attempts: 0, Running for 60, Throughput: 5430.17

I [../src/deptran/client_worker.cc:348] 2022-05-19 18:21:25.099 | Work: wait_for_shutdown at client 3
