I [../src/deptran/s_main.cc:136] 2022-05-27 14:28:03.824 | PWD : 
I [../src/deptran/s_main.cc:284] 2022-05-27 14:28:03.824 | starting process 31104
I [../src/deptran/s_main.cc:279] 2022-05-27 14:28:03.824 | ulimit -n is 1024
I [../src/deptran/config.cc:285] 2022-05-27 14:28:03.824 | LoadYML: /home/xuhao/code/depfast/tmp/janus-final-testnamekui305tj.yml
I [../src/deptran/config.cc:403] 2022-05-27 14:28:03.824 | BuildSiteProcMap
I [../src/deptran/config.cc:655] 2022-05-27 14:28:03.824 | group size: 1
I [../src/deptran/config.cc:655] 2022-05-27 14:28:03.824 | group size: 1
I [../src/deptran/config.cc:655] 2022-05-27 14:28:03.824 | group size: 1
I [../src/deptran/config.cc:681] 2022-05-27 14:28:03.824 | client forwarding: 0
I [../src/deptran/config.cc:320] 2022-05-27 14:28:03.824 | # of concurrent requests: 190
I [../src/deptran/s_main.cc:290] 2022-05-27 14:28:03.824 | Read config finish
I [../src/deptran/s_main.cc:30] 2022-05-27 14:28:03.824 | client_setup_heartbeat
I [../src/deptran/s_main.cc:46] 2022-05-27 14:28:03.825 | Start control server on port 5555
I [../src/rrr/rpc/server.cpp:575] 2022-05-27 14:28:03.825 | bind address is: 0.0.0.0:5555
I [../src/rrr/rpc/server.cpp:570] 2022-05-27 14:28:03.825 | rrr::Server: started on 0.0.0.0:5555
I [../src/deptran/s_main.cc:314] 2022-05-27 14:28:03.825 | no servers on this process
I [../src/deptran/s_main.cc:54] 2022-05-27 14:28:03.825 | client enabled, number of sites: 1
I [../src/rrr/reactor/reactor.cc:389] 2022-05-27 14:28:03.826 | starting poll thread
I [../src/deptran/communicator.cc:25] 2022-05-27 14:28:03.826 | size of partitions: 1
I [../src/rrr/reactor/reactor.cc:389] 2022-05-27 14:28:03.827 | starting poll thread
I [../src/deptran/communicator.cc:191] 2022-05-27 14:28:04.828 | connect to site: 10.0.0.13:10000 success!
I [../src/deptran/communicator.cc:191] 2022-05-27 14:28:04.829 | connect to site: 10.0.0.14:10001 success!
I [../src/deptran/communicator.cc:191] 2022-05-27 14:28:04.831 | connect to site: 10.0.0.15:10002 success!
I [../src/deptran/communicator.cc:191] 2022-05-27 14:28:04.832 | connect to site: 10.0.0.55:10003 success!
I [../src/deptran/communicator.cc:191] 2022-05-27 14:28:04.833 | connect to site: 10.0.0.58:10004 success!
I [../src/deptran/communicator.cc:74] 2022-05-27 14:28:04.834 | Done waiting to connect to client leaders.
I [../src/deptran/client_worker.cc:330] 2022-05-27 14:28:06.643 | wait for finish... n_ceased_cleints: 0,  n_issued: 0, n_done: 0, n_created_coordinator: 0
I [../src/deptran/client_worker.cc:314] 2022-05-27 14:28:06.651 | wait for all virtual clients to stop issuing new requests.
I [../src/deptran/client_worker.cc:330] 2022-05-27 14:28:11.643 | wait for finish... n_ceased_cleints: 0,  n_issued: 44455, n_done: 44265, n_created_coordinator: 190
I [../src/deptran/client_worker.cc:330] 2022-05-27 14:28:16.643 | wait for finish... n_ceased_cleints: 0,  n_issued: 91949, n_done: 91759, n_created_coordinator: 190
I [../src/deptran/client_worker.cc:330] 2022-05-27 14:28:21.643 | wait for finish... n_ceased_cleints: 0,  n_issued: 139023, n_done: 138833, n_created_coordinator: 190
I [../src/deptran/client_worker.cc:330] 2022-05-27 14:28:26.643 | wait for finish... n_ceased_cleints: 0,  n_issued: 186082, n_done: 185892, n_created_coordinator: 190
I [../src/deptran/client_worker.cc:330] 2022-05-27 14:28:31.643 | wait for finish... n_ceased_cleints: 0,  n_issued: 232402, n_done: 232212, n_created_coordinator: 190
I [../src/deptran/client_worker.cc:330] 2022-05-27 14:28:36.643 | wait for finish... n_ceased_cleints: 0,  n_issued: 277341, n_done: 277151, n_created_coordinator: 190
I [../src/deptran/client_worker.cc:330] 2022-05-27 14:28:41.644 | wait for finish... n_ceased_cleints: 0,  n_issued: 325735, n_done: 325545, n_created_coordinator: 190
I [../src/deptran/client_worker.cc:330] 2022-05-27 14:28:46.644 | wait for finish... n_ceased_cleints: 0,  n_issued: 374012, n_done: 373822, n_created_coordinator: 190
I [../src/deptran/client_worker.cc:330] 2022-05-27 14:28:51.644 | wait for finish... n_ceased_cleints: 0,  n_issued: 422224, n_done: 422034, n_created_coordinator: 190
I [../src/deptran/client_worker.cc:330] 2022-05-27 14:28:56.644 | wait for finish... n_ceased_cleints: 0,  n_issued: 469796, n_done: 469606, n_created_coordinator: 190
I [../src/deptran/client_worker.cc:330] 2022-05-27 14:29:01.644 | wait for finish... n_ceased_cleints: 0,  n_issued: 518334, n_done: 518144, n_created_coordinator: 190
I [../src/deptran/s_main.cc:140] 2022-05-27 14:29:04.834 | wait_for_clients: wait for client threads to exit.
I [../src/deptran/client_worker.cc:330] 2022-05-27 14:29:06.644 | wait for finish... n_ceased_cleints: 0,  n_issued: 566438, n_done: 566248, n_created_coordinator: 190
I [../src/deptran/client_worker.cc:317] 2022-05-27 14:29:07.642 | wait for all outstanding requests to finish.
I [../src/deptran/client_worker.cc:343] 2022-05-27 14:29:11.644 | Finish:
Total: 572171, Commit: 572171, Attempts: 0, Running for 60, Throughput: 9536.18

I [../src/deptran/client_worker.cc:348] 2022-05-27 14:29:11.644 | Work: wait_for_shutdown at client 5
