I [../src/deptran/s_main.cc:136] 2022-05-21 01:47:08.588 | PWD : 
I [../src/deptran/s_main.cc:284] 2022-05-21 01:47:08.588 | starting process 318
I [../src/deptran/s_main.cc:279] 2022-05-21 01:47:08.588 | ulimit -n is 1024
I [../src/deptran/config.cc:285] 2022-05-21 01:47:08.588 | LoadYML: /home/xuhao/code/depfast/tmp/janus-final-testname__oyqbmi.yml
I [../src/deptran/config.cc:403] 2022-05-21 01:47:08.589 | BuildSiteProcMap
I [../src/deptran/config.cc:655] 2022-05-21 01:47:08.589 | group size: 1
I [../src/deptran/config.cc:655] 2022-05-21 01:47:08.589 | group size: 1
I [../src/deptran/config.cc:655] 2022-05-21 01:47:08.589 | group size: 1
I [../src/deptran/config.cc:681] 2022-05-21 01:47:08.589 | client forwarding: 0
I [../src/deptran/config.cc:320] 2022-05-21 01:47:08.589 | # of concurrent requests: 12
I [../src/deptran/s_main.cc:290] 2022-05-21 01:47:08.589 | Read config finish
I [../src/deptran/s_main.cc:30] 2022-05-21 01:47:08.589 | client_setup_heartbeat
I [../src/deptran/s_main.cc:46] 2022-05-21 01:47:08.589 | Start control server on port 5555
I [../src/rrr/rpc/server.cpp:575] 2022-05-21 01:47:08.589 | bind address is: 0.0.0.0:5555
I [../src/rrr/rpc/server.cpp:570] 2022-05-21 01:47:08.589 | rrr::Server: started on 0.0.0.0:5555
I [../src/deptran/s_main.cc:314] 2022-05-21 01:47:08.589 | no servers on this process
I [../src/deptran/s_main.cc:54] 2022-05-21 01:47:08.589 | client enabled, number of sites: 1
I [../src/deptran/communicator.cc:25] 2022-05-21 01:47:08.590 | size of partitions: 1
I [../src/rrr/reactor/reactor.cc:389] 2022-05-21 01:47:08.591 | starting poll thread
I [../src/rrr/reactor/reactor.cc:389] 2022-05-21 01:47:08.592 | starting poll thread
I [../src/deptran/communicator.cc:191] 2022-05-21 01:47:09.592 | connect to site: 10.0.0.13:10000 success!
I [../src/deptran/communicator.cc:191] 2022-05-21 01:47:09.594 | connect to site: 10.0.0.14:10001 success!
I [../src/deptran/communicator.cc:191] 2022-05-21 01:47:09.596 | connect to site: 10.0.0.15:10002 success!
I [../src/deptran/communicator.cc:74] 2022-05-21 01:47:09.597 | Done waiting to connect to client leaders.
I [../src/deptran/client_worker.cc:330] 2022-05-21 01:47:11.165 | wait for finish... n_ceased_cleints: 0,  n_issued: 0, n_done: 0, n_created_coordinator: 0
I [../src/deptran/client_worker.cc:314] 2022-05-21 01:47:11.166 | wait for all virtual clients to stop issuing new requests.
I [../src/deptran/client_worker.cc:330] 2022-05-21 01:47:16.165 | wait for finish... n_ceased_cleints: 0,  n_issued: 47590, n_done: 47578, n_created_coordinator: 12
I [../src/deptran/client_worker.cc:330] 2022-05-21 01:47:21.165 | wait for finish... n_ceased_cleints: 0,  n_issued: 97216, n_done: 97204, n_created_coordinator: 12
I [../src/deptran/client_worker.cc:330] 2022-05-21 01:47:26.165 | wait for finish... n_ceased_cleints: 0,  n_issued: 146435, n_done: 146423, n_created_coordinator: 12
I [../src/deptran/client_worker.cc:330] 2022-05-21 01:47:31.165 | wait for finish... n_ceased_cleints: 0,  n_issued: 195109, n_done: 195097, n_created_coordinator: 12
I [../src/deptran/client_worker.cc:330] 2022-05-21 01:47:36.166 | wait for finish... n_ceased_cleints: 0,  n_issued: 243308, n_done: 243296, n_created_coordinator: 12
I [../src/deptran/client_worker.cc:330] 2022-05-21 01:47:41.166 | wait for finish... n_ceased_cleints: 0,  n_issued: 290833, n_done: 290821, n_created_coordinator: 12
I [../src/deptran/client_worker.cc:330] 2022-05-21 01:47:46.166 | wait for finish... n_ceased_cleints: 0,  n_issued: 339078, n_done: 339066, n_created_coordinator: 12
I [../src/deptran/client_worker.cc:330] 2022-05-21 01:47:51.166 | wait for finish... n_ceased_cleints: 0,  n_issued: 386426, n_done: 386414, n_created_coordinator: 12
I [../src/deptran/client_worker.cc:330] 2022-05-21 01:47:56.166 | wait for finish... n_ceased_cleints: 0,  n_issued: 434082, n_done: 434070, n_created_coordinator: 12
I [../src/deptran/client_worker.cc:330] 2022-05-21 01:48:01.166 | wait for finish... n_ceased_cleints: 0,  n_issued: 481456, n_done: 481444, n_created_coordinator: 12
I [../src/deptran/client_worker.cc:330] 2022-05-21 01:48:06.166 | wait for finish... n_ceased_cleints: 0,  n_issued: 529710, n_done: 529698, n_created_coordinator: 12
I [../src/deptran/s_main.cc:140] 2022-05-21 01:48:09.596 | wait_for_clients: wait for client threads to exit.
I [../src/deptran/client_worker.cc:330] 2022-05-21 01:48:11.166 | wait for finish... n_ceased_cleints: 0,  n_issued: 577136, n_done: 577124, n_created_coordinator: 12
I [../src/deptran/client_worker.cc:317] 2022-05-21 01:48:12.159 | wait for all outstanding requests to finish.
I [../src/deptran/client_worker.cc:343] 2022-05-21 01:48:16.166 | Finish:
Total: 584783, Commit: 584783, Attempts: 0, Running for 60, Throughput: 9746.38

I [../src/deptran/client_worker.cc:348] 2022-05-21 01:48:16.167 | Work: wait_for_shutdown at client 3
