I [../src/deptran/s_main.cc:136] 2022-05-26 00:13:17.900 | PWD : 
I [../src/deptran/s_main.cc:284] 2022-05-26 00:13:17.900 | starting process 12916
I [../src/deptran/s_main.cc:279] 2022-05-26 00:13:17.900 | ulimit -n is 1024
I [../src/deptran/config.cc:285] 2022-05-26 00:13:17.900 | LoadYML: /home/xuhao/code/depfast/tmp/janus-final-testnamev2nj877h.yml
I [../src/deptran/config.cc:403] 2022-05-26 00:13:17.900 | BuildSiteProcMap
I [../src/deptran/config.cc:655] 2022-05-26 00:13:17.901 | group size: 1
I [../src/deptran/config.cc:681] 2022-05-26 00:13:17.901 | client forwarding: 0
I [../src/deptran/config.cc:320] 2022-05-26 00:13:17.901 | # of concurrent requests: 40
I [../src/deptran/s_main.cc:290] 2022-05-26 00:13:17.901 | Read config finish
I [../src/deptran/s_main.cc:30] 2022-05-26 00:13:17.901 | client_setup_heartbeat
I [../src/deptran/s_main.cc:46] 2022-05-26 00:13:17.901 | Start control server on port 5555
I [../src/rrr/rpc/server.cpp:575] 2022-05-26 00:13:17.901 | bind address is: 0.0.0.0:5555
I [../src/rrr/rpc/server.cpp:570] 2022-05-26 00:13:17.901 | rrr::Server: started on 0.0.0.0:5555
I [../src/deptran/s_main.cc:314] 2022-05-26 00:13:17.901 | no servers on this process
I [../src/deptran/s_main.cc:54] 2022-05-26 00:13:17.901 | client enabled, number of sites: 1
I [../src/deptran/communicator.cc:25] 2022-05-26 00:13:17.902 | size of partitions: 1
I [../src/rrr/reactor/reactor.cc:389] 2022-05-26 00:13:17.904 | starting poll thread
I [../src/rrr/reactor/reactor.cc:389] 2022-05-26 00:13:17.904 | starting poll thread
I [../src/deptran/communicator.cc:191] 2022-05-26 00:13:18.907 | connect to site: 10.0.0.13:10000 success!
I [../src/deptran/communicator.cc:191] 2022-05-26 00:13:19.910 | connect to site: 10.0.0.14:10001 success!
I [../src/deptran/communicator.cc:191] 2022-05-26 00:13:19.910 | connect to site: 10.0.0.15:10002 success!
I [../src/deptran/communicator.cc:74] 2022-05-26 00:13:19.912 | Done waiting to connect to client leaders.
I [../src/deptran/client_worker.cc:330] 2022-05-26 00:13:20.474 | wait for finish... n_ceased_cleints: 0,  n_issued: 0, n_done: 0, n_created_coordinator: 0
I [../src/deptran/client_worker.cc:314] 2022-05-26 00:13:20.476 | wait for all virtual clients to stop issuing new requests.
I [../src/deptran/client_worker.cc:330] 2022-05-26 00:13:25.474 | wait for finish... n_ceased_cleints: 0,  n_issued: 158134, n_done: 158094, n_created_coordinator: 40
I [../src/deptran/client_worker.cc:330] 2022-05-26 00:13:30.474 | wait for finish... n_ceased_cleints: 0,  n_issued: 324173, n_done: 324133, n_created_coordinator: 40
I [../src/deptran/client_worker.cc:330] 2022-05-26 00:13:35.474 | wait for finish... n_ceased_cleints: 0,  n_issued: 479889, n_done: 479849, n_created_coordinator: 40
I [../src/deptran/client_worker.cc:330] 2022-05-26 00:13:40.474 | wait for finish... n_ceased_cleints: 0,  n_issued: 631043, n_done: 631003, n_created_coordinator: 40
I [../src/deptran/client_worker.cc:330] 2022-05-26 00:13:45.475 | wait for finish... n_ceased_cleints: 0,  n_issued: 780095, n_done: 780055, n_created_coordinator: 40
I [../src/deptran/client_worker.cc:330] 2022-05-26 00:13:50.475 | wait for finish... n_ceased_cleints: 0,  n_issued: 931267, n_done: 931227, n_created_coordinator: 40
I [../src/deptran/client_worker.cc:330] 2022-05-26 00:13:55.475 | wait for finish... n_ceased_cleints: 0,  n_issued: 1083177, n_done: 1083137, n_created_coordinator: 40
I [../src/deptran/client_worker.cc:330] 2022-05-26 00:14:00.475 | wait for finish... n_ceased_cleints: 0,  n_issued: 1230044, n_done: 1230004, n_created_coordinator: 40
I [../src/deptran/client_worker.cc:330] 2022-05-26 00:14:05.475 | wait for finish... n_ceased_cleints: 0,  n_issued: 1380181, n_done: 1380141, n_created_coordinator: 40
I [../src/deptran/client_worker.cc:330] 2022-05-26 00:14:10.475 | wait for finish... n_ceased_cleints: 0,  n_issued: 1530767, n_done: 1530728, n_created_coordinator: 40
I [../src/deptran/client_worker.cc:330] 2022-05-26 00:14:15.475 | wait for finish... n_ceased_cleints: 0,  n_issued: 1678949, n_done: 1678909, n_created_coordinator: 40
I [../src/deptran/client_worker.cc:330] 2022-05-26 00:14:20.475 | wait for finish... n_ceased_cleints: 0,  n_issued: 1828003, n_done: 1827963, n_created_coordinator: 40
I [../src/deptran/client_worker.cc:330] 2022-05-26 00:14:25.475 | wait for finish... n_ceased_cleints: 0,  n_issued: 1976544, n_done: 1976504, n_created_coordinator: 40
I [../src/deptran/client_worker.cc:330] 2022-05-26 00:14:30.475 | wait for finish... n_ceased_cleints: 0,  n_issued: 2124008, n_done: 2123968, n_created_coordinator: 40
I [../src/deptran/client_worker.cc:330] 2022-05-26 00:14:35.476 | wait for finish... n_ceased_cleints: 0,  n_issued: 2267502, n_done: 2267462, n_created_coordinator: 40
I [../src/deptran/client_worker.cc:330] 2022-05-26 00:14:40.476 | wait for finish... n_ceased_cleints: 0,  n_issued: 2411106, n_done: 2411066, n_created_coordinator: 40
I [../src/deptran/client_worker.cc:330] 2022-05-26 00:14:45.476 | wait for finish... n_ceased_cleints: 0,  n_issued: 2558711, n_done: 2558671, n_created_coordinator: 40
I [../src/deptran/client_worker.cc:330] 2022-05-26 00:14:50.476 | wait for finish... n_ceased_cleints: 0,  n_issued: 2704192, n_done: 2704152, n_created_coordinator: 40
I [../src/deptran/client_worker.cc:330] 2022-05-26 00:14:55.476 | wait for finish... n_ceased_cleints: 0,  n_issued: 2851443, n_done: 2851403, n_created_coordinator: 40
I [../src/deptran/client_worker.cc:330] 2022-05-26 00:15:00.476 | wait for finish... n_ceased_cleints: 0,  n_issued: 2997741, n_done: 2997701, n_created_coordinator: 40
I [../src/deptran/client_worker.cc:330] 2022-05-26 00:15:05.476 | wait for finish... n_ceased_cleints: 0,  n_issued: 3141245, n_done: 3141205, n_created_coordinator: 40
I [../src/deptran/client_worker.cc:330] 2022-05-26 00:15:10.476 | wait for finish... n_ceased_cleints: 0,  n_issued: 3286283, n_done: 3286243, n_created_coordinator: 40
I [../src/deptran/client_worker.cc:330] 2022-05-26 00:15:15.476 | wait for finish... n_ceased_cleints: 0,  n_issued: 3429101, n_done: 3429061, n_created_coordinator: 40
I [../src/deptran/client_worker.cc:330] 2022-05-26 00:15:20.477 | wait for finish... n_ceased_cleints: 0,  n_issued: 3574228, n_done: 3574188, n_created_coordinator: 40
I [../src/deptran/client_worker.cc:330] 2022-05-26 00:15:25.477 | wait for finish... n_ceased_cleints: 0,  n_issued: 3721349, n_done: 3721309, n_created_coordinator: 40
I [../src/deptran/client_worker.cc:330] 2022-05-26 00:15:30.477 | wait for finish... n_ceased_cleints: 0,  n_issued: 3865906, n_done: 3865866, n_created_coordinator: 40
I [../src/deptran/client_worker.cc:330] 2022-05-26 00:15:35.477 | wait for finish... n_ceased_cleints: 0,  n_issued: 4007080, n_done: 4007040, n_created_coordinator: 40
I [../src/deptran/client_worker.cc:330] 2022-05-26 00:15:40.477 | wait for finish... n_ceased_cleints: 0,  n_issued: 4149319, n_done: 4149279, n_created_coordinator: 40
I [../src/deptran/client_worker.cc:330] 2022-05-26 00:15:45.477 | wait for finish... n_ceased_cleints: 0,  n_issued: 4289874, n_done: 4289834, n_created_coordinator: 40
I [../src/deptran/client_worker.cc:330] 2022-05-26 00:15:50.477 | wait for finish... n_ceased_cleints: 0,  n_issued: 4430698, n_done: 4430658, n_created_coordinator: 40
I [../src/deptran/client_worker.cc:330] 2022-05-26 00:15:55.477 | wait for finish... n_ceased_cleints: 0,  n_issued: 4574138, n_done: 4574098, n_created_coordinator: 40
I [../src/deptran/client_worker.cc:330] 2022-05-26 00:16:00.477 | wait for finish... n_ceased_cleints: 0,  n_issued: 4717775, n_done: 4717735, n_created_coordinator: 40
I [../src/deptran/client_worker.cc:330] 2022-05-26 00:16:05.477 | wait for finish... n_ceased_cleints: 0,  n_issued: 4859565, n_done: 4859525, n_created_coordinator: 40
I [../src/deptran/client_worker.cc:330] 2022-05-26 00:16:10.478 | wait for finish... n_ceased_cleints: 0,  n_issued: 4996028, n_done: 4995988, n_created_coordinator: 40
I [../src/deptran/client_worker.cc:330] 2022-05-26 00:16:15.478 | wait for finish... n_ceased_cleints: 0,  n_issued: 5135627, n_done: 5135587, n_created_coordinator: 40
I [../src/deptran/s_main.cc:140] 2022-05-26 00:16:19.911 | wait_for_clients: wait for client threads to exit.
I [../src/deptran/client_worker.cc:330] 2022-05-26 00:16:20.478 | wait for finish... n_ceased_cleints: 0,  n_issued: 5284331, n_done: 5284291, n_created_coordinator: 40
I [../src/deptran/client_worker.cc:317] 2022-05-26 00:16:21.451 | wait for all outstanding requests to finish.
I [../src/deptran/client_worker.cc:343] 2022-05-26 00:16:25.478 | Finish:
Total: 5304183, Commit: 5304183, Attempts: 0, Running for 180, Throughput: 29467.68

I [../src/deptran/client_worker.cc:348] 2022-05-26 00:16:25.478 | Work: wait_for_shutdown at client 3
