I [../src/deptran/s_main.cc:136] 2022-05-27 15:56:09.016 | PWD : 
I [../src/deptran/s_main.cc:284] 2022-05-27 15:56:09.016 | starting process 13569
I [../src/deptran/s_main.cc:279] 2022-05-27 15:56:09.016 | ulimit -n is 1024
I [../src/deptran/config.cc:285] 2022-05-27 15:56:09.016 | LoadYML: /home/xuhao/code/depfast/tmp/janus-final-testnamen8py13dj.yml
I [../src/deptran/config.cc:403] 2022-05-27 15:56:09.017 | BuildSiteProcMap
I [../src/deptran/config.cc:655] 2022-05-27 15:56:09.017 | group size: 1
I [../src/deptran/config.cc:655] 2022-05-27 15:56:09.017 | group size: 1
I [../src/deptran/config.cc:655] 2022-05-27 15:56:09.017 | group size: 1
I [../src/deptran/config.cc:681] 2022-05-27 15:56:09.017 | client forwarding: 0
I [../src/deptran/config.cc:320] 2022-05-27 15:56:09.017 | # of concurrent requests: 6
I [../src/deptran/s_main.cc:290] 2022-05-27 15:56:09.017 | Read config finish
I [../src/deptran/s_main.cc:30] 2022-05-27 15:56:09.017 | client_setup_heartbeat
I [../src/deptran/s_main.cc:46] 2022-05-27 15:56:09.017 | Start control server on port 5555
I [../src/rrr/rpc/server.cpp:575] 2022-05-27 15:56:09.017 | bind address is: 0.0.0.0:5555
I [../src/rrr/rpc/server.cpp:570] 2022-05-27 15:56:09.018 | rrr::Server: started on 0.0.0.0:5555
I [../src/deptran/s_main.cc:314] 2022-05-27 15:56:09.018 | no servers on this process
I [../src/deptran/s_main.cc:54] 2022-05-27 15:56:09.018 | client enabled, number of sites: 1
I [../src/deptran/communicator.cc:25] 2022-05-27 15:56:09.018 | size of partitions: 1
I [../src/rrr/reactor/reactor.cc:389] 2022-05-27 15:56:09.018 | starting poll thread
I [../src/rrr/reactor/reactor.cc:389] 2022-05-27 15:56:09.020 | starting poll thread
I [../src/deptran/communicator.cc:191] 2022-05-27 15:56:10.021 | connect to site: 10.0.0.13:10000 success!
I [../src/deptran/communicator.cc:191] 2022-05-27 15:56:10.022 | connect to site: 10.0.0.14:10001 success!
I [../src/deptran/communicator.cc:191] 2022-05-27 15:56:10.023 | connect to site: 10.0.0.15:10002 success!
I [../src/deptran/communicator.cc:74] 2022-05-27 15:56:10.024 | Done waiting to connect to client leaders.
I [../src/deptran/client_worker.cc:330] 2022-05-27 15:56:11.590 | wait for finish... n_ceased_cleints: 0,  n_issued: 0, n_done: 0, n_created_coordinator: 0
I [../src/deptran/client_worker.cc:314] 2022-05-27 15:56:11.591 | wait for all virtual clients to stop issuing new requests.
I [../src/deptran/client_worker.cc:330] 2022-05-27 15:56:16.590 | wait for finish... n_ceased_cleints: 0,  n_issued: 33649, n_done: 33643, n_created_coordinator: 6
I [../src/deptran/client_worker.cc:330] 2022-05-27 15:56:21.590 | wait for finish... n_ceased_cleints: 0,  n_issued: 68565, n_done: 68559, n_created_coordinator: 6
I [../src/deptran/client_worker.cc:330] 2022-05-27 15:56:26.590 | wait for finish... n_ceased_cleints: 0,  n_issued: 102551, n_done: 102545, n_created_coordinator: 6
I [../src/deptran/client_worker.cc:330] 2022-05-27 15:56:31.590 | wait for finish... n_ceased_cleints: 0,  n_issued: 135678, n_done: 135672, n_created_coordinator: 6
I [../src/deptran/client_worker.cc:330] 2022-05-27 15:56:36.590 | wait for finish... n_ceased_cleints: 0,  n_issued: 169198, n_done: 169192, n_created_coordinator: 6
I [../src/deptran/client_worker.cc:330] 2022-05-27 15:56:41.591 | wait for finish... n_ceased_cleints: 0,  n_issued: 203475, n_done: 203469, n_created_coordinator: 6
I [../src/deptran/client_worker.cc:330] 2022-05-27 15:56:46.591 | wait for finish... n_ceased_cleints: 0,  n_issued: 235968, n_done: 235962, n_created_coordinator: 6
I [../src/deptran/client_worker.cc:330] 2022-05-27 15:56:51.591 | wait for finish... n_ceased_cleints: 0,  n_issued: 269769, n_done: 269763, n_created_coordinator: 6
I [../src/deptran/client_worker.cc:330] 2022-05-27 15:56:56.591 | wait for finish... n_ceased_cleints: 0,  n_issued: 303661, n_done: 303655, n_created_coordinator: 6
I [../src/deptran/client_worker.cc:330] 2022-05-27 15:57:01.591 | wait for finish... n_ceased_cleints: 0,  n_issued: 337874, n_done: 337868, n_created_coordinator: 6
I [../src/deptran/client_worker.cc:330] 2022-05-27 15:57:06.591 | wait for finish... n_ceased_cleints: 0,  n_issued: 371793, n_done: 371787, n_created_coordinator: 6
I [../src/deptran/s_main.cc:140] 2022-05-27 15:57:10.024 | wait_for_clients: wait for client threads to exit.
I [../src/deptran/client_worker.cc:330] 2022-05-27 15:57:11.591 | wait for finish... n_ceased_cleints: 0,  n_issued: 405964, n_done: 405958, n_created_coordinator: 6
I [../src/deptran/client_worker.cc:317] 2022-05-27 15:57:12.511 | wait for all outstanding requests to finish.
I [../src/deptran/client_worker.cc:343] 2022-05-27 15:57:16.591 | Finish:
Total: 409675, Commit: 409675, Attempts: 0, Running for 60, Throughput: 6827.92

I [../src/deptran/client_worker.cc:348] 2022-05-27 15:57:16.591 | Work: wait_for_shutdown at client 3
