I [../src/deptran/s_main.cc:136] 2022-05-21 00:39:30.236 | PWD : 
I [../src/deptran/s_main.cc:284] 2022-05-21 00:39:30.236 | starting process 22778
I [../src/deptran/s_main.cc:279] 2022-05-21 00:39:30.236 | ulimit -n is 1024
I [../src/deptran/config.cc:285] 2022-05-21 00:39:30.236 | LoadYML: /home/xuhao/code/depfast/tmp/janus-final-testnamecw1ldzwp.yml
I [../src/deptran/config.cc:403] 2022-05-21 00:39:30.237 | BuildSiteProcMap
I [../src/deptran/config.cc:655] 2022-05-21 00:39:30.237 | group size: 1
I [../src/deptran/config.cc:655] 2022-05-21 00:39:30.237 | group size: 1
I [../src/deptran/config.cc:655] 2022-05-21 00:39:30.237 | group size: 1
I [../src/deptran/config.cc:681] 2022-05-21 00:39:30.237 | client forwarding: 0
I [../src/deptran/config.cc:320] 2022-05-21 00:39:30.237 | # of concurrent requests: 20
I [../src/deptran/s_main.cc:290] 2022-05-21 00:39:30.237 | Read config finish
I [../src/deptran/s_main.cc:30] 2022-05-21 00:39:30.237 | client_setup_heartbeat
I [../src/deptran/s_main.cc:46] 2022-05-21 00:39:30.238 | Start control server on port 5555
I [../src/rrr/rpc/server.cpp:575] 2022-05-21 00:39:30.238 | bind address is: 0.0.0.0:5555
I [../src/rrr/rpc/server.cpp:570] 2022-05-21 00:39:30.238 | rrr::Server: started on 0.0.0.0:5555
I [../src/deptran/s_main.cc:314] 2022-05-21 00:39:30.238 | no servers on this process
I [../src/deptran/s_main.cc:54] 2022-05-21 00:39:30.238 | client enabled, number of sites: 1
I [../src/rrr/reactor/reactor.cc:389] 2022-05-21 00:39:30.239 | starting poll thread
I [../src/deptran/communicator.cc:25] 2022-05-21 00:39:30.239 | size of partitions: 1
I [../src/rrr/reactor/reactor.cc:389] 2022-05-21 00:39:30.240 | starting poll thread
I [../src/deptran/communicator.cc:191] 2022-05-21 00:39:31.242 | connect to site: 10.0.0.13:10000 success!
I [../src/deptran/communicator.cc:191] 2022-05-21 00:39:31.243 | connect to site: 10.0.0.14:10001 success!
I [../src/deptran/communicator.cc:191] 2022-05-21 00:39:31.244 | connect to site: 10.0.0.15:10002 success!
I [../src/deptran/communicator.cc:191] 2022-05-21 00:39:31.245 | connect to site: 10.0.0.55:10003 success!
I [../src/deptran/communicator.cc:191] 2022-05-21 00:39:31.246 | connect to site: 10.0.0.58:10004 success!
I [../src/deptran/communicator.cc:74] 2022-05-21 00:39:31.247 | Done waiting to connect to client leaders.
I [../src/deptran/client_worker.cc:330] 2022-05-21 00:39:33.028 | wait for finish... n_ceased_cleints: 0,  n_issued: 0, n_done: 0, n_created_coordinator: 0
I [../src/deptran/client_worker.cc:314] 2022-05-21 00:39:33.029 | wait for all virtual clients to stop issuing new requests.
I [../src/deptran/client_worker.cc:330] 2022-05-21 00:39:38.028 | wait for finish... n_ceased_cleints: 0,  n_issued: 12618, n_done: 12598, n_created_coordinator: 20
I [../src/deptran/client_worker.cc:330] 2022-05-21 00:39:43.028 | wait for finish... n_ceased_cleints: 0,  n_issued: 26151, n_done: 26131, n_created_coordinator: 20
I [../src/deptran/client_worker.cc:330] 2022-05-21 00:39:48.028 | wait for finish... n_ceased_cleints: 0,  n_issued: 39816, n_done: 39796, n_created_coordinator: 20
I [../src/deptran/client_worker.cc:330] 2022-05-21 00:39:53.028 | wait for finish... n_ceased_cleints: 0,  n_issued: 53352, n_done: 53332, n_created_coordinator: 20
I [../src/deptran/client_worker.cc:330] 2022-05-21 00:39:58.028 | wait for finish... n_ceased_cleints: 0,  n_issued: 66719, n_done: 66699, n_created_coordinator: 20
I [../src/deptran/client_worker.cc:330] 2022-05-21 00:40:03.028 | wait for finish... n_ceased_cleints: 0,  n_issued: 80186, n_done: 80166, n_created_coordinator: 20
I [../src/deptran/client_worker.cc:330] 2022-05-21 00:40:08.028 | wait for finish... n_ceased_cleints: 0,  n_issued: 93605, n_done: 93585, n_created_coordinator: 20
I [../src/deptran/client_worker.cc:330] 2022-05-21 00:40:13.029 | wait for finish... n_ceased_cleints: 0,  n_issued: 107073, n_done: 107053, n_created_coordinator: 20
I [../src/deptran/client_worker.cc:330] 2022-05-21 00:40:18.029 | wait for finish... n_ceased_cleints: 0,  n_issued: 120628, n_done: 120608, n_created_coordinator: 20
I [../src/deptran/client_worker.cc:330] 2022-05-21 00:40:23.029 | wait for finish... n_ceased_cleints: 0,  n_issued: 134230, n_done: 134210, n_created_coordinator: 20
I [../src/deptran/client_worker.cc:330] 2022-05-21 00:40:28.029 | wait for finish... n_ceased_cleints: 0,  n_issued: 147639, n_done: 147619, n_created_coordinator: 20
I [../src/deptran/s_main.cc:140] 2022-05-21 00:40:31.246 | wait_for_clients: wait for client threads to exit.
I [../src/deptran/client_worker.cc:330] 2022-05-21 00:40:33.029 | wait for finish... n_ceased_cleints: 0,  n_issued: 161435, n_done: 161415, n_created_coordinator: 20
I [../src/deptran/client_worker.cc:317] 2022-05-21 00:40:33.860 | wait for all outstanding requests to finish.
I [../src/deptran/client_worker.cc:343] 2022-05-21 00:40:38.029 | Finish:
Total: 162813, Commit: 162813, Attempts: 0, Running for 60, Throughput: 2713.55

I [../src/deptran/client_worker.cc:348] 2022-05-21 00:40:38.029 | Work: wait_for_shutdown at client 5
