I [../src/deptran/s_main.cc:136] 2022-05-27 16:07:27.840 | PWD : 
I [../src/deptran/s_main.cc:284] 2022-05-27 16:07:27.840 | starting process 16288
I [../src/deptran/s_main.cc:279] 2022-05-27 16:07:27.840 | ulimit -n is 1024
I [../src/deptran/config.cc:285] 2022-05-27 16:07:27.840 | LoadYML: /home/xuhao/code/depfast/tmp/janus-final-testname263wrz18.yml
I [../src/deptran/config.cc:403] 2022-05-27 16:07:27.841 | BuildSiteProcMap
I [../src/deptran/config.cc:655] 2022-05-27 16:07:27.841 | group size: 1
I [../src/deptran/config.cc:655] 2022-05-27 16:07:27.842 | group size: 1
I [../src/deptran/config.cc:655] 2022-05-27 16:07:27.842 | group size: 1
I [../src/deptran/config.cc:681] 2022-05-27 16:07:27.842 | client forwarding: 0
I [../src/deptran/config.cc:320] 2022-05-27 16:07:27.842 | # of concurrent requests: 18
I [../src/deptran/s_main.cc:290] 2022-05-27 16:07:27.842 | Read config finish
I [../src/deptran/s_main.cc:30] 2022-05-27 16:07:27.842 | client_setup_heartbeat
I [../src/deptran/s_main.cc:46] 2022-05-27 16:07:27.842 | Start control server on port 5555
I [../src/rrr/rpc/server.cpp:575] 2022-05-27 16:07:27.842 | bind address is: 0.0.0.0:5555
I [../src/rrr/rpc/server.cpp:570] 2022-05-27 16:07:27.842 | rrr::Server: started on 0.0.0.0:5555
I [../src/deptran/s_main.cc:314] 2022-05-27 16:07:27.842 | no servers on this process
I [../src/deptran/s_main.cc:54] 2022-05-27 16:07:27.842 | client enabled, number of sites: 1
I [../src/deptran/communicator.cc:25] 2022-05-27 16:07:27.843 | size of partitions: 1
I [../src/rrr/reactor/reactor.cc:389] 2022-05-27 16:07:27.843 | starting poll thread
I [../src/rrr/reactor/reactor.cc:389] 2022-05-27 16:07:27.845 | starting poll thread
I [../src/deptran/communicator.cc:191] 2022-05-27 16:07:28.846 | connect to site: 10.0.0.13:10000 success!
I [../src/deptran/communicator.cc:191] 2022-05-27 16:07:28.847 | connect to site: 10.0.0.14:10001 success!
I [../src/deptran/communicator.cc:191] 2022-05-27 16:07:28.848 | connect to site: 10.0.0.15:10002 success!
I [../src/deptran/communicator.cc:74] 2022-05-27 16:07:28.850 | Done waiting to connect to client leaders.
I [../src/deptran/client_worker.cc:330] 2022-05-27 16:07:30.412 | wait for finish... n_ceased_cleints: 0,  n_issued: 0, n_done: 0, n_created_coordinator: 0
I [../src/deptran/client_worker.cc:314] 2022-05-27 16:07:30.413 | wait for all virtual clients to stop issuing new requests.
I [../src/deptran/client_worker.cc:330] 2022-05-27 16:07:35.412 | wait for finish... n_ceased_cleints: 0,  n_issued: 42810, n_done: 42792, n_created_coordinator: 18
I [../src/deptran/client_worker.cc:330] 2022-05-27 16:07:40.412 | wait for finish... n_ceased_cleints: 0,  n_issued: 83945, n_done: 83927, n_created_coordinator: 18
I [../src/deptran/client_worker.cc:330] 2022-05-27 16:07:45.412 | wait for finish... n_ceased_cleints: 0,  n_issued: 135278, n_done: 135260, n_created_coordinator: 18
I [../src/deptran/client_worker.cc:330] 2022-05-27 16:07:50.412 | wait for finish... n_ceased_cleints: 0,  n_issued: 165892, n_done: 165874, n_created_coordinator: 18
I [../src/deptran/client_worker.cc:330] 2022-05-27 16:07:55.413 | wait for finish... n_ceased_cleints: 0,  n_issued: 202580, n_done: 202562, n_created_coordinator: 18
I [../src/deptran/client_worker.cc:330] 2022-05-27 16:08:00.413 | wait for finish... n_ceased_cleints: 0,  n_issued: 253926, n_done: 253908, n_created_coordinator: 18
I [../src/deptran/client_worker.cc:330] 2022-05-27 16:08:05.413 | wait for finish... n_ceased_cleints: 0,  n_issued: 304163, n_done: 304145, n_created_coordinator: 18
I [../src/deptran/client_worker.cc:330] 2022-05-27 16:08:10.413 | wait for finish... n_ceased_cleints: 0,  n_issued: 355273, n_done: 355255, n_created_coordinator: 18
I [../src/deptran/client_worker.cc:330] 2022-05-27 16:08:15.413 | wait for finish... n_ceased_cleints: 0,  n_issued: 404249, n_done: 404231, n_created_coordinator: 18
I [../src/deptran/client_worker.cc:330] 2022-05-27 16:08:20.413 | wait for finish... n_ceased_cleints: 0,  n_issued: 454193, n_done: 454175, n_created_coordinator: 18
I [../src/deptran/client_worker.cc:330] 2022-05-27 16:08:25.413 | wait for finish... n_ceased_cleints: 0,  n_issued: 503999, n_done: 503981, n_created_coordinator: 18
I [../src/deptran/s_main.cc:140] 2022-05-27 16:08:28.849 | wait_for_clients: wait for client threads to exit.
I [../src/deptran/client_worker.cc:330] 2022-05-27 16:08:30.413 | wait for finish... n_ceased_cleints: 0,  n_issued: 553730, n_done: 553712, n_created_coordinator: 18
I [../src/deptran/client_worker.cc:317] 2022-05-27 16:08:31.391 | wait for all outstanding requests to finish.
I [../src/deptran/client_worker.cc:343] 2022-05-27 16:08:35.414 | Finish:
Total: 561145, Commit: 561145, Attempts: 0, Running for 60, Throughput: 9352.42

I [../src/deptran/client_worker.cc:348] 2022-05-27 16:08:35.414 | Work: wait_for_shutdown at client 3
