I [../src/deptran/s_main.cc:136] 2022-05-20 15:32:10.424 | PWD : 
I [../src/deptran/s_main.cc:284] 2022-05-20 15:32:10.424 | starting process 14057
I [../src/deptran/s_main.cc:279] 2022-05-20 15:32:10.424 | ulimit -n is 1024
I [../src/deptran/config.cc:285] 2022-05-20 15:32:10.424 | LoadYML: /home/xuhao/code/depfast/tmp/janus-final-testname3m77dvlq.yml
I [../src/deptran/config.cc:403] 2022-05-20 15:32:10.424 | BuildSiteProcMap
I [../src/deptran/config.cc:655] 2022-05-20 15:32:10.424 | group size: 1
I [../src/deptran/config.cc:681] 2022-05-20 15:32:10.424 | client forwarding: 0
I [../src/deptran/config.cc:320] 2022-05-20 15:32:10.424 | # of concurrent requests: 20
I [../src/deptran/s_main.cc:290] 2022-05-20 15:32:10.425 | Read config finish
I [../src/deptran/s_main.cc:30] 2022-05-20 15:32:10.425 | client_setup_heartbeat
I [../src/deptran/s_main.cc:46] 2022-05-20 15:32:10.425 | Start control server on port 5555
I [../src/rrr/rpc/server.cpp:575] 2022-05-20 15:32:10.425 | bind address is: 0.0.0.0:5555
I [../src/rrr/rpc/server.cpp:570] 2022-05-20 15:32:10.425 | rrr::Server: started on 0.0.0.0:5555
I [../src/deptran/s_main.cc:314] 2022-05-20 15:32:10.425 | no servers on this process
I [../src/deptran/s_main.cc:54] 2022-05-20 15:32:10.425 | client enabled, number of sites: 1
I [../src/deptran/communicator.cc:25] 2022-05-20 15:32:10.426 | size of partitions: 1
I [../src/rrr/reactor/reactor.cc:389] 2022-05-20 15:32:10.426 | starting poll thread
I [../src/rrr/reactor/reactor.cc:389] 2022-05-20 15:32:10.428 | starting poll thread
I [../src/deptran/communicator.cc:191] 2022-05-20 15:32:11.428 | connect to site: 10.0.0.13:10000 success!
I [../src/deptran/communicator.cc:191] 2022-05-20 15:32:12.430 | connect to site: 10.0.0.14:10001 success!
I [../src/deptran/communicator.cc:191] 2022-05-20 15:32:12.431 | connect to site: 10.0.0.15:10002 success!
I [../src/deptran/communicator.cc:191] 2022-05-20 15:32:12.432 | connect to site: 10.0.0.55:10003 success!
I [../src/deptran/communicator.cc:191] 2022-05-20 15:32:12.433 | connect to site: 10.0.0.58:10004 success!
I [../src/deptran/communicator.cc:74] 2022-05-20 15:32:12.434 | Done waiting to connect to client leaders.
I [../src/deptran/client_worker.cc:330] 2022-05-20 15:32:14.172 | wait for finish... n_ceased_cleints: 0,  n_issued: 0, n_done: 0, n_created_coordinator: 0
I [../src/deptran/client_worker.cc:314] 2022-05-20 15:32:14.173 | wait for all virtual clients to stop issuing new requests.
I [../src/deptran/client_worker.cc:330] 2022-05-20 15:32:19.172 | wait for finish... n_ceased_cleints: 0,  n_issued: 11461, n_done: 11441, n_created_coordinator: 20
I [../src/deptran/client_worker.cc:330] 2022-05-20 15:32:24.173 | wait for finish... n_ceased_cleints: 0,  n_issued: 24893, n_done: 24873, n_created_coordinator: 20
I [../src/deptran/client_worker.cc:330] 2022-05-20 15:32:29.173 | wait for finish... n_ceased_cleints: 0,  n_issued: 38997, n_done: 38977, n_created_coordinator: 20
I [../src/deptran/client_worker.cc:330] 2022-05-20 15:32:34.173 | wait for finish... n_ceased_cleints: 0,  n_issued: 53181, n_done: 53161, n_created_coordinator: 20
I [../src/deptran/client_worker.cc:330] 2022-05-20 15:32:39.173 | wait for finish... n_ceased_cleints: 0,  n_issued: 67762, n_done: 67742, n_created_coordinator: 20
I [../src/deptran/client_worker.cc:330] 2022-05-20 15:32:44.173 | wait for finish... n_ceased_cleints: 0,  n_issued: 81979, n_done: 81959, n_created_coordinator: 20
I [../src/deptran/client_worker.cc:330] 2022-05-20 15:32:49.173 | wait for finish... n_ceased_cleints: 0,  n_issued: 96182, n_done: 96162, n_created_coordinator: 20
I [../src/deptran/client_worker.cc:330] 2022-05-20 15:32:54.173 | wait for finish... n_ceased_cleints: 0,  n_issued: 110731, n_done: 110711, n_created_coordinator: 20
I [../src/deptran/client_worker.cc:330] 2022-05-20 15:32:59.173 | wait for finish... n_ceased_cleints: 0,  n_issued: 125242, n_done: 125222, n_created_coordinator: 20
I [../src/deptran/client_worker.cc:330] 2022-05-20 15:33:04.173 | wait for finish... n_ceased_cleints: 0,  n_issued: 139211, n_done: 139191, n_created_coordinator: 20
I [../src/deptran/client_worker.cc:330] 2022-05-20 15:33:09.174 | wait for finish... n_ceased_cleints: 0,  n_issued: 153488, n_done: 153468, n_created_coordinator: 20
I [../src/deptran/s_main.cc:140] 2022-05-20 15:33:12.433 | wait_for_clients: wait for client threads to exit.
I [../src/deptran/client_worker.cc:330] 2022-05-20 15:33:14.174 | wait for finish... n_ceased_cleints: 0,  n_issued: 167992, n_done: 167972, n_created_coordinator: 20
I [../src/deptran/client_worker.cc:317] 2022-05-20 15:33:15.155 | wait for all outstanding requests to finish.
I [../src/deptran/client_worker.cc:343] 2022-05-20 15:33:19.174 | Finish:
Total: 169708, Commit: 169708, Attempts: 0, Running for 60, Throughput: 2828.47

I [../src/deptran/client_worker.cc:348] 2022-05-20 15:33:19.174 | Work: wait_for_shutdown at client 5
