I [../src/deptran/s_main.cc:136] 2022-05-20 07:39:34.129 | PWD : 
I [../src/deptran/s_main.cc:284] 2022-05-20 07:39:34.129 | starting process 5142
I [../src/deptran/s_main.cc:279] 2022-05-20 07:39:34.129 | ulimit -n is 1024
I [../src/deptran/config.cc:285] 2022-05-20 07:39:34.129 | LoadYML: /home/xuhao/code/depfast/tmp/janus-final-testnamepnzzy48k.yml
I [../src/deptran/config.cc:403] 2022-05-20 07:39:34.129 | BuildSiteProcMap
I [../src/deptran/config.cc:655] 2022-05-20 07:39:34.129 | group size: 1
I [../src/deptran/config.cc:681] 2022-05-20 07:39:34.129 | client forwarding: 0
I [../src/deptran/config.cc:320] 2022-05-20 07:39:34.129 | # of concurrent requests: 80
I [../src/deptran/s_main.cc:290] 2022-05-20 07:39:34.129 | Read config finish
I [../src/deptran/s_main.cc:30] 2022-05-20 07:39:34.129 | client_setup_heartbeat
I [../src/deptran/s_main.cc:46] 2022-05-20 07:39:34.130 | Start control server on port 5555
I [../src/rrr/rpc/server.cpp:575] 2022-05-20 07:39:34.130 | bind address is: 0.0.0.0:5555
I [../src/rrr/rpc/server.cpp:570] 2022-05-20 07:39:34.130 | rrr::Server: started on 0.0.0.0:5555
I [../src/deptran/s_main.cc:314] 2022-05-20 07:39:34.130 | no servers on this process
I [../src/deptran/s_main.cc:54] 2022-05-20 07:39:34.130 | client enabled, number of sites: 1
I [../src/deptran/communicator.cc:25] 2022-05-20 07:39:34.131 | size of partitions: 1
I [../src/rrr/reactor/reactor.cc:389] 2022-05-20 07:39:34.131 | starting poll thread
I [../src/rrr/reactor/reactor.cc:389] 2022-05-20 07:39:34.133 | starting poll thread
I [../src/deptran/communicator.cc:191] 2022-05-20 07:39:36.135 | connect to site: 10.0.0.13:10000 success!
I [../src/deptran/communicator.cc:191] 2022-05-20 07:39:36.136 | connect to site: 10.0.0.14:10001 success!
I [../src/deptran/communicator.cc:191] 2022-05-20 07:39:36.137 | connect to site: 10.0.0.15:10002 success!
I [../src/deptran/communicator.cc:191] 2022-05-20 07:39:36.138 | connect to site: 10.0.0.55:10003 success!
I [../src/deptran/communicator.cc:191] 2022-05-20 07:39:36.139 | connect to site: 10.0.0.58:10004 success!
I [../src/deptran/communicator.cc:74] 2022-05-20 07:39:36.140 | Done waiting to connect to client leaders.
I [../src/deptran/client_worker.cc:330] 2022-05-20 07:39:37.918 | wait for finish... n_ceased_cleints: 0,  n_issued: 0, n_done: 0, n_created_coordinator: 0
I [../src/deptran/client_worker.cc:314] 2022-05-20 07:39:37.920 | wait for all virtual clients to stop issuing new requests.
I [../src/deptran/client_worker.cc:330] 2022-05-20 07:39:42.918 | wait for finish... n_ceased_cleints: 0,  n_issued: 39795, n_done: 39715, n_created_coordinator: 80
I [../src/deptran/client_worker.cc:330] 2022-05-20 07:39:47.918 | wait for finish... n_ceased_cleints: 0,  n_issued: 82078, n_done: 81998, n_created_coordinator: 80
I [../src/deptran/client_worker.cc:330] 2022-05-20 07:39:52.918 | wait for finish... n_ceased_cleints: 0,  n_issued: 123922, n_done: 123842, n_created_coordinator: 80
I [../src/deptran/client_worker.cc:330] 2022-05-20 07:39:57.918 | wait for finish... n_ceased_cleints: 0,  n_issued: 165491, n_done: 165411, n_created_coordinator: 80
I [../src/deptran/client_worker.cc:330] 2022-05-20 07:40:02.918 | wait for finish... n_ceased_cleints: 0,  n_issued: 207423, n_done: 207343, n_created_coordinator: 80
I [../src/deptran/client_worker.cc:330] 2022-05-20 07:40:07.918 | wait for finish... n_ceased_cleints: 0,  n_issued: 249558, n_done: 249478, n_created_coordinator: 80
I [../src/deptran/client_worker.cc:330] 2022-05-20 07:40:12.918 | wait for finish... n_ceased_cleints: 0,  n_issued: 291293, n_done: 291213, n_created_coordinator: 80
I [../src/deptran/client_worker.cc:330] 2022-05-20 07:40:17.918 | wait for finish... n_ceased_cleints: 0,  n_issued: 333202, n_done: 333122, n_created_coordinator: 80
I [../src/deptran/client_worker.cc:330] 2022-05-20 07:40:22.919 | wait for finish... n_ceased_cleints: 0,  n_issued: 374724, n_done: 374644, n_created_coordinator: 80
I [../src/deptran/client_worker.cc:330] 2022-05-20 07:40:27.919 | wait for finish... n_ceased_cleints: 0,  n_issued: 416357, n_done: 416277, n_created_coordinator: 80
I [../src/deptran/client_worker.cc:330] 2022-05-20 07:40:32.919 | wait for finish... n_ceased_cleints: 0,  n_issued: 457897, n_done: 457817, n_created_coordinator: 80
I [../src/deptran/s_main.cc:140] 2022-05-20 07:40:36.139 | wait_for_clients: wait for client threads to exit.
I [../src/deptran/client_worker.cc:330] 2022-05-20 07:40:37.919 | wait for finish... n_ceased_cleints: 0,  n_issued: 499659, n_done: 499579, n_created_coordinator: 80
I [../src/deptran/client_worker.cc:317] 2022-05-20 07:40:38.919 | wait for all outstanding requests to finish.
I [../src/deptran/client_worker.cc:343] 2022-05-20 07:40:42.919 | Finish:
Total: 504045, Commit: 504045, Attempts: 0, Running for 60, Throughput: 8400.75

I [../src/deptran/client_worker.cc:348] 2022-05-20 07:40:42.919 | Work: wait_for_shutdown at client 5
