I [../src/deptran/s_main.cc:136] 2022-05-27 06:19:25.012 | PWD : 
I [../src/deptran/s_main.cc:284] 2022-05-27 06:19:25.012 | starting process 25887
I [../src/deptran/s_main.cc:279] 2022-05-27 06:19:25.012 | ulimit -n is 1024
I [../src/deptran/config.cc:285] 2022-05-27 06:19:25.012 | LoadYML: /home/xuhao/code/depfast/tmp/janus-final-testnameudj0pmnv.yml
I [../src/deptran/config.cc:403] 2022-05-27 06:19:25.012 | BuildSiteProcMap
I [../src/deptran/config.cc:655] 2022-05-27 06:19:25.012 | group size: 1
I [../src/deptran/config.cc:681] 2022-05-27 06:19:25.012 | client forwarding: 0
I [../src/deptran/config.cc:320] 2022-05-27 06:19:25.012 | # of concurrent requests: 100
I [../src/deptran/s_main.cc:290] 2022-05-27 06:19:25.012 | Read config finish
I [../src/deptran/s_main.cc:30] 2022-05-27 06:19:25.012 | client_setup_heartbeat
I [../src/deptran/s_main.cc:46] 2022-05-27 06:19:25.013 | Start control server on port 5555
I [../src/rrr/rpc/server.cpp:575] 2022-05-27 06:19:25.013 | bind address is: 0.0.0.0:5555
I [../src/rrr/rpc/server.cpp:570] 2022-05-27 06:19:25.013 | rrr::Server: started on 0.0.0.0:5555
I [../src/deptran/s_main.cc:314] 2022-05-27 06:19:25.013 | no servers on this process
I [../src/deptran/s_main.cc:54] 2022-05-27 06:19:25.013 | client enabled, number of sites: 1
I [../src/rrr/reactor/reactor.cc:389] 2022-05-27 06:19:25.014 | starting poll thread
I [../src/deptran/communicator.cc:25] 2022-05-27 06:19:25.014 | size of partitions: 1
I [../src/rrr/reactor/reactor.cc:389] 2022-05-27 06:19:25.016 | starting poll thread
I [../src/deptran/communicator.cc:191] 2022-05-27 06:19:26.017 | connect to site: 10.0.0.13:10000 success!
I [../src/deptran/communicator.cc:191] 2022-05-27 06:19:27.019 | connect to site: 10.0.0.14:10001 success!
I [../src/deptran/communicator.cc:191] 2022-05-27 06:19:27.020 | connect to site: 10.0.0.15:10002 success!
I [../src/deptran/communicator.cc:191] 2022-05-27 06:19:27.021 | connect to site: 10.0.0.55:10003 success!
I [../src/deptran/communicator.cc:191] 2022-05-27 06:19:27.021 | connect to site: 10.0.0.58:10004 success!
I [../src/deptran/communicator.cc:74] 2022-05-27 06:19:27.023 | Done waiting to connect to client leaders.
I [../src/deptran/client_worker.cc:330] 2022-05-27 06:19:27.827 | wait for finish... n_ceased_cleints: 0,  n_issued: 0, n_done: 0, n_created_coordinator: 0
I [../src/deptran/client_worker.cc:314] 2022-05-27 06:19:27.833 | wait for all virtual clients to stop issuing new requests.
I [../src/deptran/client_worker.cc:330] 2022-05-27 06:19:32.827 | wait for finish... n_ceased_cleints: 0,  n_issued: 30398, n_done: 30298, n_created_coordinator: 100
I [../src/deptran/client_worker.cc:330] 2022-05-27 06:19:37.828 | wait for finish... n_ceased_cleints: 0,  n_issued: 64025, n_done: 63925, n_created_coordinator: 100
I [../src/deptran/client_worker.cc:330] 2022-05-27 06:19:42.828 | wait for finish... n_ceased_cleints: 0,  n_issued: 98841, n_done: 98741, n_created_coordinator: 100
I [../src/deptran/client_worker.cc:330] 2022-05-27 06:19:47.828 | wait for finish... n_ceased_cleints: 0,  n_issued: 133773, n_done: 133673, n_created_coordinator: 100
I [../src/deptran/client_worker.cc:330] 2022-05-27 06:19:52.828 | wait for finish... n_ceased_cleints: 0,  n_issued: 168863, n_done: 168763, n_created_coordinator: 100
I [../src/deptran/client_worker.cc:330] 2022-05-27 06:19:57.828 | wait for finish... n_ceased_cleints: 0,  n_issued: 203822, n_done: 203722, n_created_coordinator: 100
I [../src/deptran/client_worker.cc:330] 2022-05-27 06:20:02.828 | wait for finish... n_ceased_cleints: 0,  n_issued: 237990, n_done: 237890, n_created_coordinator: 100
I [../src/deptran/client_worker.cc:330] 2022-05-27 06:20:07.828 | wait for finish... n_ceased_cleints: 0,  n_issued: 273683, n_done: 273583, n_created_coordinator: 100
I [../src/deptran/client_worker.cc:330] 2022-05-27 06:20:12.828 | wait for finish... n_ceased_cleints: 0,  n_issued: 309460, n_done: 309360, n_created_coordinator: 100
I [../src/deptran/client_worker.cc:330] 2022-05-27 06:20:17.828 | wait for finish... n_ceased_cleints: 0,  n_issued: 344856, n_done: 344756, n_created_coordinator: 100
I [../src/deptran/client_worker.cc:330] 2022-05-27 06:20:22.829 | wait for finish... n_ceased_cleints: 0,  n_issued: 379238, n_done: 379138, n_created_coordinator: 100
I [../src/deptran/s_main.cc:140] 2022-05-27 06:20:27.022 | wait_for_clients: wait for client threads to exit.
I [../src/deptran/client_worker.cc:330] 2022-05-27 06:20:27.829 | wait for finish... n_ceased_cleints: 0,  n_issued: 413256, n_done: 413156, n_created_coordinator: 100
I [../src/deptran/client_worker.cc:317] 2022-05-27 06:20:28.830 | wait for all outstanding requests to finish.
I [../src/deptran/client_worker.cc:343] 2022-05-27 06:20:32.829 | Finish:
Total: 416723, Commit: 416723, Attempts: 0, Running for 60, Throughput: 6945.38

I [../src/deptran/client_worker.cc:348] 2022-05-27 06:20:32.830 | Work: wait_for_shutdown at client 5
