I [../src/deptran/s_main.cc:136] 2022-05-20 15:33:50.492 | PWD : 
I [../src/deptran/s_main.cc:284] 2022-05-20 15:33:50.492 | starting process 14437
I [../src/deptran/s_main.cc:279] 2022-05-20 15:33:50.492 | ulimit -n is 1024
I [../src/deptran/config.cc:285] 2022-05-20 15:33:50.492 | LoadYML: /home/xuhao/code/depfast/tmp/janus-final-testname5uf13595.yml
I [../src/deptran/config.cc:403] 2022-05-20 15:33:50.492 | BuildSiteProcMap
I [../src/deptran/config.cc:655] 2022-05-20 15:33:50.493 | group size: 1
I [../src/deptran/config.cc:681] 2022-05-20 15:33:50.493 | client forwarding: 0
I [../src/deptran/config.cc:320] 2022-05-20 15:33:50.493 | # of concurrent requests: 40
I [../src/deptran/s_main.cc:290] 2022-05-20 15:33:50.493 | Read config finish
I [../src/deptran/s_main.cc:30] 2022-05-20 15:33:50.493 | client_setup_heartbeat
I [../src/deptran/s_main.cc:46] 2022-05-20 15:33:50.493 | Start control server on port 5555
I [../src/rrr/rpc/server.cpp:575] 2022-05-20 15:33:50.493 | bind address is: 0.0.0.0:5555
I [../src/rrr/rpc/server.cpp:570] 2022-05-20 15:33:50.493 | rrr::Server: started on 0.0.0.0:5555
I [../src/deptran/s_main.cc:314] 2022-05-20 15:33:50.493 | no servers on this process
I [../src/deptran/s_main.cc:54] 2022-05-20 15:33:50.493 | client enabled, number of sites: 1
I [../src/deptran/communicator.cc:25] 2022-05-20 15:33:50.494 | size of partitions: 1
I [../src/rrr/reactor/reactor.cc:389] 2022-05-20 15:33:50.494 | starting poll thread
I [../src/rrr/reactor/reactor.cc:389] 2022-05-20 15:33:50.496 | starting poll thread
I [../src/deptran/communicator.cc:191] 2022-05-20 15:33:51.496 | connect to site: 10.0.0.13:10000 success!
I [../src/deptran/communicator.cc:191] 2022-05-20 15:33:52.498 | connect to site: 10.0.0.14:10001 success!
I [../src/deptran/communicator.cc:191] 2022-05-20 15:33:52.499 | connect to site: 10.0.0.15:10002 success!
I [../src/deptran/communicator.cc:191] 2022-05-20 15:33:52.501 | connect to site: 10.0.0.55:10003 success!
I [../src/deptran/communicator.cc:191] 2022-05-20 15:33:52.502 | connect to site: 10.0.0.58:10004 success!
I [../src/deptran/communicator.cc:74] 2022-05-20 15:33:52.503 | Done waiting to connect to client leaders.
I [../src/deptran/client_worker.cc:330] 2022-05-20 15:33:54.283 | wait for finish... n_ceased_cleints: 0,  n_issued: 0, n_done: 0, n_created_coordinator: 0
I [../src/deptran/client_worker.cc:314] 2022-05-20 15:33:54.285 | wait for all virtual clients to stop issuing new requests.
I [../src/deptran/client_worker.cc:330] 2022-05-20 15:33:59.283 | wait for finish... n_ceased_cleints: 0,  n_issued: 23904, n_done: 23864, n_created_coordinator: 40
I [../src/deptran/client_worker.cc:330] 2022-05-20 15:34:04.283 | wait for finish... n_ceased_cleints: 0,  n_issued: 50582, n_done: 50542, n_created_coordinator: 40
I [../src/deptran/client_worker.cc:330] 2022-05-20 15:34:09.284 | wait for finish... n_ceased_cleints: 0,  n_issued: 76631, n_done: 76591, n_created_coordinator: 40
I [../src/deptran/client_worker.cc:330] 2022-05-20 15:34:14.284 | wait for finish... n_ceased_cleints: 0,  n_issued: 103081, n_done: 103041, n_created_coordinator: 40
I [../src/deptran/client_worker.cc:330] 2022-05-20 15:34:19.284 | wait for finish... n_ceased_cleints: 0,  n_issued: 129592, n_done: 129552, n_created_coordinator: 40
I [../src/deptran/client_worker.cc:330] 2022-05-20 15:34:24.284 | wait for finish... n_ceased_cleints: 0,  n_issued: 156028, n_done: 155988, n_created_coordinator: 40
I [../src/deptran/client_worker.cc:330] 2022-05-20 15:34:29.284 | wait for finish... n_ceased_cleints: 0,  n_issued: 182401, n_done: 182361, n_created_coordinator: 40
I [../src/deptran/client_worker.cc:330] 2022-05-20 15:34:34.284 | wait for finish... n_ceased_cleints: 0,  n_issued: 209226, n_done: 209186, n_created_coordinator: 40
I [../src/deptran/client_worker.cc:330] 2022-05-20 15:34:39.284 | wait for finish... n_ceased_cleints: 0,  n_issued: 235521, n_done: 235481, n_created_coordinator: 40
I [../src/deptran/client_worker.cc:330] 2022-05-20 15:34:44.284 | wait for finish... n_ceased_cleints: 0,  n_issued: 261906, n_done: 261866, n_created_coordinator: 40
I [../src/deptran/client_worker.cc:330] 2022-05-20 15:34:49.284 | wait for finish... n_ceased_cleints: 0,  n_issued: 288406, n_done: 288366, n_created_coordinator: 40
I [../src/deptran/s_main.cc:140] 2022-05-20 15:34:52.503 | wait_for_clients: wait for client threads to exit.
I [../src/deptran/client_worker.cc:330] 2022-05-20 15:34:54.285 | wait for finish... n_ceased_cleints: 0,  n_issued: 314783, n_done: 314743, n_created_coordinator: 40
I [../src/deptran/client_worker.cc:317] 2022-05-20 15:34:55.260 | wait for all outstanding requests to finish.
I [../src/deptran/client_worker.cc:343] 2022-05-20 15:34:59.285 | Finish:
Total: 318100, Commit: 318100, Attempts: 0, Running for 60, Throughput: 5301.67

I [../src/deptran/client_worker.cc:348] 2022-05-20 15:34:59.285 | Work: wait_for_shutdown at client 5
