I [../src/deptran/s_main.cc:136] 2022-05-21 00:45:33.578 | PWD : 
I [../src/deptran/s_main.cc:284] 2022-05-21 00:45:33.578 | starting process 24159
I [../src/deptran/s_main.cc:279] 2022-05-21 00:45:33.578 | ulimit -n is 1024
I [../src/deptran/config.cc:285] 2022-05-21 00:45:33.578 | LoadYML: /home/xuhao/code/depfast/tmp/janus-final-testnamebu6xl4uq.yml
I [../src/deptran/config.cc:403] 2022-05-21 00:45:33.578 | BuildSiteProcMap
I [../src/deptran/config.cc:655] 2022-05-21 00:45:33.579 | group size: 1
I [../src/deptran/config.cc:655] 2022-05-21 00:45:33.579 | group size: 1
I [../src/deptran/config.cc:655] 2022-05-21 00:45:33.579 | group size: 1
I [../src/deptran/config.cc:681] 2022-05-21 00:45:33.579 | client forwarding: 0
I [../src/deptran/config.cc:320] 2022-05-21 00:45:33.579 | # of concurrent requests: 20
I [../src/deptran/s_main.cc:290] 2022-05-21 00:45:33.579 | Read config finish
I [../src/deptran/s_main.cc:30] 2022-05-21 00:45:33.579 | client_setup_heartbeat
I [../src/deptran/s_main.cc:46] 2022-05-21 00:45:33.580 | Start control server on port 5555
I [../src/rrr/rpc/server.cpp:575] 2022-05-21 00:45:33.580 | bind address is: 0.0.0.0:5555
I [../src/rrr/rpc/server.cpp:570] 2022-05-21 00:45:33.580 | rrr::Server: started on 0.0.0.0:5555
I [../src/deptran/s_main.cc:314] 2022-05-21 00:45:33.580 | no servers on this process
I [../src/deptran/s_main.cc:54] 2022-05-21 00:45:33.580 | client enabled, number of sites: 1
I [../src/deptran/communicator.cc:25] 2022-05-21 00:45:33.581 | size of partitions: 1
I [../src/rrr/reactor/reactor.cc:389] 2022-05-21 00:45:33.581 | starting poll thread
I [../src/rrr/reactor/reactor.cc:389] 2022-05-21 00:45:33.583 | starting poll thread
I [../src/deptran/communicator.cc:191] 2022-05-21 00:45:34.583 | connect to site: 10.0.0.13:10000 success!
I [../src/deptran/communicator.cc:191] 2022-05-21 00:45:34.584 | connect to site: 10.0.0.14:10001 success!
I [../src/deptran/communicator.cc:191] 2022-05-21 00:45:34.585 | connect to site: 10.0.0.15:10002 success!
I [../src/deptran/communicator.cc:74] 2022-05-21 00:45:34.586 | Done waiting to connect to client leaders.
I [../src/deptran/client_worker.cc:330] 2022-05-21 00:45:36.149 | wait for finish... n_ceased_cleints: 0,  n_issued: 0, n_done: 0, n_created_coordinator: 0
I [../src/deptran/client_worker.cc:314] 2022-05-21 00:45:36.150 | wait for all virtual clients to stop issuing new requests.
I [../src/deptran/client_worker.cc:330] 2022-05-21 00:45:41.149 | wait for finish... n_ceased_cleints: 0,  n_issued: 9941, n_done: 9921, n_created_coordinator: 20
I [../src/deptran/client_worker.cc:330] 2022-05-21 00:45:46.149 | wait for finish... n_ceased_cleints: 0,  n_issued: 20556, n_done: 20536, n_created_coordinator: 20
I [../src/deptran/client_worker.cc:330] 2022-05-21 00:45:51.149 | wait for finish... n_ceased_cleints: 0,  n_issued: 33212, n_done: 33192, n_created_coordinator: 20
I [../src/deptran/client_worker.cc:330] 2022-05-21 00:45:56.150 | wait for finish... n_ceased_cleints: 0,  n_issued: 39400, n_done: 39380, n_created_coordinator: 20
I [../src/deptran/client_worker.cc:330] 2022-05-21 00:46:01.150 | wait for finish... n_ceased_cleints: 0,  n_issued: 54077, n_done: 54057, n_created_coordinator: 20
I [../src/deptran/client_worker.cc:330] 2022-05-21 00:46:06.150 | wait for finish... n_ceased_cleints: 0,  n_issued: 68412, n_done: 68392, n_created_coordinator: 20
I [../src/deptran/client_worker.cc:330] 2022-05-21 00:46:11.150 | wait for finish... n_ceased_cleints: 0,  n_issued: 83347, n_done: 83327, n_created_coordinator: 20
I [../src/deptran/client_worker.cc:330] 2022-05-21 00:46:16.150 | wait for finish... n_ceased_cleints: 0,  n_issued: 97979, n_done: 97959, n_created_coordinator: 20
I [../src/deptran/client_worker.cc:330] 2022-05-21 00:46:21.150 | wait for finish... n_ceased_cleints: 0,  n_issued: 112846, n_done: 112826, n_created_coordinator: 20
I [../src/deptran/client_worker.cc:330] 2022-05-21 00:46:26.150 | wait for finish... n_ceased_cleints: 0,  n_issued: 127654, n_done: 127634, n_created_coordinator: 20
I [../src/deptran/client_worker.cc:330] 2022-05-21 00:46:31.150 | wait for finish... n_ceased_cleints: 0,  n_issued: 142460, n_done: 142440, n_created_coordinator: 20
I [../src/deptran/s_main.cc:140] 2022-05-21 00:46:34.585 | wait_for_clients: wait for client threads to exit.
I [../src/deptran/client_worker.cc:330] 2022-05-21 00:46:36.150 | wait for finish... n_ceased_cleints: 0,  n_issued: 157064, n_done: 157044, n_created_coordinator: 20
I [../src/deptran/client_worker.cc:317] 2022-05-21 00:46:37.122 | wait for all outstanding requests to finish.
I [../src/deptran/client_worker.cc:343] 2022-05-21 00:46:41.151 | Finish:
Total: 158549, Commit: 158549, Attempts: 0, Running for 60, Throughput: 2642.48

I [../src/deptran/client_worker.cc:348] 2022-05-21 00:46:41.151 | Work: wait_for_shutdown at client 3
