I [../src/deptran/s_main.cc:136] 2022-05-21 00:50:33.930 | PWD : 
I [../src/deptran/s_main.cc:284] 2022-05-21 00:50:33.930 | starting process 25277
I [../src/deptran/s_main.cc:279] 2022-05-21 00:50:33.930 | ulimit -n is 1024
I [../src/deptran/config.cc:285] 2022-05-21 00:50:33.930 | LoadYML: /home/xuhao/code/depfast/tmp/janus-final-testnamehgym8pb5.yml
I [../src/deptran/config.cc:403] 2022-05-21 00:50:33.931 | BuildSiteProcMap
I [../src/deptran/config.cc:655] 2022-05-21 00:50:33.931 | group size: 1
I [../src/deptran/config.cc:655] 2022-05-21 00:50:33.931 | group size: 1
I [../src/deptran/config.cc:655] 2022-05-21 00:50:33.931 | group size: 1
I [../src/deptran/config.cc:681] 2022-05-21 00:50:33.931 | client forwarding: 0
I [../src/deptran/config.cc:320] 2022-05-21 00:50:33.931 | # of concurrent requests: 20
I [../src/deptran/s_main.cc:290] 2022-05-21 00:50:33.931 | Read config finish
I [../src/deptran/s_main.cc:30] 2022-05-21 00:50:33.931 | client_setup_heartbeat
I [../src/deptran/s_main.cc:46] 2022-05-21 00:50:33.932 | Start control server on port 5555
I [../src/rrr/rpc/server.cpp:575] 2022-05-21 00:50:33.932 | bind address is: 0.0.0.0:5555
I [../src/rrr/rpc/server.cpp:570] 2022-05-21 00:50:33.932 | rrr::Server: started on 0.0.0.0:5555
I [../src/deptran/s_main.cc:314] 2022-05-21 00:50:33.932 | no servers on this process
I [../src/deptran/s_main.cc:54] 2022-05-21 00:50:33.932 | client enabled, number of sites: 1
I [../src/deptran/communicator.cc:25] 2022-05-21 00:50:33.932 | size of partitions: 1
I [../src/rrr/reactor/reactor.cc:389] 2022-05-21 00:50:33.936 | starting poll thread
I [../src/rrr/reactor/reactor.cc:389] 2022-05-21 00:50:33.939 | starting poll thread
I [../src/deptran/communicator.cc:191] 2022-05-21 00:50:34.937 | connect to site: 10.0.0.13:10000 success!
I [../src/deptran/communicator.cc:191] 2022-05-21 00:50:34.938 | connect to site: 10.0.0.14:10001 success!
I [../src/deptran/communicator.cc:191] 2022-05-21 00:50:34.939 | connect to site: 10.0.0.15:10002 success!
I [../src/deptran/communicator.cc:191] 2022-05-21 00:50:34.940 | connect to site: 10.0.0.55:10003 success!
I [../src/deptran/communicator.cc:191] 2022-05-21 00:50:34.941 | connect to site: 10.0.0.58:10004 success!
I [../src/deptran/communicator.cc:74] 2022-05-21 00:50:34.942 | Done waiting to connect to client leaders.
I [../src/deptran/client_worker.cc:330] 2022-05-21 00:50:36.688 | wait for finish... n_ceased_cleints: 0,  n_issued: 0, n_done: 0, n_created_coordinator: 0
I [../src/deptran/client_worker.cc:314] 2022-05-21 00:50:36.689 | wait for all virtual clients to stop issuing new requests.
I [../src/deptran/client_worker.cc:330] 2022-05-21 00:50:41.688 | wait for finish... n_ceased_cleints: 0,  n_issued: 12460, n_done: 12440, n_created_coordinator: 20
I [../src/deptran/client_worker.cc:330] 2022-05-21 00:50:46.688 | wait for finish... n_ceased_cleints: 0,  n_issued: 26148, n_done: 26128, n_created_coordinator: 20
I [../src/deptran/client_worker.cc:330] 2022-05-21 00:50:51.688 | wait for finish... n_ceased_cleints: 0,  n_issued: 39625, n_done: 39605, n_created_coordinator: 20
I [../src/deptran/client_worker.cc:330] 2022-05-21 00:50:56.688 | wait for finish... n_ceased_cleints: 0,  n_issued: 53105, n_done: 53085, n_created_coordinator: 20
I [../src/deptran/client_worker.cc:330] 2022-05-21 00:51:01.688 | wait for finish... n_ceased_cleints: 0,  n_issued: 66514, n_done: 66494, n_created_coordinator: 20
I [../src/deptran/client_worker.cc:330] 2022-05-21 00:51:06.688 | wait for finish... n_ceased_cleints: 0,  n_issued: 79676, n_done: 79656, n_created_coordinator: 20
I [../src/deptran/client_worker.cc:330] 2022-05-21 00:51:11.688 | wait for finish... n_ceased_cleints: 0,  n_issued: 93218, n_done: 93198, n_created_coordinator: 20
I [../src/deptran/client_worker.cc:330] 2022-05-21 00:51:16.955 | wait for finish... n_ceased_cleints: 0,  n_issued: 107726, n_done: 107706, n_created_coordinator: 20
I [../src/deptran/client_worker.cc:330] 2022-05-21 00:51:21.955 | wait for finish... n_ceased_cleints: 0,  n_issued: 121342, n_done: 121322, n_created_coordinator: 20
I [../src/deptran/client_worker.cc:330] 2022-05-21 00:51:26.955 | wait for finish... n_ceased_cleints: 0,  n_issued: 134639, n_done: 134619, n_created_coordinator: 20
I [../src/deptran/client_worker.cc:330] 2022-05-21 00:51:31.955 | wait for finish... n_ceased_cleints: 0,  n_issued: 148221, n_done: 148201, n_created_coordinator: 20
I [../src/deptran/s_main.cc:140] 2022-05-21 00:51:34.941 | wait_for_clients: wait for client threads to exit.
I [../src/deptran/client_worker.cc:330] 2022-05-21 00:51:36.955 | wait for finish... n_ceased_cleints: 6,  n_issued: 161894, n_done: 161880, n_created_coordinator: 20
I [../src/deptran/client_worker.cc:317] 2022-05-21 00:51:37.541 | wait for all outstanding requests to finish.
I [../src/deptran/client_worker.cc:343] 2022-05-21 00:51:41.956 | Finish:
Total: 162740, Commit: 162740, Attempts: 0, Running for 60, Throughput: 2712.33

I [../src/deptran/client_worker.cc:348] 2022-05-21 00:51:41.956 | Work: wait_for_shutdown at client 5
