I [../src/deptran/s_main.cc:136] 2022-05-19 21:03:02.145 | PWD : 
I [../src/deptran/s_main.cc:284] 2022-05-19 21:03:02.145 | starting process 21743
I [../src/deptran/s_main.cc:279] 2022-05-19 21:03:02.145 | ulimit -n is 1024
I [../src/deptran/config.cc:285] 2022-05-19 21:03:02.145 | LoadYML: /home/xuhao/code/depfast/tmp/janus-final-testnameuzj__0g_.yml
I [../src/deptran/config.cc:403] 2022-05-19 21:03:02.146 | BuildSiteProcMap
I [../src/deptran/config.cc:655] 2022-05-19 21:03:02.146 | group size: 1
I [../src/deptran/config.cc:681] 2022-05-19 21:03:02.146 | client forwarding: 0
I [../src/deptran/config.cc:320] 2022-05-19 21:03:02.146 | # of concurrent requests: 40
I [../src/deptran/s_main.cc:290] 2022-05-19 21:03:02.146 | Read config finish
I [../src/deptran/s_main.cc:30] 2022-05-19 21:03:02.146 | client_setup_heartbeat
I [../src/deptran/s_main.cc:46] 2022-05-19 21:03:02.146 | Start control server on port 5555
I [../src/rrr/reactor/reactor.cc:389] 2022-05-19 21:03:02.146 | starting poll thread
I [../src/rrr/rpc/server.cpp:575] 2022-05-19 21:03:02.146 | bind address is: 0.0.0.0:5555
I [../src/rrr/rpc/server.cpp:570] 2022-05-19 21:03:02.146 | rrr::Server: started on 0.0.0.0:5555
I [../src/deptran/s_main.cc:314] 2022-05-19 21:03:02.146 | no servers on this process
I [../src/deptran/s_main.cc:54] 2022-05-19 21:03:02.146 | client enabled, number of sites: 1
I [../src/rrr/reactor/reactor.cc:389] 2022-05-19 21:03:02.147 | starting poll thread
I [../src/deptran/communicator.cc:25] 2022-05-19 21:03:02.147 | size of partitions: 1
I [../src/deptran/communicator.cc:191] 2022-05-19 21:03:04.150 | connect to site: 10.0.0.13:10000 success!
I [../src/deptran/communicator.cc:191] 2022-05-19 21:03:04.152 | connect to site: 10.0.0.14:10001 success!
I [../src/deptran/communicator.cc:191] 2022-05-19 21:03:04.153 | connect to site: 10.0.0.15:10002 success!
I [../src/deptran/communicator.cc:74] 2022-05-19 21:03:04.153 | Done waiting to connect to client leaders.
I [../src/deptran/client_worker.cc:330] 2022-05-19 21:03:05.727 | wait for finish... n_ceased_cleints: 0,  n_issued: 0, n_done: 0, n_created_coordinator: 0
I [../src/deptran/client_worker.cc:314] 2022-05-19 21:03:05.727 | wait for all virtual clients to stop issuing new requests.
I [../src/deptran/client_worker.cc:330] 2022-05-19 21:03:10.727 | wait for finish... n_ceased_cleints: 0,  n_issued: 25500, n_done: 25460, n_created_coordinator: 40
I [../src/deptran/client_worker.cc:330] 2022-05-19 21:03:15.727 | wait for finish... n_ceased_cleints: 0,  n_issued: 53192, n_done: 53152, n_created_coordinator: 40
I [../src/deptran/client_worker.cc:330] 2022-05-19 21:03:20.727 | wait for finish... n_ceased_cleints: 0,  n_issued: 80879, n_done: 80839, n_created_coordinator: 40
I [../src/deptran/client_worker.cc:330] 2022-05-19 21:03:25.727 | wait for finish... n_ceased_cleints: 0,  n_issued: 108683, n_done: 108643, n_created_coordinator: 40
I [../src/deptran/client_worker.cc:330] 2022-05-19 21:03:30.727 | wait for finish... n_ceased_cleints: 0,  n_issued: 136684, n_done: 136644, n_created_coordinator: 40
I [../src/deptran/client_worker.cc:330] 2022-05-19 21:03:35.727 | wait for finish... n_ceased_cleints: 0,  n_issued: 164446, n_done: 164406, n_created_coordinator: 40
I [../src/deptran/client_worker.cc:330] 2022-05-19 21:03:40.727 | wait for finish... n_ceased_cleints: 0,  n_issued: 192099, n_done: 192059, n_created_coordinator: 40
I [../src/deptran/client_worker.cc:330] 2022-05-19 21:03:45.728 | wait for finish... n_ceased_cleints: 0,  n_issued: 219706, n_done: 219666, n_created_coordinator: 40
I [../src/deptran/client_worker.cc:330] 2022-05-19 21:03:50.728 | wait for finish... n_ceased_cleints: 0,  n_issued: 247268, n_done: 247228, n_created_coordinator: 40
I [../src/deptran/client_worker.cc:330] 2022-05-19 21:03:55.728 | wait for finish... n_ceased_cleints: 0,  n_issued: 274274, n_done: 274234, n_created_coordinator: 40
I [../src/deptran/client_worker.cc:330] 2022-05-19 21:04:00.728 | wait for finish... n_ceased_cleints: 0,  n_issued: 301731, n_done: 301691, n_created_coordinator: 40
I [../src/deptran/s_main.cc:140] 2022-05-19 21:04:04.153 | wait_for_clients: wait for client threads to exit.
I [../src/deptran/client_worker.cc:330] 2022-05-19 21:04:05.728 | wait for finish... n_ceased_cleints: 0,  n_issued: 329654, n_done: 329614, n_created_coordinator: 40
I [../src/deptran/client_worker.cc:317] 2022-05-19 21:04:06.697 | wait for all outstanding requests to finish.
I [../src/deptran/client_worker.cc:343] 2022-05-19 21:04:10.728 | Finish:
Total: 332528, Commit: 332528, Attempts: 0, Running for 60, Throughput: 5542.13

I [../src/deptran/client_worker.cc:348] 2022-05-19 21:04:10.728 | Work: wait_for_shutdown at client 3
