I [../src/deptran/s_main.cc:136] 2022-05-20 07:34:34.056 | PWD : 
I [../src/deptran/s_main.cc:284] 2022-05-20 07:34:34.056 | starting process 3137
I [../src/deptran/s_main.cc:279] 2022-05-20 07:34:34.056 | ulimit -n is 1024
I [../src/deptran/config.cc:285] 2022-05-20 07:34:34.056 | LoadYML: /home/xuhao/code/depfast/tmp/janus-final-testname12f3exbx.yml
I [../src/deptran/config.cc:403] 2022-05-20 07:34:34.057 | BuildSiteProcMap
I [../src/deptran/config.cc:655] 2022-05-20 07:34:34.057 | group size: 1
I [../src/deptran/config.cc:681] 2022-05-20 07:34:34.057 | client forwarding: 0
I [../src/deptran/config.cc:320] 2022-05-20 07:34:34.057 | # of concurrent requests: 20
I [../src/deptran/s_main.cc:290] 2022-05-20 07:34:34.057 | Read config finish
I [../src/deptran/s_main.cc:30] 2022-05-20 07:34:34.057 | client_setup_heartbeat
I [../src/deptran/s_main.cc:46] 2022-05-20 07:34:34.058 | Start control server on port 5555
I [../src/rrr/rpc/server.cpp:575] 2022-05-20 07:34:34.058 | bind address is: 0.0.0.0:5555
I [../src/rrr/rpc/server.cpp:570] 2022-05-20 07:34:34.058 | rrr::Server: started on 0.0.0.0:5555
I [../src/deptran/s_main.cc:314] 2022-05-20 07:34:34.058 | no servers on this process
I [../src/deptran/s_main.cc:54] 2022-05-20 07:34:34.058 | client enabled, number of sites: 1
I [../src/deptran/communicator.cc:25] 2022-05-20 07:34:34.058 | size of partitions: 1
I [../src/rrr/reactor/reactor.cc:389] 2022-05-20 07:34:34.059 | starting poll thread
I [../src/rrr/reactor/reactor.cc:389] 2022-05-20 07:34:34.060 | starting poll thread
I [../src/deptran/communicator.cc:191] 2022-05-20 07:34:35.060 | connect to site: 10.0.0.13:10000 success!
I [../src/deptran/communicator.cc:191] 2022-05-20 07:34:36.062 | connect to site: 10.0.0.14:10001 success!
I [../src/deptran/communicator.cc:191] 2022-05-20 07:34:36.063 | connect to site: 10.0.0.15:10002 success!
I [../src/deptran/communicator.cc:191] 2022-05-20 07:34:36.064 | connect to site: 10.0.0.55:10003 success!
I [../src/deptran/communicator.cc:191] 2022-05-20 07:34:36.065 | connect to site: 10.0.0.58:10004 success!
I [../src/deptran/communicator.cc:74] 2022-05-20 07:34:36.066 | Done waiting to connect to client leaders.
I [../src/deptran/client_worker.cc:330] 2022-05-20 07:34:37.845 | wait for finish... n_ceased_cleints: 0,  n_issued: 0, n_done: 0, n_created_coordinator: 0
I [../src/deptran/client_worker.cc:314] 2022-05-20 07:34:37.847 | wait for all virtual clients to stop issuing new requests.
I [../src/deptran/client_worker.cc:330] 2022-05-20 07:34:42.846 | wait for finish... n_ceased_cleints: 0,  n_issued: 12782, n_done: 12762, n_created_coordinator: 20
I [../src/deptran/client_worker.cc:330] 2022-05-20 07:34:47.846 | wait for finish... n_ceased_cleints: 0,  n_issued: 26306, n_done: 26286, n_created_coordinator: 20
I [../src/deptran/client_worker.cc:330] 2022-05-20 07:34:52.846 | wait for finish... n_ceased_cleints: 0,  n_issued: 39994, n_done: 39974, n_created_coordinator: 20
I [../src/deptran/client_worker.cc:330] 2022-05-20 07:34:57.846 | wait for finish... n_ceased_cleints: 0,  n_issued: 53701, n_done: 53681, n_created_coordinator: 20
I [../src/deptran/client_worker.cc:330] 2022-05-20 07:35:02.846 | wait for finish... n_ceased_cleints: 0,  n_issued: 67462, n_done: 67442, n_created_coordinator: 20
I [../src/deptran/client_worker.cc:330] 2022-05-20 07:35:07.846 | wait for finish... n_ceased_cleints: 0,  n_issued: 81305, n_done: 81285, n_created_coordinator: 20
I [../src/deptran/client_worker.cc:330] 2022-05-20 07:35:12.846 | wait for finish... n_ceased_cleints: 0,  n_issued: 95206, n_done: 95186, n_created_coordinator: 20
I [../src/deptran/client_worker.cc:330] 2022-05-20 07:35:17.846 | wait for finish... n_ceased_cleints: 0,  n_issued: 108809, n_done: 108789, n_created_coordinator: 20
I [../src/deptran/client_worker.cc:330] 2022-05-20 07:35:22.846 | wait for finish... n_ceased_cleints: 0,  n_issued: 122423, n_done: 122403, n_created_coordinator: 20
I [../src/deptran/client_worker.cc:330] 2022-05-20 07:35:27.847 | wait for finish... n_ceased_cleints: 0,  n_issued: 135903, n_done: 135883, n_created_coordinator: 20
I [../src/deptran/client_worker.cc:330] 2022-05-20 07:35:32.847 | wait for finish... n_ceased_cleints: 0,  n_issued: 149590, n_done: 149570, n_created_coordinator: 20
I [../src/deptran/s_main.cc:140] 2022-05-20 07:35:36.066 | wait_for_clients: wait for client threads to exit.
I [../src/deptran/client_worker.cc:330] 2022-05-20 07:35:37.847 | wait for finish... n_ceased_cleints: 0,  n_issued: 163248, n_done: 163228, n_created_coordinator: 20
I [../src/deptran/client_worker.cc:317] 2022-05-20 07:35:38.733 | wait for all outstanding requests to finish.
I [../src/deptran/client_worker.cc:343] 2022-05-20 07:35:42.847 | Finish:
Total: 164402, Commit: 164402, Attempts: 0, Running for 60, Throughput: 2740.03

I [../src/deptran/client_worker.cc:348] 2022-05-20 07:35:42.847 | Work: wait_for_shutdown at client 5
