I [../src/deptran/s_main.cc:136] 2022-05-20 09:23:17.862 | PWD : 
I [../src/deptran/s_main.cc:284] 2022-05-20 09:23:17.863 | starting process 13767
I [../src/deptran/s_main.cc:279] 2022-05-20 09:23:17.863 | ulimit -n is 1024
I [../src/deptran/config.cc:285] 2022-05-20 09:23:17.863 | LoadYML: /home/xuhao/code/depfast/tmp/janus-final-testnamero8breug.yml
I [../src/deptran/config.cc:403] 2022-05-20 09:23:17.863 | BuildSiteProcMap
I [../src/deptran/config.cc:655] 2022-05-20 09:23:17.863 | group size: 1
I [../src/deptran/config.cc:681] 2022-05-20 09:23:17.864 | client forwarding: 0
I [../src/deptran/config.cc:320] 2022-05-20 09:23:17.864 | # of concurrent requests: 100
I [../src/deptran/s_main.cc:290] 2022-05-20 09:23:17.864 | Read config finish
I [../src/deptran/s_main.cc:30] 2022-05-20 09:23:17.864 | client_setup_heartbeat
I [../src/deptran/s_main.cc:46] 2022-05-20 09:23:17.864 | Start control server on port 5555
I [../src/rrr/rpc/server.cpp:575] 2022-05-20 09:23:17.864 | bind address is: 0.0.0.0:5555
I [../src/rrr/rpc/server.cpp:570] 2022-05-20 09:23:17.864 | rrr::Server: started on 0.0.0.0:5555
I [../src/deptran/s_main.cc:314] 2022-05-20 09:23:17.864 | no servers on this process
I [../src/deptran/s_main.cc:54] 2022-05-20 09:23:17.864 | client enabled, number of sites: 1
I [../src/deptran/communicator.cc:25] 2022-05-20 09:23:17.866 | size of partitions: 1
I [../src/rrr/reactor/reactor.cc:389] 2022-05-20 09:23:17.869 | starting poll thread
I [../src/rrr/reactor/reactor.cc:389] 2022-05-20 09:23:17.872 | starting poll thread
I [../src/deptran/communicator.cc:191] 2022-05-20 09:23:18.870 | connect to site: 10.0.0.13:10000 success!
I [../src/deptran/communicator.cc:191] 2022-05-20 09:23:19.873 | connect to site: 10.0.0.14:10001 success!
I [../src/deptran/communicator.cc:191] 2022-05-20 09:23:19.874 | connect to site: 10.0.0.15:10002 success!
I [../src/deptran/communicator.cc:191] 2022-05-20 09:23:19.875 | connect to site: 10.0.0.55:10003 success!
I [../src/deptran/communicator.cc:191] 2022-05-20 09:23:19.875 | connect to site: 10.0.0.58:10004 success!
I [../src/deptran/communicator.cc:74] 2022-05-20 09:23:19.877 | Done waiting to connect to client leaders.
I [../src/deptran/client_worker.cc:330] 2022-05-20 09:23:21.558 | wait for finish... n_ceased_cleints: 0,  n_issued: 0, n_done: 0, n_created_coordinator: 0
I [../src/deptran/client_worker.cc:314] 2022-05-20 09:23:21.562 | wait for all virtual clients to stop issuing new requests.
I [../src/deptran/client_worker.cc:330] 2022-05-20 09:23:26.558 | wait for finish... n_ceased_cleints: 0,  n_issued: 42978, n_done: 42878, n_created_coordinator: 100
I [../src/deptran/client_worker.cc:330] 2022-05-20 09:23:31.558 | wait for finish... n_ceased_cleints: 0,  n_issued: 90595, n_done: 90495, n_created_coordinator: 100
I [../src/deptran/client_worker.cc:330] 2022-05-20 09:23:36.558 | wait for finish... n_ceased_cleints: 0,  n_issued: 138387, n_done: 138287, n_created_coordinator: 100
I [../src/deptran/client_worker.cc:330] 2022-05-20 09:23:41.559 | wait for finish... n_ceased_cleints: 0,  n_issued: 185602, n_done: 185502, n_created_coordinator: 100
I [../src/deptran/client_worker.cc:330] 2022-05-20 09:23:46.559 | wait for finish... n_ceased_cleints: 0,  n_issued: 232805, n_done: 232705, n_created_coordinator: 100
I [../src/deptran/client_worker.cc:330] 2022-05-20 09:23:51.559 | wait for finish... n_ceased_cleints: 0,  n_issued: 279533, n_done: 279433, n_created_coordinator: 100
I [../src/deptran/client_worker.cc:330] 2022-05-20 09:23:56.559 | wait for finish... n_ceased_cleints: 0,  n_issued: 325759, n_done: 325659, n_created_coordinator: 100
I [../src/deptran/client_worker.cc:330] 2022-05-20 09:24:01.559 | wait for finish... n_ceased_cleints: 0,  n_issued: 372023, n_done: 371923, n_created_coordinator: 100
I [../src/deptran/client_worker.cc:330] 2022-05-20 09:24:06.559 | wait for finish... n_ceased_cleints: 0,  n_issued: 419182, n_done: 419082, n_created_coordinator: 100
I [../src/deptran/client_worker.cc:330] 2022-05-20 09:24:11.559 | wait for finish... n_ceased_cleints: 0,  n_issued: 466052, n_done: 465952, n_created_coordinator: 100
I [../src/deptran/client_worker.cc:330] 2022-05-20 09:24:16.559 | wait for finish... n_ceased_cleints: 0,  n_issued: 512550, n_done: 512450, n_created_coordinator: 100
I [../src/deptran/s_main.cc:140] 2022-05-20 09:24:19.876 | wait_for_clients: wait for client threads to exit.
I [../src/deptran/client_worker.cc:330] 2022-05-20 09:24:21.559 | wait for finish... n_ceased_cleints: 0,  n_issued: 559832, n_done: 559732, n_created_coordinator: 100
I [../src/deptran/client_worker.cc:317] 2022-05-20 09:24:22.559 | wait for all outstanding requests to finish.
I [../src/deptran/client_worker.cc:343] 2022-05-20 09:24:26.560 | Finish:
Total: 566046, Commit: 566046, Attempts: 0, Running for 60, Throughput: 9434.10

I [../src/deptran/client_worker.cc:348] 2022-05-20 09:24:26.560 | Work: wait_for_shutdown at client 5
