I [../src/deptran/s_main.cc:136] 2022-05-27 15:50:29.711 | PWD : 
I [../src/deptran/s_main.cc:284] 2022-05-27 15:50:29.711 | starting process 12256
I [../src/deptran/s_main.cc:279] 2022-05-27 15:50:29.711 | ulimit -n is 1024
I [../src/deptran/config.cc:285] 2022-05-27 15:50:29.711 | LoadYML: /home/xuhao/code/depfast/tmp/janus-final-testnameblum0lyy.yml
I [../src/deptran/config.cc:403] 2022-05-27 15:50:29.712 | BuildSiteProcMap
I [../src/deptran/config.cc:655] 2022-05-27 15:50:29.712 | group size: 1
I [../src/deptran/config.cc:655] 2022-05-27 15:50:29.712 | group size: 1
I [../src/deptran/config.cc:655] 2022-05-27 15:50:29.712 | group size: 1
I [../src/deptran/config.cc:681] 2022-05-27 15:50:29.712 | client forwarding: 0
I [../src/deptran/config.cc:320] 2022-05-27 15:50:29.712 | # of concurrent requests: 1
I [../src/deptran/s_main.cc:290] 2022-05-27 15:50:29.712 | Read config finish
I [../src/deptran/s_main.cc:30] 2022-05-27 15:50:29.712 | client_setup_heartbeat
I [../src/deptran/s_main.cc:46] 2022-05-27 15:50:29.713 | Start control server on port 5555
I [../src/rrr/rpc/server.cpp:575] 2022-05-27 15:50:29.713 | bind address is: 0.0.0.0:5555
I [../src/rrr/rpc/server.cpp:570] 2022-05-27 15:50:29.713 | rrr::Server: started on 0.0.0.0:5555
I [../src/deptran/s_main.cc:314] 2022-05-27 15:50:29.713 | no servers on this process
I [../src/deptran/s_main.cc:54] 2022-05-27 15:50:29.713 | client enabled, number of sites: 1
I [../src/deptran/communicator.cc:25] 2022-05-27 15:50:29.714 | size of partitions: 1
I [../src/rrr/reactor/reactor.cc:389] 2022-05-27 15:50:29.714 | starting poll thread
I [../src/rrr/reactor/reactor.cc:389] 2022-05-27 15:50:29.716 | starting poll thread
I [../src/deptran/communicator.cc:191] 2022-05-27 15:50:30.716 | connect to site: 10.0.0.13:10000 success!
I [../src/deptran/communicator.cc:191] 2022-05-27 15:50:30.717 | connect to site: 10.0.0.14:10001 success!
I [../src/deptran/communicator.cc:191] 2022-05-27 15:50:30.718 | connect to site: 10.0.0.15:10002 success!
I [../src/deptran/communicator.cc:74] 2022-05-27 15:50:30.720 | Done waiting to connect to client leaders.
I [../src/deptran/client_worker.cc:330] 2022-05-27 15:50:32.289 | wait for finish... n_ceased_cleints: 0,  n_issued: 0, n_done: 0, n_created_coordinator: 0
I [../src/deptran/client_worker.cc:314] 2022-05-27 15:50:32.289 | wait for all virtual clients to stop issuing new requests.
I [../src/deptran/client_worker.cc:330] 2022-05-27 15:50:37.289 | wait for finish... n_ceased_cleints: 0,  n_issued: 11490, n_done: 11489, n_created_coordinator: 1
I [../src/deptran/client_worker.cc:330] 2022-05-27 15:50:42.289 | wait for finish... n_ceased_cleints: 0,  n_issued: 24005, n_done: 24004, n_created_coordinator: 1
I [../src/deptran/client_worker.cc:330] 2022-05-27 15:50:47.290 | wait for finish... n_ceased_cleints: 0,  n_issued: 36965, n_done: 36964, n_created_coordinator: 1
I [../src/deptran/client_worker.cc:330] 2022-05-27 15:50:52.290 | wait for finish... n_ceased_cleints: 0,  n_issued: 49535, n_done: 49534, n_created_coordinator: 1
I [../src/deptran/client_worker.cc:330] 2022-05-27 15:50:57.290 | wait for finish... n_ceased_cleints: 0,  n_issued: 62590, n_done: 62589, n_created_coordinator: 1
I [../src/deptran/client_worker.cc:330] 2022-05-27 15:51:02.290 | wait for finish... n_ceased_cleints: 0,  n_issued: 74494, n_done: 74493, n_created_coordinator: 1
I [../src/deptran/client_worker.cc:330] 2022-05-27 15:51:07.290 | wait for finish... n_ceased_cleints: 0,  n_issued: 86270, n_done: 86269, n_created_coordinator: 1
I [../src/deptran/client_worker.cc:330] 2022-05-27 15:51:12.290 | wait for finish... n_ceased_cleints: 0,  n_issued: 99298, n_done: 99297, n_created_coordinator: 1
I [../src/deptran/client_worker.cc:330] 2022-05-27 15:51:17.290 | wait for finish... n_ceased_cleints: 0,  n_issued: 111776, n_done: 111775, n_created_coordinator: 1
I [../src/deptran/client_worker.cc:330] 2022-05-27 15:51:22.290 | wait for finish... n_ceased_cleints: 0,  n_issued: 123566, n_done: 123565, n_created_coordinator: 1
I [../src/deptran/client_worker.cc:330] 2022-05-27 15:51:27.291 | wait for finish... n_ceased_cleints: 0,  n_issued: 135689, n_done: 135688, n_created_coordinator: 1
I [../src/deptran/s_main.cc:140] 2022-05-27 15:51:30.719 | wait_for_clients: wait for client threads to exit.
I [../src/deptran/client_worker.cc:330] 2022-05-27 15:51:32.291 | wait for finish... n_ceased_cleints: 0,  n_issued: 147886, n_done: 147885, n_created_coordinator: 1
I [../src/deptran/client_worker.cc:317] 2022-05-27 15:51:32.459 | wait for all outstanding requests to finish.
I [../src/deptran/client_worker.cc:343] 2022-05-27 15:51:37.291 | Finish:
Total: 148297, Commit: 148297, Attempts: 0, Running for 60, Throughput: 2471.62

I [../src/deptran/client_worker.cc:348] 2022-05-27 15:51:37.291 | Work: wait_for_shutdown at client 3
