I [../src/deptran/s_main.cc:136] 2022-05-27 14:16:45.452 | PWD : 
I [../src/deptran/s_main.cc:284] 2022-05-27 14:16:45.452 | starting process 28058
I [../src/deptran/s_main.cc:279] 2022-05-27 14:16:45.452 | ulimit -n is 1024
I [../src/deptran/config.cc:285] 2022-05-27 14:16:45.452 | LoadYML: /home/xuhao/code/depfast/tmp/janus-final-testnamelgz_qsqa.yml
I [../src/deptran/config.cc:403] 2022-05-27 14:16:45.453 | BuildSiteProcMap
I [../src/deptran/config.cc:655] 2022-05-27 14:16:45.453 | group size: 1
I [../src/deptran/config.cc:655] 2022-05-27 14:16:45.453 | group size: 1
I [../src/deptran/config.cc:655] 2022-05-27 14:16:45.453 | group size: 1
I [../src/deptran/config.cc:681] 2022-05-27 14:16:45.453 | client forwarding: 0
I [../src/deptran/config.cc:320] 2022-05-27 14:16:45.453 | # of concurrent requests: 40
I [../src/deptran/s_main.cc:290] 2022-05-27 14:16:45.453 | Read config finish
I [../src/deptran/s_main.cc:30] 2022-05-27 14:16:45.453 | client_setup_heartbeat
I [../src/deptran/s_main.cc:46] 2022-05-27 14:16:45.453 | Start control server on port 5555
I [../src/rrr/rpc/server.cpp:575] 2022-05-27 14:16:45.453 | bind address is: 0.0.0.0:5555
I [../src/rrr/rpc/server.cpp:570] 2022-05-27 14:16:45.453 | rrr::Server: started on 0.0.0.0:5555
I [../src/deptran/s_main.cc:314] 2022-05-27 14:16:45.453 | no servers on this process
I [../src/deptran/s_main.cc:54] 2022-05-27 14:16:45.453 | client enabled, number of sites: 1
I [../src/deptran/communicator.cc:25] 2022-05-27 14:16:45.454 | size of partitions: 1
I [../src/rrr/reactor/reactor.cc:389] 2022-05-27 14:16:45.455 | starting poll thread
I [../src/rrr/reactor/reactor.cc:389] 2022-05-27 14:16:45.457 | starting poll thread
I [../src/deptran/communicator.cc:191] 2022-05-27 14:16:46.457 | connect to site: 10.0.0.13:10000 success!
I [../src/deptran/communicator.cc:191] 2022-05-27 14:16:46.458 | connect to site: 10.0.0.14:10001 success!
I [../src/deptran/communicator.cc:191] 2022-05-27 14:16:46.460 | connect to site: 10.0.0.15:10002 success!
I [../src/deptran/communicator.cc:191] 2022-05-27 14:16:46.461 | connect to site: 10.0.0.55:10003 success!
I [../src/deptran/communicator.cc:191] 2022-05-27 14:16:46.462 | connect to site: 10.0.0.58:10004 success!
I [../src/deptran/communicator.cc:74] 2022-05-27 14:16:46.464 | Done waiting to connect to client leaders.
I [../src/deptran/client_worker.cc:330] 2022-05-27 14:16:48.264 | wait for finish... n_ceased_cleints: 0,  n_issued: 0, n_done: 0, n_created_coordinator: 0
I [../src/deptran/client_worker.cc:314] 2022-05-27 14:16:48.266 | wait for all virtual clients to stop issuing new requests.
I [../src/deptran/client_worker.cc:330] 2022-05-27 14:16:53.264 | wait for finish... n_ceased_cleints: 0,  n_issued: 14205, n_done: 14165, n_created_coordinator: 40
I [../src/deptran/client_worker.cc:330] 2022-05-27 14:16:58.264 | wait for finish... n_ceased_cleints: 0,  n_issued: 29209, n_done: 29169, n_created_coordinator: 40
I [../src/deptran/client_worker.cc:330] 2022-05-27 14:17:03.264 | wait for finish... n_ceased_cleints: 0,  n_issued: 44479, n_done: 44439, n_created_coordinator: 40
I [../src/deptran/client_worker.cc:330] 2022-05-27 14:17:08.264 | wait for finish... n_ceased_cleints: 0,  n_issued: 59225, n_done: 59185, n_created_coordinator: 40
I [../src/deptran/client_worker.cc:330] 2022-05-27 14:17:13.264 | wait for finish... n_ceased_cleints: 0,  n_issued: 73954, n_done: 73914, n_created_coordinator: 40
I [../src/deptran/client_worker.cc:330] 2022-05-27 14:17:18.265 | wait for finish... n_ceased_cleints: 0,  n_issued: 89195, n_done: 89155, n_created_coordinator: 40
I [../src/deptran/client_worker.cc:330] 2022-05-27 14:17:23.265 | wait for finish... n_ceased_cleints: 0,  n_issued: 104277, n_done: 104237, n_created_coordinator: 40
I [../src/deptran/client_worker.cc:330] 2022-05-27 14:17:28.265 | wait for finish... n_ceased_cleints: 0,  n_issued: 118662, n_done: 118622, n_created_coordinator: 40
I [../src/deptran/client_worker.cc:330] 2022-05-27 14:17:33.265 | wait for finish... n_ceased_cleints: 0,  n_issued: 133105, n_done: 133065, n_created_coordinator: 40
I [../src/deptran/client_worker.cc:330] 2022-05-27 14:17:38.265 | wait for finish... n_ceased_cleints: 0,  n_issued: 148342, n_done: 148302, n_created_coordinator: 40
I [../src/deptran/client_worker.cc:330] 2022-05-27 14:17:43.265 | wait for finish... n_ceased_cleints: 0,  n_issued: 163350, n_done: 163310, n_created_coordinator: 40
I [../src/deptran/s_main.cc:140] 2022-05-27 14:17:46.463 | wait_for_clients: wait for client threads to exit.
I [../src/deptran/client_worker.cc:330] 2022-05-27 14:17:48.265 | wait for finish... n_ceased_cleints: 0,  n_issued: 178706, n_done: 178666, n_created_coordinator: 40
I [../src/deptran/client_worker.cc:317] 2022-05-27 14:17:49.266 | wait for all outstanding requests to finish.
I [../src/deptran/client_worker.cc:343] 2022-05-27 14:17:53.266 | Finish:
Total: 180328, Commit: 180328, Attempts: 0, Running for 60, Throughput: 3005.47

I [../src/deptran/client_worker.cc:348] 2022-05-27 14:17:53.266 | Work: wait_for_shutdown at client 5
