I [../src/deptran/s_main.cc:136] 2022-05-19 18:45:16.911 | PWD : 
I [../src/deptran/s_main.cc:284] 2022-05-19 18:45:16.911 | starting process 31820
I [../src/deptran/s_main.cc:279] 2022-05-19 18:45:16.911 | ulimit -n is 1024
I [../src/deptran/config.cc:285] 2022-05-19 18:45:16.911 | LoadYML: /home/xuhao/code/depfast/tmp/janus-final-testname9p_sbsyv.yml
I [../src/deptran/config.cc:403] 2022-05-19 18:45:16.911 | BuildSiteProcMap
I [../src/deptran/config.cc:655] 2022-05-19 18:45:16.911 | group size: 1
I [../src/deptran/config.cc:681] 2022-05-19 18:45:16.911 | client forwarding: 0
I [../src/deptran/config.cc:320] 2022-05-19 18:45:16.911 | # of concurrent requests: 40
I [../src/deptran/s_main.cc:290] 2022-05-19 18:45:16.911 | Read config finish
I [../src/deptran/s_main.cc:30] 2022-05-19 18:45:16.911 | client_setup_heartbeat
I [../src/deptran/s_main.cc:46] 2022-05-19 18:45:16.912 | Start control server on port 5555
I [../src/rrr/rpc/server.cpp:575] 2022-05-19 18:45:16.912 | bind address is: 0.0.0.0:5555
I [../src/rrr/reactor/reactor.cc:389] 2022-05-19 18:45:16.912 | starting poll thread
I [../src/rrr/rpc/server.cpp:570] 2022-05-19 18:45:16.912 | rrr::Server: started on 0.0.0.0:5555
I [../src/deptran/s_main.cc:314] 2022-05-19 18:45:16.912 | no servers on this process
I [../src/deptran/s_main.cc:54] 2022-05-19 18:45:16.912 | client enabled, number of sites: 1
I [../src/rrr/reactor/reactor.cc:389] 2022-05-19 18:45:16.912 | starting poll thread
I [../src/deptran/communicator.cc:25] 2022-05-19 18:45:16.912 | size of partitions: 1
I [../src/deptran/communicator.cc:191] 2022-05-19 18:45:18.915 | connect to site: 10.0.0.13:10000 success!
I [../src/deptran/communicator.cc:191] 2022-05-19 18:45:18.917 | connect to site: 10.0.0.14:10001 success!
I [../src/deptran/communicator.cc:191] 2022-05-19 18:45:18.918 | connect to site: 10.0.0.15:10002 success!
I [../src/deptran/communicator.cc:191] 2022-05-19 18:45:18.919 | connect to site: 10.0.0.55:10003 success!
I [../src/deptran/communicator.cc:191] 2022-05-19 18:45:18.920 | connect to site: 10.0.0.58:10004 success!
I [../src/deptran/communicator.cc:74] 2022-05-19 18:45:18.920 | Done waiting to connect to client leaders.
I [../src/deptran/client_worker.cc:330] 2022-05-19 18:45:20.730 | wait for finish... n_ceased_cleints: 0,  n_issued: 0, n_done: 0, n_created_coordinator: 0
I [../src/deptran/client_worker.cc:314] 2022-05-19 18:45:20.731 | wait for all virtual clients to stop issuing new requests.
I [../src/deptran/client_worker.cc:330] 2022-05-19 18:45:25.730 | wait for finish... n_ceased_cleints: 0,  n_issued: 23528, n_done: 23488, n_created_coordinator: 40
I [../src/deptran/client_worker.cc:330] 2022-05-19 18:45:30.730 | wait for finish... n_ceased_cleints: 0,  n_issued: 49461, n_done: 49421, n_created_coordinator: 40
I [../src/deptran/client_worker.cc:330] 2022-05-19 18:45:35.730 | wait for finish... n_ceased_cleints: 0,  n_issued: 75836, n_done: 75796, n_created_coordinator: 40
I [../src/deptran/client_worker.cc:330] 2022-05-19 18:45:40.731 | wait for finish... n_ceased_cleints: 0,  n_issued: 102332, n_done: 102292, n_created_coordinator: 40
I [../src/deptran/client_worker.cc:330] 2022-05-19 18:45:45.731 | wait for finish... n_ceased_cleints: 0,  n_issued: 128749, n_done: 128709, n_created_coordinator: 40
I [../src/deptran/client_worker.cc:330] 2022-05-19 18:45:50.731 | wait for finish... n_ceased_cleints: 0,  n_issued: 155136, n_done: 155096, n_created_coordinator: 40
I [../src/deptran/client_worker.cc:330] 2022-05-19 18:45:55.731 | wait for finish... n_ceased_cleints: 0,  n_issued: 181677, n_done: 181637, n_created_coordinator: 40
I [../src/deptran/client_worker.cc:330] 2022-05-19 18:46:00.731 | wait for finish... n_ceased_cleints: 0,  n_issued: 208056, n_done: 208016, n_created_coordinator: 40
I [../src/deptran/client_worker.cc:330] 2022-05-19 18:46:05.731 | wait for finish... n_ceased_cleints: 0,  n_issued: 234102, n_done: 234062, n_created_coordinator: 40
I [../src/deptran/client_worker.cc:330] 2022-05-19 18:46:10.731 | wait for finish... n_ceased_cleints: 0,  n_issued: 260468, n_done: 260428, n_created_coordinator: 40
I [../src/deptran/client_worker.cc:330] 2022-05-19 18:46:15.731 | wait for finish... n_ceased_cleints: 0,  n_issued: 287274, n_done: 287234, n_created_coordinator: 40
I [../src/deptran/s_main.cc:140] 2022-05-19 18:46:18.920 | wait_for_clients: wait for client threads to exit.
I [../src/deptran/client_worker.cc:330] 2022-05-19 18:46:20.731 | wait for finish... n_ceased_cleints: 0,  n_issued: 313936, n_done: 313896, n_created_coordinator: 40
I [../src/deptran/client_worker.cc:317] 2022-05-19 18:46:21.721 | wait for all outstanding requests to finish.
I [../src/deptran/client_worker.cc:343] 2022-05-19 18:46:25.732 | Finish:
Total: 317442, Commit: 317442, Attempts: 0, Running for 60, Throughput: 5290.70

I [../src/deptran/client_worker.cc:348] 2022-05-19 18:46:25.732 | Work: wait_for_shutdown at client 5
